directive:1:9: warning: HLS pragma dump _XLX_SEP_ PragmaIsValid=1_XLX_SEP_ PragmaType=top_XLX_SEP_ PragmaContext=directive_XLX_SEP_ PragmaFunction=fir_XLX_SEP_ PragmaOptions=name=fir_XLX_SEP_ [-Wdump-hls-pragmas]
#pragma HLSDIRECTIVE TOP name=fir
        ^
fir.cpp:4:9: warning: HLS pragma dump _XLX_SEP_ PragmaIsValid=1_XLX_SEP_ PragmaType=interface_XLX_SEP_ PragmaContext=_XLX_SEP_ PragmaFunction=fir_XLX_SEP_ PragmaOptions=axis port=in_XLX_SEP_ [-Wdump-hls-pragmas]
#pragma HLS interface axis port=in
        ^
fir.cpp:5:9: warning: HLS pragma dump _XLX_SEP_ PragmaIsValid=1_XLX_SEP_ PragmaType=interface_XLX_SEP_ PragmaContext=_XLX_SEP_ PragmaFunction=fir_XLX_SEP_ PragmaOptions=axis port=out_XLX_SEP_ [-Wdump-hls-pragmas]
#pragma HLS interface axis port=out
        ^
fir.cpp:6:9: warning: HLS pragma dump _XLX_SEP_ PragmaIsValid=1_XLX_SEP_ PragmaType=interface_XLX_SEP_ PragmaContext=_XLX_SEP_ PragmaFunction=fir_XLX_SEP_ PragmaOptions=axis port=a_XLX_SEP_ [-Wdump-hls-pragmas]
#pragma HLS interface axis port=a
        ^
fir.cpp:10:9: warning: HLS pragma dump _XLX_SEP_ PragmaIsValid=1_XLX_SEP_ PragmaType=array_partition_XLX_SEP_ PragmaContext=_XLX_SEP_ PragmaFunction=fir_XLX_SEP_ PragmaOptions=variable=reg type=complete_XLX_SEP_ [-Wdump-hls-pragmas]
#pragma HLS array_partition variable=reg type=complete
        ^
fir.cpp:12:9: warning: HLS pragma dump _XLX_SEP_ PragmaIsValid=1_XLX_SEP_ PragmaType=array_partition_XLX_SEP_ PragmaContext=_XLX_SEP_ PragmaFunction=fir_XLX_SEP_ PragmaOptions=variable=a_local type=complete_XLX_SEP_ [-Wdump-hls-pragmas]
#pragma HLS array_partition variable=a_local type=complete
        ^
fir.cpp:20:9: warning: HLS pragma dump _XLX_SEP_ PragmaIsValid=1_XLX_SEP_ PragmaType=pipeline_XLX_SEP_ PragmaContext=_XLX_SEP_ PragmaFunction=fir_XLX_SEP_ PragmaOptions=II=5_XLX_SEP_ [-Wdump-hls-pragmas]
#pragma HLS pipeline II=5
        ^
7 warnings generated.
