

================================================================
== Vitis HLS Report for 'fir_Pipeline_sample_loop'
================================================================
* Date:           Tue Feb  4 17:14:02 2025

* Version:        2024.2 (Build 5238294 on Nov  8 2024)
* Project:        fir2
* Solution:       hls (Vitis Kernel Flow Target)
* Product family: zynquplusRFSOC
* Target device:  xczu48dr-ffvg1517-2-e


================================================================
== Performance Estimates
================================================================
+ Timing: 
    * Summary: 
    +--------+---------+----------+------------+
    |  Clock |  Target | Estimated| Uncertainty|
    +--------+---------+----------+------------+
    |ap_clk  |  5.00 ns|  3.499 ns|     1.35 ns|
    +--------+---------+----------+------------+

+ Latency: 
    * Summary: 
    +---------+---------+----------+----------+-----+-----+------------------------------------------------+
    |  Latency (cycles) |  Latency (absolute) |  Interval |                    Pipeline                    |
    |   min   |   max   |    min   |    max   | min | max |                      Type                      |
    +---------+---------+----------+----------+-----+-----+------------------------------------------------+
    |      506|      506|  2.530 us|  2.530 us|  505|  505|  loop auto-rewind stp (delay=0 clock cycles(s))|
    +---------+---------+----------+----------+-----+-----+------------------------------------------------+

    + Detail: 
        * Instance: 
        N/A

        * Loop: 
        +---------------+---------+---------+----------+-----------+-----------+------+----------+
        |               |  Latency (cycles) | Iteration|  Initiation Interval  | Trip |          |
        |   Loop Name   |   min   |   max   |  Latency |  achieved |   target  | Count| Pipelined|
        +---------------+---------+---------+----------+-----------+-----------+------+----------+
        |- sample_loop  |      504|      504|         7|          5|          5|   100|       yes|
        +---------------+---------+---------+----------+-----------+-----------+------+----------+

============================================================
+ Verbose Summary: Synthesis Manager
============================================================
InlineROM: 1
ExposeGlobal: 0
============================================================
+ Verbose Summary: CDFG Model
============================================================
IsTopModel: 0
ResetActiveHigh: 1
IsCombinational: 0
IsDatapathOnly: 0
HasWiredReturn: 1
HasMFsm: 2
HasVarLatency: 1
IsPipeline: 0
IsRtlPipelined: 0
IsInstanceOverlapped: 0
IsDontTouch: 0
HasImplIP: 0
IsGatedGlobalClock: 0

+ Individual pipeline summary: 
  * Pipeline-0: initiation interval (II) = 5, depth = 7


============================================================
+ Verbose Summary: Schedule
============================================================
* Number of FSM states : 7
* Pipeline : 1
  Pipeline-0 : II = 5, D = 7, States = { 1 2 3 4 5 6 7 }
* Dataflow Pipeline: 0

* FSM state transitions: 
1 --> 2 
2 --> 3 
3 --> 4 
4 --> 5 
5 --> 6 
6 --> 7 
7 --> 

* FSM state operations: 

State 1 <SV = 0> <Delay = 0.42>
ST_1 : Operation 10 [1/1] (0.00ns)   --->   "%empty = alloca i32 1"   --->   Operation 10 'alloca' 'empty' <Predicate = true> <Delay = 0.00>
ST_1 : Operation 11 [1/1] (0.00ns)   --->   "%n = alloca i32 1" [fir.cpp:18]   --->   Operation 11 'alloca' 'n' <Predicate = true> <Delay = 0.00>
ST_1 : Operation 12 [1/1] (0.00ns)   --->   "%empty_11 = alloca i32 1"   --->   Operation 12 'alloca' 'empty_11' <Predicate = true> <Delay = 0.00>
ST_1 : Operation 13 [1/1] (0.00ns)   --->   "%empty_12 = alloca i32 1"   --->   Operation 13 'alloca' 'empty_12' <Predicate = true> <Delay = 0.00>
ST_1 : Operation 14 [1/1] (0.00ns)   --->   "%empty_13 = alloca i32 1"   --->   Operation 14 'alloca' 'empty_13' <Predicate = true> <Delay = 0.00>
ST_1 : Operation 15 [1/1] (0.00ns)   --->   "%empty_14 = alloca i32 1"   --->   Operation 15 'alloca' 'empty_14' <Predicate = true> <Delay = 0.00>
ST_1 : Operation 16 [1/1] (0.00ns)   --->   "%empty_15 = alloca i32 1"   --->   Operation 16 'alloca' 'empty_15' <Predicate = true> <Delay = 0.00>
ST_1 : Operation 17 [1/1] (0.00ns)   --->   "%empty_16 = alloca i32 1"   --->   Operation 17 'alloca' 'empty_16' <Predicate = true> <Delay = 0.00>
ST_1 : Operation 18 [1/1] (0.00ns)   --->   "%empty_17 = alloca i32 1"   --->   Operation 18 'alloca' 'empty_17' <Predicate = true> <Delay = 0.00>
ST_1 : Operation 19 [1/1] (0.00ns)   --->   "%empty_18 = alloca i32 1"   --->   Operation 19 'alloca' 'empty_18' <Predicate = true> <Delay = 0.00>
ST_1 : Operation 20 [1/1] (0.00ns)   --->   "%specinterface_ln0 = specinterface void @_ssdm_op_SpecInterface, i32 %out_r, void @empty_0, i32 0, i32 0, void @empty_1, i32 0, i32 0, void @empty, void @empty, void @empty, i32 0, i32 0, i32 0, i32 0, void @empty, void @empty, i32 4294967295, i32 0, i32 0"   --->   Operation 20 'specinterface' 'specinterface_ln0' <Predicate = true> <Delay = 0.00>
ST_1 : Operation 21 [1/1] (0.00ns)   --->   "%specinterface_ln0 = specinterface void @_ssdm_op_SpecInterface, i32 %in_r, void @empty_0, i32 0, i32 0, void @empty_1, i32 0, i32 0, void @empty, void @empty, void @empty, i32 0, i32 0, i32 0, i32 0, void @empty, void @empty, i32 4294967295, i32 0, i32 0"   --->   Operation 21 'specinterface' 'specinterface_ln0' <Predicate = true> <Delay = 0.00>
ST_1 : Operation 22 [1/1] (0.00ns)   --->   "%p_reload22_read = read i32 @_ssdm_op_Read.ap_auto.i32, i32 %p_reload22"   --->   Operation 22 'read' 'p_reload22_read' <Predicate = true> <Delay = 0.00>
ST_1 : Operation 23 [1/1] (0.00ns)   --->   "%p_reload24_read = read i32 @_ssdm_op_Read.ap_auto.i32, i32 %p_reload24"   --->   Operation 23 'read' 'p_reload24_read' <Predicate = true> <Delay = 0.00>
ST_1 : Operation 24 [1/1] (0.00ns)   --->   "%p_reload20_read = read i32 @_ssdm_op_Read.ap_auto.i32, i32 %p_reload20"   --->   Operation 24 'read' 'p_reload20_read' <Predicate = true> <Delay = 0.00>
ST_1 : Operation 25 [1/1] (0.00ns)   --->   "%p_reload19_read = read i32 @_ssdm_op_Read.ap_auto.i32, i32 %p_reload19"   --->   Operation 25 'read' 'p_reload19_read' <Predicate = true> <Delay = 0.00>
ST_1 : Operation 26 [1/1] (0.00ns)   --->   "%p_reload23_read = read i32 @_ssdm_op_Read.ap_auto.i32, i32 %p_reload23"   --->   Operation 26 'read' 'p_reload23_read' <Predicate = true> <Delay = 0.00>
ST_1 : Operation 27 [1/1] (0.00ns)   --->   "%p_reload21_read = read i32 @_ssdm_op_Read.ap_auto.i32, i32 %p_reload21"   --->   Operation 27 'read' 'p_reload21_read' <Predicate = true> <Delay = 0.00>
ST_1 : Operation 28 [1/1] (0.00ns)   --->   "%p_reload27_read = read i32 @_ssdm_op_Read.ap_auto.i32, i32 %p_reload27"   --->   Operation 28 'read' 'p_reload27_read' <Predicate = true> <Delay = 0.00>
ST_1 : Operation 29 [1/1] (0.00ns)   --->   "%p_reload_read = read i32 @_ssdm_op_Read.ap_auto.i32, i32 %p_reload"   --->   Operation 29 'read' 'p_reload_read' <Predicate = true> <Delay = 0.00>
ST_1 : Operation 30 [1/1] (0.00ns)   --->   "%p_reload25_read = read i32 @_ssdm_op_Read.ap_auto.i32, i32 %p_reload25"   --->   Operation 30 'read' 'p_reload25_read' <Predicate = true> <Delay = 0.00>
ST_1 : Operation 31 [1/1] (0.00ns)   --->   "%p_reload26_read = read i32 @_ssdm_op_Read.ap_auto.i32, i32 %p_reload26"   --->   Operation 31 'read' 'p_reload26_read' <Predicate = true> <Delay = 0.00>
ST_1 : Operation 32 [1/1] (0.42ns)   --->   "%store_ln0 = store i32 0, i32 %empty_18"   --->   Operation 32 'store' 'store_ln0' <Predicate = true> <Delay = 0.42>
ST_1 : Operation 33 [1/1] (0.42ns)   --->   "%store_ln0 = store i32 0, i32 %empty_17"   --->   Operation 33 'store' 'store_ln0' <Predicate = true> <Delay = 0.42>
ST_1 : Operation 34 [1/1] (0.42ns)   --->   "%store_ln0 = store i32 0, i32 %empty_16"   --->   Operation 34 'store' 'store_ln0' <Predicate = true> <Delay = 0.42>
ST_1 : Operation 35 [1/1] (0.42ns)   --->   "%store_ln0 = store i32 0, i32 %empty_15"   --->   Operation 35 'store' 'store_ln0' <Predicate = true> <Delay = 0.42>
ST_1 : Operation 36 [1/1] (0.42ns)   --->   "%store_ln0 = store i32 0, i32 %empty_14"   --->   Operation 36 'store' 'store_ln0' <Predicate = true> <Delay = 0.42>
ST_1 : Operation 37 [1/1] (0.42ns)   --->   "%store_ln0 = store i32 0, i32 %empty_13"   --->   Operation 37 'store' 'store_ln0' <Predicate = true> <Delay = 0.42>
ST_1 : Operation 38 [1/1] (0.42ns)   --->   "%store_ln0 = store i32 0, i32 %empty_12"   --->   Operation 38 'store' 'store_ln0' <Predicate = true> <Delay = 0.42>
ST_1 : Operation 39 [1/1] (0.42ns)   --->   "%store_ln0 = store i32 0, i32 %empty_11"   --->   Operation 39 'store' 'store_ln0' <Predicate = true> <Delay = 0.42>
ST_1 : Operation 40 [1/1] (0.42ns)   --->   "%store_ln18 = store i7 0, i7 %n" [fir.cpp:18]   --->   Operation 40 'store' 'store_ln18' <Predicate = true> <Delay = 0.42>
ST_1 : Operation 41 [1/1] (0.42ns)   --->   "%store_ln0 = store i32 0, i32 %empty"   --->   Operation 41 'store' 'store_ln0' <Predicate = true> <Delay = 0.42>
ST_1 : Operation 42 [1/1] (0.00ns)   --->   "%br_ln18 = br void %shift_loop" [fir.cpp:18]   --->   Operation 42 'br' 'br_ln18' <Predicate = true> <Delay = 0.00>

State 2 <SV = 1> <Delay = 3.42>
ST_2 : Operation 43 [1/1] (0.00ns)   --->   "%n_1 = load i7 %n" [fir.cpp:18]   --->   Operation 43 'load' 'n_1' <Predicate = true> <Delay = 0.00>
ST_2 : Operation 44 [1/1] (0.00ns)   --->   "%p_load12 = load i32 %empty_16" [fir.cpp:29]   --->   Operation 44 'load' 'p_load12' <Predicate = true> <Delay = 0.00>
ST_2 : Operation 45 [1/1] (0.00ns)   --->   "%p_load11 = load i32 %empty_17" [fir.cpp:29]   --->   Operation 45 'load' 'p_load11' <Predicate = true> <Delay = 0.00>
ST_2 : Operation 46 [1/1] (0.00ns)   --->   "%p_load = load i32 %empty_18" [fir.cpp:29]   --->   Operation 46 'load' 'p_load' <Predicate = true> <Delay = 0.00>
ST_2 : Operation 47 [1/1] (0.77ns)   --->   "%icmp_ln18 = icmp_eq  i7 %n_1, i7 100" [fir.cpp:18]   --->   Operation 47 'icmp' 'icmp_ln18' <Predicate = true> <Delay = 0.77> <CoreInst = "Cmp">   --->   Core 9 'Cmp' <Latency = 0> <II = 1> <Delay = 0.77> <FuncUnit> <Opcode : 'seteq' 'setne' 'setle' 'setge' 'setlt' 'setgt'> <InPorts = 2> <OutPorts = 1>
ST_2 : Operation 48 [1/1] (0.77ns)   --->   "%add_ln18 = add i7 %n_1, i7 1" [fir.cpp:18]   --->   Operation 48 'add' 'add_ln18' <Predicate = true> <Delay = 0.77> <CoreInst = "Adder">   --->   Core 1 'Adder' <Latency = 0> <II = 1> <Delay = 0.77> <FuncUnit> <Opcode : 'add' 'sub'> <InPorts = 2> <OutPorts = 1>
ST_2 : Operation 49 [1/1] (0.00ns)   --->   "%br_ln18 = br i1 %icmp_ln18, void %shift_loop.split, void %for.end37.exitStub" [fir.cpp:18]   --->   Operation 49 'br' 'br_ln18' <Predicate = true> <Delay = 0.00>
ST_2 : Operation 50 [1/1] (3.42ns)   --->   "%mul_ln29 = mul i32 %p_load, i32 %p_reload26_read" [fir.cpp:29]   --->   Operation 50 'mul' 'mul_ln29' <Predicate = (!icmp_ln18)> <Delay = 3.42> <CoreInst = "Multiplier">   --->   Core 3 'Multiplier' <Latency = 0> <II = 1> <Delay = 3.42> <FuncUnit> <Opcode : 'mul'> <InPorts = 2> <OutPorts = 1>
ST_2 : Operation 51 [1/1] (3.42ns)   --->   "%mul_ln29_1 = mul i32 %p_load11, i32 %p_reload25_read" [fir.cpp:29]   --->   Operation 51 'mul' 'mul_ln29_1' <Predicate = (!icmp_ln18)> <Delay = 3.42> <CoreInst = "Multiplier">   --->   Core 3 'Multiplier' <Latency = 0> <II = 1> <Delay = 3.42> <FuncUnit> <Opcode : 'mul'> <InPorts = 2> <OutPorts = 1>
ST_2 : Operation 52 [1/1] (0.42ns)   --->   "%store_ln29 = store i32 %p_load, i32 %empty_17" [fir.cpp:29]   --->   Operation 52 'store' 'store_ln29' <Predicate = (!icmp_ln18)> <Delay = 0.42>
ST_2 : Operation 53 [1/1] (0.42ns)   --->   "%store_ln29 = store i32 %p_load11, i32 %empty_16" [fir.cpp:29]   --->   Operation 53 'store' 'store_ln29' <Predicate = (!icmp_ln18)> <Delay = 0.42>
ST_2 : Operation 54 [1/1] (0.42ns)   --->   "%store_ln18 = store i7 %add_ln18, i7 %n" [fir.cpp:18]   --->   Operation 54 'store' 'store_ln18' <Predicate = (!icmp_ln18)> <Delay = 0.42>

State 3 <SV = 2> <Delay = 3.49>
ST_3 : Operation 55 [1/1] (0.00ns)   --->   "%p_load18 = load i32 %empty" [fir.cpp:29]   --->   Operation 55 'load' 'p_load18' <Predicate = (!icmp_ln18)> <Delay = 0.00>
ST_3 : Operation 56 [1/1] (0.07ns)   --->   "%in_r_read = read i32 @_ssdm_op_Read.axis.volatile.i32P128A, i32 %in_r" [fir.cpp:25]   --->   Operation 56 'read' 'in_r_read' <Predicate = (!icmp_ln18)> <Delay = 0.07> <CoreInst = "regslice">   --->   Core 147 'regslice' <Latency = 0> <II = 1> <Delay = 0.65> <Adapter> <Opcode : 'read' 'write'>
ST_3 : Operation 57 [1/1] (3.42ns)   --->   "%mul_ln29_2 = mul i32 %p_load18, i32 %p_reload_read" [fir.cpp:29]   --->   Operation 57 'mul' 'mul_ln29_2' <Predicate = (!icmp_ln18)> <Delay = 3.42> <CoreInst = "Multiplier">   --->   Core 3 'Multiplier' <Latency = 0> <II = 1> <Delay = 3.42> <FuncUnit> <Opcode : 'mul'> <InPorts = 2> <OutPorts = 1>
ST_3 : Operation 58 [1/1] (3.42ns)   --->   "%mul_ln29_3 = mul i32 %in_r_read, i32 %p_reload27_read" [fir.cpp:29]   --->   Operation 58 'mul' 'mul_ln29_3' <Predicate = (!icmp_ln18)> <Delay = 3.42> <CoreInst = "Multiplier">   --->   Core 3 'Multiplier' <Latency = 0> <II = 1> <Delay = 3.42> <FuncUnit> <Opcode : 'mul'> <InPorts = 2> <OutPorts = 1>
ST_3 : Operation 59 [1/1] (1.01ns)   --->   "%add_ln29 = add i32 %mul_ln29_1, i32 %mul_ln29" [fir.cpp:29]   --->   Operation 59 'add' 'add_ln29' <Predicate = (!icmp_ln18)> <Delay = 1.01> <CoreInst = "Adder">   --->   Core 1 'Adder' <Latency = 0> <II = 1> <Delay = 1.01> <FuncUnit> <Opcode : 'add' 'sub'> <InPorts = 2> <OutPorts = 1>
ST_3 : Operation 60 [1/1] (0.42ns)   --->   "%store_ln25 = store i32 %in_r_read, i32 %empty_18" [fir.cpp:25]   --->   Operation 60 'store' 'store_ln25' <Predicate = (!icmp_ln18)> <Delay = 0.42>

State 4 <SV = 3> <Delay = 3.42>
ST_4 : Operation 61 [1/1] (0.00ns)   --->   "%p_load16 = load i32 %empty_12" [fir.cpp:29]   --->   Operation 61 'load' 'p_load16' <Predicate = true> <Delay = 0.00>
ST_4 : Operation 62 [1/1] (0.00ns)   --->   "%p_load15 = load i32 %empty_13" [fir.cpp:29]   --->   Operation 62 'load' 'p_load15' <Predicate = true> <Delay = 0.00>
ST_4 : Operation 63 [1/1] (0.00ns)   --->   "%p_load14 = load i32 %empty_14" [fir.cpp:29]   --->   Operation 63 'load' 'p_load14' <Predicate = true> <Delay = 0.00>
ST_4 : Operation 64 [1/1] (0.00ns)   --->   "%p_load13 = load i32 %empty_15" [fir.cpp:29]   --->   Operation 64 'load' 'p_load13' <Predicate = true> <Delay = 0.00>
ST_4 : Operation 65 [1/1] (3.42ns)   --->   "%mul_ln29_4 = mul i32 %p_load15, i32 %p_reload21_read" [fir.cpp:29]   --->   Operation 65 'mul' 'mul_ln29_4' <Predicate = (!icmp_ln18)> <Delay = 3.42> <CoreInst = "Multiplier">   --->   Core 3 'Multiplier' <Latency = 0> <II = 1> <Delay = 3.42> <FuncUnit> <Opcode : 'mul'> <InPorts = 2> <OutPorts = 1>
ST_4 : Operation 66 [1/1] (3.42ns)   --->   "%mul_ln29_5 = mul i32 %p_load13, i32 %p_reload23_read" [fir.cpp:29]   --->   Operation 66 'mul' 'mul_ln29_5' <Predicate = (!icmp_ln18)> <Delay = 3.42> <CoreInst = "Multiplier">   --->   Core 3 'Multiplier' <Latency = 0> <II = 1> <Delay = 3.42> <FuncUnit> <Opcode : 'mul'> <InPorts = 2> <OutPorts = 1>
ST_4 : Operation 67 [1/1] (0.42ns)   --->   "%store_ln29 = store i32 %p_load12, i32 %empty_15" [fir.cpp:29]   --->   Operation 67 'store' 'store_ln29' <Predicate = (!icmp_ln18)> <Delay = 0.42>
ST_4 : Operation 68 [1/1] (0.42ns)   --->   "%store_ln29 = store i32 %p_load13, i32 %empty_14" [fir.cpp:29]   --->   Operation 68 'store' 'store_ln29' <Predicate = (!icmp_ln18)> <Delay = 0.42>
ST_4 : Operation 69 [1/1] (0.42ns)   --->   "%store_ln29 = store i32 %p_load14, i32 %empty_13" [fir.cpp:29]   --->   Operation 69 'store' 'store_ln29' <Predicate = (!icmp_ln18)> <Delay = 0.42>
ST_4 : Operation 70 [1/1] (0.42ns)   --->   "%store_ln29 = store i32 %p_load15, i32 %empty_12" [fir.cpp:29]   --->   Operation 70 'store' 'store_ln29' <Predicate = (!icmp_ln18)> <Delay = 0.42>

State 5 <SV = 4> <Delay = 3.42>
ST_5 : Operation 71 [1/1] (0.00ns)   --->   "%p_load17 = load i32 %empty_11" [fir.cpp:29]   --->   Operation 71 'load' 'p_load17' <Predicate = true> <Delay = 0.00>
ST_5 : Operation 72 [1/1] (3.42ns)   --->   "%mul_ln29_6 = mul i32 %p_load17, i32 %p_reload19_read" [fir.cpp:29]   --->   Operation 72 'mul' 'mul_ln29_6' <Predicate = (!icmp_ln18)> <Delay = 3.42> <CoreInst = "Multiplier">   --->   Core 3 'Multiplier' <Latency = 0> <II = 1> <Delay = 3.42> <FuncUnit> <Opcode : 'mul'> <InPorts = 2> <OutPorts = 1>
ST_5 : Operation 73 [1/1] (3.42ns)   --->   "%mul_ln29_7 = mul i32 %p_load16, i32 %p_reload20_read" [fir.cpp:29]   --->   Operation 73 'mul' 'mul_ln29_7' <Predicate = (!icmp_ln18)> <Delay = 3.42> <CoreInst = "Multiplier">   --->   Core 3 'Multiplier' <Latency = 0> <II = 1> <Delay = 3.42> <FuncUnit> <Opcode : 'mul'> <InPorts = 2> <OutPorts = 1>
ST_5 : Operation 74 [1/1] (0.42ns)   --->   "%store_ln29 = store i32 %p_load16, i32 %empty_11" [fir.cpp:29]   --->   Operation 74 'store' 'store_ln29' <Predicate = (!icmp_ln18)> <Delay = 0.42>
ST_5 : Operation 75 [1/1] (0.42ns)   --->   "%store_ln29 = store i32 %p_load17, i32 %empty" [fir.cpp:29]   --->   Operation 75 'store' 'store_ln29' <Predicate = (!icmp_ln18)> <Delay = 0.42>
ST_5 : Operation 91 [1/1] (0.42ns)   --->   "%ret_ln0 = ret"   --->   Operation 91 'ret' 'ret_ln0' <Predicate = (icmp_ln18)> <Delay = 0.42>

State 6 <SV = 5> <Delay = 3.42>
ST_6 : Operation 76 [1/1] (3.42ns)   --->   "%mul_ln29_8 = mul i32 %p_load12, i32 %p_reload24_read" [fir.cpp:29]   --->   Operation 76 'mul' 'mul_ln29_8' <Predicate = true> <Delay = 3.42> <CoreInst = "Multiplier">   --->   Core 3 'Multiplier' <Latency = 0> <II = 1> <Delay = 3.42> <FuncUnit> <Opcode : 'mul'> <InPorts = 2> <OutPorts = 1>
ST_6 : Operation 77 [1/1] (3.42ns)   --->   "%mul_ln29_9 = mul i32 %p_load14, i32 %p_reload22_read" [fir.cpp:29]   --->   Operation 77 'mul' 'mul_ln29_9' <Predicate = true> <Delay = 3.42> <CoreInst = "Multiplier">   --->   Core 3 'Multiplier' <Latency = 0> <II = 1> <Delay = 3.42> <FuncUnit> <Opcode : 'mul'> <InPorts = 2> <OutPorts = 1>
ST_6 : Operation 78 [1/1] (0.00ns) (grouped into TernaryAdder)   --->   "%add_ln29_4 = add i32 %mul_ln29_4, i32 %mul_ln29_7" [fir.cpp:29]   --->   Operation 78 'add' 'add_ln29_4' <Predicate = true> <Delay = 0.00> <CoreInst = "TAddSub">   --->   Core 10 'TAddSub' <Latency = 0> <II = 1> <Delay = 0.36> <IPBlock> <Opcode : '' 'add' 'sub'> <InPorts = 3> <OutPorts = 1> <Sync> <CReg>
ST_6 : Operation 79 [1/1] (0.00ns) (grouped into TernaryAdder)   --->   "%add_ln29_5 = add i32 %mul_ln29_2, i32 %mul_ln29_3" [fir.cpp:29]   --->   Operation 79 'add' 'add_ln29_5' <Predicate = true> <Delay = 0.00> <CoreInst = "TAddSub">   --->   Core 10 'TAddSub' <Latency = 0> <II = 1> <Delay = 0.36> <IPBlock> <Opcode : '' 'add' 'sub'> <InPorts = 3> <OutPorts = 1> <Sync> <CReg>
ST_6 : Operation 80 [1/1] (0.73ns) (root node of TernaryAdder)   --->   "%add_ln29_6 = add i32 %add_ln29_5, i32 %mul_ln29_6" [fir.cpp:29]   --->   Operation 80 'add' 'add_ln29_6' <Predicate = true> <Delay = 0.73> <CoreInst = "TAddSub">   --->   Core 10 'TAddSub' <Latency = 0> <II = 1> <Delay = 0.36> <IPBlock> <Opcode : '' 'add' 'sub'> <InPorts = 3> <OutPorts = 1> <Sync> <CReg>
ST_6 : Operation 81 [1/1] (0.73ns) (root node of TernaryAdder)   --->   "%add_ln29_7 = add i32 %add_ln29_6, i32 %add_ln29_4" [fir.cpp:29]   --->   Operation 81 'add' 'add_ln29_7' <Predicate = true> <Delay = 0.73> <CoreInst = "TAddSub">   --->   Core 10 'TAddSub' <Latency = 0> <II = 1> <Delay = 0.36> <IPBlock> <Opcode : '' 'add' 'sub'> <InPorts = 3> <OutPorts = 1> <Sync> <CReg>

State 7 <SV = 6> <Delay = 1.95>
ST_7 : Operation 82 [1/1] (0.00ns)   --->   "%specpipeline_ln20 = specpipeline void @_ssdm_op_SpecPipeline, i32 5, i32 0, i32 0, i32 0, void @empty" [fir.cpp:20]   --->   Operation 82 'specpipeline' 'specpipeline_ln20' <Predicate = true> <Delay = 0.00>
ST_7 : Operation 83 [1/1] (0.00ns)   --->   "%speclooptripcount_ln18 = speclooptripcount void @_ssdm_op_SpecLoopTripCount, i64 100, i64 100, i64 100" [fir.cpp:18]   --->   Operation 83 'speclooptripcount' 'speclooptripcount_ln18' <Predicate = true> <Delay = 0.00>
ST_7 : Operation 84 [1/1] (0.00ns)   --->   "%specloopname_ln18 = specloopname void @_ssdm_op_SpecLoopName, void @empty_6" [fir.cpp:18]   --->   Operation 84 'specloopname' 'specloopname_ln18' <Predicate = true> <Delay = 0.00>
ST_7 : Operation 85 [1/1] (0.00ns) (grouped into TernaryAdder)   --->   "%add_ln29_1 = add i32 %mul_ln29_5, i32 %mul_ln29_9" [fir.cpp:29]   --->   Operation 85 'add' 'add_ln29_1' <Predicate = true> <Delay = 0.00> <CoreInst = "TAddSub">   --->   Core 10 'TAddSub' <Latency = 0> <II = 1> <Delay = 0.36> <IPBlock> <Opcode : '' 'add' 'sub'> <InPorts = 3> <OutPorts = 1> <Sync> <CReg>
ST_7 : Operation 86 [1/1] (0.73ns) (root node of TernaryAdder)   --->   "%add_ln29_2 = add i32 %add_ln29_1, i32 %mul_ln29_8" [fir.cpp:29]   --->   Operation 86 'add' 'add_ln29_2' <Predicate = true> <Delay = 0.73> <CoreInst = "TAddSub">   --->   Core 10 'TAddSub' <Latency = 0> <II = 1> <Delay = 0.36> <IPBlock> <Opcode : '' 'add' 'sub'> <InPorts = 3> <OutPorts = 1> <Sync> <CReg>
ST_7 : Operation 87 [1/1] (0.00ns) (grouped into TernaryAdder)   --->   "%add_ln29_3 = add i32 %add_ln29_2, i32 %add_ln29" [fir.cpp:29]   --->   Operation 87 'add' 'add_ln29_3' <Predicate = true> <Delay = 0.00> <CoreInst = "TAddSub">   --->   Core 10 'TAddSub' <Latency = 0> <II = 1> <Delay = 0.36> <IPBlock> <Opcode : '' 'add' 'sub'> <InPorts = 3> <OutPorts = 1> <Sync> <CReg>
ST_7 : Operation 88 [1/1] (0.73ns) (root node of TernaryAdder)   --->   "%y = add i32 %add_ln29_7, i32 %add_ln29_3" [fir.cpp:29]   --->   Operation 88 'add' 'y' <Predicate = true> <Delay = 0.73> <CoreInst = "TAddSub">   --->   Core 10 'TAddSub' <Latency = 0> <II = 1> <Delay = 0.36> <IPBlock> <Opcode : '' 'add' 'sub'> <InPorts = 3> <OutPorts = 1> <Sync> <CReg>
ST_7 : Operation 89 [1/1] (0.49ns)   --->   "%write_ln33 = write void @_ssdm_op_Write.axis.volatile.i32P128A, i32 %out_r, i32 %y" [fir.cpp:33]   --->   Operation 89 'write' 'write_ln33' <Predicate = true> <Delay = 0.49> <CoreInst = "regslice">   --->   Core 147 'regslice' <Latency = 0> <II = 1> <Delay = 0.65> <Adapter> <Opcode : 'read' 'write'>
ST_7 : Operation 90 [1/1] (0.00ns)   --->   "%br_ln18 = br void %shift_loop" [fir.cpp:18]   --->   Operation 90 'br' 'br_ln18' <Predicate = true> <Delay = 0.00>


============================================================
+ Verbose Summary: Binding
============================================================
STG Binding: 
---------------- STG Properties BEGIN ----------------
- Is combinational: 0
- Is one-state seq: 0
- Is datapath-only: 0
- Is pipelined: 0
- Is top level: 0
Port [ Return ] is wired: 1; IO mode=ap_ctrl_hs:ce=0
Port [ in_r]:  wired=1; compound=1; hidden=0; nouse=0; global=0; static=0; extern=0; dir=0; type=0; pingpong=0; private_global=0; IO mode=axis:ce=0
Port [ p_reload26]:  wired=1; compound=0; hidden=0; nouse=0; global=0; static=0; extern=0; dir=0; type=0; pingpong=0; private_global=0; IO mode=ap_none:ce=0
Port [ p_reload25]:  wired=1; compound=0; hidden=0; nouse=0; global=0; static=0; extern=0; dir=0; type=0; pingpong=0; private_global=0; IO mode=ap_none:ce=0
Port [ p_reload]:  wired=1; compound=0; hidden=0; nouse=0; global=0; static=0; extern=0; dir=0; type=0; pingpong=0; private_global=0; IO mode=ap_none:ce=0
Port [ p_reload27]:  wired=1; compound=0; hidden=0; nouse=0; global=0; static=0; extern=0; dir=0; type=0; pingpong=0; private_global=0; IO mode=ap_none:ce=0
Port [ p_reload21]:  wired=1; compound=0; hidden=0; nouse=0; global=0; static=0; extern=0; dir=0; type=0; pingpong=0; private_global=0; IO mode=ap_none:ce=0
Port [ p_reload23]:  wired=1; compound=0; hidden=0; nouse=0; global=0; static=0; extern=0; dir=0; type=0; pingpong=0; private_global=0; IO mode=ap_none:ce=0
Port [ p_reload19]:  wired=1; compound=0; hidden=0; nouse=0; global=0; static=0; extern=0; dir=0; type=0; pingpong=0; private_global=0; IO mode=ap_none:ce=0
Port [ p_reload20]:  wired=1; compound=0; hidden=0; nouse=0; global=0; static=0; extern=0; dir=0; type=0; pingpong=0; private_global=0; IO mode=ap_none:ce=0
Port [ p_reload24]:  wired=1; compound=0; hidden=0; nouse=0; global=0; static=0; extern=0; dir=0; type=0; pingpong=0; private_global=0; IO mode=ap_none:ce=0
Port [ p_reload22]:  wired=1; compound=0; hidden=0; nouse=0; global=0; static=0; extern=0; dir=0; type=0; pingpong=0; private_global=0; IO mode=ap_none:ce=0
Port [ out_r]:  wired=1; compound=1; hidden=0; nouse=0; global=0; static=0; extern=0; dir=1; type=0; pingpong=0; private_global=0; IO mode=axis:ce=0
---------------- STG Properties END ------------------

---------------- Datapath Model BEGIN ----------------

<LifeTime>
<method=bitvector/>
empty                  (alloca           ) [ 01111100]
n                      (alloca           ) [ 01100000]
empty_11               (alloca           ) [ 01111100]
empty_12               (alloca           ) [ 01111000]
empty_13               (alloca           ) [ 01111000]
empty_14               (alloca           ) [ 01111000]
empty_15               (alloca           ) [ 01111000]
empty_16               (alloca           ) [ 01100000]
empty_17               (alloca           ) [ 01100000]
empty_18               (alloca           ) [ 01110000]
specinterface_ln0      (specinterface    ) [ 00000000]
specinterface_ln0      (specinterface    ) [ 00000000]
p_reload22_read        (read             ) [ 01111110]
p_reload24_read        (read             ) [ 01111110]
p_reload20_read        (read             ) [ 00111100]
p_reload19_read        (read             ) [ 00111100]
p_reload23_read        (read             ) [ 00111000]
p_reload21_read        (read             ) [ 00111000]
p_reload27_read        (read             ) [ 00110000]
p_reload_read          (read             ) [ 00110000]
p_reload25_read        (read             ) [ 00100000]
p_reload26_read        (read             ) [ 00100000]
store_ln0              (store            ) [ 00000000]
store_ln0              (store            ) [ 00000000]
store_ln0              (store            ) [ 00000000]
store_ln0              (store            ) [ 00000000]
store_ln0              (store            ) [ 00000000]
store_ln0              (store            ) [ 00000000]
store_ln0              (store            ) [ 00000000]
store_ln0              (store            ) [ 00000000]
store_ln18             (store            ) [ 00000000]
store_ln0              (store            ) [ 00000000]
br_ln18                (br               ) [ 00000000]
n_1                    (load             ) [ 00000000]
p_load12               (load             ) [ 01011110]
p_load11               (load             ) [ 00000000]
p_load                 (load             ) [ 00000000]
icmp_ln18              (icmp             ) [ 00111100]
add_ln18               (add              ) [ 00000000]
br_ln18                (br               ) [ 00000000]
mul_ln29               (mul              ) [ 00010000]
mul_ln29_1             (mul              ) [ 00010000]
store_ln29             (store            ) [ 00000000]
store_ln29             (store            ) [ 00000000]
store_ln18             (store            ) [ 00000000]
p_load18               (load             ) [ 00000000]
in_r_read              (read             ) [ 00000000]
mul_ln29_2             (mul              ) [ 01001110]
mul_ln29_3             (mul              ) [ 01001110]
add_ln29               (add              ) [ 01101111]
store_ln25             (store            ) [ 00000000]
p_load16               (load             ) [ 00000100]
p_load15               (load             ) [ 00000000]
p_load14               (load             ) [ 01000110]
p_load13               (load             ) [ 00000000]
mul_ln29_4             (mul              ) [ 01000110]
mul_ln29_5             (mul              ) [ 01100111]
store_ln29             (store            ) [ 00000000]
store_ln29             (store            ) [ 00000000]
store_ln29             (store            ) [ 00000000]
store_ln29             (store            ) [ 00000000]
p_load17               (load             ) [ 00000000]
mul_ln29_6             (mul              ) [ 01000010]
mul_ln29_7             (mul              ) [ 01000010]
store_ln29             (store            ) [ 00000000]
store_ln29             (store            ) [ 00000000]
mul_ln29_8             (mul              ) [ 00100001]
mul_ln29_9             (mul              ) [ 00100001]
add_ln29_4             (add              ) [ 00000000]
add_ln29_5             (add              ) [ 00000000]
add_ln29_6             (add              ) [ 00000000]
add_ln29_7             (add              ) [ 00100001]
specpipeline_ln20      (specpipeline     ) [ 00000000]
speclooptripcount_ln18 (speclooptripcount) [ 00000000]
specloopname_ln18      (specloopname     ) [ 00000000]
add_ln29_1             (add              ) [ 00000000]
add_ln29_2             (add              ) [ 00000000]
add_ln29_3             (add              ) [ 00000000]
y                      (add              ) [ 00000000]
write_ln33             (write            ) [ 00000000]
br_ln18                (br               ) [ 00000000]
ret_ln0                (ret              ) [ 00000000]
</LifeTime>

<model>

<comp_list>
<comp id="0" class="1000" name="in_r">
<pin_list>
<pin id="1" dir="1" index="0" bw="1" slack="0"/>
</pin_list>
<bind>
<StgValue><ssdm name="in_r"/></StgValue>
</bind>
</comp>

<comp id="2" class="1000" name="p_reload26">
<pin_list>
<pin id="3" dir="1" index="0" bw="1" slack="0"/>
</pin_list>
<bind>
<StgValue><ssdm name="p_reload26"/></StgValue>
</bind>
</comp>

<comp id="4" class="1000" name="p_reload25">
<pin_list>
<pin id="5" dir="1" index="0" bw="1" slack="0"/>
</pin_list>
<bind>
<StgValue><ssdm name="p_reload25"/></StgValue>
</bind>
</comp>

<comp id="6" class="1000" name="p_reload">
<pin_list>
<pin id="7" dir="1" index="0" bw="1" slack="0"/>
</pin_list>
<bind>
<StgValue><ssdm name="p_reload"/></StgValue>
</bind>
</comp>

<comp id="8" class="1000" name="p_reload27">
<pin_list>
<pin id="9" dir="1" index="0" bw="1" slack="0"/>
</pin_list>
<bind>
<StgValue><ssdm name="p_reload27"/></StgValue>
</bind>
</comp>

<comp id="10" class="1000" name="p_reload21">
<pin_list>
<pin id="11" dir="1" index="0" bw="1" slack="0"/>
</pin_list>
<bind>
<StgValue><ssdm name="p_reload21"/></StgValue>
</bind>
</comp>

<comp id="12" class="1000" name="p_reload23">
<pin_list>
<pin id="13" dir="1" index="0" bw="1" slack="0"/>
</pin_list>
<bind>
<StgValue><ssdm name="p_reload23"/></StgValue>
</bind>
</comp>

<comp id="14" class="1000" name="p_reload19">
<pin_list>
<pin id="15" dir="1" index="0" bw="1" slack="0"/>
</pin_list>
<bind>
<StgValue><ssdm name="p_reload19"/></StgValue>
</bind>
</comp>

<comp id="16" class="1000" name="p_reload20">
<pin_list>
<pin id="17" dir="1" index="0" bw="1" slack="0"/>
</pin_list>
<bind>
<StgValue><ssdm name="p_reload20"/></StgValue>
</bind>
</comp>

<comp id="18" class="1000" name="p_reload24">
<pin_list>
<pin id="19" dir="1" index="0" bw="1" slack="0"/>
</pin_list>
<bind>
<StgValue><ssdm name="p_reload24"/></StgValue>
</bind>
</comp>

<comp id="20" class="1000" name="p_reload22">
<pin_list>
<pin id="21" dir="1" index="0" bw="1" slack="0"/>
</pin_list>
<bind>
<StgValue><ssdm name="p_reload22"/></StgValue>
</bind>
</comp>

<comp id="22" class="1000" name="out_r">
<pin_list>
<pin id="23" dir="1" index="0" bw="1" slack="0"/>
</pin_list>
<bind>
<StgValue><ssdm name="out_r"/></StgValue>
</bind>
</comp>

<comp id="24" class="1001" name="const_24">
<pin_list>
<pin id="25" dir="1" index="0" bw="1" slack="0"/>
</pin_list>
<bind>
<StgValue><ssdm name=""/></StgValue>
</bind>
</comp>

<comp id="26" class="1001" name="const_26">
<pin_list>
<pin id="27" dir="1" index="0" bw="1" slack="2147483647"/>
</pin_list>
<bind>
<StgValue><ssdm name="_ssdm_op_SpecInterface"/></StgValue>
</bind>
</comp>

<comp id="28" class="1001" name="const_28">
<pin_list>
<pin id="29" dir="1" index="0" bw="1" slack="2147483647"/>
</pin_list>
<bind>
<StgValue><ssdm name="empty_0"/></StgValue>
</bind>
</comp>

<comp id="30" class="1001" name="const_30">
<pin_list>
<pin id="31" dir="1" index="0" bw="1" slack="0"/>
</pin_list>
<bind>
<StgValue><ssdm name=""/></StgValue>
</bind>
</comp>

<comp id="32" class="1001" name="const_32">
<pin_list>
<pin id="33" dir="1" index="0" bw="1" slack="2147483647"/>
</pin_list>
<bind>
<StgValue><ssdm name="empty_1"/></StgValue>
</bind>
</comp>

<comp id="34" class="1001" name="const_34">
<pin_list>
<pin id="35" dir="1" index="0" bw="1" slack="2147483647"/>
</pin_list>
<bind>
<StgValue><ssdm name="empty"/></StgValue>
</bind>
</comp>

<comp id="36" class="1001" name="const_36">
<pin_list>
<pin id="37" dir="1" index="0" bw="1" slack="2147483647"/>
</pin_list>
<bind>
<StgValue><ssdm name=""/></StgValue>
</bind>
</comp>

<comp id="38" class="1001" name="const_38">
<pin_list>
<pin id="39" dir="1" index="0" bw="1" slack="0"/>
</pin_list>
<bind>
<StgValue><ssdm name="_ssdm_op_Read.ap_auto.i32"/></StgValue>
</bind>
</comp>

<comp id="40" class="1001" name="const_40">
<pin_list>
<pin id="41" dir="1" index="0" bw="1" slack="0"/>
</pin_list>
<bind>
<StgValue><ssdm name=""/></StgValue>
</bind>
</comp>

<comp id="42" class="1001" name="const_42">
<pin_list>
<pin id="43" dir="1" index="0" bw="1" slack="0"/>
</pin_list>
<bind>
<StgValue><ssdm name=""/></StgValue>
</bind>
</comp>

<comp id="44" class="1001" name="const_44">
<pin_list>
<pin id="45" dir="1" index="0" bw="1" slack="0"/>
</pin_list>
<bind>
<StgValue><ssdm name=""/></StgValue>
</bind>
</comp>

<comp id="46" class="1001" name="const_46">
<pin_list>
<pin id="47" dir="1" index="0" bw="1" slack="0"/>
</pin_list>
<bind>
<StgValue><ssdm name="_ssdm_op_Read.axis.volatile.i32P128A"/></StgValue>
</bind>
</comp>

<comp id="48" class="1001" name="const_48">
<pin_list>
<pin id="49" dir="1" index="0" bw="1" slack="2147483647"/>
</pin_list>
<bind>
<StgValue><ssdm name="_ssdm_op_SpecPipeline"/></StgValue>
</bind>
</comp>

<comp id="50" class="1001" name="const_50">
<pin_list>
<pin id="51" dir="1" index="0" bw="1" slack="2147483647"/>
</pin_list>
<bind>
<StgValue><ssdm name=""/></StgValue>
</bind>
</comp>

<comp id="52" class="1001" name="const_52">
<pin_list>
<pin id="53" dir="1" index="0" bw="1" slack="2147483647"/>
</pin_list>
<bind>
<StgValue><ssdm name="_ssdm_op_SpecLoopTripCount"/></StgValue>
</bind>
</comp>

<comp id="54" class="1001" name="const_54">
<pin_list>
<pin id="55" dir="1" index="0" bw="1" slack="2147483647"/>
</pin_list>
<bind>
<StgValue><ssdm name=""/></StgValue>
</bind>
</comp>

<comp id="56" class="1001" name="const_56">
<pin_list>
<pin id="57" dir="1" index="0" bw="1" slack="2147483647"/>
</pin_list>
<bind>
<StgValue><ssdm name="_ssdm_op_SpecLoopName"/></StgValue>
</bind>
</comp>

<comp id="58" class="1001" name="const_58">
<pin_list>
<pin id="59" dir="1" index="0" bw="1" slack="2147483647"/>
</pin_list>
<bind>
<StgValue><ssdm name="empty_6"/></StgValue>
</bind>
</comp>

<comp id="60" class="1001" name="const_60">
<pin_list>
<pin id="61" dir="1" index="0" bw="1" slack="0"/>
</pin_list>
<bind>
<StgValue><ssdm name="_ssdm_op_Write.axis.volatile.i32P128A"/></StgValue>
</bind>
</comp>

<comp id="62" class="1004" name="empty_fu_62">
<pin_list>
<pin id="63" dir="0" index="0" bw="1" slack="0"/>
<pin id="64" dir="1" index="1" bw="32" slack="0"/>
</pin_list>
<bind>
<opcode="alloca(26) " fcode="alloca"/>
<opset="empty/1 "/>
</bind>
</comp>

<comp id="66" class="1004" name="n_fu_66">
<pin_list>
<pin id="67" dir="0" index="0" bw="1" slack="0"/>
<pin id="68" dir="1" index="1" bw="7" slack="0"/>
</pin_list>
<bind>
<opcode="alloca(26) " fcode="alloca"/>
<opset="n/1 "/>
</bind>
</comp>

<comp id="70" class="1004" name="empty_11_fu_70">
<pin_list>
<pin id="71" dir="0" index="0" bw="1" slack="0"/>
<pin id="72" dir="1" index="1" bw="32" slack="0"/>
</pin_list>
<bind>
<opcode="alloca(26) " fcode="alloca"/>
<opset="empty_11/1 "/>
</bind>
</comp>

<comp id="74" class="1004" name="empty_12_fu_74">
<pin_list>
<pin id="75" dir="0" index="0" bw="1" slack="0"/>
<pin id="76" dir="1" index="1" bw="32" slack="0"/>
</pin_list>
<bind>
<opcode="alloca(26) " fcode="alloca"/>
<opset="empty_12/1 "/>
</bind>
</comp>

<comp id="78" class="1004" name="empty_13_fu_78">
<pin_list>
<pin id="79" dir="0" index="0" bw="1" slack="0"/>
<pin id="80" dir="1" index="1" bw="32" slack="0"/>
</pin_list>
<bind>
<opcode="alloca(26) " fcode="alloca"/>
<opset="empty_13/1 "/>
</bind>
</comp>

<comp id="82" class="1004" name="empty_14_fu_82">
<pin_list>
<pin id="83" dir="0" index="0" bw="1" slack="0"/>
<pin id="84" dir="1" index="1" bw="32" slack="0"/>
</pin_list>
<bind>
<opcode="alloca(26) " fcode="alloca"/>
<opset="empty_14/1 "/>
</bind>
</comp>

<comp id="86" class="1004" name="empty_15_fu_86">
<pin_list>
<pin id="87" dir="0" index="0" bw="1" slack="0"/>
<pin id="88" dir="1" index="1" bw="32" slack="0"/>
</pin_list>
<bind>
<opcode="alloca(26) " fcode="alloca"/>
<opset="empty_15/1 "/>
</bind>
</comp>

<comp id="90" class="1004" name="empty_16_fu_90">
<pin_list>
<pin id="91" dir="0" index="0" bw="1" slack="0"/>
<pin id="92" dir="1" index="1" bw="32" slack="0"/>
</pin_list>
<bind>
<opcode="alloca(26) " fcode="alloca"/>
<opset="empty_16/1 "/>
</bind>
</comp>

<comp id="94" class="1004" name="empty_17_fu_94">
<pin_list>
<pin id="95" dir="0" index="0" bw="1" slack="0"/>
<pin id="96" dir="1" index="1" bw="32" slack="0"/>
</pin_list>
<bind>
<opcode="alloca(26) " fcode="alloca"/>
<opset="empty_17/1 "/>
</bind>
</comp>

<comp id="98" class="1004" name="empty_18_fu_98">
<pin_list>
<pin id="99" dir="0" index="0" bw="1" slack="0"/>
<pin id="100" dir="1" index="1" bw="32" slack="0"/>
</pin_list>
<bind>
<opcode="alloca(26) " fcode="alloca"/>
<opset="empty_18/1 "/>
</bind>
</comp>

<comp id="102" class="1004" name="p_reload22_read_read_fu_102">
<pin_list>
<pin id="103" dir="0" index="0" bw="32" slack="0"/>
<pin id="104" dir="0" index="1" bw="32" slack="0"/>
<pin id="105" dir="1" index="2" bw="32" slack="5"/>
</pin_list>
<bind>
<opcode="read(1150) " fcode="read"/>
<opset="p_reload22_read/1 "/>
</bind>
</comp>

<comp id="108" class="1004" name="p_reload24_read_read_fu_108">
<pin_list>
<pin id="109" dir="0" index="0" bw="32" slack="0"/>
<pin id="110" dir="0" index="1" bw="32" slack="0"/>
<pin id="111" dir="1" index="2" bw="32" slack="5"/>
</pin_list>
<bind>
<opcode="read(1150) " fcode="read"/>
<opset="p_reload24_read/1 "/>
</bind>
</comp>

<comp id="114" class="1004" name="p_reload20_read_read_fu_114">
<pin_list>
<pin id="115" dir="0" index="0" bw="32" slack="0"/>
<pin id="116" dir="0" index="1" bw="32" slack="0"/>
<pin id="117" dir="1" index="2" bw="32" slack="4"/>
</pin_list>
<bind>
<opcode="read(1150) " fcode="read"/>
<opset="p_reload20_read/1 "/>
</bind>
</comp>

<comp id="120" class="1004" name="p_reload19_read_read_fu_120">
<pin_list>
<pin id="121" dir="0" index="0" bw="32" slack="0"/>
<pin id="122" dir="0" index="1" bw="32" slack="0"/>
<pin id="123" dir="1" index="2" bw="32" slack="4"/>
</pin_list>
<bind>
<opcode="read(1150) " fcode="read"/>
<opset="p_reload19_read/1 "/>
</bind>
</comp>

<comp id="126" class="1004" name="p_reload23_read_read_fu_126">
<pin_list>
<pin id="127" dir="0" index="0" bw="32" slack="0"/>
<pin id="128" dir="0" index="1" bw="32" slack="0"/>
<pin id="129" dir="1" index="2" bw="32" slack="3"/>
</pin_list>
<bind>
<opcode="read(1150) " fcode="read"/>
<opset="p_reload23_read/1 "/>
</bind>
</comp>

<comp id="132" class="1004" name="p_reload21_read_read_fu_132">
<pin_list>
<pin id="133" dir="0" index="0" bw="32" slack="0"/>
<pin id="134" dir="0" index="1" bw="32" slack="0"/>
<pin id="135" dir="1" index="2" bw="32" slack="3"/>
</pin_list>
<bind>
<opcode="read(1150) " fcode="read"/>
<opset="p_reload21_read/1 "/>
</bind>
</comp>

<comp id="138" class="1004" name="p_reload27_read_read_fu_138">
<pin_list>
<pin id="139" dir="0" index="0" bw="32" slack="0"/>
<pin id="140" dir="0" index="1" bw="32" slack="0"/>
<pin id="141" dir="1" index="2" bw="32" slack="2"/>
</pin_list>
<bind>
<opcode="read(1150) " fcode="read"/>
<opset="p_reload27_read/1 "/>
</bind>
</comp>

<comp id="144" class="1004" name="p_reload_read_read_fu_144">
<pin_list>
<pin id="145" dir="0" index="0" bw="32" slack="0"/>
<pin id="146" dir="0" index="1" bw="32" slack="0"/>
<pin id="147" dir="1" index="2" bw="32" slack="2"/>
</pin_list>
<bind>
<opcode="read(1150) " fcode="read"/>
<opset="p_reload_read/1 "/>
</bind>
</comp>

<comp id="150" class="1004" name="p_reload25_read_read_fu_150">
<pin_list>
<pin id="151" dir="0" index="0" bw="32" slack="0"/>
<pin id="152" dir="0" index="1" bw="32" slack="0"/>
<pin id="153" dir="1" index="2" bw="32" slack="1"/>
</pin_list>
<bind>
<opcode="read(1150) " fcode="read"/>
<opset="p_reload25_read/1 "/>
</bind>
</comp>

<comp id="156" class="1004" name="p_reload26_read_read_fu_156">
<pin_list>
<pin id="157" dir="0" index="0" bw="32" slack="0"/>
<pin id="158" dir="0" index="1" bw="32" slack="0"/>
<pin id="159" dir="1" index="2" bw="32" slack="1"/>
</pin_list>
<bind>
<opcode="read(1150) " fcode="read"/>
<opset="p_reload26_read/1 "/>
</bind>
</comp>

<comp id="162" class="1004" name="in_r_read_read_fu_162">
<pin_list>
<pin id="163" dir="0" index="0" bw="32" slack="0"/>
<pin id="164" dir="0" index="1" bw="32" slack="0"/>
<pin id="165" dir="1" index="2" bw="32" slack="0"/>
</pin_list>
<bind>
<opcode="read(1150) " fcode="read"/>
<opset="in_r_read/3 "/>
</bind>
</comp>

<comp id="168" class="1004" name="write_ln33_write_fu_168">
<pin_list>
<pin id="169" dir="0" index="0" bw="0" slack="0"/>
<pin id="170" dir="0" index="1" bw="32" slack="0"/>
<pin id="171" dir="0" index="2" bw="32" slack="0"/>
<pin id="172" dir="1" index="3" bw="0" slack="2147483647"/>
</pin_list>
<bind>
<opcode="write(1151) " fcode="write"/>
<opset="write_ln33/7 "/>
</bind>
</comp>

<comp id="175" class="1004" name="grp_fu_175">
<pin_list>
<pin id="176" dir="0" index="0" bw="32" slack="0"/>
<pin id="177" dir="0" index="1" bw="32" slack="1"/>
<pin id="178" dir="1" index="2" bw="32" slack="1"/>
</pin_list>
<bind>
<opcode="mul(12) " fcode="mul"/>
<opset="mul_ln29/2 mul_ln29_2/3 mul_ln29_4/4 mul_ln29_6/5 mul_ln29_8/6 "/>
</bind>
</comp>

<comp id="179" class="1004" name="grp_fu_179">
<pin_list>
<pin id="180" dir="0" index="0" bw="32" slack="0"/>
<pin id="181" dir="0" index="1" bw="32" slack="1"/>
<pin id="182" dir="1" index="2" bw="32" slack="1"/>
</pin_list>
<bind>
<opcode="mul(12) " fcode="mul"/>
<opset="mul_ln29_1/2 mul_ln29_3/3 mul_ln29_5/4 mul_ln29_7/5 mul_ln29_9/6 "/>
</bind>
</comp>

<comp id="184" class="1005" name="reg_184">
<pin_list>
<pin id="185" dir="0" index="0" bw="32" slack="1"/>
<pin id="186" dir="1" index="1" bw="32" slack="1"/>
</pin_list>
<bind>
<opset="mul_ln29 mul_ln29_2 mul_ln29_8 "/>
</bind>
</comp>

<comp id="188" class="1005" name="reg_188">
<pin_list>
<pin id="189" dir="0" index="0" bw="32" slack="1"/>
<pin id="190" dir="1" index="1" bw="32" slack="1"/>
</pin_list>
<bind>
<opset="mul_ln29_1 mul_ln29_3 mul_ln29_9 "/>
</bind>
</comp>

<comp id="192" class="1004" name="store_ln0_store_fu_192">
<pin_list>
<pin id="193" dir="0" index="0" bw="1" slack="0"/>
<pin id="194" dir="0" index="1" bw="32" slack="0"/>
<pin id="195" dir="1" index="2" bw="0" slack="2147483647"/>
</pin_list>
<bind>
<opcode="store(28) " fcode="store"/>
<opset="store_ln0/1 "/>
</bind>
</comp>

<comp id="197" class="1004" name="store_ln0_store_fu_197">
<pin_list>
<pin id="198" dir="0" index="0" bw="1" slack="0"/>
<pin id="199" dir="0" index="1" bw="32" slack="0"/>
<pin id="200" dir="1" index="2" bw="0" slack="2147483647"/>
</pin_list>
<bind>
<opcode="store(28) " fcode="store"/>
<opset="store_ln0/1 "/>
</bind>
</comp>

<comp id="202" class="1004" name="store_ln0_store_fu_202">
<pin_list>
<pin id="203" dir="0" index="0" bw="1" slack="0"/>
<pin id="204" dir="0" index="1" bw="32" slack="0"/>
<pin id="205" dir="1" index="2" bw="0" slack="2147483647"/>
</pin_list>
<bind>
<opcode="store(28) " fcode="store"/>
<opset="store_ln0/1 "/>
</bind>
</comp>

<comp id="207" class="1004" name="store_ln0_store_fu_207">
<pin_list>
<pin id="208" dir="0" index="0" bw="1" slack="0"/>
<pin id="209" dir="0" index="1" bw="32" slack="0"/>
<pin id="210" dir="1" index="2" bw="0" slack="2147483647"/>
</pin_list>
<bind>
<opcode="store(28) " fcode="store"/>
<opset="store_ln0/1 "/>
</bind>
</comp>

<comp id="212" class="1004" name="store_ln0_store_fu_212">
<pin_list>
<pin id="213" dir="0" index="0" bw="1" slack="0"/>
<pin id="214" dir="0" index="1" bw="32" slack="0"/>
<pin id="215" dir="1" index="2" bw="0" slack="2147483647"/>
</pin_list>
<bind>
<opcode="store(28) " fcode="store"/>
<opset="store_ln0/1 "/>
</bind>
</comp>

<comp id="217" class="1004" name="store_ln0_store_fu_217">
<pin_list>
<pin id="218" dir="0" index="0" bw="1" slack="0"/>
<pin id="219" dir="0" index="1" bw="32" slack="0"/>
<pin id="220" dir="1" index="2" bw="0" slack="2147483647"/>
</pin_list>
<bind>
<opcode="store(28) " fcode="store"/>
<opset="store_ln0/1 "/>
</bind>
</comp>

<comp id="222" class="1004" name="store_ln0_store_fu_222">
<pin_list>
<pin id="223" dir="0" index="0" bw="1" slack="0"/>
<pin id="224" dir="0" index="1" bw="32" slack="0"/>
<pin id="225" dir="1" index="2" bw="0" slack="2147483647"/>
</pin_list>
<bind>
<opcode="store(28) " fcode="store"/>
<opset="store_ln0/1 "/>
</bind>
</comp>

<comp id="227" class="1004" name="store_ln0_store_fu_227">
<pin_list>
<pin id="228" dir="0" index="0" bw="1" slack="0"/>
<pin id="229" dir="0" index="1" bw="32" slack="0"/>
<pin id="230" dir="1" index="2" bw="0" slack="2147483647"/>
</pin_list>
<bind>
<opcode="store(28) " fcode="store"/>
<opset="store_ln0/1 "/>
</bind>
</comp>

<comp id="232" class="1004" name="store_ln18_store_fu_232">
<pin_list>
<pin id="233" dir="0" index="0" bw="1" slack="0"/>
<pin id="234" dir="0" index="1" bw="7" slack="0"/>
<pin id="235" dir="1" index="2" bw="0" slack="2147483647"/>
</pin_list>
<bind>
<opcode="store(28) " fcode="store"/>
<opset="store_ln18/1 "/>
</bind>
</comp>

<comp id="237" class="1004" name="store_ln0_store_fu_237">
<pin_list>
<pin id="238" dir="0" index="0" bw="1" slack="0"/>
<pin id="239" dir="0" index="1" bw="32" slack="0"/>
<pin id="240" dir="1" index="2" bw="0" slack="2147483647"/>
</pin_list>
<bind>
<opcode="store(28) " fcode="store"/>
<opset="store_ln0/1 "/>
</bind>
</comp>

<comp id="242" class="1004" name="n_1_load_fu_242">
<pin_list>
<pin id="243" dir="0" index="0" bw="7" slack="1"/>
<pin id="244" dir="1" index="1" bw="7" slack="0"/>
</pin_list>
<bind>
<opcode="load(27) " fcode="load"/>
<opset="n_1/2 "/>
</bind>
</comp>

<comp id="245" class="1004" name="p_load12_load_fu_245">
<pin_list>
<pin id="246" dir="0" index="0" bw="32" slack="1"/>
<pin id="247" dir="1" index="1" bw="32" slack="2"/>
</pin_list>
<bind>
<opcode="load(27) " fcode="load"/>
<opset="p_load12/2 "/>
</bind>
</comp>

<comp id="248" class="1004" name="p_load11_load_fu_248">
<pin_list>
<pin id="249" dir="0" index="0" bw="32" slack="1"/>
<pin id="250" dir="1" index="1" bw="32" slack="0"/>
</pin_list>
<bind>
<opcode="load(27) " fcode="load"/>
<opset="p_load11/2 "/>
</bind>
</comp>

<comp id="252" class="1004" name="p_load_load_fu_252">
<pin_list>
<pin id="253" dir="0" index="0" bw="32" slack="1"/>
<pin id="254" dir="1" index="1" bw="32" slack="0"/>
</pin_list>
<bind>
<opcode="load(27) " fcode="load"/>
<opset="p_load/2 "/>
</bind>
</comp>

<comp id="256" class="1004" name="icmp_ln18_fu_256">
<pin_list>
<pin id="257" dir="0" index="0" bw="7" slack="0"/>
<pin id="258" dir="0" index="1" bw="6" slack="0"/>
<pin id="259" dir="1" index="2" bw="1" slack="1"/>
</pin_list>
<bind>
<opcode="icmp(45) " fcode="icmp"/>
<opset="icmp_ln18/2 "/>
</bind>
</comp>

<comp id="262" class="1004" name="add_ln18_fu_262">
<pin_list>
<pin id="263" dir="0" index="0" bw="7" slack="0"/>
<pin id="264" dir="0" index="1" bw="1" slack="0"/>
<pin id="265" dir="1" index="2" bw="7" slack="0"/>
</pin_list>
<bind>
<opcode="add(8) " fcode="add"/>
<opset="add_ln18/2 "/>
</bind>
</comp>

<comp id="268" class="1004" name="store_ln29_store_fu_268">
<pin_list>
<pin id="269" dir="0" index="0" bw="32" slack="0"/>
<pin id="270" dir="0" index="1" bw="32" slack="1"/>
<pin id="271" dir="1" index="2" bw="0" slack="2147483647"/>
</pin_list>
<bind>
<opcode="store(28) " fcode="store"/>
<opset="store_ln29/2 "/>
</bind>
</comp>

<comp id="273" class="1004" name="store_ln29_store_fu_273">
<pin_list>
<pin id="274" dir="0" index="0" bw="32" slack="0"/>
<pin id="275" dir="0" index="1" bw="32" slack="1"/>
<pin id="276" dir="1" index="2" bw="0" slack="2147483647"/>
</pin_list>
<bind>
<opcode="store(28) " fcode="store"/>
<opset="store_ln29/2 "/>
</bind>
</comp>

<comp id="278" class="1004" name="store_ln18_store_fu_278">
<pin_list>
<pin id="279" dir="0" index="0" bw="7" slack="0"/>
<pin id="280" dir="0" index="1" bw="7" slack="1"/>
<pin id="281" dir="1" index="2" bw="0" slack="2147483647"/>
</pin_list>
<bind>
<opcode="store(28) " fcode="store"/>
<opset="store_ln18/2 "/>
</bind>
</comp>

<comp id="283" class="1004" name="p_load18_load_fu_283">
<pin_list>
<pin id="284" dir="0" index="0" bw="32" slack="2"/>
<pin id="285" dir="1" index="1" bw="32" slack="0"/>
</pin_list>
<bind>
<opcode="load(27) " fcode="load"/>
<opset="p_load18/3 "/>
</bind>
</comp>

<comp id="287" class="1004" name="add_ln29_fu_287">
<pin_list>
<pin id="288" dir="0" index="0" bw="32" slack="1"/>
<pin id="289" dir="0" index="1" bw="32" slack="1"/>
<pin id="290" dir="1" index="2" bw="32" slack="4"/>
</pin_list>
<bind>
<opcode="add(8) " fcode="add"/>
<opset="add_ln29/3 "/>
</bind>
</comp>

<comp id="293" class="1004" name="store_ln25_store_fu_293">
<pin_list>
<pin id="294" dir="0" index="0" bw="32" slack="0"/>
<pin id="295" dir="0" index="1" bw="32" slack="2"/>
<pin id="296" dir="1" index="2" bw="0" slack="2147483647"/>
</pin_list>
<bind>
<opcode="store(28) " fcode="store"/>
<opset="store_ln25/3 "/>
</bind>
</comp>

<comp id="298" class="1004" name="p_load16_load_fu_298">
<pin_list>
<pin id="299" dir="0" index="0" bw="32" slack="3"/>
<pin id="300" dir="1" index="1" bw="32" slack="1"/>
</pin_list>
<bind>
<opcode="load(27) " fcode="load"/>
<opset="p_load16/4 "/>
</bind>
</comp>

<comp id="301" class="1004" name="p_load15_load_fu_301">
<pin_list>
<pin id="302" dir="0" index="0" bw="32" slack="3"/>
<pin id="303" dir="1" index="1" bw="32" slack="0"/>
</pin_list>
<bind>
<opcode="load(27) " fcode="load"/>
<opset="p_load15/4 "/>
</bind>
</comp>

<comp id="305" class="1004" name="p_load14_load_fu_305">
<pin_list>
<pin id="306" dir="0" index="0" bw="32" slack="3"/>
<pin id="307" dir="1" index="1" bw="32" slack="0"/>
</pin_list>
<bind>
<opcode="load(27) " fcode="load"/>
<opset="p_load14/4 "/>
</bind>
</comp>

<comp id="308" class="1004" name="p_load13_load_fu_308">
<pin_list>
<pin id="309" dir="0" index="0" bw="32" slack="3"/>
<pin id="310" dir="1" index="1" bw="32" slack="0"/>
</pin_list>
<bind>
<opcode="load(27) " fcode="load"/>
<opset="p_load13/4 "/>
</bind>
</comp>

<comp id="312" class="1004" name="store_ln29_store_fu_312">
<pin_list>
<pin id="313" dir="0" index="0" bw="32" slack="2"/>
<pin id="314" dir="0" index="1" bw="32" slack="3"/>
<pin id="315" dir="1" index="2" bw="0" slack="2147483647"/>
</pin_list>
<bind>
<opcode="store(28) " fcode="store"/>
<opset="store_ln29/4 "/>
</bind>
</comp>

<comp id="316" class="1004" name="store_ln29_store_fu_316">
<pin_list>
<pin id="317" dir="0" index="0" bw="32" slack="0"/>
<pin id="318" dir="0" index="1" bw="32" slack="3"/>
<pin id="319" dir="1" index="2" bw="0" slack="2147483647"/>
</pin_list>
<bind>
<opcode="store(28) " fcode="store"/>
<opset="store_ln29/4 "/>
</bind>
</comp>

<comp id="321" class="1004" name="store_ln29_store_fu_321">
<pin_list>
<pin id="322" dir="0" index="0" bw="32" slack="0"/>
<pin id="323" dir="0" index="1" bw="32" slack="3"/>
<pin id="324" dir="1" index="2" bw="0" slack="2147483647"/>
</pin_list>
<bind>
<opcode="store(28) " fcode="store"/>
<opset="store_ln29/4 "/>
</bind>
</comp>

<comp id="326" class="1004" name="store_ln29_store_fu_326">
<pin_list>
<pin id="327" dir="0" index="0" bw="32" slack="0"/>
<pin id="328" dir="0" index="1" bw="32" slack="3"/>
<pin id="329" dir="1" index="2" bw="0" slack="2147483647"/>
</pin_list>
<bind>
<opcode="store(28) " fcode="store"/>
<opset="store_ln29/4 "/>
</bind>
</comp>

<comp id="331" class="1004" name="p_load17_load_fu_331">
<pin_list>
<pin id="332" dir="0" index="0" bw="32" slack="4"/>
<pin id="333" dir="1" index="1" bw="32" slack="0"/>
</pin_list>
<bind>
<opcode="load(27) " fcode="load"/>
<opset="p_load17/5 "/>
</bind>
</comp>

<comp id="335" class="1004" name="store_ln29_store_fu_335">
<pin_list>
<pin id="336" dir="0" index="0" bw="32" slack="1"/>
<pin id="337" dir="0" index="1" bw="32" slack="4"/>
<pin id="338" dir="1" index="2" bw="0" slack="2147483647"/>
</pin_list>
<bind>
<opcode="store(28) " fcode="store"/>
<opset="store_ln29/5 "/>
</bind>
</comp>

<comp id="339" class="1004" name="store_ln29_store_fu_339">
<pin_list>
<pin id="340" dir="0" index="0" bw="32" slack="0"/>
<pin id="341" dir="0" index="1" bw="32" slack="4"/>
<pin id="342" dir="1" index="2" bw="0" slack="2147483647"/>
</pin_list>
<bind>
<opcode="store(28) " fcode="store"/>
<opset="store_ln29/5 "/>
</bind>
</comp>

<comp id="344" class="1004" name="add_ln29_4_fu_344">
<pin_list>
<pin id="345" dir="0" index="0" bw="32" slack="2"/>
<pin id="346" dir="0" index="1" bw="32" slack="1"/>
<pin id="347" dir="1" index="2" bw="32" slack="0"/>
</pin_list>
<bind>
<opcode="add(8) " fcode="add"/>
<opset="add_ln29_4/6 "/>
</bind>
</comp>

<comp id="348" class="1004" name="add_ln29_5_fu_348">
<pin_list>
<pin id="349" dir="0" index="0" bw="32" slack="3"/>
<pin id="350" dir="0" index="1" bw="32" slack="3"/>
<pin id="351" dir="1" index="2" bw="32" slack="0"/>
</pin_list>
<bind>
<opcode="add(8) " fcode="add"/>
<opset="add_ln29_5/6 "/>
</bind>
</comp>

<comp id="354" class="1004" name="add_ln29_6_fu_354">
<pin_list>
<pin id="355" dir="0" index="0" bw="32" slack="0"/>
<pin id="356" dir="0" index="1" bw="32" slack="1"/>
<pin id="357" dir="1" index="2" bw="32" slack="0"/>
</pin_list>
<bind>
<opcode="add(8) " fcode="add"/>
<opset="add_ln29_6/6 "/>
</bind>
</comp>

<comp id="359" class="1004" name="add_ln29_7_fu_359">
<pin_list>
<pin id="360" dir="0" index="0" bw="32" slack="0"/>
<pin id="361" dir="0" index="1" bw="32" slack="0"/>
<pin id="362" dir="1" index="2" bw="32" slack="1"/>
</pin_list>
<bind>
<opcode="add(8) " fcode="add"/>
<opset="add_ln29_7/6 "/>
</bind>
</comp>

<comp id="365" class="1004" name="add_ln29_1_fu_365">
<pin_list>
<pin id="366" dir="0" index="0" bw="32" slack="3"/>
<pin id="367" dir="0" index="1" bw="32" slack="1"/>
<pin id="368" dir="1" index="2" bw="32" slack="0"/>
</pin_list>
<bind>
<opcode="add(8) " fcode="add"/>
<opset="add_ln29_1/7 "/>
</bind>
</comp>

<comp id="370" class="1004" name="add_ln29_2_fu_370">
<pin_list>
<pin id="371" dir="0" index="0" bw="32" slack="0"/>
<pin id="372" dir="0" index="1" bw="32" slack="1"/>
<pin id="373" dir="1" index="2" bw="32" slack="0"/>
</pin_list>
<bind>
<opcode="add(8) " fcode="add"/>
<opset="add_ln29_2/7 "/>
</bind>
</comp>

<comp id="376" class="1004" name="add_ln29_3_fu_376">
<pin_list>
<pin id="377" dir="0" index="0" bw="32" slack="0"/>
<pin id="378" dir="0" index="1" bw="32" slack="4"/>
<pin id="379" dir="1" index="2" bw="32" slack="0"/>
</pin_list>
<bind>
<opcode="add(8) " fcode="add"/>
<opset="add_ln29_3/7 "/>
</bind>
</comp>

<comp id="381" class="1004" name="y_fu_381">
<pin_list>
<pin id="382" dir="0" index="0" bw="32" slack="1"/>
<pin id="383" dir="0" index="1" bw="32" slack="0"/>
<pin id="384" dir="1" index="2" bw="32" slack="0"/>
</pin_list>
<bind>
<opcode="add(8) " fcode="add"/>
<opset="y/7 "/>
</bind>
</comp>

<comp id="387" class="1005" name="empty_reg_387">
<pin_list>
<pin id="388" dir="0" index="0" bw="32" slack="0"/>
<pin id="389" dir="1" index="1" bw="32" slack="0"/>
</pin_list>
<bind>
<opset="empty "/>
</bind>
</comp>

<comp id="394" class="1005" name="n_reg_394">
<pin_list>
<pin id="395" dir="0" index="0" bw="7" slack="0"/>
<pin id="396" dir="1" index="1" bw="7" slack="0"/>
</pin_list>
<bind>
<opset="n "/>
</bind>
</comp>

<comp id="401" class="1005" name="empty_11_reg_401">
<pin_list>
<pin id="402" dir="0" index="0" bw="32" slack="0"/>
<pin id="403" dir="1" index="1" bw="32" slack="0"/>
</pin_list>
<bind>
<opset="empty_11 "/>
</bind>
</comp>

<comp id="408" class="1005" name="empty_12_reg_408">
<pin_list>
<pin id="409" dir="0" index="0" bw="32" slack="0"/>
<pin id="410" dir="1" index="1" bw="32" slack="0"/>
</pin_list>
<bind>
<opset="empty_12 "/>
</bind>
</comp>

<comp id="415" class="1005" name="empty_13_reg_415">
<pin_list>
<pin id="416" dir="0" index="0" bw="32" slack="0"/>
<pin id="417" dir="1" index="1" bw="32" slack="0"/>
</pin_list>
<bind>
<opset="empty_13 "/>
</bind>
</comp>

<comp id="422" class="1005" name="empty_14_reg_422">
<pin_list>
<pin id="423" dir="0" index="0" bw="32" slack="0"/>
<pin id="424" dir="1" index="1" bw="32" slack="0"/>
</pin_list>
<bind>
<opset="empty_14 "/>
</bind>
</comp>

<comp id="429" class="1005" name="empty_15_reg_429">
<pin_list>
<pin id="430" dir="0" index="0" bw="32" slack="0"/>
<pin id="431" dir="1" index="1" bw="32" slack="0"/>
</pin_list>
<bind>
<opset="empty_15 "/>
</bind>
</comp>

<comp id="436" class="1005" name="empty_16_reg_436">
<pin_list>
<pin id="437" dir="0" index="0" bw="32" slack="0"/>
<pin id="438" dir="1" index="1" bw="32" slack="0"/>
</pin_list>
<bind>
<opset="empty_16 "/>
</bind>
</comp>

<comp id="443" class="1005" name="empty_17_reg_443">
<pin_list>
<pin id="444" dir="0" index="0" bw="32" slack="0"/>
<pin id="445" dir="1" index="1" bw="32" slack="0"/>
</pin_list>
<bind>
<opset="empty_17 "/>
</bind>
</comp>

<comp id="450" class="1005" name="empty_18_reg_450">
<pin_list>
<pin id="451" dir="0" index="0" bw="32" slack="0"/>
<pin id="452" dir="1" index="1" bw="32" slack="0"/>
</pin_list>
<bind>
<opset="empty_18 "/>
</bind>
</comp>

<comp id="457" class="1005" name="p_reload22_read_reg_457">
<pin_list>
<pin id="458" dir="0" index="0" bw="32" slack="5"/>
<pin id="459" dir="1" index="1" bw="32" slack="5"/>
</pin_list>
<bind>
<opset="p_reload22_read "/>
</bind>
</comp>

<comp id="462" class="1005" name="p_reload24_read_reg_462">
<pin_list>
<pin id="463" dir="0" index="0" bw="32" slack="5"/>
<pin id="464" dir="1" index="1" bw="32" slack="5"/>
</pin_list>
<bind>
<opset="p_reload24_read "/>
</bind>
</comp>

<comp id="467" class="1005" name="p_reload20_read_reg_467">
<pin_list>
<pin id="468" dir="0" index="0" bw="32" slack="4"/>
<pin id="469" dir="1" index="1" bw="32" slack="4"/>
</pin_list>
<bind>
<opset="p_reload20_read "/>
</bind>
</comp>

<comp id="472" class="1005" name="p_reload19_read_reg_472">
<pin_list>
<pin id="473" dir="0" index="0" bw="32" slack="4"/>
<pin id="474" dir="1" index="1" bw="32" slack="4"/>
</pin_list>
<bind>
<opset="p_reload19_read "/>
</bind>
</comp>

<comp id="477" class="1005" name="p_reload23_read_reg_477">
<pin_list>
<pin id="478" dir="0" index="0" bw="32" slack="3"/>
<pin id="479" dir="1" index="1" bw="32" slack="3"/>
</pin_list>
<bind>
<opset="p_reload23_read "/>
</bind>
</comp>

<comp id="482" class="1005" name="p_reload21_read_reg_482">
<pin_list>
<pin id="483" dir="0" index="0" bw="32" slack="3"/>
<pin id="484" dir="1" index="1" bw="32" slack="3"/>
</pin_list>
<bind>
<opset="p_reload21_read "/>
</bind>
</comp>

<comp id="487" class="1005" name="p_reload27_read_reg_487">
<pin_list>
<pin id="488" dir="0" index="0" bw="32" slack="2"/>
<pin id="489" dir="1" index="1" bw="32" slack="2"/>
</pin_list>
<bind>
<opset="p_reload27_read "/>
</bind>
</comp>

<comp id="492" class="1005" name="p_reload_read_reg_492">
<pin_list>
<pin id="493" dir="0" index="0" bw="32" slack="2"/>
<pin id="494" dir="1" index="1" bw="32" slack="2"/>
</pin_list>
<bind>
<opset="p_reload_read "/>
</bind>
</comp>

<comp id="497" class="1005" name="p_reload25_read_reg_497">
<pin_list>
<pin id="498" dir="0" index="0" bw="32" slack="1"/>
<pin id="499" dir="1" index="1" bw="32" slack="1"/>
</pin_list>
<bind>
<opset="p_reload25_read "/>
</bind>
</comp>

<comp id="502" class="1005" name="p_reload26_read_reg_502">
<pin_list>
<pin id="503" dir="0" index="0" bw="32" slack="1"/>
<pin id="504" dir="1" index="1" bw="32" slack="1"/>
</pin_list>
<bind>
<opset="p_reload26_read "/>
</bind>
</comp>

<comp id="507" class="1005" name="p_load12_reg_507">
<pin_list>
<pin id="508" dir="0" index="0" bw="32" slack="2"/>
<pin id="509" dir="1" index="1" bw="32" slack="2"/>
</pin_list>
<bind>
<opset="p_load12 "/>
</bind>
</comp>

<comp id="513" class="1005" name="icmp_ln18_reg_513">
<pin_list>
<pin id="514" dir="0" index="0" bw="1" slack="1"/>
<pin id="515" dir="1" index="1" bw="1" slack="2147483647"/>
</pin_list>
<bind>
<opset="icmp_ln18 "/>
</bind>
</comp>

<comp id="517" class="1005" name="add_ln29_reg_517">
<pin_list>
<pin id="518" dir="0" index="0" bw="32" slack="4"/>
<pin id="519" dir="1" index="1" bw="32" slack="4"/>
</pin_list>
<bind>
<opset="add_ln29 "/>
</bind>
</comp>

<comp id="522" class="1005" name="p_load16_reg_522">
<pin_list>
<pin id="523" dir="0" index="0" bw="32" slack="1"/>
<pin id="524" dir="1" index="1" bw="32" slack="1"/>
</pin_list>
<bind>
<opset="p_load16 "/>
</bind>
</comp>

<comp id="528" class="1005" name="p_load14_reg_528">
<pin_list>
<pin id="529" dir="0" index="0" bw="32" slack="2"/>
<pin id="530" dir="1" index="1" bw="32" slack="2"/>
</pin_list>
<bind>
<opset="p_load14 "/>
</bind>
</comp>

<comp id="533" class="1005" name="mul_ln29_4_reg_533">
<pin_list>
<pin id="534" dir="0" index="0" bw="32" slack="2"/>
<pin id="535" dir="1" index="1" bw="32" slack="2"/>
</pin_list>
<bind>
<opset="mul_ln29_4 "/>
</bind>
</comp>

<comp id="538" class="1005" name="mul_ln29_5_reg_538">
<pin_list>
<pin id="539" dir="0" index="0" bw="32" slack="3"/>
<pin id="540" dir="1" index="1" bw="32" slack="3"/>
</pin_list>
<bind>
<opset="mul_ln29_5 "/>
</bind>
</comp>

<comp id="543" class="1005" name="mul_ln29_6_reg_543">
<pin_list>
<pin id="544" dir="0" index="0" bw="32" slack="1"/>
<pin id="545" dir="1" index="1" bw="32" slack="1"/>
</pin_list>
<bind>
<opset="mul_ln29_6 "/>
</bind>
</comp>

<comp id="548" class="1005" name="mul_ln29_7_reg_548">
<pin_list>
<pin id="549" dir="0" index="0" bw="32" slack="1"/>
<pin id="550" dir="1" index="1" bw="32" slack="1"/>
</pin_list>
<bind>
<opset="mul_ln29_7 "/>
</bind>
</comp>

<comp id="553" class="1005" name="add_ln29_7_reg_553">
<pin_list>
<pin id="554" dir="0" index="0" bw="32" slack="1"/>
<pin id="555" dir="1" index="1" bw="32" slack="1"/>
</pin_list>
<bind>
<opset="add_ln29_7 "/>
</bind>
</comp>

</comp_list>

<net_list>
<net id="65"><net_src comp="24" pin="0"/><net_sink comp="62" pin=0"/></net>

<net id="69"><net_src comp="24" pin="0"/><net_sink comp="66" pin=0"/></net>

<net id="73"><net_src comp="24" pin="0"/><net_sink comp="70" pin=0"/></net>

<net id="77"><net_src comp="24" pin="0"/><net_sink comp="74" pin=0"/></net>

<net id="81"><net_src comp="24" pin="0"/><net_sink comp="78" pin=0"/></net>

<net id="85"><net_src comp="24" pin="0"/><net_sink comp="82" pin=0"/></net>

<net id="89"><net_src comp="24" pin="0"/><net_sink comp="86" pin=0"/></net>

<net id="93"><net_src comp="24" pin="0"/><net_sink comp="90" pin=0"/></net>

<net id="97"><net_src comp="24" pin="0"/><net_sink comp="94" pin=0"/></net>

<net id="101"><net_src comp="24" pin="0"/><net_sink comp="98" pin=0"/></net>

<net id="106"><net_src comp="38" pin="0"/><net_sink comp="102" pin=0"/></net>

<net id="107"><net_src comp="20" pin="0"/><net_sink comp="102" pin=1"/></net>

<net id="112"><net_src comp="38" pin="0"/><net_sink comp="108" pin=0"/></net>

<net id="113"><net_src comp="18" pin="0"/><net_sink comp="108" pin=1"/></net>

<net id="118"><net_src comp="38" pin="0"/><net_sink comp="114" pin=0"/></net>

<net id="119"><net_src comp="16" pin="0"/><net_sink comp="114" pin=1"/></net>

<net id="124"><net_src comp="38" pin="0"/><net_sink comp="120" pin=0"/></net>

<net id="125"><net_src comp="14" pin="0"/><net_sink comp="120" pin=1"/></net>

<net id="130"><net_src comp="38" pin="0"/><net_sink comp="126" pin=0"/></net>

<net id="131"><net_src comp="12" pin="0"/><net_sink comp="126" pin=1"/></net>

<net id="136"><net_src comp="38" pin="0"/><net_sink comp="132" pin=0"/></net>

<net id="137"><net_src comp="10" pin="0"/><net_sink comp="132" pin=1"/></net>

<net id="142"><net_src comp="38" pin="0"/><net_sink comp="138" pin=0"/></net>

<net id="143"><net_src comp="8" pin="0"/><net_sink comp="138" pin=1"/></net>

<net id="148"><net_src comp="38" pin="0"/><net_sink comp="144" pin=0"/></net>

<net id="149"><net_src comp="6" pin="0"/><net_sink comp="144" pin=1"/></net>

<net id="154"><net_src comp="38" pin="0"/><net_sink comp="150" pin=0"/></net>

<net id="155"><net_src comp="4" pin="0"/><net_sink comp="150" pin=1"/></net>

<net id="160"><net_src comp="38" pin="0"/><net_sink comp="156" pin=0"/></net>

<net id="161"><net_src comp="2" pin="0"/><net_sink comp="156" pin=1"/></net>

<net id="166"><net_src comp="46" pin="0"/><net_sink comp="162" pin=0"/></net>

<net id="167"><net_src comp="0" pin="0"/><net_sink comp="162" pin=1"/></net>

<net id="173"><net_src comp="60" pin="0"/><net_sink comp="168" pin=0"/></net>

<net id="174"><net_src comp="22" pin="0"/><net_sink comp="168" pin=1"/></net>

<net id="183"><net_src comp="162" pin="2"/><net_sink comp="179" pin=0"/></net>

<net id="187"><net_src comp="175" pin="2"/><net_sink comp="184" pin=0"/></net>

<net id="191"><net_src comp="179" pin="2"/><net_sink comp="188" pin=0"/></net>

<net id="196"><net_src comp="30" pin="0"/><net_sink comp="192" pin=0"/></net>

<net id="201"><net_src comp="30" pin="0"/><net_sink comp="197" pin=0"/></net>

<net id="206"><net_src comp="30" pin="0"/><net_sink comp="202" pin=0"/></net>

<net id="211"><net_src comp="30" pin="0"/><net_sink comp="207" pin=0"/></net>

<net id="216"><net_src comp="30" pin="0"/><net_sink comp="212" pin=0"/></net>

<net id="221"><net_src comp="30" pin="0"/><net_sink comp="217" pin=0"/></net>

<net id="226"><net_src comp="30" pin="0"/><net_sink comp="222" pin=0"/></net>

<net id="231"><net_src comp="30" pin="0"/><net_sink comp="227" pin=0"/></net>

<net id="236"><net_src comp="40" pin="0"/><net_sink comp="232" pin=0"/></net>

<net id="241"><net_src comp="30" pin="0"/><net_sink comp="237" pin=0"/></net>

<net id="251"><net_src comp="248" pin="1"/><net_sink comp="179" pin=0"/></net>

<net id="255"><net_src comp="252" pin="1"/><net_sink comp="175" pin=0"/></net>

<net id="260"><net_src comp="242" pin="1"/><net_sink comp="256" pin=0"/></net>

<net id="261"><net_src comp="42" pin="0"/><net_sink comp="256" pin=1"/></net>

<net id="266"><net_src comp="242" pin="1"/><net_sink comp="262" pin=0"/></net>

<net id="267"><net_src comp="44" pin="0"/><net_sink comp="262" pin=1"/></net>

<net id="272"><net_src comp="252" pin="1"/><net_sink comp="268" pin=0"/></net>

<net id="277"><net_src comp="248" pin="1"/><net_sink comp="273" pin=0"/></net>

<net id="282"><net_src comp="262" pin="2"/><net_sink comp="278" pin=0"/></net>

<net id="286"><net_src comp="283" pin="1"/><net_sink comp="175" pin=0"/></net>

<net id="291"><net_src comp="188" pin="1"/><net_sink comp="287" pin=0"/></net>

<net id="292"><net_src comp="184" pin="1"/><net_sink comp="287" pin=1"/></net>

<net id="297"><net_src comp="162" pin="2"/><net_sink comp="293" pin=0"/></net>

<net id="304"><net_src comp="301" pin="1"/><net_sink comp="175" pin=0"/></net>

<net id="311"><net_src comp="308" pin="1"/><net_sink comp="179" pin=0"/></net>

<net id="320"><net_src comp="308" pin="1"/><net_sink comp="316" pin=0"/></net>

<net id="325"><net_src comp="305" pin="1"/><net_sink comp="321" pin=0"/></net>

<net id="330"><net_src comp="301" pin="1"/><net_sink comp="326" pin=0"/></net>

<net id="334"><net_src comp="331" pin="1"/><net_sink comp="175" pin=0"/></net>

<net id="343"><net_src comp="331" pin="1"/><net_sink comp="339" pin=0"/></net>

<net id="352"><net_src comp="184" pin="1"/><net_sink comp="348" pin=0"/></net>

<net id="353"><net_src comp="188" pin="1"/><net_sink comp="348" pin=1"/></net>

<net id="358"><net_src comp="348" pin="2"/><net_sink comp="354" pin=0"/></net>

<net id="363"><net_src comp="354" pin="2"/><net_sink comp="359" pin=0"/></net>

<net id="364"><net_src comp="344" pin="2"/><net_sink comp="359" pin=1"/></net>

<net id="369"><net_src comp="188" pin="1"/><net_sink comp="365" pin=1"/></net>

<net id="374"><net_src comp="365" pin="2"/><net_sink comp="370" pin=0"/></net>

<net id="375"><net_src comp="184" pin="1"/><net_sink comp="370" pin=1"/></net>

<net id="380"><net_src comp="370" pin="2"/><net_sink comp="376" pin=0"/></net>

<net id="385"><net_src comp="376" pin="2"/><net_sink comp="381" pin=1"/></net>

<net id="386"><net_src comp="381" pin="2"/><net_sink comp="168" pin=2"/></net>

<net id="390"><net_src comp="62" pin="1"/><net_sink comp="387" pin=0"/></net>

<net id="391"><net_src comp="387" pin="1"/><net_sink comp="237" pin=1"/></net>

<net id="392"><net_src comp="387" pin="1"/><net_sink comp="283" pin=0"/></net>

<net id="393"><net_src comp="387" pin="1"/><net_sink comp="339" pin=1"/></net>

<net id="397"><net_src comp="66" pin="1"/><net_sink comp="394" pin=0"/></net>

<net id="398"><net_src comp="394" pin="1"/><net_sink comp="232" pin=1"/></net>

<net id="399"><net_src comp="394" pin="1"/><net_sink comp="242" pin=0"/></net>

<net id="400"><net_src comp="394" pin="1"/><net_sink comp="278" pin=1"/></net>

<net id="404"><net_src comp="70" pin="1"/><net_sink comp="401" pin=0"/></net>

<net id="405"><net_src comp="401" pin="1"/><net_sink comp="227" pin=1"/></net>

<net id="406"><net_src comp="401" pin="1"/><net_sink comp="331" pin=0"/></net>

<net id="407"><net_src comp="401" pin="1"/><net_sink comp="335" pin=1"/></net>

<net id="411"><net_src comp="74" pin="1"/><net_sink comp="408" pin=0"/></net>

<net id="412"><net_src comp="408" pin="1"/><net_sink comp="222" pin=1"/></net>

<net id="413"><net_src comp="408" pin="1"/><net_sink comp="298" pin=0"/></net>

<net id="414"><net_src comp="408" pin="1"/><net_sink comp="326" pin=1"/></net>

<net id="418"><net_src comp="78" pin="1"/><net_sink comp="415" pin=0"/></net>

<net id="419"><net_src comp="415" pin="1"/><net_sink comp="217" pin=1"/></net>

<net id="420"><net_src comp="415" pin="1"/><net_sink comp="301" pin=0"/></net>

<net id="421"><net_src comp="415" pin="1"/><net_sink comp="321" pin=1"/></net>

<net id="425"><net_src comp="82" pin="1"/><net_sink comp="422" pin=0"/></net>

<net id="426"><net_src comp="422" pin="1"/><net_sink comp="212" pin=1"/></net>

<net id="427"><net_src comp="422" pin="1"/><net_sink comp="305" pin=0"/></net>

<net id="428"><net_src comp="422" pin="1"/><net_sink comp="316" pin=1"/></net>

<net id="432"><net_src comp="86" pin="1"/><net_sink comp="429" pin=0"/></net>

<net id="433"><net_src comp="429" pin="1"/><net_sink comp="207" pin=1"/></net>

<net id="434"><net_src comp="429" pin="1"/><net_sink comp="308" pin=0"/></net>

<net id="435"><net_src comp="429" pin="1"/><net_sink comp="312" pin=1"/></net>

<net id="439"><net_src comp="90" pin="1"/><net_sink comp="436" pin=0"/></net>

<net id="440"><net_src comp="436" pin="1"/><net_sink comp="202" pin=1"/></net>

<net id="441"><net_src comp="436" pin="1"/><net_sink comp="245" pin=0"/></net>

<net id="442"><net_src comp="436" pin="1"/><net_sink comp="273" pin=1"/></net>

<net id="446"><net_src comp="94" pin="1"/><net_sink comp="443" pin=0"/></net>

<net id="447"><net_src comp="443" pin="1"/><net_sink comp="197" pin=1"/></net>

<net id="448"><net_src comp="443" pin="1"/><net_sink comp="248" pin=0"/></net>

<net id="449"><net_src comp="443" pin="1"/><net_sink comp="268" pin=1"/></net>

<net id="453"><net_src comp="98" pin="1"/><net_sink comp="450" pin=0"/></net>

<net id="454"><net_src comp="450" pin="1"/><net_sink comp="192" pin=1"/></net>

<net id="455"><net_src comp="450" pin="1"/><net_sink comp="252" pin=0"/></net>

<net id="456"><net_src comp="450" pin="1"/><net_sink comp="293" pin=1"/></net>

<net id="460"><net_src comp="102" pin="2"/><net_sink comp="457" pin=0"/></net>

<net id="461"><net_src comp="457" pin="1"/><net_sink comp="179" pin=1"/></net>

<net id="465"><net_src comp="108" pin="2"/><net_sink comp="462" pin=0"/></net>

<net id="466"><net_src comp="462" pin="1"/><net_sink comp="175" pin=1"/></net>

<net id="470"><net_src comp="114" pin="2"/><net_sink comp="467" pin=0"/></net>

<net id="471"><net_src comp="467" pin="1"/><net_sink comp="179" pin=1"/></net>

<net id="475"><net_src comp="120" pin="2"/><net_sink comp="472" pin=0"/></net>

<net id="476"><net_src comp="472" pin="1"/><net_sink comp="175" pin=1"/></net>

<net id="480"><net_src comp="126" pin="2"/><net_sink comp="477" pin=0"/></net>

<net id="481"><net_src comp="477" pin="1"/><net_sink comp="179" pin=1"/></net>

<net id="485"><net_src comp="132" pin="2"/><net_sink comp="482" pin=0"/></net>

<net id="486"><net_src comp="482" pin="1"/><net_sink comp="175" pin=1"/></net>

<net id="490"><net_src comp="138" pin="2"/><net_sink comp="487" pin=0"/></net>

<net id="491"><net_src comp="487" pin="1"/><net_sink comp="179" pin=1"/></net>

<net id="495"><net_src comp="144" pin="2"/><net_sink comp="492" pin=0"/></net>

<net id="496"><net_src comp="492" pin="1"/><net_sink comp="175" pin=1"/></net>

<net id="500"><net_src comp="150" pin="2"/><net_sink comp="497" pin=0"/></net>

<net id="501"><net_src comp="497" pin="1"/><net_sink comp="179" pin=1"/></net>

<net id="505"><net_src comp="156" pin="2"/><net_sink comp="502" pin=0"/></net>

<net id="506"><net_src comp="502" pin="1"/><net_sink comp="175" pin=1"/></net>

<net id="510"><net_src comp="245" pin="1"/><net_sink comp="507" pin=0"/></net>

<net id="511"><net_src comp="507" pin="1"/><net_sink comp="312" pin=0"/></net>

<net id="512"><net_src comp="507" pin="1"/><net_sink comp="175" pin=0"/></net>

<net id="516"><net_src comp="256" pin="2"/><net_sink comp="513" pin=0"/></net>

<net id="520"><net_src comp="287" pin="2"/><net_sink comp="517" pin=0"/></net>

<net id="521"><net_src comp="517" pin="1"/><net_sink comp="376" pin=1"/></net>

<net id="525"><net_src comp="298" pin="1"/><net_sink comp="522" pin=0"/></net>

<net id="526"><net_src comp="522" pin="1"/><net_sink comp="179" pin=0"/></net>

<net id="527"><net_src comp="522" pin="1"/><net_sink comp="335" pin=0"/></net>

<net id="531"><net_src comp="305" pin="1"/><net_sink comp="528" pin=0"/></net>

<net id="532"><net_src comp="528" pin="1"/><net_sink comp="179" pin=0"/></net>

<net id="536"><net_src comp="175" pin="2"/><net_sink comp="533" pin=0"/></net>

<net id="537"><net_src comp="533" pin="1"/><net_sink comp="344" pin=0"/></net>

<net id="541"><net_src comp="179" pin="2"/><net_sink comp="538" pin=0"/></net>

<net id="542"><net_src comp="538" pin="1"/><net_sink comp="365" pin=0"/></net>

<net id="546"><net_src comp="175" pin="2"/><net_sink comp="543" pin=0"/></net>

<net id="547"><net_src comp="543" pin="1"/><net_sink comp="354" pin=1"/></net>

<net id="551"><net_src comp="179" pin="2"/><net_sink comp="548" pin=0"/></net>

<net id="552"><net_src comp="548" pin="1"/><net_sink comp="344" pin=1"/></net>

<net id="556"><net_src comp="359" pin="2"/><net_sink comp="553" pin=0"/></net>

<net id="557"><net_src comp="553" pin="1"/><net_sink comp="381" pin=0"/></net>

</net_list>

</model> 
---------------- Datapath Model END ------------------

* FSMD analyzer results:
  - Output states:
	Port: out_r | {7 }
 - Input state : 
	Port: fir_Pipeline_sample_loop : in_r | {3 }
	Port: fir_Pipeline_sample_loop : p_reload26 | {1 }
	Port: fir_Pipeline_sample_loop : p_reload25 | {1 }
	Port: fir_Pipeline_sample_loop : p_reload | {1 }
	Port: fir_Pipeline_sample_loop : p_reload27 | {1 }
	Port: fir_Pipeline_sample_loop : p_reload21 | {1 }
	Port: fir_Pipeline_sample_loop : p_reload23 | {1 }
	Port: fir_Pipeline_sample_loop : p_reload19 | {1 }
	Port: fir_Pipeline_sample_loop : p_reload20 | {1 }
	Port: fir_Pipeline_sample_loop : p_reload24 | {1 }
	Port: fir_Pipeline_sample_loop : p_reload22 | {1 }
  - Chain level:
	State 1
		store_ln0 : 1
		store_ln0 : 1
		store_ln0 : 1
		store_ln0 : 1
		store_ln0 : 1
		store_ln0 : 1
		store_ln0 : 1
		store_ln0 : 1
		store_ln18 : 1
		store_ln0 : 1
	State 2
		icmp_ln18 : 1
		add_ln18 : 1
		br_ln18 : 2
		mul_ln29 : 1
		mul_ln29_1 : 1
		store_ln29 : 1
		store_ln29 : 1
		store_ln18 : 2
	State 3
		mul_ln29_2 : 1
	State 4
		mul_ln29_4 : 1
		mul_ln29_5 : 1
		store_ln29 : 1
		store_ln29 : 1
		store_ln29 : 1
	State 5
		mul_ln29_6 : 1
		store_ln29 : 1
	State 6
		add_ln29_6 : 1
		add_ln29_7 : 2
	State 7
		add_ln29_2 : 1
		add_ln29_3 : 2
		y : 3
		write_ln33 : 4


============================================================
+ Verbose Summary: Datapath Resource usage 
============================================================

* Functional unit list:
|----------|-----------------------------|---------|---------|---------|
| Operation|       Functional Unit       |   DSP   |    FF   |   LUT   |
|----------|-----------------------------|---------|---------|---------|
|          |       add_ln18_fu_262       |    0    |    0    |    14   |
|          |       add_ln29_fu_287       |    0    |    0    |    39   |
|          |      add_ln29_4_fu_344      |    0    |    0    |    32   |
|          |      add_ln29_5_fu_348      |    0    |    0    |    32   |
|    add   |      add_ln29_6_fu_354      |    0    |    0    |    32   |
|          |      add_ln29_7_fu_359      |    0    |    0    |    32   |
|          |      add_ln29_1_fu_365      |    0    |    0    |    32   |
|          |      add_ln29_2_fu_370      |    0    |    0    |    32   |
|          |      add_ln29_3_fu_376      |    0    |    0    |    32   |
|          |           y_fu_381          |    0    |    0    |    32   |
|----------|-----------------------------|---------|---------|---------|
|    mul   |          grp_fu_175         |    3    |    0    |    20   |
|          |          grp_fu_179         |    3    |    0    |    20   |
|----------|-----------------------------|---------|---------|---------|
|   icmp   |       icmp_ln18_fu_256      |    0    |    0    |    14   |
|----------|-----------------------------|---------|---------|---------|
|          | p_reload22_read_read_fu_102 |    0    |    0    |    0    |
|          | p_reload24_read_read_fu_108 |    0    |    0    |    0    |
|          | p_reload20_read_read_fu_114 |    0    |    0    |    0    |
|          | p_reload19_read_read_fu_120 |    0    |    0    |    0    |
|          | p_reload23_read_read_fu_126 |    0    |    0    |    0    |
|   read   | p_reload21_read_read_fu_132 |    0    |    0    |    0    |
|          | p_reload27_read_read_fu_138 |    0    |    0    |    0    |
|          |  p_reload_read_read_fu_144  |    0    |    0    |    0    |
|          | p_reload25_read_read_fu_150 |    0    |    0    |    0    |
|          | p_reload26_read_read_fu_156 |    0    |    0    |    0    |
|          |    in_r_read_read_fu_162    |    0    |    0    |    0    |
|----------|-----------------------------|---------|---------|---------|
|   write  |   write_ln33_write_fu_168   |    0    |    0    |    0    |
|----------|-----------------------------|---------|---------|---------|
|   Total  |                             |    6    |    0    |   363   |
|----------|-----------------------------|---------|---------|---------|

Memories:
N/A

* Register list:
+-----------------------+--------+
|                       |   FF   |
+-----------------------+--------+
|   add_ln29_7_reg_553  |   32   |
|    add_ln29_reg_517   |   32   |
|    empty_11_reg_401   |   32   |
|    empty_12_reg_408   |   32   |
|    empty_13_reg_415   |   32   |
|    empty_14_reg_422   |   32   |
|    empty_15_reg_429   |   32   |
|    empty_16_reg_436   |   32   |
|    empty_17_reg_443   |   32   |
|    empty_18_reg_450   |   32   |
|     empty_reg_387     |   32   |
|   icmp_ln18_reg_513   |    1   |
|   mul_ln29_4_reg_533  |   32   |
|   mul_ln29_5_reg_538  |   32   |
|   mul_ln29_6_reg_543  |   32   |
|   mul_ln29_7_reg_548  |   32   |
|       n_reg_394       |    7   |
|    p_load12_reg_507   |   32   |
|    p_load14_reg_528   |   32   |
|    p_load16_reg_522   |   32   |
|p_reload19_read_reg_472|   32   |
|p_reload20_read_reg_467|   32   |
|p_reload21_read_reg_482|   32   |
|p_reload22_read_reg_457|   32   |
|p_reload23_read_reg_477|   32   |
|p_reload24_read_reg_462|   32   |
|p_reload25_read_reg_497|   32   |
|p_reload26_read_reg_502|   32   |
|p_reload27_read_reg_487|   32   |
| p_reload_read_reg_492 |   32   |
|        reg_184        |   32   |
|        reg_188        |   32   |
+-----------------------+--------+
|         Total         |   968  |
+-----------------------+--------+

* Multiplexer (MUX) list: 
|------------|------|------|------|--------||---------||---------||---------|
|    Comp    |  Pin | Size |  BW  | S x BW ||  Delay  ||    FF   ||   LUT   |
|------------|------|------|------|--------||---------||---------||---------|
| grp_fu_175 |  p0  |   5  |  32  |   160  ||    0    ||    26   |
| grp_fu_175 |  p1  |   5  |  32  |   160  ||    0    ||    26   |
| grp_fu_179 |  p0  |   5  |  32  |   160  ||    0    ||    26   |
| grp_fu_179 |  p1  |   5  |  32  |   160  ||    0    ||    26   |
|------------|------|------|------|--------||---------||---------||---------|
|    Total   |      |      |      |   640  ||  2.296  ||    0    ||   104   |
|------------|------|------|------|--------||---------||---------||---------|



* Summary:
+-----------+--------+--------+--------+--------+
|           |   DSP  |  Delay |   FF   |   LUT  |
+-----------+--------+--------+--------+--------+
|  Function |    6   |    -   |    0   |   363  |
|   Memory  |    -   |    -   |    -   |    -   |
|Multiplexer|    -   |    2   |    0   |   104  |
|  Register |    -   |    -   |   968  |    -   |
+-----------+--------+--------+--------+--------+
|   Total   |    6   |    2   |   968  |   467  |
+-----------+--------+--------+--------+--------+
