

================================================================
== Vitis HLS Report for 'fir_Pipeline_sample_loop'
================================================================
* Date:           Tue Feb  4 17:14:02 2025

* Version:        2024.2 (Build 5238294 on Nov  8 2024)
* Project:        fir2
* Solution:       hls (Vitis Kernel Flow Target)
* Product family: zynquplusRFSOC
* Target device:  xczu48dr-ffvg1517-2-e


================================================================
== Performance Estimates
================================================================
+ Timing: 
    * Summary: 
    +--------+---------+----------+------------+
    |  Clock |  Target | Estimated| Uncertainty|
    +--------+---------+----------+------------+
    |ap_clk  |  5.00 ns|  3.499 ns|     1.35 ns|
    +--------+---------+----------+------------+

+ Latency: 
    * Summary: 
    +---------+---------+----------+----------+-----+-----+------------------------------------------------+
    |  Latency (cycles) |  Latency (absolute) |  Interval |                    Pipeline                    |
    |   min   |   max   |    min   |    max   | min | max |                      Type                      |
    +---------+---------+----------+----------+-----+-----+------------------------------------------------+
    |      506|      506|  2.530 us|  2.530 us|  505|  505|  loop auto-rewind stp (delay=0 clock cycles(s))|
    +---------+---------+----------+----------+-----+-----+------------------------------------------------+

    + Detail: 
        * Instance: 
        N/A

        * Loop: 
        +---------------+---------+---------+----------+-----------+-----------+------+----------+
        |               |  Latency (cycles) | Iteration|  Initiation Interval  | Trip |          |
        |   Loop Name   |   min   |   max   |  Latency |  achieved |   target  | Count| Pipelined|
        +---------------+---------+---------+----------+-----------+-----------+------+----------+
        |- sample_loop  |      504|      504|         7|          5|          5|   100|       yes|
        +---------------+---------+---------+----------+-----------+-----------+------+----------+

============================================================
+ Verbose Summary: Synthesis Manager
============================================================
InlineROM: 1
ExposeGlobal: 0
============================================================
+ Verbose Summary: CDFG Model
============================================================
IsTopModel: 0
ResetActiveHigh: 1
IsCombinational: 0
IsDatapathOnly: 0
HasWiredReturn: 1
HasMFsm: 2
HasVarLatency: 1
IsPipeline: 0
IsRtlPipelined: 0
IsInstanceOverlapped: 0
IsDontTouch: 0
HasImplIP: 0
IsGatedGlobalClock: 0

+ Individual pipeline summary: 
  * Pipeline-0: initiation interval (II) = 5, depth = 7


============================================================
+ Verbose Summary: Schedule
============================================================
* Number of FSM states : 7
* Pipeline : 1
  Pipeline-0 : II = 5, D = 7, States = { 1 2 3 4 5 6 7 }
* Dataflow Pipeline: 0

* FSM state transitions: 
1 --> 2 
2 --> 3 
3 --> 4 
4 --> 5 
5 --> 6 
6 --> 7 
7 --> 

* FSM state operations: 

State 1 <SV = 0> <Delay = 0.42>
ST_1 : Operation 10 [1/1] (0.00ns)   --->   "%empty = alloca i32 1"   --->   Operation 10 'alloca' 'empty' <Predicate = true> <Delay = 0.00>
ST_1 : Operation 11 [1/1] (0.00ns)   --->   "%n = alloca i32 1" [fir.cpp:18]   --->   Operation 11 'alloca' 'n' <Predicate = true> <Delay = 0.00>
ST_1 : Operation 12 [1/1] (0.00ns)   --->   "%empty_11 = alloca i32 1"   --->   Operation 12 'alloca' 'empty_11' <Predicate = true> <Delay = 0.00>
ST_1 : Operation 13 [1/1] (0.00ns)   --->   "%empty_12 = alloca i32 1"   --->   Operation 13 'alloca' 'empty_12' <Predicate = true> <Delay = 0.00>
ST_1 : Operation 14 [1/1] (0.00ns)   --->   "%empty_13 = alloca i32 1"   --->   Operation 14 'alloca' 'empty_13' <Predicate = true> <Delay = 0.00>
ST_1 : Operation 15 [1/1] (0.00ns)   --->   "%empty_14 = alloca i32 1"   --->   Operation 15 'alloca' 'empty_14' <Predicate = true> <Delay = 0.00>
ST_1 : Operation 16 [1/1] (0.00ns)   --->   "%empty_15 = alloca i32 1"   --->   Operation 16 'alloca' 'empty_15' <Predicate = true> <Delay = 0.00>
ST_1 : Operation 17 [1/1] (0.00ns)   --->   "%empty_16 = alloca i32 1"   --->   Operation 17 'alloca' 'empty_16' <Predicate = true> <Delay = 0.00>
ST_1 : Operation 18 [1/1] (0.00ns)   --->   "%empty_17 = alloca i32 1"   --->   Operation 18 'alloca' 'empty_17' <Predicate = true> <Delay = 0.00>
ST_1 : Operation 19 [1/1] (0.00ns)   --->   "%empty_18 = alloca i32 1"   --->   Operation 19 'alloca' 'empty_18' <Predicate = true> <Delay = 0.00>
ST_1 : Operation 20 [1/1] (0.00ns)   --->   "%specinterface_ln0 = specinterface void @_ssdm_op_SpecInterface, i32 %out_r, void @empty_0, i32 0, i32 0, void @empty_1, i32 0, i32 0, void @empty, void @empty, void @empty, i32 0, i32 0, i32 0, i32 0, void @empty, void @empty, i32 4294967295, i32 0, i32 0"   --->   Operation 20 'specinterface' 'specinterface_ln0' <Predicate = true> <Delay = 0.00>
ST_1 : Operation 21 [1/1] (0.00ns)   --->   "%specinterface_ln0 = specinterface void @_ssdm_op_SpecInterface, i32 %in_r, void @empty_0, i32 0, i32 0, void @empty_1, i32 0, i32 0, void @empty, void @empty, void @empty, i32 0, i32 0, i32 0, i32 0, void @empty, void @empty, i32 4294967295, i32 0, i32 0"   --->   Operation 21 'specinterface' 'specinterface_ln0' <Predicate = true> <Delay = 0.00>
ST_1 : Operation 22 [1/1] (0.00ns)   --->   "%p_reload22_read = read i32 @_ssdm_op_Read.ap_auto.i32, i32 %p_reload22"   --->   Operation 22 'read' 'p_reload22_read' <Predicate = true> <Delay = 0.00>
ST_1 : Operation 23 [1/1] (0.00ns)   --->   "%p_reload24_read = read i32 @_ssdm_op_Read.ap_auto.i32, i32 %p_reload24"   --->   Operation 23 'read' 'p_reload24_read' <Predicate = true> <Delay = 0.00>
ST_1 : Operation 24 [1/1] (0.00ns)   --->   "%p_reload20_read = read i32 @_ssdm_op_Read.ap_auto.i32, i32 %p_reload20"   --->   Operation 24 'read' 'p_reload20_read' <Predicate = true> <Delay = 0.00>
ST_1 : Operation 25 [1/1] (0.00ns)   --->   "%p_reload19_read = read i32 @_ssdm_op_Read.ap_auto.i32, i32 %p_reload19"   --->   Operation 25 'read' 'p_reload19_read' <Predicate = true> <Delay = 0.00>
ST_1 : Operation 26 [1/1] (0.00ns)   --->   "%p_reload23_read = read i32 @_ssdm_op_Read.ap_auto.i32, i32 %p_reload23"   --->   Operation 26 'read' 'p_reload23_read' <Predicate = true> <Delay = 0.00>
ST_1 : Operation 27 [1/1] (0.00ns)   --->   "%p_reload21_read = read i32 @_ssdm_op_Read.ap_auto.i32, i32 %p_reload21"   --->   Operation 27 'read' 'p_reload21_read' <Predicate = true> <Delay = 0.00>
ST_1 : Operation 28 [1/1] (0.00ns)   --->   "%p_reload27_read = read i32 @_ssdm_op_Read.ap_auto.i32, i32 %p_reload27"   --->   Operation 28 'read' 'p_reload27_read' <Predicate = true> <Delay = 0.00>
ST_1 : Operation 29 [1/1] (0.00ns)   --->   "%p_reload_read = read i32 @_ssdm_op_Read.ap_auto.i32, i32 %p_reload"   --->   Operation 29 'read' 'p_reload_read' <Predicate = true> <Delay = 0.00>
ST_1 : Operation 30 [1/1] (0.00ns)   --->   "%p_reload25_read = read i32 @_ssdm_op_Read.ap_auto.i32, i32 %p_reload25"   --->   Operation 30 'read' 'p_reload25_read' <Predicate = true> <Delay = 0.00>
ST_1 : Operation 31 [1/1] (0.00ns)   --->   "%p_reload26_read = read i32 @_ssdm_op_Read.ap_auto.i32, i32 %p_reload26"   --->   Operation 31 'read' 'p_reload26_read' <Predicate = true> <Delay = 0.00>
ST_1 : Operation 32 [1/1] (0.42ns)   --->   "%store_ln0 = store i32 0, i32 %empty_18"   --->   Operation 32 'store' 'store_ln0' <Predicate = true> <Delay = 0.42>
ST_1 : Operation 33 [1/1] (0.42ns)   --->   "%store_ln0 = store i32 0, i32 %empty_17"   --->   Operation 33 'store' 'store_ln0' <Predicate = true> <Delay = 0.42>
ST_1 : Operation 34 [1/1] (0.42ns)   --->   "%store_ln0 = store i32 0, i32 %empty_16"   --->   Operation 34 'store' 'store_ln0' <Predicate = true> <Delay = 0.42>
ST_1 : Operation 35 [1/1] (0.42ns)   --->   "%store_ln0 = store i32 0, i32 %empty_15"   --->   Operation 35 'store' 'store_ln0' <Predicate = true> <Delay = 0.42>
ST_1 : Operation 36 [1/1] (0.42ns)   --->   "%store_ln0 = store i32 0, i32 %empty_14"   --->   Operation 36 'store' 'store_ln0' <Predicate = true> <Delay = 0.42>
ST_1 : Operation 37 [1/1] (0.42ns)   --->   "%store_ln0 = store i32 0, i32 %empty_13"   --->   Operation 37 'store' 'store_ln0' <Predicate = true> <Delay = 0.42>
ST_1 : Operation 38 [1/1] (0.42ns)   --->   "%store_ln0 = store i32 0, i32 %empty_12"   --->   Operation 38 'store' 'store_ln0' <Predicate = true> <Delay = 0.42>
ST_1 : Operation 39 [1/1] (0.42ns)   --->   "%store_ln0 = store i32 0, i32 %empty_11"   --->   Operation 39 'store' 'store_ln0' <Predicate = true> <Delay = 0.42>
ST_1 : Operation 40 [1/1] (0.42ns)   --->   "%store_ln18 = store i7 0, i7 %n" [fir.cpp:18]   --->   Operation 40 'store' 'store_ln18' <Predicate = true> <Delay = 0.42>
ST_1 : Operation 41 [1/1] (0.42ns)   --->   "%store_ln0 = store i32 0, i32 %empty"   --->   Operation 41 'store' 'store_ln0' <Predicate = true> <Delay = 0.42>
ST_1 : Operation 42 [1/1] (0.00ns)   --->   "%br_ln18 = br void %shift_loop" [fir.cpp:18]   --->   Operation 42 'br' 'br_ln18' <Predicate = true> <Delay = 0.00>

State 2 <SV = 1> <Delay = 3.42>
ST_2 : Operation 43 [1/1] (0.00ns)   --->   "%n_1 = load i7 %n" [fir.cpp:18]   --->   Operation 43 'load' 'n_1' <Predicate = true> <Delay = 0.00>
ST_2 : Operation 44 [1/1] (0.00ns)   --->   "%p_load12 = load i32 %empty_16" [fir.cpp:29]   --->   Operation 44 'load' 'p_load12' <Predicate = true> <Delay = 0.00>
ST_2 : Operation 45 [1/1] (0.00ns)   --->   "%p_load11 = load i32 %empty_17" [fir.cpp:29]   --->   Operation 45 'load' 'p_load11' <Predicate = true> <Delay = 0.00>
ST_2 : Operation 46 [1/1] (0.00ns)   --->   "%p_load = load i32 %empty_18" [fir.cpp:29]   --->   Operation 46 'load' 'p_load' <Predicate = true> <Delay = 0.00>
ST_2 : Operation 47 [1/1] (0.77ns)   --->   "%icmp_ln18 = icmp_eq  i7 %n_1, i7 100" [fir.cpp:18]   --->   Operation 47 'icmp' 'icmp_ln18' <Predicate = true> <Delay = 0.77> <CoreInst = "Cmp">   --->   Core 9 'Cmp' <Latency = 0> <II = 1> <Delay = 0.77> <FuncUnit> <Opcode : 'seteq' 'setne' 'setle' 'setge' 'setlt' 'setgt'> <InPorts = 2> <OutPorts = 1>
ST_2 : Operation 48 [1/1] (0.77ns)   --->   "%add_ln18 = add i7 %n_1, i7 1" [fir.cpp:18]   --->   Operation 48 'add' 'add_ln18' <Predicate = true> <Delay = 0.77> <CoreInst = "Adder">   --->   Core 1 'Adder' <Latency = 0> <II = 1> <Delay = 0.77> <FuncUnit> <Opcode : 'add' 'sub'> <InPorts = 2> <OutPorts = 1>
ST_2 : Operation 49 [1/1] (0.00ns)   --->   "%br_ln18 = br i1 %icmp_ln18, void %shift_loop.split, void %for.end37.exitStub" [fir.cpp:18]   --->   Operation 49 'br' 'br_ln18' <Predicate = true> <Delay = 0.00>
ST_2 : Operation 50 [1/1] (3.42ns)   --->   "%mul_ln29 = mul i32 %p_load, i32 %p_reload26_read" [fir.cpp:29]   --->   Operation 50 'mul' 'mul_ln29' <Predicate = (!icmp_ln18)> <Delay = 3.42> <CoreInst = "Multiplier">   --->   Core 3 'Multiplier' <Latency = 0> <II = 1> <Delay = 3.42> <FuncUnit> <Opcode : 'mul'> <InPorts = 2> <OutPorts = 1>
ST_2 : Operation 51 [1/1] (3.42ns)   --->   "%mul_ln29_1 = mul i32 %p_load11, i32 %p_reload25_read" [fir.cpp:29]   --->   Operation 51 'mul' 'mul_ln29_1' <Predicate = (!icmp_ln18)> <Delay = 3.42> <CoreInst = "Multiplier">   --->   Core 3 'Multiplier' <Latency = 0> <II = 1> <Delay = 3.42> <FuncUnit> <Opcode : 'mul'> <InPorts = 2> <OutPorts = 1>
ST_2 : Operation 52 [1/1] (0.42ns)   --->   "%store_ln29 = store i32 %p_load, i32 %empty_17" [fir.cpp:29]   --->   Operation 52 'store' 'store_ln29' <Predicate = (!icmp_ln18)> <Delay = 0.42>
ST_2 : Operation 53 [1/1] (0.42ns)   --->   "%store_ln29 = store i32 %p_load11, i32 %empty_16" [fir.cpp:29]   --->   Operation 53 'store' 'store_ln29' <Predicate = (!icmp_ln18)> <Delay = 0.42>
ST_2 : Operation 54 [1/1] (0.42ns)   --->   "%store_ln18 = store i7 %add_ln18, i7 %n" [fir.cpp:18]   --->   Operation 54 'store' 'store_ln18' <Predicate = (!icmp_ln18)> <Delay = 0.42>

State 3 <SV = 2> <Delay = 3.49>
ST_3 : Operation 55 [1/1] (0.00ns)   --->   "%p_load18 = load i32 %empty" [fir.cpp:29]   --->   Operation 55 'load' 'p_load18' <Predicate = (!icmp_ln18)> <Delay = 0.00>
ST_3 : Operation 56 [1/1] (0.07ns)   --->   "%in_r_read = read i32 @_ssdm_op_Read.axis.volatile.i32P128A, i32 %in_r" [fir.cpp:25]   --->   Operation 56 'read' 'in_r_read' <Predicate = (!icmp_ln18)> <Delay = 0.07> <CoreInst = "regslice">   --->   Core 147 'regslice' <Latency = 0> <II = 1> <Delay = 0.65> <Adapter> <Opcode : 'read' 'write'>
ST_3 : Operation 57 [1/1] (3.42ns)   --->   "%mul_ln29_2 = mul i32 %p_load18, i32 %p_reload_read" [fir.cpp:29]   --->   Operation 57 'mul' 'mul_ln29_2' <Predicate = (!icmp_ln18)> <Delay = 3.42> <CoreInst = "Multiplier">   --->   Core 3 'Multiplier' <Latency = 0> <II = 1> <Delay = 3.42> <FuncUnit> <Opcode : 'mul'> <InPorts = 2> <OutPorts = 1>
ST_3 : Operation 58 [1/1] (3.42ns)   --->   "%mul_ln29_3 = mul i32 %in_r_read, i32 %p_reload27_read" [fir.cpp:29]   --->   Operation 58 'mul' 'mul_ln29_3' <Predicate = (!icmp_ln18)> <Delay = 3.42> <CoreInst = "Multiplier">   --->   Core 3 'Multiplier' <Latency = 0> <II = 1> <Delay = 3.42> <FuncUnit> <Opcode : 'mul'> <InPorts = 2> <OutPorts = 1>
ST_3 : Operation 59 [1/1] (1.01ns)   --->   "%add_ln29 = add i32 %mul_ln29_1, i32 %mul_ln29" [fir.cpp:29]   --->   Operation 59 'add' 'add_ln29' <Predicate = (!icmp_ln18)> <Delay = 1.01> <CoreInst = "Adder">   --->   Core 1 'Adder' <Latency = 0> <II = 1> <Delay = 1.01> <FuncUnit> <Opcode : 'add' 'sub'> <InPorts = 2> <OutPorts = 1>
ST_3 : Operation 60 [1/1] (0.42ns)   --->   "%store_ln25 = store i32 %in_r_read, i32 %empty_18" [fir.cpp:25]   --->   Operation 60 'store' 'store_ln25' <Predicate = (!icmp_ln18)> <Delay = 0.42>

State 4 <SV = 3> <Delay = 3.42>
ST_4 : Operation 61 [1/1] (0.00ns)   --->   "%p_load16 = load i32 %empty_12" [fir.cpp:29]   --->   Operation 61 'load' 'p_load16' <Predicate = true> <Delay = 0.00>
ST_4 : Operation 62 [1/1] (0.00ns)   --->   "%p_load15 = load i32 %empty_13" [fir.cpp:29]   --->   Operation 62 'load' 'p_load15' <Predicate = true> <Delay = 0.00>
ST_4 : Operation 63 [1/1] (0.00ns)   --->   "%p_load14 = load i32 %empty_14" [fir.cpp:29]   --->   Operation 63 'load' 'p_load14' <Predicate = true> <Delay = 0.00>
ST_4 : Operation 64 [1/1] (0.00ns)   --->   "%p_load13 = load i32 %empty_15" [fir.cpp:29]   --->   Operation 64 'load' 'p_load13' <Predicate = true> <Delay = 0.00>
ST_4 : Operation 65 [1/1] (3.42ns)   --->   "%mul_ln29_4 = mul i32 %p_load15, i32 %p_reload21_read" [fir.cpp:29]   --->   Operation 65 'mul' 'mul_ln29_4' <Predicate = (!icmp_ln18)> <Delay = 3.42> <CoreInst = "Multiplier">   --->   Core 3 'Multiplier' <Latency = 0> <II = 1> <Delay = 3.42> <FuncUnit> <Opcode : 'mul'> <InPorts = 2> <OutPorts = 1>
ST_4 : Operation 66 [1/1] (3.42ns)   --->   "%mul_ln29_5 = mul i32 %p_load13, i32 %p_reload23_read" [fir.cpp:29]   --->   Operation 66 'mul' 'mul_ln29_5' <Predicate = (!icmp_ln18)> <Delay = 3.42> <CoreInst = "Multiplier">   --->   Core 3 'Multiplier' <Latency = 0> <II = 1> <Delay = 3.42> <FuncUnit> <Opcode : 'mul'> <InPorts = 2> <OutPorts = 1>
ST_4 : Operation 67 [1/1] (0.42ns)   --->   "%store_ln29 = store i32 %p_load12, i32 %empty_15" [fir.cpp:29]   --->   Operation 67 'store' 'store_ln29' <Predicate = (!icmp_ln18)> <Delay = 0.42>
ST_4 : Operation 68 [1/1] (0.42ns)   --->   "%store_ln29 = store i32 %p_load13, i32 %empty_14" [fir.cpp:29]   --->   Operation 68 'store' 'store_ln29' <Predicate = (!icmp_ln18)> <Delay = 0.42>
ST_4 : Operation 69 [1/1] (0.42ns)   --->   "%store_ln29 = store i32 %p_load14, i32 %empty_13" [fir.cpp:29]   --->   Operation 69 'store' 'store_ln29' <Predicate = (!icmp_ln18)> <Delay = 0.42>
ST_4 : Operation 70 [1/1] (0.42ns)   --->   "%store_ln29 = store i32 %p_load15, i32 %empty_12" [fir.cpp:29]   --->   Operation 70 'store' 'store_ln29' <Predicate = (!icmp_ln18)> <Delay = 0.42>

State 5 <SV = 4> <Delay = 3.42>
ST_5 : Operation 71 [1/1] (0.00ns)   --->   "%p_load17 = load i32 %empty_11" [fir.cpp:29]   --->   Operation 71 'load' 'p_load17' <Predicate = true> <Delay = 0.00>
ST_5 : Operation 72 [1/1] (3.42ns)   --->   "%mul_ln29_6 = mul i32 %p_load17, i32 %p_reload19_read" [fir.cpp:29]   --->   Operation 72 'mul' 'mul_ln29_6' <Predicate = (!icmp_ln18)> <Delay = 3.42> <CoreInst = "Multiplier">   --->   Core 3 'Multiplier' <Latency = 0> <II = 1> <Delay = 3.42> <FuncUnit> <Opcode : 'mul'> <InPorts = 2> <OutPorts = 1>
ST_5 : Operation 73 [1/1] (3.42ns)   --->   "%mul_ln29_7 = mul i32 %p_load16, i32 %p_reload20_read" [fir.cpp:29]   --->   Operation 73 'mul' 'mul_ln29_7' <Predicate = (!icmp_ln18)> <Delay = 3.42> <CoreInst = "Multiplier">   --->   Core 3 'Multiplier' <Latency = 0> <II = 1> <Delay = 3.42> <FuncUnit> <Opcode : 'mul'> <InPorts = 2> <OutPorts = 1>
ST_5 : Operation 74 [1/1] (0.42ns)   --->   "%store_ln29 = store i32 %p_load16, i32 %empty_11" [fir.cpp:29]   --->   Operation 74 'store' 'store_ln29' <Predicate = (!icmp_ln18)> <Delay = 0.42>
ST_5 : Operation 75 [1/1] (0.42ns)   --->   "%store_ln29 = store i32 %p_load17, i32 %empty" [fir.cpp:29]   --->   Operation 75 'store' 'store_ln29' <Predicate = (!icmp_ln18)> <Delay = 0.42>
ST_5 : Operation 91 [1/1] (0.42ns)   --->   "%ret_ln0 = ret"   --->   Operation 91 'ret' 'ret_ln0' <Predicate = (icmp_ln18)> <Delay = 0.42>

State 6 <SV = 5> <Delay = 3.42>
ST_6 : Operation 76 [1/1] (3.42ns)   --->   "%mul_ln29_8 = mul i32 %p_load12, i32 %p_reload24_read" [fir.cpp:29]   --->   Operation 76 'mul' 'mul_ln29_8' <Predicate = true> <Delay = 3.42> <CoreInst = "Multiplier">   --->   Core 3 'Multiplier' <Latency = 0> <II = 1> <Delay = 3.42> <FuncUnit> <Opcode : 'mul'> <InPorts = 2> <OutPorts = 1>
ST_6 : Operation 77 [1/1] (3.42ns)   --->   "%mul_ln29_9 = mul i32 %p_load14, i32 %p_reload22_read" [fir.cpp:29]   --->   Operation 77 'mul' 'mul_ln29_9' <Predicate = true> <Delay = 3.42> <CoreInst = "Multiplier">   --->   Core 3 'Multiplier' <Latency = 0> <II = 1> <Delay = 3.42> <FuncUnit> <Opcode : 'mul'> <InPorts = 2> <OutPorts = 1>
ST_6 : Operation 78 [1/1] (0.00ns) (grouped into TernaryAdder)   --->   "%add_ln29_4 = add i32 %mul_ln29_4, i32 %mul_ln29_7" [fir.cpp:29]   --->   Operation 78 'add' 'add_ln29_4' <Predicate = true> <Delay = 0.00> <CoreInst = "TAddSub">   --->   Core 10 'TAddSub' <Latency = 0> <II = 1> <Delay = 0.36> <IPBlock> <Opcode : '' 'add' 'sub'> <InPorts = 3> <OutPorts = 1> <Sync> <CReg>
ST_6 : Operation 79 [1/1] (0.00ns) (grouped into TernaryAdder)   --->   "%add_ln29_5 = add i32 %mul_ln29_2, i32 %mul_ln29_3" [fir.cpp:29]   --->   Operation 79 'add' 'add_ln29_5' <Predicate = true> <Delay = 0.00> <CoreInst = "TAddSub">   --->   Core 10 'TAddSub' <Latency = 0> <II = 1> <Delay = 0.36> <IPBlock> <Opcode : '' 'add' 'sub'> <InPorts = 3> <OutPorts = 1> <Sync> <CReg>
ST_6 : Operation 80 [1/1] (0.73ns) (root node of TernaryAdder)   --->   "%add_ln29_6 = add i32 %add_ln29_5, i32 %mul_ln29_6" [fir.cpp:29]   --->   Operation 80 'add' 'add_ln29_6' <Predicate = true> <Delay = 0.73> <CoreInst = "TAddSub">   --->   Core 10 'TAddSub' <Latency = 0> <II = 1> <Delay = 0.36> <IPBlock> <Opcode : '' 'add' 'sub'> <InPorts = 3> <OutPorts = 1> <Sync> <CReg>
ST_6 : Operation 81 [1/1] (0.73ns) (root node of TernaryAdder)   --->   "%add_ln29_7 = add i32 %add_ln29_6, i32 %add_ln29_4" [fir.cpp:29]   --->   Operation 81 'add' 'add_ln29_7' <Predicate = true> <Delay = 0.73> <CoreInst = "TAddSub">   --->   Core 10 'TAddSub' <Latency = 0> <II = 1> <Delay = 0.36> <IPBlock> <Opcode : '' 'add' 'sub'> <InPorts = 3> <OutPorts = 1> <Sync> <CReg>

State 7 <SV = 6> <Delay = 1.95>
ST_7 : Operation 82 [1/1] (0.00ns)   --->   "%specpipeline_ln20 = specpipeline void @_ssdm_op_SpecPipeline, i32 5, i32 0, i32 0, i32 0, void @empty" [fir.cpp:20]   --->   Operation 82 'specpipeline' 'specpipeline_ln20' <Predicate = true> <Delay = 0.00>
ST_7 : Operation 83 [1/1] (0.00ns)   --->   "%speclooptripcount_ln18 = speclooptripcount void @_ssdm_op_SpecLoopTripCount, i64 100, i64 100, i64 100" [fir.cpp:18]   --->   Operation 83 'speclooptripcount' 'speclooptripcount_ln18' <Predicate = true> <Delay = 0.00>
ST_7 : Operation 84 [1/1] (0.00ns)   --->   "%specloopname_ln18 = specloopname void @_ssdm_op_SpecLoopName, void @empty_6" [fir.cpp:18]   --->   Operation 84 'specloopname' 'specloopname_ln18' <Predicate = true> <Delay = 0.00>
ST_7 : Operation 85 [1/1] (0.00ns) (grouped into TernaryAdder)   --->   "%add_ln29_1 = add i32 %mul_ln29_5, i32 %mul_ln29_9" [fir.cpp:29]   --->   Operation 85 'add' 'add_ln29_1' <Predicate = true> <Delay = 0.00> <CoreInst = "TAddSub">   --->   Core 10 'TAddSub' <Latency = 0> <II = 1> <Delay = 0.36> <IPBlock> <Opcode : '' 'add' 'sub'> <InPorts = 3> <OutPorts = 1> <Sync> <CReg>
ST_7 : Operation 86 [1/1] (0.73ns) (root node of TernaryAdder)   --->   "%add_ln29_2 = add i32 %add_ln29_1, i32 %mul_ln29_8" [fir.cpp:29]   --->   Operation 86 'add' 'add_ln29_2' <Predicate = true> <Delay = 0.73> <CoreInst = "TAddSub">   --->   Core 10 'TAddSub' <Latency = 0> <II = 1> <Delay = 0.36> <IPBlock> <Opcode : '' 'add' 'sub'> <InPorts = 3> <OutPorts = 1> <Sync> <CReg>
ST_7 : Operation 87 [1/1] (0.00ns) (grouped into TernaryAdder)   --->   "%add_ln29_3 = add i32 %add_ln29_2, i32 %add_ln29" [fir.cpp:29]   --->   Operation 87 'add' 'add_ln29_3' <Predicate = true> <Delay = 0.00> <CoreInst = "TAddSub">   --->   Core 10 'TAddSub' <Latency = 0> <II = 1> <Delay = 0.36> <IPBlock> <Opcode : '' 'add' 'sub'> <InPorts = 3> <OutPorts = 1> <Sync> <CReg>
ST_7 : Operation 88 [1/1] (0.73ns) (root node of TernaryAdder)   --->   "%y = add i32 %add_ln29_7, i32 %add_ln29_3" [fir.cpp:29]   --->   Operation 88 'add' 'y' <Predicate = true> <Delay = 0.73> <CoreInst = "TAddSub">   --->   Core 10 'TAddSub' <Latency = 0> <II = 1> <Delay = 0.36> <IPBlock> <Opcode : '' 'add' 'sub'> <InPorts = 3> <OutPorts = 1> <Sync> <CReg>
ST_7 : Operation 89 [1/1] (0.49ns)   --->   "%write_ln33 = write void @_ssdm_op_Write.axis.volatile.i32P128A, i32 %out_r, i32 %y" [fir.cpp:33]   --->   Operation 89 'write' 'write_ln33' <Predicate = true> <Delay = 0.49> <CoreInst = "regslice">   --->   Core 147 'regslice' <Latency = 0> <II = 1> <Delay = 0.65> <Adapter> <Opcode : 'read' 'write'>
ST_7 : Operation 90 [1/1] (0.00ns)   --->   "%br_ln18 = br void %shift_loop" [fir.cpp:18]   --->   Operation 90 'br' 'br_ln18' <Predicate = true> <Delay = 0.00>


============================================================
+ Verbose Summary: Timing violations
============================================================
Target clock period: 5.000ns, clock uncertainty: 1.350ns.

 <State 1>: 0.427ns
The critical path consists of the following:
	'store' operation 0 bit ('store_ln0') of constant 0 on local variable 'empty_18' [35]  (0.427 ns)

 <State 2>: 3.420ns
The critical path consists of the following:
	'load' operation 32 bit ('p_load', fir.cpp:29) on local variable 'empty_18' [55]  (0.000 ns)
	'mul' operation 32 bit ('mul_ln29', fir.cpp:29) [65]  (3.420 ns)

 <State 3>: 3.499ns
The critical path consists of the following:
	axis read operation ('in_r_read', fir.cpp:25) on port 'in_r' (fir.cpp:25) [64]  (0.079 ns)
	'mul' operation 32 bit ('mul_ln29_3', fir.cpp:29) [68]  (3.420 ns)

 <State 4>: 3.420ns
The critical path consists of the following:
	'load' operation 32 bit ('p_load15', fir.cpp:29) on local variable 'empty_13' [50]  (0.000 ns)
	'mul' operation 32 bit ('mul_ln29_4', fir.cpp:29) [69]  (3.420 ns)

 <State 5>: 3.420ns
The critical path consists of the following:
	'load' operation 32 bit ('p_load17', fir.cpp:29) on local variable 'empty_11' [48]  (0.000 ns)
	'mul' operation 32 bit ('mul_ln29_6', fir.cpp:29) [71]  (3.420 ns)

 <State 6>: 3.420ns
The critical path consists of the following:
	'mul' operation 32 bit ('mul_ln29_8', fir.cpp:29) [73]  (3.420 ns)

 <State 7>: 1.959ns
The critical path consists of the following:
	'add' operation 32 bit ('add_ln29_1', fir.cpp:29) [76]  (0.000 ns)
	'add' operation 32 bit ('add_ln29_2', fir.cpp:29) [77]  (0.731 ns)
	'add' operation 32 bit ('add_ln29_3', fir.cpp:29) [78]  (0.000 ns)
	'add' operation 32 bit ('y', fir.cpp:29) [83]  (0.731 ns)
	axis write operation ('write_ln33', fir.cpp:33) on port 'out_r' (fir.cpp:33) [84]  (0.497 ns)


============================================================
+ Verbose Summary: Binding
============================================================
N/A
* FSMD analyzer results:
  - Output states:
 - Input state : 
  - Chain level:
	State 1
	State 2
	State 3
	State 4
	State 5
	State 6
	State 7


============================================================
+ Verbose Summary: Datapath Resource usage 
============================================================
N/A
