================================================================
== Design Size Report
================================================================

* Total Instructions per Compilation Phase
+---------------+-----------------------------+--------------+----------------------------------------------------------------------------------------+
| Phase         | Step                        | Instructions | Description                                                                            |
+---------------+-----------------------------+--------------+----------------------------------------------------------------------------------------+
| Compile/Link  |                             |  82          | After all functions are compiled and linked into a single design                       |
|               |                             |              |                                                                                        |
| Unroll/Inline |                             |              | After user unroll and inline pragmas are applied                                       |
|               | (1) unroll                  |  70          | user unroll pragmas are applied                                                        |
|               | (2) simplification          |  59          | simplification of applied user unroll pragmas                                          |
|               | (3) inline                  |  56          | user inline pragmas are applied                                                        |
|               | (4) simplification          |  56          | simplification of applied user inline pragmas                                          |
|               |                             |              |                                                                                        |
| Array/Struct  |                             |              | After user array partition and struct aggregate/disaggregate pragmas are applied       |
|               | (1) array partition         |  59          | user array partition pragmas are applied                                               |
|               | (2) simplification          |  59          | simplification of applied user array partition & struct aggregate/disaggregate pragmas |
|               | (3) aggregate/disaggregate  |  61          | user struct aggregate/disaggregate pragmas are applied                                 |
|               | (4) array reshape           |  61          | apply array reshape pragmas                                                            |
|               | (5) access patterns         |  60          | array access pattern optmizations                                                      |
|               |                             |              |                                                                                        |
| Performance   |                             |              | After transformations are applied to meet performance pragma targets                   |
|               | (1) loop simplification     |  60          | loop and instruction simplification                                                    |
|               | (2) parallelization         | 104          | loops are unrolled or pipelined to meet performance targets                            |
|               | (3) array partition         | 144          | arrays are partitioned to meet performance targets                                     |
|               | (4) simplification          | 120          | simplification of design after performance transformations                             |
|               |                             |              |                                                                                        |
| HW Transforms |                             |              | After hardware transfomations                                                          |
|               | (1) lowering                | 120          | initial conversion to HW specific instructions                                         |
|               | (2) optimizations           | 138          | high level synthesis optimizations                                                     |
+---------------+-----------------------------+--------------+----------------------------------------------------------------------------------------+

* Instructions per Function for each Compilation Phase
+----------+-----------+--------------+---------------+--------------+-------------+---------------+
| Function | Location  | Compile/Link | Unroll/Inline | Array/Struct | Performance | HW Transforms |
+----------+-----------+--------------+---------------+--------------+-------------+---------------+
|   fir    | fir.cpp:3 | 82           | 56            | 60           | 120         | 138           |
+----------+-----------+--------------+---------------+--------------+-------------+---------------+

* Design Size Message Settings
+---------------------------------------------+--------+------------------------------------------------------------------+
| Message Setting                             | Value  | Description                                                      |
+---------------------------------------------+--------+------------------------------------------------------------------+
| config_compile -design_size_maximum_warning | 100000 | Show a warning when total design instructions exceeds this value |
+---------------------------------------------+--------+------------------------------------------------------------------+


