

================================================================
== Vitis HLS Report for 'fir'
================================================================
* Date:           Tue Feb  4 17:14:03 2025

* Version:        2024.2 (Build 5238294 on Nov  8 2024)
* Project:        fir2
* Solution:       hls (Vitis Kernel Flow Target)
* Product family: zynquplusRFSOC
* Target device:  xczu48dr-ffvg1517-2-e


================================================================
== Performance Estimates
================================================================
+ Timing: 
    * Summary: 
    +--------+---------+----------+------------+
    |  Clock |  Target | Estimated| Uncertainty|
    +--------+---------+----------+------------+
    |ap_clk  |  5.00 ns|  3.499 ns|     1.35 ns|
    +--------+---------+----------+------------+

+ Latency: 
    * Summary: 
    +---------+---------+----------+----------+-----+-----+---------+
    |  Latency (cycles) |  Latency (absolute) |  Interval | Pipeline|
    |   min   |   max   |    min   |    max   | min | max |   Type  |
    +---------+---------+----------+----------+-----+-----+---------+
    |      523|      523|  2.615 us|  2.615 us|  524|  524|       no|
    +---------+---------+----------+----------+-----+-----+---------+

    + Detail: 
        * Instance: 
        +------------------------------------+--------------------------+---------+---------+-----------+-----------+-----+-----+------------------------------------------------+
        |                                    |                          |  Latency (cycles) |   Latency (absolute)  |  Interval |                    Pipeline                    |
        |              Instance              |          Module          |   min   |   max   |    min    |    max    | min | max |                      Type                      |
        +------------------------------------+--------------------------+---------+---------+-----------+-----------+-----+-----+------------------------------------------------+
        |grp_fir_Pipeline_read_a_fu_78       |fir_Pipeline_read_a       |       12|       12|  60.000 ns|  60.000 ns|   11|   11|  loop auto-rewind stp (delay=0 clock cycles(s))|
        |grp_fir_Pipeline_sample_loop_fu_94  |fir_Pipeline_sample_loop  |      506|      506|   2.530 us|   2.530 us|  505|  505|  loop auto-rewind stp (delay=0 clock cycles(s))|
        +------------------------------------+--------------------------+---------+---------+-----------+-----------+-----+-----+------------------------------------------------+

        * Loop: 
        N/A



================================================================
== Utilization Estimates
================================================================
* Summary: 
+-----------------+---------+------+--------+--------+-----+
|       Name      | BRAM_18K|  DSP |   FF   |   LUT  | URAM|
+-----------------+---------+------+--------+--------+-----+
|DSP              |        -|     -|       -|       -|    -|
|Expression       |        -|     -|       0|       4|    -|
|FIFO             |        -|     -|       -|       -|    -|
|Instance         |        0|     6|    1024|     774|    0|
|Memory           |        -|     -|       -|       -|    -|
|Multiplexer      |        -|     -|       0|      73|    -|
|Register         |        -|     -|      44|       -|    -|
+-----------------+---------+------+--------+--------+-----+
|Total            |        0|     6|    1068|     851|    0|
+-----------------+---------+------+--------+--------+-----+
|Available        |     2160|  4272|  850560|  425280|   80|
+-----------------+---------+------+--------+--------+-----+
|Utilization (%)  |        0|    ~0|      ~0|      ~0|    0|
+-----------------+---------+------+--------+--------+-----+

+ Detail: 
    * Instance: 
    +------------------------------------+--------------------------+---------+----+-----+-----+-----+
    |              Instance              |          Module          | BRAM_18K| DSP|  FF | LUT | URAM|
    +------------------------------------+--------------------------+---------+----+-----+-----+-----+
    |control_s_axi_U                     |control_s_axi             |        0|   0|   36|   40|    0|
    |grp_fir_Pipeline_read_a_fu_78       |fir_Pipeline_read_a       |        0|   0|  331|   73|    0|
    |grp_fir_Pipeline_sample_loop_fu_94  |fir_Pipeline_sample_loop  |        0|   6|  657|  661|    0|
    +------------------------------------+--------------------------+---------+----+-----+-----+-----+
    |Total                               |                          |        0|   6| 1024|  774|    0|
    +------------------------------------+--------------------------+---------+----+-----+-----+-----+

    * DSP: 
    N/A

    * Memory: 
    N/A

    * FIFO: 
    N/A

    * Expression: 
    +-------------------------------------------------+----------+----+---+----+------------+------------+
    |                  Variable Name                  | Operation| DSP| FF| LUT| Bitwidth P0| Bitwidth P1|
    +-------------------------------------------------+----------+----+---+----+------------+------------+
    |grp_fir_Pipeline_sample_loop_fu_94_out_r_TREADY  |       and|   0|  0|   2|           1|           1|
    |ap_block_state1                                  |        or|   0|  0|   2|           1|           1|
    +-------------------------------------------------+----------+----+---+----+------------+------------+
    |Total                                            |          |   0|  0|   4|           2|           2|
    +-------------------------------------------------+----------+----+---+----+------------+------------+

    * Multiplexer: 
    +--------------------------+----+-----------+-----+-----------+
    |           Name           | LUT| Input Size| Bits| Total Bits|
    +--------------------------+----+-----------+-----+-----------+
    |a_TREADY_int_regslice     |   9|          2|    1|          2|
    |ap_NS_fsm                 |  37|          7|    1|          7|
    |ap_done                   |   9|          2|    1|          2|
    |in_r_TREADY_int_regslice  |   9|          2|    1|          2|
    |out_r_TDATA_int_regslice  |   9|          2|   32|         64|
    +--------------------------+----+-----------+-----+-----------+
    |Total                     |  73|         15|   36|         77|
    +--------------------------+----+-----------+-----+-----------+

    * Register: 
    +-------------------------------------------------+----+----+-----+-----------+
    |                       Name                      | FF | LUT| Bits| Const Bits|
    +-------------------------------------------------+----+----+-----+-----------+
    |ap_CS_fsm                                        |   6|   0|    6|          0|
    |ap_done_reg                                      |   1|   0|    1|          0|
    |ap_rst_n_inv                                     |   1|   0|    1|          0|
    |ap_rst_reg_1                                     |   1|   0|    1|          0|
    |ap_rst_reg_2                                     |   1|   0|    1|          0|
    |grp_fir_Pipeline_read_a_fu_78_ap_start_reg       |   1|   0|    1|          0|
    |grp_fir_Pipeline_sample_loop_fu_94_ap_start_reg  |   1|   0|    1|          0|
    |out_r_TDATA_reg                                  |  32|   0|   32|          0|
    +-------------------------------------------------+----+----+-----+-----------+
    |Total                                            |  44|   0|   44|          0|
    +-------------------------------------------------+----+----+-----+-----------+



================================================================
== Interface
================================================================
* Summary: 
+-----------------------+-----+-----+---------------+--------------+--------------+
|       RTL Ports       | Dir | Bits|    Protocol   | Source Object|    C Type    |
+-----------------------+-----+-----+---------------+--------------+--------------+
|s_axi_control_AWVALID  |   in|    1|          s_axi|       control|   return void|
|s_axi_control_AWREADY  |  out|    1|          s_axi|       control|   return void|
|s_axi_control_AWADDR   |   in|    4|          s_axi|       control|   return void|
|s_axi_control_WVALID   |   in|    1|          s_axi|       control|   return void|
|s_axi_control_WREADY   |  out|    1|          s_axi|       control|   return void|
|s_axi_control_WDATA    |   in|   32|          s_axi|       control|   return void|
|s_axi_control_WSTRB    |   in|    4|          s_axi|       control|   return void|
|s_axi_control_ARVALID  |   in|    1|          s_axi|       control|   return void|
|s_axi_control_ARREADY  |  out|    1|          s_axi|       control|   return void|
|s_axi_control_ARADDR   |   in|    4|          s_axi|       control|   return void|
|s_axi_control_RVALID   |  out|    1|          s_axi|       control|   return void|
|s_axi_control_RREADY   |   in|    1|          s_axi|       control|   return void|
|s_axi_control_RDATA    |  out|   32|          s_axi|       control|   return void|
|s_axi_control_RRESP    |  out|    2|          s_axi|       control|   return void|
|s_axi_control_BVALID   |  out|    1|          s_axi|       control|   return void|
|s_axi_control_BREADY   |   in|    1|          s_axi|       control|   return void|
|s_axi_control_BRESP    |  out|    2|          s_axi|       control|   return void|
|ap_clk                 |   in|    1|  ap_ctrl_chain|           fir|  return value|
|ap_rst_n               |   in|    1|  ap_ctrl_chain|           fir|  return value|
|interrupt              |  out|    1|  ap_ctrl_chain|           fir|  return value|
|in_r_TDATA             |   in|   32|           axis|          in_r|       pointer|
|in_r_TVALID            |   in|    1|           axis|          in_r|       pointer|
|in_r_TREADY            |  out|    1|           axis|          in_r|       pointer|
|out_r_TDATA            |  out|   32|           axis|         out_r|       pointer|
|out_r_TVALID           |  out|    1|           axis|         out_r|       pointer|
|out_r_TREADY           |   in|    1|           axis|         out_r|       pointer|
|a_TDATA                |   in|   32|           axis|             a|       pointer|
|a_TVALID               |   in|    1|           axis|             a|       pointer|
|a_TREADY               |  out|    1|           axis|             a|       pointer|
+-----------------------+-----+-----+---------------+--------------+--------------+

