================================================================
== Vivado RTL Synthesis Results
================================================================
+ General Information:
    * Date:            Tue Feb 04 17:25:07 EST 2025
    * Version:         2024.2 (Build 5238294 on Nov  8 2024)
    * Project:         fir2
    * Solution:        hls (Vitis Kernel Flow Target)
    * Product family:  zynquplusRFSOC
    * Target device:   xczu48dr-ffvg1517-2-e


================================================================
== Run Constraints & Options
================================================================
+ Design Constraints & Options:
    * RTL Synthesis target clock:  5 ns
    * C-Synthesis target clock:    5 ns
    * C-Synthesis uncertainty:     27%

+ RTL Synthesis Options:
    * config_export -vivado_synth_strategy:     default
    * config_export -vivado_synth_design_args:  -directive sdx_optimization_effort_high

+ Reporting Options:
    * config_export -vivado_report_level:      2
    * config_export -vivado_max_timing_paths:  10


================================================================
== RTL Synthesis Resource Summary
================================================================
LUT:              730
FF:               1270
DSP:              6
BRAM:             0
URAM:             0
SRL:              0


================================================================
== RTL Synthesis Timing Summary
================================================================
* Timing was met
+----------------+-------------+
| Timing         | Period (ns) |
+----------------+-------------+
| Target         | 5.000       |
| Post-Synthesis | 3.983       |
+----------------+-------------+


================================================================
== RTL Synthesis Resources
================================================================
+------------------------------------------+-----+------+-----+------+------+-----+--------+------+---------+----------+--------+
| Name                                     | LUT | FF   | DSP | BRAM | URAM | SRL | Pragma | Impl | Latency | Variable | Source |
+------------------------------------------+-----+------+-----+------+------+-----+--------+------+---------+----------+--------+
| inst                                     | 730 | 1270 | 6   |      |      |     |        |      |         |          |        |
|   (inst)                                 | 1   | 44   |     |      |      |     |        |      |         |          |        |
|   control_s_axi_U                        | 25  | 28   |     |      |      |     |        |      |         |          |        |
|   grp_fir_Pipeline_read_a_fu_78          | 21  | 331  |     |      |      |     |        |      |         |          |        |
|     (grp_fir_Pipeline_read_a_fu_78)      | 10  | 329  |     |      |      |     |        |      |         |          |        |
|   grp_fir_Pipeline_sample_loop_fu_94     | 566 | 660  | 6   |      |      |     |        |      |         |          |        |
|     (grp_fir_Pipeline_sample_loop_fu_94) | 274 | 658  |     |      |      |     |        |      |         |          |        |
|     mul_32s_32s_32_1_1_U12               | 143 |      | 3   |      |      |     |        |      |         |          |        |
|     mul_32s_32s_32_1_1_U13               | 144 |      | 3   |      |      |     |        |      |         |          |        |
|   regslice_both_a_U                      | 40  | 69   |     |      |      |     |        |      |         |          |        |
|   regslice_both_in_r_U                   | 39  | 69   |     |      |      |     |        |      |         |          |        |
|   regslice_both_out_r_U                  | 38  | 69   |     |      |      |     |        |      |         |          |        |
+------------------------------------------+-----+------+-----+------+------+-----+--------+------+---------+----------+--------+


================================================================
== RTL Synthesis Fail Fast
================================================================
+-----------------------------------------------------------+-----------+--------+--------+
| Criteria                                                  | Guideline | Actual | Status |
+-----------------------------------------------------------+-----------+--------+--------+
| LUT                                                       | 70%       | 0.17%  | OK     |
| FD                                                        | 50%       | 0.15%  | OK     |
| LUTRAM+SRL                                                | 25%       | 0.00%  | OK     |
| CARRY8                                                    | 25%       | 0.04%  | OK     |
| MUXF7                                                     | 15%       | 0.00%  | OK     |
| DSP                                                       | 80%       | 0.14%  | OK     |
| RAMB/FIFO                                                 | 80%       | 0.00%  | OK     |
| URAM                                                      | 80%       | 0.00%  | OK     |
| DSP+RAMB+URAM (Avg)                                       | 70%       | 0.14%  | OK     |
| BUFGCE* + BUFGCTRL                                        | 24        | 0      | OK     |
| DONT_TOUCH (cells/nets)                                   | 0         | 0      | OK     |
| MARK_DEBUG (nets)                                         | 0         | 0      | OK     |
| Control Sets                                              | 7974      | 37     | OK     |
| Average Fanout for modules > 100k cells                   | 4         | 1.49   | OK     |
| Max Average Fanout for modules > 100k cells               | 4         | 0      | OK     |
| Non-FD high fanout nets > 10k loads                       | 0         | 0      | OK     |
+-----------------------------------------------------------+-----------+--------+--------+
| TIMING-6 (No common primary clock between related clocks) | 0         | 0      | OK     |
| TIMING-7 (No common node between related clocks)          | 0         | 0      | OK     |
| TIMING-8 (No common period between related clocks)        | 0         | 0      | OK     |
| TIMING-14 (LUT on the clock tree)                         | 0         | 0      | OK     |
| TIMING-35 (No common node in paths with the same clock)   | 0         | 0      | OK     |
+-----------------------------------------------------------+-----------+--------+--------+
| Number of paths above max LUT budgeting (0.300ns)         | 0         | 0      | OK     |
| Number of paths above max Net budgeting (0.208ns)         | 0         | 0      | OK     |
+-----------------------------------------------------------+-----------+--------+--------+


================================================================
== RTL Synthesis Timing Paths
================================================================
* Timing was met
+-------+-------+-------------------------------------------------------+------------------------------------------------------+--------------+------------+----------------+----------------+--------------+
| Path  | SLACK | STARTPOINT PIN                                        | ENDPOINT PIN                                         | LOGIC LEVELS | MAX FANOUT | DATAPATH DELAY | DATAPATH LOGIC | DATAPATH NET |
|       |       |                                                       |                                                      |              |            |                |          DELAY |        DELAY |
+-------+-------+-------------------------------------------------------+------------------------------------------------------+--------------+------------+----------------+----------------+--------------+
| Path1 | 1.017 | grp_fir_Pipeline_sample_loop_fu_94/ap_CS_fsm_reg[3]/C | grp_fir_Pipeline_sample_loop_fu_94/reg_184_reg[25]/D |           13 |        195 |          3.965 |          2.817 |        1.148 |
| Path2 | 1.017 | grp_fir_Pipeline_sample_loop_fu_94/ap_CS_fsm_reg[3]/C | grp_fir_Pipeline_sample_loop_fu_94/reg_188_reg[25]/D |           13 |        195 |          3.965 |          2.817 |        1.148 |
| Path3 | 1.020 | grp_fir_Pipeline_sample_loop_fu_94/ap_CS_fsm_reg[3]/C | grp_fir_Pipeline_sample_loop_fu_94/reg_184_reg[31]/D |           13 |        195 |          3.962 |          2.857 |        1.105 |
| Path4 | 1.020 | grp_fir_Pipeline_sample_loop_fu_94/ap_CS_fsm_reg[3]/C | grp_fir_Pipeline_sample_loop_fu_94/reg_188_reg[31]/D |           13 |        195 |          3.962 |          2.857 |        1.105 |
| Path5 | 1.033 | grp_fir_Pipeline_sample_loop_fu_94/ap_CS_fsm_reg[3]/C | grp_fir_Pipeline_sample_loop_fu_94/reg_184_reg[30]/D |           13 |        195 |          3.949 |          2.844 |        1.105 |
+-------+-------+-------------------------------------------------------+------------------------------------------------------+--------------+------------+----------------+----------------+--------------+

    +-----------------------------------------------------------------------------------------------+------------------------+
    | Path1 Cells                                                                                   | Primitive Type         |
    +-----------------------------------------------------------------------------------------------+------------------------+
    | grp_fir_Pipeline_sample_loop_fu_94/ap_CS_fsm_reg[3]                                           | REGISTER.SDR.FDRE      |
    | grp_fir_Pipeline_sample_loop_fu_94/mul_32s_32s_32_1_1_U12/tmp_product_i_48                    | CLB.LUT.LUT6           |
    | grp_fir_Pipeline_sample_loop_fu_94/mul_32s_32s_32_1_1_U12/tmp_product_i_16                    | CLB.LUT.LUT6           |
    | grp_fir_Pipeline_sample_loop_fu_94/mul_32s_32s_32_1_1_U12/tmp_product__0/DSP_A_B_DATA_INST    | ARITHMETIC.DSP.DSP48E2 |
    | grp_fir_Pipeline_sample_loop_fu_94/mul_32s_32s_32_1_1_U12/tmp_product__0/DSP_PREADD_DATA_INST | ARITHMETIC.DSP.DSP48E2 |
    | grp_fir_Pipeline_sample_loop_fu_94/mul_32s_32s_32_1_1_U12/tmp_product__0/DSP_MULTIPLIER_INST  | ARITHMETIC.DSP.DSP48E2 |
    | grp_fir_Pipeline_sample_loop_fu_94/mul_32s_32s_32_1_1_U12/tmp_product__0/DSP_M_DATA_INST      | ARITHMETIC.DSP.DSP48E2 |
    | grp_fir_Pipeline_sample_loop_fu_94/mul_32s_32s_32_1_1_U12/tmp_product__0/DSP_ALU_INST         | ARITHMETIC.DSP.DSP48E2 |
    | grp_fir_Pipeline_sample_loop_fu_94/mul_32s_32s_32_1_1_U12/tmp_product__0/DSP_OUTPUT_INST      | ARITHMETIC.DSP.DSP48E2 |
    | grp_fir_Pipeline_sample_loop_fu_94/mul_32s_32s_32_1_1_U12/tmp_product__1/DSP_ALU_INST         | ARITHMETIC.DSP.DSP48E2 |
    | grp_fir_Pipeline_sample_loop_fu_94/mul_32s_32s_32_1_1_U12/tmp_product__1/DSP_OUTPUT_INST      | ARITHMETIC.DSP.DSP48E2 |
    | grp_fir_Pipeline_sample_loop_fu_94/mul_32s_32s_32_1_1_U12/reg_184[23]_i_8                     | CLB.LUT.LUT2           |
    | grp_fir_Pipeline_sample_loop_fu_94/mul_32s_32s_32_1_1_U12/reg_184_reg[23]_i_1                 | CLB.CARRY.CARRY8       |
    | grp_fir_Pipeline_sample_loop_fu_94/mul_32s_32s_32_1_1_U12/reg_184_reg[31]_i_2                 | CLB.CARRY.CARRY8       |
    | grp_fir_Pipeline_sample_loop_fu_94/reg_184_reg[25]                                            | REGISTER.SDR.FDRE      |
    | grp_fir_Pipeline_sample_loop_fu_94/ap_CS_fsm_reg[3]                                           | REGISTER.SDR.FDRE      |
    | grp_fir_Pipeline_sample_loop_fu_94/mul_32s_32s_32_1_1_U13/tmp_product_i_49__0                 | CLB.LUT.LUT6           |
    | grp_fir_Pipeline_sample_loop_fu_94/mul_32s_32s_32_1_1_U13/tmp_product_i_16__0                 | CLB.LUT.LUT6           |
    | grp_fir_Pipeline_sample_loop_fu_94/mul_32s_32s_32_1_1_U13/tmp_product__0/DSP_A_B_DATA_INST    | ARITHMETIC.DSP.DSP48E2 |
    | grp_fir_Pipeline_sample_loop_fu_94/mul_32s_32s_32_1_1_U13/tmp_product__0/DSP_PREADD_DATA_INST | ARITHMETIC.DSP.DSP48E2 |
    | grp_fir_Pipeline_sample_loop_fu_94/mul_32s_32s_32_1_1_U13/tmp_product__0/DSP_MULTIPLIER_INST  | ARITHMETIC.DSP.DSP48E2 |
    | grp_fir_Pipeline_sample_loop_fu_94/mul_32s_32s_32_1_1_U13/tmp_product__0/DSP_M_DATA_INST      | ARITHMETIC.DSP.DSP48E2 |
    | grp_fir_Pipeline_sample_loop_fu_94/mul_32s_32s_32_1_1_U13/tmp_product__0/DSP_ALU_INST         | ARITHMETIC.DSP.DSP48E2 |
    | grp_fir_Pipeline_sample_loop_fu_94/mul_32s_32s_32_1_1_U13/tmp_product__0/DSP_OUTPUT_INST      | ARITHMETIC.DSP.DSP48E2 |
    | grp_fir_Pipeline_sample_loop_fu_94/mul_32s_32s_32_1_1_U13/tmp_product__1/DSP_ALU_INST         | ARITHMETIC.DSP.DSP48E2 |
    | grp_fir_Pipeline_sample_loop_fu_94/mul_32s_32s_32_1_1_U13/tmp_product__1/DSP_OUTPUT_INST      | ARITHMETIC.DSP.DSP48E2 |
    | grp_fir_Pipeline_sample_loop_fu_94/mul_32s_32s_32_1_1_U13/reg_188[23]_i_8                     | CLB.LUT.LUT2           |
    | grp_fir_Pipeline_sample_loop_fu_94/mul_32s_32s_32_1_1_U13/reg_188_reg[23]_i_1                 | CLB.CARRY.CARRY8       |
    | grp_fir_Pipeline_sample_loop_fu_94/mul_32s_32s_32_1_1_U13/reg_188_reg[31]_i_2                 | CLB.CARRY.CARRY8       |
    | grp_fir_Pipeline_sample_loop_fu_94/reg_188_reg[25]                                            | REGISTER.SDR.FDRE      |
    | grp_fir_Pipeline_sample_loop_fu_94/ap_CS_fsm_reg[3]                                           | REGISTER.SDR.FDRE      |
    | grp_fir_Pipeline_sample_loop_fu_94/mul_32s_32s_32_1_1_U12/tmp_product_i_48                    | CLB.LUT.LUT6           |
    | grp_fir_Pipeline_sample_loop_fu_94/mul_32s_32s_32_1_1_U12/tmp_product_i_16                    | CLB.LUT.LUT6           |
    | grp_fir_Pipeline_sample_loop_fu_94/mul_32s_32s_32_1_1_U12/tmp_product__0/DSP_A_B_DATA_INST    | ARITHMETIC.DSP.DSP48E2 |
    | grp_fir_Pipeline_sample_loop_fu_94/mul_32s_32s_32_1_1_U12/tmp_product__0/DSP_PREADD_DATA_INST | ARITHMETIC.DSP.DSP48E2 |
    | grp_fir_Pipeline_sample_loop_fu_94/mul_32s_32s_32_1_1_U12/tmp_product__0/DSP_MULTIPLIER_INST  | ARITHMETIC.DSP.DSP48E2 |
    | grp_fir_Pipeline_sample_loop_fu_94/mul_32s_32s_32_1_1_U12/tmp_product__0/DSP_M_DATA_INST      | ARITHMETIC.DSP.DSP48E2 |
    | grp_fir_Pipeline_sample_loop_fu_94/mul_32s_32s_32_1_1_U12/tmp_product__0/DSP_ALU_INST         | ARITHMETIC.DSP.DSP48E2 |
    | grp_fir_Pipeline_sample_loop_fu_94/mul_32s_32s_32_1_1_U12/tmp_product__0/DSP_OUTPUT_INST      | ARITHMETIC.DSP.DSP48E2 |
    | grp_fir_Pipeline_sample_loop_fu_94/mul_32s_32s_32_1_1_U12/tmp_product__1/DSP_ALU_INST         | ARITHMETIC.DSP.DSP48E2 |
    | grp_fir_Pipeline_sample_loop_fu_94/mul_32s_32s_32_1_1_U12/tmp_product__1/DSP_OUTPUT_INST      | ARITHMETIC.DSP.DSP48E2 |
    | grp_fir_Pipeline_sample_loop_fu_94/mul_32s_32s_32_1_1_U12/reg_184[23]_i_8                     | CLB.LUT.LUT2           |
    | grp_fir_Pipeline_sample_loop_fu_94/mul_32s_32s_32_1_1_U12/reg_184_reg[23]_i_1                 | CLB.CARRY.CARRY8       |
    | grp_fir_Pipeline_sample_loop_fu_94/mul_32s_32s_32_1_1_U12/reg_184_reg[31]_i_2                 | CLB.CARRY.CARRY8       |
    | grp_fir_Pipeline_sample_loop_fu_94/reg_184_reg[31]                                            | REGISTER.SDR.FDRE      |
    | grp_fir_Pipeline_sample_loop_fu_94/ap_CS_fsm_reg[3]                                           | REGISTER.SDR.FDRE      |
    | grp_fir_Pipeline_sample_loop_fu_94/mul_32s_32s_32_1_1_U13/tmp_product_i_49__0                 | CLB.LUT.LUT6           |
    | grp_fir_Pipeline_sample_loop_fu_94/mul_32s_32s_32_1_1_U13/tmp_product_i_16__0                 | CLB.LUT.LUT6           |
    | grp_fir_Pipeline_sample_loop_fu_94/mul_32s_32s_32_1_1_U13/tmp_product__0/DSP_A_B_DATA_INST    | ARITHMETIC.DSP.DSP48E2 |
    | grp_fir_Pipeline_sample_loop_fu_94/mul_32s_32s_32_1_1_U13/tmp_product__0/DSP_PREADD_DATA_INST | ARITHMETIC.DSP.DSP48E2 |
    | grp_fir_Pipeline_sample_loop_fu_94/mul_32s_32s_32_1_1_U13/tmp_product__0/DSP_MULTIPLIER_INST  | ARITHMETIC.DSP.DSP48E2 |
    | grp_fir_Pipeline_sample_loop_fu_94/mul_32s_32s_32_1_1_U13/tmp_product__0/DSP_M_DATA_INST      | ARITHMETIC.DSP.DSP48E2 |
    | grp_fir_Pipeline_sample_loop_fu_94/mul_32s_32s_32_1_1_U13/tmp_product__0/DSP_ALU_INST         | ARITHMETIC.DSP.DSP48E2 |
    | grp_fir_Pipeline_sample_loop_fu_94/mul_32s_32s_32_1_1_U13/tmp_product__0/DSP_OUTPUT_INST      | ARITHMETIC.DSP.DSP48E2 |
    | grp_fir_Pipeline_sample_loop_fu_94/mul_32s_32s_32_1_1_U13/tmp_product__1/DSP_ALU_INST         | ARITHMETIC.DSP.DSP48E2 |
    | grp_fir_Pipeline_sample_loop_fu_94/mul_32s_32s_32_1_1_U13/tmp_product__1/DSP_OUTPUT_INST      | ARITHMETIC.DSP.DSP48E2 |
    | grp_fir_Pipeline_sample_loop_fu_94/mul_32s_32s_32_1_1_U13/reg_188[23]_i_8                     | CLB.LUT.LUT2           |
    | grp_fir_Pipeline_sample_loop_fu_94/mul_32s_32s_32_1_1_U13/reg_188_reg[23]_i_1                 | CLB.CARRY.CARRY8       |
    | grp_fir_Pipeline_sample_loop_fu_94/mul_32s_32s_32_1_1_U13/reg_188_reg[31]_i_2                 | CLB.CARRY.CARRY8       |
    | grp_fir_Pipeline_sample_loop_fu_94/reg_188_reg[31]                                            | REGISTER.SDR.FDRE      |
    | grp_fir_Pipeline_sample_loop_fu_94/ap_CS_fsm_reg[3]                                           | REGISTER.SDR.FDRE      |
    | grp_fir_Pipeline_sample_loop_fu_94/mul_32s_32s_32_1_1_U12/tmp_product_i_48                    | CLB.LUT.LUT6           |
    | grp_fir_Pipeline_sample_loop_fu_94/mul_32s_32s_32_1_1_U12/tmp_product_i_16                    | CLB.LUT.LUT6           |
    | grp_fir_Pipeline_sample_loop_fu_94/mul_32s_32s_32_1_1_U12/tmp_product__0/DSP_A_B_DATA_INST    | ARITHMETIC.DSP.DSP48E2 |
    | grp_fir_Pipeline_sample_loop_fu_94/mul_32s_32s_32_1_1_U12/tmp_product__0/DSP_PREADD_DATA_INST | ARITHMETIC.DSP.DSP48E2 |
    | grp_fir_Pipeline_sample_loop_fu_94/mul_32s_32s_32_1_1_U12/tmp_product__0/DSP_MULTIPLIER_INST  | ARITHMETIC.DSP.DSP48E2 |
    | grp_fir_Pipeline_sample_loop_fu_94/mul_32s_32s_32_1_1_U12/tmp_product__0/DSP_M_DATA_INST      | ARITHMETIC.DSP.DSP48E2 |
    | grp_fir_Pipeline_sample_loop_fu_94/mul_32s_32s_32_1_1_U12/tmp_product__0/DSP_ALU_INST         | ARITHMETIC.DSP.DSP48E2 |
    | grp_fir_Pipeline_sample_loop_fu_94/mul_32s_32s_32_1_1_U12/tmp_product__0/DSP_OUTPUT_INST      | ARITHMETIC.DSP.DSP48E2 |
    | grp_fir_Pipeline_sample_loop_fu_94/mul_32s_32s_32_1_1_U12/tmp_product__1/DSP_ALU_INST         | ARITHMETIC.DSP.DSP48E2 |
    | grp_fir_Pipeline_sample_loop_fu_94/mul_32s_32s_32_1_1_U12/tmp_product__1/DSP_OUTPUT_INST      | ARITHMETIC.DSP.DSP48E2 |
    | grp_fir_Pipeline_sample_loop_fu_94/mul_32s_32s_32_1_1_U12/reg_184[23]_i_8                     | CLB.LUT.LUT2           |
    | grp_fir_Pipeline_sample_loop_fu_94/mul_32s_32s_32_1_1_U12/reg_184_reg[23]_i_1                 | CLB.CARRY.CARRY8       |
    | grp_fir_Pipeline_sample_loop_fu_94/mul_32s_32s_32_1_1_U12/reg_184_reg[31]_i_2                 | CLB.CARRY.CARRY8       |
    | grp_fir_Pipeline_sample_loop_fu_94/reg_184_reg[30]                                            | REGISTER.SDR.FDRE      |
    +-----------------------------------------------------------------------------------------------+------------------------+

    +-----------------------------------------------------------------------------------------------+------------------------+
    | Path2 Cells                                                                                   | Primitive Type         |
    +-----------------------------------------------------------------------------------------------+------------------------+
    | grp_fir_Pipeline_sample_loop_fu_94/ap_CS_fsm_reg[3]                                           | REGISTER.SDR.FDRE      |
    | grp_fir_Pipeline_sample_loop_fu_94/mul_32s_32s_32_1_1_U12/tmp_product_i_48                    | CLB.LUT.LUT6           |
    | grp_fir_Pipeline_sample_loop_fu_94/mul_32s_32s_32_1_1_U12/tmp_product_i_16                    | CLB.LUT.LUT6           |
    | grp_fir_Pipeline_sample_loop_fu_94/mul_32s_32s_32_1_1_U12/tmp_product__0/DSP_A_B_DATA_INST    | ARITHMETIC.DSP.DSP48E2 |
    | grp_fir_Pipeline_sample_loop_fu_94/mul_32s_32s_32_1_1_U12/tmp_product__0/DSP_PREADD_DATA_INST | ARITHMETIC.DSP.DSP48E2 |
    | grp_fir_Pipeline_sample_loop_fu_94/mul_32s_32s_32_1_1_U12/tmp_product__0/DSP_MULTIPLIER_INST  | ARITHMETIC.DSP.DSP48E2 |
    | grp_fir_Pipeline_sample_loop_fu_94/mul_32s_32s_32_1_1_U12/tmp_product__0/DSP_M_DATA_INST      | ARITHMETIC.DSP.DSP48E2 |
    | grp_fir_Pipeline_sample_loop_fu_94/mul_32s_32s_32_1_1_U12/tmp_product__0/DSP_ALU_INST         | ARITHMETIC.DSP.DSP48E2 |
    | grp_fir_Pipeline_sample_loop_fu_94/mul_32s_32s_32_1_1_U12/tmp_product__0/DSP_OUTPUT_INST      | ARITHMETIC.DSP.DSP48E2 |
    | grp_fir_Pipeline_sample_loop_fu_94/mul_32s_32s_32_1_1_U12/tmp_product__1/DSP_ALU_INST         | ARITHMETIC.DSP.DSP48E2 |
    | grp_fir_Pipeline_sample_loop_fu_94/mul_32s_32s_32_1_1_U12/tmp_product__1/DSP_OUTPUT_INST      | ARITHMETIC.DSP.DSP48E2 |
    | grp_fir_Pipeline_sample_loop_fu_94/mul_32s_32s_32_1_1_U12/reg_184[23]_i_8                     | CLB.LUT.LUT2           |
    | grp_fir_Pipeline_sample_loop_fu_94/mul_32s_32s_32_1_1_U12/reg_184_reg[23]_i_1                 | CLB.CARRY.CARRY8       |
    | grp_fir_Pipeline_sample_loop_fu_94/mul_32s_32s_32_1_1_U12/reg_184_reg[31]_i_2                 | CLB.CARRY.CARRY8       |
    | grp_fir_Pipeline_sample_loop_fu_94/reg_184_reg[25]                                            | REGISTER.SDR.FDRE      |
    | grp_fir_Pipeline_sample_loop_fu_94/ap_CS_fsm_reg[3]                                           | REGISTER.SDR.FDRE      |
    | grp_fir_Pipeline_sample_loop_fu_94/mul_32s_32s_32_1_1_U13/tmp_product_i_49__0                 | CLB.LUT.LUT6           |
    | grp_fir_Pipeline_sample_loop_fu_94/mul_32s_32s_32_1_1_U13/tmp_product_i_16__0                 | CLB.LUT.LUT6           |
    | grp_fir_Pipeline_sample_loop_fu_94/mul_32s_32s_32_1_1_U13/tmp_product__0/DSP_A_B_DATA_INST    | ARITHMETIC.DSP.DSP48E2 |
    | grp_fir_Pipeline_sample_loop_fu_94/mul_32s_32s_32_1_1_U13/tmp_product__0/DSP_PREADD_DATA_INST | ARITHMETIC.DSP.DSP48E2 |
    | grp_fir_Pipeline_sample_loop_fu_94/mul_32s_32s_32_1_1_U13/tmp_product__0/DSP_MULTIPLIER_INST  | ARITHMETIC.DSP.DSP48E2 |
    | grp_fir_Pipeline_sample_loop_fu_94/mul_32s_32s_32_1_1_U13/tmp_product__0/DSP_M_DATA_INST      | ARITHMETIC.DSP.DSP48E2 |
    | grp_fir_Pipeline_sample_loop_fu_94/mul_32s_32s_32_1_1_U13/tmp_product__0/DSP_ALU_INST         | ARITHMETIC.DSP.DSP48E2 |
    | grp_fir_Pipeline_sample_loop_fu_94/mul_32s_32s_32_1_1_U13/tmp_product__0/DSP_OUTPUT_INST      | ARITHMETIC.DSP.DSP48E2 |
    | grp_fir_Pipeline_sample_loop_fu_94/mul_32s_32s_32_1_1_U13/tmp_product__1/DSP_ALU_INST         | ARITHMETIC.DSP.DSP48E2 |
    | grp_fir_Pipeline_sample_loop_fu_94/mul_32s_32s_32_1_1_U13/tmp_product__1/DSP_OUTPUT_INST      | ARITHMETIC.DSP.DSP48E2 |
    | grp_fir_Pipeline_sample_loop_fu_94/mul_32s_32s_32_1_1_U13/reg_188[23]_i_8                     | CLB.LUT.LUT2           |
    | grp_fir_Pipeline_sample_loop_fu_94/mul_32s_32s_32_1_1_U13/reg_188_reg[23]_i_1                 | CLB.CARRY.CARRY8       |
    | grp_fir_Pipeline_sample_loop_fu_94/mul_32s_32s_32_1_1_U13/reg_188_reg[31]_i_2                 | CLB.CARRY.CARRY8       |
    | grp_fir_Pipeline_sample_loop_fu_94/reg_188_reg[25]                                            | REGISTER.SDR.FDRE      |
    | grp_fir_Pipeline_sample_loop_fu_94/ap_CS_fsm_reg[3]                                           | REGISTER.SDR.FDRE      |
    | grp_fir_Pipeline_sample_loop_fu_94/mul_32s_32s_32_1_1_U12/tmp_product_i_48                    | CLB.LUT.LUT6           |
    | grp_fir_Pipeline_sample_loop_fu_94/mul_32s_32s_32_1_1_U12/tmp_product_i_16                    | CLB.LUT.LUT6           |
    | grp_fir_Pipeline_sample_loop_fu_94/mul_32s_32s_32_1_1_U12/tmp_product__0/DSP_A_B_DATA_INST    | ARITHMETIC.DSP.DSP48E2 |
    | grp_fir_Pipeline_sample_loop_fu_94/mul_32s_32s_32_1_1_U12/tmp_product__0/DSP_PREADD_DATA_INST | ARITHMETIC.DSP.DSP48E2 |
    | grp_fir_Pipeline_sample_loop_fu_94/mul_32s_32s_32_1_1_U12/tmp_product__0/DSP_MULTIPLIER_INST  | ARITHMETIC.DSP.DSP48E2 |
    | grp_fir_Pipeline_sample_loop_fu_94/mul_32s_32s_32_1_1_U12/tmp_product__0/DSP_M_DATA_INST      | ARITHMETIC.DSP.DSP48E2 |
    | grp_fir_Pipeline_sample_loop_fu_94/mul_32s_32s_32_1_1_U12/tmp_product__0/DSP_ALU_INST         | ARITHMETIC.DSP.DSP48E2 |
    | grp_fir_Pipeline_sample_loop_fu_94/mul_32s_32s_32_1_1_U12/tmp_product__0/DSP_OUTPUT_INST      | ARITHMETIC.DSP.DSP48E2 |
    | grp_fir_Pipeline_sample_loop_fu_94/mul_32s_32s_32_1_1_U12/tmp_product__1/DSP_ALU_INST         | ARITHMETIC.DSP.DSP48E2 |
    | grp_fir_Pipeline_sample_loop_fu_94/mul_32s_32s_32_1_1_U12/tmp_product__1/DSP_OUTPUT_INST      | ARITHMETIC.DSP.DSP48E2 |
    | grp_fir_Pipeline_sample_loop_fu_94/mul_32s_32s_32_1_1_U12/reg_184[23]_i_8                     | CLB.LUT.LUT2           |
    | grp_fir_Pipeline_sample_loop_fu_94/mul_32s_32s_32_1_1_U12/reg_184_reg[23]_i_1                 | CLB.CARRY.CARRY8       |
    | grp_fir_Pipeline_sample_loop_fu_94/mul_32s_32s_32_1_1_U12/reg_184_reg[31]_i_2                 | CLB.CARRY.CARRY8       |
    | grp_fir_Pipeline_sample_loop_fu_94/reg_184_reg[31]                                            | REGISTER.SDR.FDRE      |
    | grp_fir_Pipeline_sample_loop_fu_94/ap_CS_fsm_reg[3]                                           | REGISTER.SDR.FDRE      |
    | grp_fir_Pipeline_sample_loop_fu_94/mul_32s_32s_32_1_1_U13/tmp_product_i_49__0                 | CLB.LUT.LUT6           |
    | grp_fir_Pipeline_sample_loop_fu_94/mul_32s_32s_32_1_1_U13/tmp_product_i_16__0                 | CLB.LUT.LUT6           |
    | grp_fir_Pipeline_sample_loop_fu_94/mul_32s_32s_32_1_1_U13/tmp_product__0/DSP_A_B_DATA_INST    | ARITHMETIC.DSP.DSP48E2 |
    | grp_fir_Pipeline_sample_loop_fu_94/mul_32s_32s_32_1_1_U13/tmp_product__0/DSP_PREADD_DATA_INST | ARITHMETIC.DSP.DSP48E2 |
    | grp_fir_Pipeline_sample_loop_fu_94/mul_32s_32s_32_1_1_U13/tmp_product__0/DSP_MULTIPLIER_INST  | ARITHMETIC.DSP.DSP48E2 |
    | grp_fir_Pipeline_sample_loop_fu_94/mul_32s_32s_32_1_1_U13/tmp_product__0/DSP_M_DATA_INST      | ARITHMETIC.DSP.DSP48E2 |
    | grp_fir_Pipeline_sample_loop_fu_94/mul_32s_32s_32_1_1_U13/tmp_product__0/DSP_ALU_INST         | ARITHMETIC.DSP.DSP48E2 |
    | grp_fir_Pipeline_sample_loop_fu_94/mul_32s_32s_32_1_1_U13/tmp_product__0/DSP_OUTPUT_INST      | ARITHMETIC.DSP.DSP48E2 |
    | grp_fir_Pipeline_sample_loop_fu_94/mul_32s_32s_32_1_1_U13/tmp_product__1/DSP_ALU_INST         | ARITHMETIC.DSP.DSP48E2 |
    | grp_fir_Pipeline_sample_loop_fu_94/mul_32s_32s_32_1_1_U13/tmp_product__1/DSP_OUTPUT_INST      | ARITHMETIC.DSP.DSP48E2 |
    | grp_fir_Pipeline_sample_loop_fu_94/mul_32s_32s_32_1_1_U13/reg_188[23]_i_8                     | CLB.LUT.LUT2           |
    | grp_fir_Pipeline_sample_loop_fu_94/mul_32s_32s_32_1_1_U13/reg_188_reg[23]_i_1                 | CLB.CARRY.CARRY8       |
    | grp_fir_Pipeline_sample_loop_fu_94/mul_32s_32s_32_1_1_U13/reg_188_reg[31]_i_2                 | CLB.CARRY.CARRY8       |
    | grp_fir_Pipeline_sample_loop_fu_94/reg_188_reg[31]                                            | REGISTER.SDR.FDRE      |
    | grp_fir_Pipeline_sample_loop_fu_94/ap_CS_fsm_reg[3]                                           | REGISTER.SDR.FDRE      |
    | grp_fir_Pipeline_sample_loop_fu_94/mul_32s_32s_32_1_1_U12/tmp_product_i_48                    | CLB.LUT.LUT6           |
    | grp_fir_Pipeline_sample_loop_fu_94/mul_32s_32s_32_1_1_U12/tmp_product_i_16                    | CLB.LUT.LUT6           |
    | grp_fir_Pipeline_sample_loop_fu_94/mul_32s_32s_32_1_1_U12/tmp_product__0/DSP_A_B_DATA_INST    | ARITHMETIC.DSP.DSP48E2 |
    | grp_fir_Pipeline_sample_loop_fu_94/mul_32s_32s_32_1_1_U12/tmp_product__0/DSP_PREADD_DATA_INST | ARITHMETIC.DSP.DSP48E2 |
    | grp_fir_Pipeline_sample_loop_fu_94/mul_32s_32s_32_1_1_U12/tmp_product__0/DSP_MULTIPLIER_INST  | ARITHMETIC.DSP.DSP48E2 |
    | grp_fir_Pipeline_sample_loop_fu_94/mul_32s_32s_32_1_1_U12/tmp_product__0/DSP_M_DATA_INST      | ARITHMETIC.DSP.DSP48E2 |
    | grp_fir_Pipeline_sample_loop_fu_94/mul_32s_32s_32_1_1_U12/tmp_product__0/DSP_ALU_INST         | ARITHMETIC.DSP.DSP48E2 |
    | grp_fir_Pipeline_sample_loop_fu_94/mul_32s_32s_32_1_1_U12/tmp_product__0/DSP_OUTPUT_INST      | ARITHMETIC.DSP.DSP48E2 |
    | grp_fir_Pipeline_sample_loop_fu_94/mul_32s_32s_32_1_1_U12/tmp_product__1/DSP_ALU_INST         | ARITHMETIC.DSP.DSP48E2 |
    | grp_fir_Pipeline_sample_loop_fu_94/mul_32s_32s_32_1_1_U12/tmp_product__1/DSP_OUTPUT_INST      | ARITHMETIC.DSP.DSP48E2 |
    | grp_fir_Pipeline_sample_loop_fu_94/mul_32s_32s_32_1_1_U12/reg_184[23]_i_8                     | CLB.LUT.LUT2           |
    | grp_fir_Pipeline_sample_loop_fu_94/mul_32s_32s_32_1_1_U12/reg_184_reg[23]_i_1                 | CLB.CARRY.CARRY8       |
    | grp_fir_Pipeline_sample_loop_fu_94/mul_32s_32s_32_1_1_U12/reg_184_reg[31]_i_2                 | CLB.CARRY.CARRY8       |
    | grp_fir_Pipeline_sample_loop_fu_94/reg_184_reg[30]                                            | REGISTER.SDR.FDRE      |
    +-----------------------------------------------------------------------------------------------+------------------------+

    +-----------------------------------------------------------------------------------------------+------------------------+
    | Path3 Cells                                                                                   | Primitive Type         |
    +-----------------------------------------------------------------------------------------------+------------------------+
    | grp_fir_Pipeline_sample_loop_fu_94/ap_CS_fsm_reg[3]                                           | REGISTER.SDR.FDRE      |
    | grp_fir_Pipeline_sample_loop_fu_94/mul_32s_32s_32_1_1_U12/tmp_product_i_48                    | CLB.LUT.LUT6           |
    | grp_fir_Pipeline_sample_loop_fu_94/mul_32s_32s_32_1_1_U12/tmp_product_i_16                    | CLB.LUT.LUT6           |
    | grp_fir_Pipeline_sample_loop_fu_94/mul_32s_32s_32_1_1_U12/tmp_product__0/DSP_A_B_DATA_INST    | ARITHMETIC.DSP.DSP48E2 |
    | grp_fir_Pipeline_sample_loop_fu_94/mul_32s_32s_32_1_1_U12/tmp_product__0/DSP_PREADD_DATA_INST | ARITHMETIC.DSP.DSP48E2 |
    | grp_fir_Pipeline_sample_loop_fu_94/mul_32s_32s_32_1_1_U12/tmp_product__0/DSP_MULTIPLIER_INST  | ARITHMETIC.DSP.DSP48E2 |
    | grp_fir_Pipeline_sample_loop_fu_94/mul_32s_32s_32_1_1_U12/tmp_product__0/DSP_M_DATA_INST      | ARITHMETIC.DSP.DSP48E2 |
    | grp_fir_Pipeline_sample_loop_fu_94/mul_32s_32s_32_1_1_U12/tmp_product__0/DSP_ALU_INST         | ARITHMETIC.DSP.DSP48E2 |
    | grp_fir_Pipeline_sample_loop_fu_94/mul_32s_32s_32_1_1_U12/tmp_product__0/DSP_OUTPUT_INST      | ARITHMETIC.DSP.DSP48E2 |
    | grp_fir_Pipeline_sample_loop_fu_94/mul_32s_32s_32_1_1_U12/tmp_product__1/DSP_ALU_INST         | ARITHMETIC.DSP.DSP48E2 |
    | grp_fir_Pipeline_sample_loop_fu_94/mul_32s_32s_32_1_1_U12/tmp_product__1/DSP_OUTPUT_INST      | ARITHMETIC.DSP.DSP48E2 |
    | grp_fir_Pipeline_sample_loop_fu_94/mul_32s_32s_32_1_1_U12/reg_184[23]_i_8                     | CLB.LUT.LUT2           |
    | grp_fir_Pipeline_sample_loop_fu_94/mul_32s_32s_32_1_1_U12/reg_184_reg[23]_i_1                 | CLB.CARRY.CARRY8       |
    | grp_fir_Pipeline_sample_loop_fu_94/mul_32s_32s_32_1_1_U12/reg_184_reg[31]_i_2                 | CLB.CARRY.CARRY8       |
    | grp_fir_Pipeline_sample_loop_fu_94/reg_184_reg[25]                                            | REGISTER.SDR.FDRE      |
    | grp_fir_Pipeline_sample_loop_fu_94/ap_CS_fsm_reg[3]                                           | REGISTER.SDR.FDRE      |
    | grp_fir_Pipeline_sample_loop_fu_94/mul_32s_32s_32_1_1_U13/tmp_product_i_49__0                 | CLB.LUT.LUT6           |
    | grp_fir_Pipeline_sample_loop_fu_94/mul_32s_32s_32_1_1_U13/tmp_product_i_16__0                 | CLB.LUT.LUT6           |
    | grp_fir_Pipeline_sample_loop_fu_94/mul_32s_32s_32_1_1_U13/tmp_product__0/DSP_A_B_DATA_INST    | ARITHMETIC.DSP.DSP48E2 |
    | grp_fir_Pipeline_sample_loop_fu_94/mul_32s_32s_32_1_1_U13/tmp_product__0/DSP_PREADD_DATA_INST | ARITHMETIC.DSP.DSP48E2 |
    | grp_fir_Pipeline_sample_loop_fu_94/mul_32s_32s_32_1_1_U13/tmp_product__0/DSP_MULTIPLIER_INST  | ARITHMETIC.DSP.DSP48E2 |
    | grp_fir_Pipeline_sample_loop_fu_94/mul_32s_32s_32_1_1_U13/tmp_product__0/DSP_M_DATA_INST      | ARITHMETIC.DSP.DSP48E2 |
    | grp_fir_Pipeline_sample_loop_fu_94/mul_32s_32s_32_1_1_U13/tmp_product__0/DSP_ALU_INST         | ARITHMETIC.DSP.DSP48E2 |
    | grp_fir_Pipeline_sample_loop_fu_94/mul_32s_32s_32_1_1_U13/tmp_product__0/DSP_OUTPUT_INST      | ARITHMETIC.DSP.DSP48E2 |
    | grp_fir_Pipeline_sample_loop_fu_94/mul_32s_32s_32_1_1_U13/tmp_product__1/DSP_ALU_INST         | ARITHMETIC.DSP.DSP48E2 |
    | grp_fir_Pipeline_sample_loop_fu_94/mul_32s_32s_32_1_1_U13/tmp_product__1/DSP_OUTPUT_INST      | ARITHMETIC.DSP.DSP48E2 |
    | grp_fir_Pipeline_sample_loop_fu_94/mul_32s_32s_32_1_1_U13/reg_188[23]_i_8                     | CLB.LUT.LUT2           |
    | grp_fir_Pipeline_sample_loop_fu_94/mul_32s_32s_32_1_1_U13/reg_188_reg[23]_i_1                 | CLB.CARRY.CARRY8       |
    | grp_fir_Pipeline_sample_loop_fu_94/mul_32s_32s_32_1_1_U13/reg_188_reg[31]_i_2                 | CLB.CARRY.CARRY8       |
    | grp_fir_Pipeline_sample_loop_fu_94/reg_188_reg[25]                                            | REGISTER.SDR.FDRE      |
    | grp_fir_Pipeline_sample_loop_fu_94/ap_CS_fsm_reg[3]                                           | REGISTER.SDR.FDRE      |
    | grp_fir_Pipeline_sample_loop_fu_94/mul_32s_32s_32_1_1_U12/tmp_product_i_48                    | CLB.LUT.LUT6           |
    | grp_fir_Pipeline_sample_loop_fu_94/mul_32s_32s_32_1_1_U12/tmp_product_i_16                    | CLB.LUT.LUT6           |
    | grp_fir_Pipeline_sample_loop_fu_94/mul_32s_32s_32_1_1_U12/tmp_product__0/DSP_A_B_DATA_INST    | ARITHMETIC.DSP.DSP48E2 |
    | grp_fir_Pipeline_sample_loop_fu_94/mul_32s_32s_32_1_1_U12/tmp_product__0/DSP_PREADD_DATA_INST | ARITHMETIC.DSP.DSP48E2 |
    | grp_fir_Pipeline_sample_loop_fu_94/mul_32s_32s_32_1_1_U12/tmp_product__0/DSP_MULTIPLIER_INST  | ARITHMETIC.DSP.DSP48E2 |
    | grp_fir_Pipeline_sample_loop_fu_94/mul_32s_32s_32_1_1_U12/tmp_product__0/DSP_M_DATA_INST      | ARITHMETIC.DSP.DSP48E2 |
    | grp_fir_Pipeline_sample_loop_fu_94/mul_32s_32s_32_1_1_U12/tmp_product__0/DSP_ALU_INST         | ARITHMETIC.DSP.DSP48E2 |
    | grp_fir_Pipeline_sample_loop_fu_94/mul_32s_32s_32_1_1_U12/tmp_product__0/DSP_OUTPUT_INST      | ARITHMETIC.DSP.DSP48E2 |
    | grp_fir_Pipeline_sample_loop_fu_94/mul_32s_32s_32_1_1_U12/tmp_product__1/DSP_ALU_INST         | ARITHMETIC.DSP.DSP48E2 |
    | grp_fir_Pipeline_sample_loop_fu_94/mul_32s_32s_32_1_1_U12/tmp_product__1/DSP_OUTPUT_INST      | ARITHMETIC.DSP.DSP48E2 |
    | grp_fir_Pipeline_sample_loop_fu_94/mul_32s_32s_32_1_1_U12/reg_184[23]_i_8                     | CLB.LUT.LUT2           |
    | grp_fir_Pipeline_sample_loop_fu_94/mul_32s_32s_32_1_1_U12/reg_184_reg[23]_i_1                 | CLB.CARRY.CARRY8       |
    | grp_fir_Pipeline_sample_loop_fu_94/mul_32s_32s_32_1_1_U12/reg_184_reg[31]_i_2                 | CLB.CARRY.CARRY8       |
    | grp_fir_Pipeline_sample_loop_fu_94/reg_184_reg[31]                                            | REGISTER.SDR.FDRE      |
    | grp_fir_Pipeline_sample_loop_fu_94/ap_CS_fsm_reg[3]                                           | REGISTER.SDR.FDRE      |
    | grp_fir_Pipeline_sample_loop_fu_94/mul_32s_32s_32_1_1_U13/tmp_product_i_49__0                 | CLB.LUT.LUT6           |
    | grp_fir_Pipeline_sample_loop_fu_94/mul_32s_32s_32_1_1_U13/tmp_product_i_16__0                 | CLB.LUT.LUT6           |
    | grp_fir_Pipeline_sample_loop_fu_94/mul_32s_32s_32_1_1_U13/tmp_product__0/DSP_A_B_DATA_INST    | ARITHMETIC.DSP.DSP48E2 |
    | grp_fir_Pipeline_sample_loop_fu_94/mul_32s_32s_32_1_1_U13/tmp_product__0/DSP_PREADD_DATA_INST | ARITHMETIC.DSP.DSP48E2 |
    | grp_fir_Pipeline_sample_loop_fu_94/mul_32s_32s_32_1_1_U13/tmp_product__0/DSP_MULTIPLIER_INST  | ARITHMETIC.DSP.DSP48E2 |
    | grp_fir_Pipeline_sample_loop_fu_94/mul_32s_32s_32_1_1_U13/tmp_product__0/DSP_M_DATA_INST      | ARITHMETIC.DSP.DSP48E2 |
    | grp_fir_Pipeline_sample_loop_fu_94/mul_32s_32s_32_1_1_U13/tmp_product__0/DSP_ALU_INST         | ARITHMETIC.DSP.DSP48E2 |
    | grp_fir_Pipeline_sample_loop_fu_94/mul_32s_32s_32_1_1_U13/tmp_product__0/DSP_OUTPUT_INST      | ARITHMETIC.DSP.DSP48E2 |
    | grp_fir_Pipeline_sample_loop_fu_94/mul_32s_32s_32_1_1_U13/tmp_product__1/DSP_ALU_INST         | ARITHMETIC.DSP.DSP48E2 |
    | grp_fir_Pipeline_sample_loop_fu_94/mul_32s_32s_32_1_1_U13/tmp_product__1/DSP_OUTPUT_INST      | ARITHMETIC.DSP.DSP48E2 |
    | grp_fir_Pipeline_sample_loop_fu_94/mul_32s_32s_32_1_1_U13/reg_188[23]_i_8                     | CLB.LUT.LUT2           |
    | grp_fir_Pipeline_sample_loop_fu_94/mul_32s_32s_32_1_1_U13/reg_188_reg[23]_i_1                 | CLB.CARRY.CARRY8       |
    | grp_fir_Pipeline_sample_loop_fu_94/mul_32s_32s_32_1_1_U13/reg_188_reg[31]_i_2                 | CLB.CARRY.CARRY8       |
    | grp_fir_Pipeline_sample_loop_fu_94/reg_188_reg[31]                                            | REGISTER.SDR.FDRE      |
    | grp_fir_Pipeline_sample_loop_fu_94/ap_CS_fsm_reg[3]                                           | REGISTER.SDR.FDRE      |
    | grp_fir_Pipeline_sample_loop_fu_94/mul_32s_32s_32_1_1_U12/tmp_product_i_48                    | CLB.LUT.LUT6           |
    | grp_fir_Pipeline_sample_loop_fu_94/mul_32s_32s_32_1_1_U12/tmp_product_i_16                    | CLB.LUT.LUT6           |
    | grp_fir_Pipeline_sample_loop_fu_94/mul_32s_32s_32_1_1_U12/tmp_product__0/DSP_A_B_DATA_INST    | ARITHMETIC.DSP.DSP48E2 |
    | grp_fir_Pipeline_sample_loop_fu_94/mul_32s_32s_32_1_1_U12/tmp_product__0/DSP_PREADD_DATA_INST | ARITHMETIC.DSP.DSP48E2 |
    | grp_fir_Pipeline_sample_loop_fu_94/mul_32s_32s_32_1_1_U12/tmp_product__0/DSP_MULTIPLIER_INST  | ARITHMETIC.DSP.DSP48E2 |
    | grp_fir_Pipeline_sample_loop_fu_94/mul_32s_32s_32_1_1_U12/tmp_product__0/DSP_M_DATA_INST      | ARITHMETIC.DSP.DSP48E2 |
    | grp_fir_Pipeline_sample_loop_fu_94/mul_32s_32s_32_1_1_U12/tmp_product__0/DSP_ALU_INST         | ARITHMETIC.DSP.DSP48E2 |
    | grp_fir_Pipeline_sample_loop_fu_94/mul_32s_32s_32_1_1_U12/tmp_product__0/DSP_OUTPUT_INST      | ARITHMETIC.DSP.DSP48E2 |
    | grp_fir_Pipeline_sample_loop_fu_94/mul_32s_32s_32_1_1_U12/tmp_product__1/DSP_ALU_INST         | ARITHMETIC.DSP.DSP48E2 |
    | grp_fir_Pipeline_sample_loop_fu_94/mul_32s_32s_32_1_1_U12/tmp_product__1/DSP_OUTPUT_INST      | ARITHMETIC.DSP.DSP48E2 |
    | grp_fir_Pipeline_sample_loop_fu_94/mul_32s_32s_32_1_1_U12/reg_184[23]_i_8                     | CLB.LUT.LUT2           |
    | grp_fir_Pipeline_sample_loop_fu_94/mul_32s_32s_32_1_1_U12/reg_184_reg[23]_i_1                 | CLB.CARRY.CARRY8       |
    | grp_fir_Pipeline_sample_loop_fu_94/mul_32s_32s_32_1_1_U12/reg_184_reg[31]_i_2                 | CLB.CARRY.CARRY8       |
    | grp_fir_Pipeline_sample_loop_fu_94/reg_184_reg[30]                                            | REGISTER.SDR.FDRE      |
    +-----------------------------------------------------------------------------------------------+------------------------+

    +-----------------------------------------------------------------------------------------------+------------------------+
    | Path4 Cells                                                                                   | Primitive Type         |
    +-----------------------------------------------------------------------------------------------+------------------------+
    | grp_fir_Pipeline_sample_loop_fu_94/ap_CS_fsm_reg[3]                                           | REGISTER.SDR.FDRE      |
    | grp_fir_Pipeline_sample_loop_fu_94/mul_32s_32s_32_1_1_U12/tmp_product_i_48                    | CLB.LUT.LUT6           |
    | grp_fir_Pipeline_sample_loop_fu_94/mul_32s_32s_32_1_1_U12/tmp_product_i_16                    | CLB.LUT.LUT6           |
    | grp_fir_Pipeline_sample_loop_fu_94/mul_32s_32s_32_1_1_U12/tmp_product__0/DSP_A_B_DATA_INST    | ARITHMETIC.DSP.DSP48E2 |
    | grp_fir_Pipeline_sample_loop_fu_94/mul_32s_32s_32_1_1_U12/tmp_product__0/DSP_PREADD_DATA_INST | ARITHMETIC.DSP.DSP48E2 |
    | grp_fir_Pipeline_sample_loop_fu_94/mul_32s_32s_32_1_1_U12/tmp_product__0/DSP_MULTIPLIER_INST  | ARITHMETIC.DSP.DSP48E2 |
    | grp_fir_Pipeline_sample_loop_fu_94/mul_32s_32s_32_1_1_U12/tmp_product__0/DSP_M_DATA_INST      | ARITHMETIC.DSP.DSP48E2 |
    | grp_fir_Pipeline_sample_loop_fu_94/mul_32s_32s_32_1_1_U12/tmp_product__0/DSP_ALU_INST         | ARITHMETIC.DSP.DSP48E2 |
    | grp_fir_Pipeline_sample_loop_fu_94/mul_32s_32s_32_1_1_U12/tmp_product__0/DSP_OUTPUT_INST      | ARITHMETIC.DSP.DSP48E2 |
    | grp_fir_Pipeline_sample_loop_fu_94/mul_32s_32s_32_1_1_U12/tmp_product__1/DSP_ALU_INST         | ARITHMETIC.DSP.DSP48E2 |
    | grp_fir_Pipeline_sample_loop_fu_94/mul_32s_32s_32_1_1_U12/tmp_product__1/DSP_OUTPUT_INST      | ARITHMETIC.DSP.DSP48E2 |
    | grp_fir_Pipeline_sample_loop_fu_94/mul_32s_32s_32_1_1_U12/reg_184[23]_i_8                     | CLB.LUT.LUT2           |
    | grp_fir_Pipeline_sample_loop_fu_94/mul_32s_32s_32_1_1_U12/reg_184_reg[23]_i_1                 | CLB.CARRY.CARRY8       |
    | grp_fir_Pipeline_sample_loop_fu_94/mul_32s_32s_32_1_1_U12/reg_184_reg[31]_i_2                 | CLB.CARRY.CARRY8       |
    | grp_fir_Pipeline_sample_loop_fu_94/reg_184_reg[25]                                            | REGISTER.SDR.FDRE      |
    | grp_fir_Pipeline_sample_loop_fu_94/ap_CS_fsm_reg[3]                                           | REGISTER.SDR.FDRE      |
    | grp_fir_Pipeline_sample_loop_fu_94/mul_32s_32s_32_1_1_U13/tmp_product_i_49__0                 | CLB.LUT.LUT6           |
    | grp_fir_Pipeline_sample_loop_fu_94/mul_32s_32s_32_1_1_U13/tmp_product_i_16__0                 | CLB.LUT.LUT6           |
    | grp_fir_Pipeline_sample_loop_fu_94/mul_32s_32s_32_1_1_U13/tmp_product__0/DSP_A_B_DATA_INST    | ARITHMETIC.DSP.DSP48E2 |
    | grp_fir_Pipeline_sample_loop_fu_94/mul_32s_32s_32_1_1_U13/tmp_product__0/DSP_PREADD_DATA_INST | ARITHMETIC.DSP.DSP48E2 |
    | grp_fir_Pipeline_sample_loop_fu_94/mul_32s_32s_32_1_1_U13/tmp_product__0/DSP_MULTIPLIER_INST  | ARITHMETIC.DSP.DSP48E2 |
    | grp_fir_Pipeline_sample_loop_fu_94/mul_32s_32s_32_1_1_U13/tmp_product__0/DSP_M_DATA_INST      | ARITHMETIC.DSP.DSP48E2 |
    | grp_fir_Pipeline_sample_loop_fu_94/mul_32s_32s_32_1_1_U13/tmp_product__0/DSP_ALU_INST         | ARITHMETIC.DSP.DSP48E2 |
    | grp_fir_Pipeline_sample_loop_fu_94/mul_32s_32s_32_1_1_U13/tmp_product__0/DSP_OUTPUT_INST      | ARITHMETIC.DSP.DSP48E2 |
    | grp_fir_Pipeline_sample_loop_fu_94/mul_32s_32s_32_1_1_U13/tmp_product__1/DSP_ALU_INST         | ARITHMETIC.DSP.DSP48E2 |
    | grp_fir_Pipeline_sample_loop_fu_94/mul_32s_32s_32_1_1_U13/tmp_product__1/DSP_OUTPUT_INST      | ARITHMETIC.DSP.DSP48E2 |
    | grp_fir_Pipeline_sample_loop_fu_94/mul_32s_32s_32_1_1_U13/reg_188[23]_i_8                     | CLB.LUT.LUT2           |
    | grp_fir_Pipeline_sample_loop_fu_94/mul_32s_32s_32_1_1_U13/reg_188_reg[23]_i_1                 | CLB.CARRY.CARRY8       |
    | grp_fir_Pipeline_sample_loop_fu_94/mul_32s_32s_32_1_1_U13/reg_188_reg[31]_i_2                 | CLB.CARRY.CARRY8       |
    | grp_fir_Pipeline_sample_loop_fu_94/reg_188_reg[25]                                            | REGISTER.SDR.FDRE      |
    | grp_fir_Pipeline_sample_loop_fu_94/ap_CS_fsm_reg[3]                                           | REGISTER.SDR.FDRE      |
    | grp_fir_Pipeline_sample_loop_fu_94/mul_32s_32s_32_1_1_U12/tmp_product_i_48                    | CLB.LUT.LUT6           |
    | grp_fir_Pipeline_sample_loop_fu_94/mul_32s_32s_32_1_1_U12/tmp_product_i_16                    | CLB.LUT.LUT6           |
    | grp_fir_Pipeline_sample_loop_fu_94/mul_32s_32s_32_1_1_U12/tmp_product__0/DSP_A_B_DATA_INST    | ARITHMETIC.DSP.DSP48E2 |
    | grp_fir_Pipeline_sample_loop_fu_94/mul_32s_32s_32_1_1_U12/tmp_product__0/DSP_PREADD_DATA_INST | ARITHMETIC.DSP.DSP48E2 |
    | grp_fir_Pipeline_sample_loop_fu_94/mul_32s_32s_32_1_1_U12/tmp_product__0/DSP_MULTIPLIER_INST  | ARITHMETIC.DSP.DSP48E2 |
    | grp_fir_Pipeline_sample_loop_fu_94/mul_32s_32s_32_1_1_U12/tmp_product__0/DSP_M_DATA_INST      | ARITHMETIC.DSP.DSP48E2 |
    | grp_fir_Pipeline_sample_loop_fu_94/mul_32s_32s_32_1_1_U12/tmp_product__0/DSP_ALU_INST         | ARITHMETIC.DSP.DSP48E2 |
    | grp_fir_Pipeline_sample_loop_fu_94/mul_32s_32s_32_1_1_U12/tmp_product__0/DSP_OUTPUT_INST      | ARITHMETIC.DSP.DSP48E2 |
    | grp_fir_Pipeline_sample_loop_fu_94/mul_32s_32s_32_1_1_U12/tmp_product__1/DSP_ALU_INST         | ARITHMETIC.DSP.DSP48E2 |
    | grp_fir_Pipeline_sample_loop_fu_94/mul_32s_32s_32_1_1_U12/tmp_product__1/DSP_OUTPUT_INST      | ARITHMETIC.DSP.DSP48E2 |
    | grp_fir_Pipeline_sample_loop_fu_94/mul_32s_32s_32_1_1_U12/reg_184[23]_i_8                     | CLB.LUT.LUT2           |
    | grp_fir_Pipeline_sample_loop_fu_94/mul_32s_32s_32_1_1_U12/reg_184_reg[23]_i_1                 | CLB.CARRY.CARRY8       |
    | grp_fir_Pipeline_sample_loop_fu_94/mul_32s_32s_32_1_1_U12/reg_184_reg[31]_i_2                 | CLB.CARRY.CARRY8       |
    | grp_fir_Pipeline_sample_loop_fu_94/reg_184_reg[31]                                            | REGISTER.SDR.FDRE      |
    | grp_fir_Pipeline_sample_loop_fu_94/ap_CS_fsm_reg[3]                                           | REGISTER.SDR.FDRE      |
    | grp_fir_Pipeline_sample_loop_fu_94/mul_32s_32s_32_1_1_U13/tmp_product_i_49__0                 | CLB.LUT.LUT6           |
    | grp_fir_Pipeline_sample_loop_fu_94/mul_32s_32s_32_1_1_U13/tmp_product_i_16__0                 | CLB.LUT.LUT6           |
    | grp_fir_Pipeline_sample_loop_fu_94/mul_32s_32s_32_1_1_U13/tmp_product__0/DSP_A_B_DATA_INST    | ARITHMETIC.DSP.DSP48E2 |
    | grp_fir_Pipeline_sample_loop_fu_94/mul_32s_32s_32_1_1_U13/tmp_product__0/DSP_PREADD_DATA_INST | ARITHMETIC.DSP.DSP48E2 |
    | grp_fir_Pipeline_sample_loop_fu_94/mul_32s_32s_32_1_1_U13/tmp_product__0/DSP_MULTIPLIER_INST  | ARITHMETIC.DSP.DSP48E2 |
    | grp_fir_Pipeline_sample_loop_fu_94/mul_32s_32s_32_1_1_U13/tmp_product__0/DSP_M_DATA_INST      | ARITHMETIC.DSP.DSP48E2 |
    | grp_fir_Pipeline_sample_loop_fu_94/mul_32s_32s_32_1_1_U13/tmp_product__0/DSP_ALU_INST         | ARITHMETIC.DSP.DSP48E2 |
    | grp_fir_Pipeline_sample_loop_fu_94/mul_32s_32s_32_1_1_U13/tmp_product__0/DSP_OUTPUT_INST      | ARITHMETIC.DSP.DSP48E2 |
    | grp_fir_Pipeline_sample_loop_fu_94/mul_32s_32s_32_1_1_U13/tmp_product__1/DSP_ALU_INST         | ARITHMETIC.DSP.DSP48E2 |
    | grp_fir_Pipeline_sample_loop_fu_94/mul_32s_32s_32_1_1_U13/tmp_product__1/DSP_OUTPUT_INST      | ARITHMETIC.DSP.DSP48E2 |
    | grp_fir_Pipeline_sample_loop_fu_94/mul_32s_32s_32_1_1_U13/reg_188[23]_i_8                     | CLB.LUT.LUT2           |
    | grp_fir_Pipeline_sample_loop_fu_94/mul_32s_32s_32_1_1_U13/reg_188_reg[23]_i_1                 | CLB.CARRY.CARRY8       |
    | grp_fir_Pipeline_sample_loop_fu_94/mul_32s_32s_32_1_1_U13/reg_188_reg[31]_i_2                 | CLB.CARRY.CARRY8       |
    | grp_fir_Pipeline_sample_loop_fu_94/reg_188_reg[31]                                            | REGISTER.SDR.FDRE      |
    | grp_fir_Pipeline_sample_loop_fu_94/ap_CS_fsm_reg[3]                                           | REGISTER.SDR.FDRE      |
    | grp_fir_Pipeline_sample_loop_fu_94/mul_32s_32s_32_1_1_U12/tmp_product_i_48                    | CLB.LUT.LUT6           |
    | grp_fir_Pipeline_sample_loop_fu_94/mul_32s_32s_32_1_1_U12/tmp_product_i_16                    | CLB.LUT.LUT6           |
    | grp_fir_Pipeline_sample_loop_fu_94/mul_32s_32s_32_1_1_U12/tmp_product__0/DSP_A_B_DATA_INST    | ARITHMETIC.DSP.DSP48E2 |
    | grp_fir_Pipeline_sample_loop_fu_94/mul_32s_32s_32_1_1_U12/tmp_product__0/DSP_PREADD_DATA_INST | ARITHMETIC.DSP.DSP48E2 |
    | grp_fir_Pipeline_sample_loop_fu_94/mul_32s_32s_32_1_1_U12/tmp_product__0/DSP_MULTIPLIER_INST  | ARITHMETIC.DSP.DSP48E2 |
    | grp_fir_Pipeline_sample_loop_fu_94/mul_32s_32s_32_1_1_U12/tmp_product__0/DSP_M_DATA_INST      | ARITHMETIC.DSP.DSP48E2 |
    | grp_fir_Pipeline_sample_loop_fu_94/mul_32s_32s_32_1_1_U12/tmp_product__0/DSP_ALU_INST         | ARITHMETIC.DSP.DSP48E2 |
    | grp_fir_Pipeline_sample_loop_fu_94/mul_32s_32s_32_1_1_U12/tmp_product__0/DSP_OUTPUT_INST      | ARITHMETIC.DSP.DSP48E2 |
    | grp_fir_Pipeline_sample_loop_fu_94/mul_32s_32s_32_1_1_U12/tmp_product__1/DSP_ALU_INST         | ARITHMETIC.DSP.DSP48E2 |
    | grp_fir_Pipeline_sample_loop_fu_94/mul_32s_32s_32_1_1_U12/tmp_product__1/DSP_OUTPUT_INST      | ARITHMETIC.DSP.DSP48E2 |
    | grp_fir_Pipeline_sample_loop_fu_94/mul_32s_32s_32_1_1_U12/reg_184[23]_i_8                     | CLB.LUT.LUT2           |
    | grp_fir_Pipeline_sample_loop_fu_94/mul_32s_32s_32_1_1_U12/reg_184_reg[23]_i_1                 | CLB.CARRY.CARRY8       |
    | grp_fir_Pipeline_sample_loop_fu_94/mul_32s_32s_32_1_1_U12/reg_184_reg[31]_i_2                 | CLB.CARRY.CARRY8       |
    | grp_fir_Pipeline_sample_loop_fu_94/reg_184_reg[30]                                            | REGISTER.SDR.FDRE      |
    +-----------------------------------------------------------------------------------------------+------------------------+

    +-----------------------------------------------------------------------------------------------+------------------------+
    | Path5 Cells                                                                                   | Primitive Type         |
    +-----------------------------------------------------------------------------------------------+------------------------+
    | grp_fir_Pipeline_sample_loop_fu_94/ap_CS_fsm_reg[3]                                           | REGISTER.SDR.FDRE      |
    | grp_fir_Pipeline_sample_loop_fu_94/mul_32s_32s_32_1_1_U12/tmp_product_i_48                    | CLB.LUT.LUT6           |
    | grp_fir_Pipeline_sample_loop_fu_94/mul_32s_32s_32_1_1_U12/tmp_product_i_16                    | CLB.LUT.LUT6           |
    | grp_fir_Pipeline_sample_loop_fu_94/mul_32s_32s_32_1_1_U12/tmp_product__0/DSP_A_B_DATA_INST    | ARITHMETIC.DSP.DSP48E2 |
    | grp_fir_Pipeline_sample_loop_fu_94/mul_32s_32s_32_1_1_U12/tmp_product__0/DSP_PREADD_DATA_INST | ARITHMETIC.DSP.DSP48E2 |
    | grp_fir_Pipeline_sample_loop_fu_94/mul_32s_32s_32_1_1_U12/tmp_product__0/DSP_MULTIPLIER_INST  | ARITHMETIC.DSP.DSP48E2 |
    | grp_fir_Pipeline_sample_loop_fu_94/mul_32s_32s_32_1_1_U12/tmp_product__0/DSP_M_DATA_INST      | ARITHMETIC.DSP.DSP48E2 |
    | grp_fir_Pipeline_sample_loop_fu_94/mul_32s_32s_32_1_1_U12/tmp_product__0/DSP_ALU_INST         | ARITHMETIC.DSP.DSP48E2 |
    | grp_fir_Pipeline_sample_loop_fu_94/mul_32s_32s_32_1_1_U12/tmp_product__0/DSP_OUTPUT_INST      | ARITHMETIC.DSP.DSP48E2 |
    | grp_fir_Pipeline_sample_loop_fu_94/mul_32s_32s_32_1_1_U12/tmp_product__1/DSP_ALU_INST         | ARITHMETIC.DSP.DSP48E2 |
    | grp_fir_Pipeline_sample_loop_fu_94/mul_32s_32s_32_1_1_U12/tmp_product__1/DSP_OUTPUT_INST      | ARITHMETIC.DSP.DSP48E2 |
    | grp_fir_Pipeline_sample_loop_fu_94/mul_32s_32s_32_1_1_U12/reg_184[23]_i_8                     | CLB.LUT.LUT2           |
    | grp_fir_Pipeline_sample_loop_fu_94/mul_32s_32s_32_1_1_U12/reg_184_reg[23]_i_1                 | CLB.CARRY.CARRY8       |
    | grp_fir_Pipeline_sample_loop_fu_94/mul_32s_32s_32_1_1_U12/reg_184_reg[31]_i_2                 | CLB.CARRY.CARRY8       |
    | grp_fir_Pipeline_sample_loop_fu_94/reg_184_reg[25]                                            | REGISTER.SDR.FDRE      |
    | grp_fir_Pipeline_sample_loop_fu_94/ap_CS_fsm_reg[3]                                           | REGISTER.SDR.FDRE      |
    | grp_fir_Pipeline_sample_loop_fu_94/mul_32s_32s_32_1_1_U13/tmp_product_i_49__0                 | CLB.LUT.LUT6           |
    | grp_fir_Pipeline_sample_loop_fu_94/mul_32s_32s_32_1_1_U13/tmp_product_i_16__0                 | CLB.LUT.LUT6           |
    | grp_fir_Pipeline_sample_loop_fu_94/mul_32s_32s_32_1_1_U13/tmp_product__0/DSP_A_B_DATA_INST    | ARITHMETIC.DSP.DSP48E2 |
    | grp_fir_Pipeline_sample_loop_fu_94/mul_32s_32s_32_1_1_U13/tmp_product__0/DSP_PREADD_DATA_INST | ARITHMETIC.DSP.DSP48E2 |
    | grp_fir_Pipeline_sample_loop_fu_94/mul_32s_32s_32_1_1_U13/tmp_product__0/DSP_MULTIPLIER_INST  | ARITHMETIC.DSP.DSP48E2 |
    | grp_fir_Pipeline_sample_loop_fu_94/mul_32s_32s_32_1_1_U13/tmp_product__0/DSP_M_DATA_INST      | ARITHMETIC.DSP.DSP48E2 |
    | grp_fir_Pipeline_sample_loop_fu_94/mul_32s_32s_32_1_1_U13/tmp_product__0/DSP_ALU_INST         | ARITHMETIC.DSP.DSP48E2 |
    | grp_fir_Pipeline_sample_loop_fu_94/mul_32s_32s_32_1_1_U13/tmp_product__0/DSP_OUTPUT_INST      | ARITHMETIC.DSP.DSP48E2 |
    | grp_fir_Pipeline_sample_loop_fu_94/mul_32s_32s_32_1_1_U13/tmp_product__1/DSP_ALU_INST         | ARITHMETIC.DSP.DSP48E2 |
    | grp_fir_Pipeline_sample_loop_fu_94/mul_32s_32s_32_1_1_U13/tmp_product__1/DSP_OUTPUT_INST      | ARITHMETIC.DSP.DSP48E2 |
    | grp_fir_Pipeline_sample_loop_fu_94/mul_32s_32s_32_1_1_U13/reg_188[23]_i_8                     | CLB.LUT.LUT2           |
    | grp_fir_Pipeline_sample_loop_fu_94/mul_32s_32s_32_1_1_U13/reg_188_reg[23]_i_1                 | CLB.CARRY.CARRY8       |
    | grp_fir_Pipeline_sample_loop_fu_94/mul_32s_32s_32_1_1_U13/reg_188_reg[31]_i_2                 | CLB.CARRY.CARRY8       |
    | grp_fir_Pipeline_sample_loop_fu_94/reg_188_reg[25]                                            | REGISTER.SDR.FDRE      |
    | grp_fir_Pipeline_sample_loop_fu_94/ap_CS_fsm_reg[3]                                           | REGISTER.SDR.FDRE      |
    | grp_fir_Pipeline_sample_loop_fu_94/mul_32s_32s_32_1_1_U12/tmp_product_i_48                    | CLB.LUT.LUT6           |
    | grp_fir_Pipeline_sample_loop_fu_94/mul_32s_32s_32_1_1_U12/tmp_product_i_16                    | CLB.LUT.LUT6           |
    | grp_fir_Pipeline_sample_loop_fu_94/mul_32s_32s_32_1_1_U12/tmp_product__0/DSP_A_B_DATA_INST    | ARITHMETIC.DSP.DSP48E2 |
    | grp_fir_Pipeline_sample_loop_fu_94/mul_32s_32s_32_1_1_U12/tmp_product__0/DSP_PREADD_DATA_INST | ARITHMETIC.DSP.DSP48E2 |
    | grp_fir_Pipeline_sample_loop_fu_94/mul_32s_32s_32_1_1_U12/tmp_product__0/DSP_MULTIPLIER_INST  | ARITHMETIC.DSP.DSP48E2 |
    | grp_fir_Pipeline_sample_loop_fu_94/mul_32s_32s_32_1_1_U12/tmp_product__0/DSP_M_DATA_INST      | ARITHMETIC.DSP.DSP48E2 |
    | grp_fir_Pipeline_sample_loop_fu_94/mul_32s_32s_32_1_1_U12/tmp_product__0/DSP_ALU_INST         | ARITHMETIC.DSP.DSP48E2 |
    | grp_fir_Pipeline_sample_loop_fu_94/mul_32s_32s_32_1_1_U12/tmp_product__0/DSP_OUTPUT_INST      | ARITHMETIC.DSP.DSP48E2 |
    | grp_fir_Pipeline_sample_loop_fu_94/mul_32s_32s_32_1_1_U12/tmp_product__1/DSP_ALU_INST         | ARITHMETIC.DSP.DSP48E2 |
    | grp_fir_Pipeline_sample_loop_fu_94/mul_32s_32s_32_1_1_U12/tmp_product__1/DSP_OUTPUT_INST      | ARITHMETIC.DSP.DSP48E2 |
    | grp_fir_Pipeline_sample_loop_fu_94/mul_32s_32s_32_1_1_U12/reg_184[23]_i_8                     | CLB.LUT.LUT2           |
    | grp_fir_Pipeline_sample_loop_fu_94/mul_32s_32s_32_1_1_U12/reg_184_reg[23]_i_1                 | CLB.CARRY.CARRY8       |
    | grp_fir_Pipeline_sample_loop_fu_94/mul_32s_32s_32_1_1_U12/reg_184_reg[31]_i_2                 | CLB.CARRY.CARRY8       |
    | grp_fir_Pipeline_sample_loop_fu_94/reg_184_reg[31]                                            | REGISTER.SDR.FDRE      |
    | grp_fir_Pipeline_sample_loop_fu_94/ap_CS_fsm_reg[3]                                           | REGISTER.SDR.FDRE      |
    | grp_fir_Pipeline_sample_loop_fu_94/mul_32s_32s_32_1_1_U13/tmp_product_i_49__0                 | CLB.LUT.LUT6           |
    | grp_fir_Pipeline_sample_loop_fu_94/mul_32s_32s_32_1_1_U13/tmp_product_i_16__0                 | CLB.LUT.LUT6           |
    | grp_fir_Pipeline_sample_loop_fu_94/mul_32s_32s_32_1_1_U13/tmp_product__0/DSP_A_B_DATA_INST    | ARITHMETIC.DSP.DSP48E2 |
    | grp_fir_Pipeline_sample_loop_fu_94/mul_32s_32s_32_1_1_U13/tmp_product__0/DSP_PREADD_DATA_INST | ARITHMETIC.DSP.DSP48E2 |
    | grp_fir_Pipeline_sample_loop_fu_94/mul_32s_32s_32_1_1_U13/tmp_product__0/DSP_MULTIPLIER_INST  | ARITHMETIC.DSP.DSP48E2 |
    | grp_fir_Pipeline_sample_loop_fu_94/mul_32s_32s_32_1_1_U13/tmp_product__0/DSP_M_DATA_INST      | ARITHMETIC.DSP.DSP48E2 |
    | grp_fir_Pipeline_sample_loop_fu_94/mul_32s_32s_32_1_1_U13/tmp_product__0/DSP_ALU_INST         | ARITHMETIC.DSP.DSP48E2 |
    | grp_fir_Pipeline_sample_loop_fu_94/mul_32s_32s_32_1_1_U13/tmp_product__0/DSP_OUTPUT_INST      | ARITHMETIC.DSP.DSP48E2 |
    | grp_fir_Pipeline_sample_loop_fu_94/mul_32s_32s_32_1_1_U13/tmp_product__1/DSP_ALU_INST         | ARITHMETIC.DSP.DSP48E2 |
    | grp_fir_Pipeline_sample_loop_fu_94/mul_32s_32s_32_1_1_U13/tmp_product__1/DSP_OUTPUT_INST      | ARITHMETIC.DSP.DSP48E2 |
    | grp_fir_Pipeline_sample_loop_fu_94/mul_32s_32s_32_1_1_U13/reg_188[23]_i_8                     | CLB.LUT.LUT2           |
    | grp_fir_Pipeline_sample_loop_fu_94/mul_32s_32s_32_1_1_U13/reg_188_reg[23]_i_1                 | CLB.CARRY.CARRY8       |
    | grp_fir_Pipeline_sample_loop_fu_94/mul_32s_32s_32_1_1_U13/reg_188_reg[31]_i_2                 | CLB.CARRY.CARRY8       |
    | grp_fir_Pipeline_sample_loop_fu_94/reg_188_reg[31]                                            | REGISTER.SDR.FDRE      |
    | grp_fir_Pipeline_sample_loop_fu_94/ap_CS_fsm_reg[3]                                           | REGISTER.SDR.FDRE      |
    | grp_fir_Pipeline_sample_loop_fu_94/mul_32s_32s_32_1_1_U12/tmp_product_i_48                    | CLB.LUT.LUT6           |
    | grp_fir_Pipeline_sample_loop_fu_94/mul_32s_32s_32_1_1_U12/tmp_product_i_16                    | CLB.LUT.LUT6           |
    | grp_fir_Pipeline_sample_loop_fu_94/mul_32s_32s_32_1_1_U12/tmp_product__0/DSP_A_B_DATA_INST    | ARITHMETIC.DSP.DSP48E2 |
    | grp_fir_Pipeline_sample_loop_fu_94/mul_32s_32s_32_1_1_U12/tmp_product__0/DSP_PREADD_DATA_INST | ARITHMETIC.DSP.DSP48E2 |
    | grp_fir_Pipeline_sample_loop_fu_94/mul_32s_32s_32_1_1_U12/tmp_product__0/DSP_MULTIPLIER_INST  | ARITHMETIC.DSP.DSP48E2 |
    | grp_fir_Pipeline_sample_loop_fu_94/mul_32s_32s_32_1_1_U12/tmp_product__0/DSP_M_DATA_INST      | ARITHMETIC.DSP.DSP48E2 |
    | grp_fir_Pipeline_sample_loop_fu_94/mul_32s_32s_32_1_1_U12/tmp_product__0/DSP_ALU_INST         | ARITHMETIC.DSP.DSP48E2 |
    | grp_fir_Pipeline_sample_loop_fu_94/mul_32s_32s_32_1_1_U12/tmp_product__0/DSP_OUTPUT_INST      | ARITHMETIC.DSP.DSP48E2 |
    | grp_fir_Pipeline_sample_loop_fu_94/mul_32s_32s_32_1_1_U12/tmp_product__1/DSP_ALU_INST         | ARITHMETIC.DSP.DSP48E2 |
    | grp_fir_Pipeline_sample_loop_fu_94/mul_32s_32s_32_1_1_U12/tmp_product__1/DSP_OUTPUT_INST      | ARITHMETIC.DSP.DSP48E2 |
    | grp_fir_Pipeline_sample_loop_fu_94/mul_32s_32s_32_1_1_U12/reg_184[23]_i_8                     | CLB.LUT.LUT2           |
    | grp_fir_Pipeline_sample_loop_fu_94/mul_32s_32s_32_1_1_U12/reg_184_reg[23]_i_1                 | CLB.CARRY.CARRY8       |
    | grp_fir_Pipeline_sample_loop_fu_94/mul_32s_32s_32_1_1_U12/reg_184_reg[31]_i_2                 | CLB.CARRY.CARRY8       |
    | grp_fir_Pipeline_sample_loop_fu_94/reg_184_reg[30]                                            | REGISTER.SDR.FDRE      |
    +-----------------------------------------------------------------------------------------------+------------------------+


================================================================
== RTL Synthesis Vivado Reports
================================================================
+--------------------------+------------------------------------------------------------+
| Report Type              | Report Location                                            |
+--------------------------+------------------------------------------------------------+
| design_analysis          | impl/verilog/report/fir_design_analysis_synth.rpt          |
| failfast                 | impl/verilog/report/fir_failfast_synth.rpt                 |
| power                    | impl/verilog/report/fir_power_synth.rpt                    |
| timing                   | impl/verilog/report/fir_timing_synth.rpt                   |
| timing_paths             | impl/verilog/report/fir_timing_paths_synth.rpt             |
| utilization              | impl/verilog/report/fir_utilization_synth.rpt              |
| utilization_hierarchical | impl/verilog/report/fir_utilization_hierarchical_synth.rpt |
+--------------------------+------------------------------------------------------------+


