

================================================================
== Vitis HLS Report for 'fir'
================================================================
* Date:           Tue Feb  4 17:38:14 2025

* Version:        2024.2 (Build 5238294 on Nov  8 2024)
* Project:        fir3
* Solution:       hls (Vitis Kernel Flow Target)
* Product family: zynquplusRFSOC
* Target device:  xczu48dr-ffvg1517-2-e


================================================================
== Performance Estimates
================================================================
+ Timing: 
    * Summary: 
    +--------+---------+----------+------------+
    |  Clock |  Target | Estimated| Uncertainty|
    +--------+---------+----------+------------+
    |ap_clk  |  5.00 ns|  3.573 ns|     1.35 ns|
    +--------+---------+----------+------------+

+ Latency: 
    * Summary: 
    +---------+---------+----------+----------+-----+-----+---------+
    |  Latency (cycles) |  Latency (absolute) |  Interval | Pipeline|
    |   min   |   max   |    min   |    max   | min | max |   Type  |
    +---------+---------+----------+----------+-----+-----+---------+
    |      119|      119|  0.595 us|  0.595 us|  120|  120|       no|
    +---------+---------+----------+----------+-----+-----+---------+

    + Detail: 
        * Instance: 
        N/A

        * Loop: 
        N/A

============================================================
+ Verbose Summary: Synthesis Manager
============================================================
InlineROM: 1
ExposeGlobal: 0
============================================================
+ Verbose Summary: CDFG Model
============================================================
IsTopModel: 1
ResetActiveHigh: 1
IsCombinational: 0
IsDatapathOnly: 0
HasWiredReturn: 1
HasMFsm: 0
HasVarLatency: 1
IsPipeline: 0
IsRtlPipelined: 0
IsInstanceOverlapped: 0
IsDontTouch: 0
HasImplIP: 0
IsGatedGlobalClock: 0


============================================================
+ Verbose Summary: Schedule
============================================================
* Number of FSM states : 5
* Pipeline : 0
* Dataflow Pipeline: 0

* FSM state transitions: 
1 --> 2 
2 --> 3 
3 --> 4 
4 --> 5 
5 --> 

* FSM state operations: 

State 1 <SV = 0> <Delay = 0.00>
ST_1 : Operation 6 [1/1] (0.00ns)   --->   "%reg_loc = alloca i64 1"   --->   Operation 6 'alloca' 'reg_loc' <Predicate = true> <Delay = 0.00>
ST_1 : Operation 7 [1/1] (0.00ns)   --->   "%reg_1_loc = alloca i64 1"   --->   Operation 7 'alloca' 'reg_1_loc' <Predicate = true> <Delay = 0.00>
ST_1 : Operation 8 [1/1] (0.00ns)   --->   "%reg_2_loc = alloca i64 1"   --->   Operation 8 'alloca' 'reg_2_loc' <Predicate = true> <Delay = 0.00>
ST_1 : Operation 9 [1/1] (0.00ns)   --->   "%reg_3_loc = alloca i64 1"   --->   Operation 9 'alloca' 'reg_3_loc' <Predicate = true> <Delay = 0.00>
ST_1 : Operation 10 [1/1] (0.00ns)   --->   "%reg_4_loc = alloca i64 1"   --->   Operation 10 'alloca' 'reg_4_loc' <Predicate = true> <Delay = 0.00>
ST_1 : Operation 11 [1/1] (0.00ns)   --->   "%reg_5_loc = alloca i64 1"   --->   Operation 11 'alloca' 'reg_5_loc' <Predicate = true> <Delay = 0.00>
ST_1 : Operation 12 [1/1] (0.00ns)   --->   "%reg_6_loc = alloca i64 1"   --->   Operation 12 'alloca' 'reg_6_loc' <Predicate = true> <Delay = 0.00>
ST_1 : Operation 13 [1/1] (0.00ns)   --->   "%reg_7_loc = alloca i64 1"   --->   Operation 13 'alloca' 'reg_7_loc' <Predicate = true> <Delay = 0.00>
ST_1 : Operation 14 [1/1] (0.00ns)   --->   "%reg_8_loc = alloca i64 1"   --->   Operation 14 'alloca' 'reg_8_loc' <Predicate = true> <Delay = 0.00>
ST_1 : Operation 15 [2/2] (0.00ns)   --->   "%call_ln0 = call void @fir_Pipeline_1, i32 %reg_8_loc, i32 %reg_7_loc, i32 %reg_6_loc, i32 %reg_5_loc, i32 %reg_4_loc, i32 %reg_3_loc, i32 %reg_2_loc, i32 %reg_1_loc, i32 %reg_loc"   --->   Operation 15 'call' 'call_ln0' <Predicate = true> <Delay = 0.00> <CoreType = "Generic">   --->   Generic Core

State 2 <SV = 1> <Delay = 1.65>
ST_2 : Operation 16 [1/2] (1.65ns)   --->   "%call_ln0 = call void @fir_Pipeline_1, i32 %reg_8_loc, i32 %reg_7_loc, i32 %reg_6_loc, i32 %reg_5_loc, i32 %reg_4_loc, i32 %reg_3_loc, i32 %reg_2_loc, i32 %reg_1_loc, i32 %reg_loc"   --->   Operation 16 'call' 'call_ln0' <Predicate = true> <Delay = 1.65> <CoreType = "Generic">   --->   Generic Core

State 3 <SV = 2> <Delay = 3.57>
ST_3 : Operation 17 [1/1] (0.00ns)   --->   "%reg_8_loc_load = load i32 %reg_8_loc"   --->   Operation 17 'load' 'reg_8_loc_load' <Predicate = true> <Delay = 0.00>
ST_3 : Operation 18 [1/1] (0.00ns)   --->   "%reg_7_loc_load = load i32 %reg_7_loc"   --->   Operation 18 'load' 'reg_7_loc_load' <Predicate = true> <Delay = 0.00>
ST_3 : Operation 19 [1/1] (0.00ns)   --->   "%reg_6_loc_load = load i32 %reg_6_loc"   --->   Operation 19 'load' 'reg_6_loc_load' <Predicate = true> <Delay = 0.00>
ST_3 : Operation 20 [1/1] (0.00ns)   --->   "%reg_5_loc_load = load i32 %reg_5_loc"   --->   Operation 20 'load' 'reg_5_loc_load' <Predicate = true> <Delay = 0.00>
ST_3 : Operation 21 [1/1] (0.00ns)   --->   "%reg_4_loc_load = load i32 %reg_4_loc"   --->   Operation 21 'load' 'reg_4_loc_load' <Predicate = true> <Delay = 0.00>
ST_3 : Operation 22 [1/1] (0.00ns)   --->   "%reg_3_loc_load = load i32 %reg_3_loc"   --->   Operation 22 'load' 'reg_3_loc_load' <Predicate = true> <Delay = 0.00>
ST_3 : Operation 23 [1/1] (0.00ns)   --->   "%reg_2_loc_load = load i32 %reg_2_loc"   --->   Operation 23 'load' 'reg_2_loc_load' <Predicate = true> <Delay = 0.00>
ST_3 : Operation 24 [1/1] (0.00ns)   --->   "%reg_1_loc_load = load i32 %reg_1_loc"   --->   Operation 24 'load' 'reg_1_loc_load' <Predicate = true> <Delay = 0.00>
ST_3 : Operation 25 [1/1] (0.00ns)   --->   "%reg_loc_load = load i32 %reg_loc"   --->   Operation 25 'load' 'reg_loc_load' <Predicate = true> <Delay = 0.00>
ST_3 : Operation 26 [2/2] (3.57ns)   --->   "%call_ln0 = call void @fir_Pipeline_sample_loop, i32 %reg_8_loc_load, i32 %reg_7_loc_load, i32 %reg_6_loc_load, i32 %reg_5_loc_load, i32 %reg_4_loc_load, i32 %reg_3_loc_load, i32 %reg_2_loc_load, i32 %reg_1_loc_load, i32 %reg_loc_load, i32 %in_r, i32 %out_r"   --->   Operation 26 'call' 'call_ln0' <Predicate = true> <Delay = 3.57> <CoreType = "Generic">   --->   Generic Core

State 4 <SV = 3> <Delay = 0.00>
ST_4 : Operation 27 [1/2] (0.00ns)   --->   "%call_ln0 = call void @fir_Pipeline_sample_loop, i32 %reg_8_loc_load, i32 %reg_7_loc_load, i32 %reg_6_loc_load, i32 %reg_5_loc_load, i32 %reg_4_loc_load, i32 %reg_3_loc_load, i32 %reg_2_loc_load, i32 %reg_1_loc_load, i32 %reg_loc_load, i32 %in_r, i32 %out_r"   --->   Operation 27 'call' 'call_ln0' <Predicate = true> <Delay = 0.00> <CoreType = "Generic">   --->   Generic Core

State 5 <SV = 4> <Delay = 0.00>
ST_5 : Operation 28 [1/1] (0.00ns)   --->   "%spectopmodule_ln3 = spectopmodule void @_ssdm_op_SpecTopModule, void @empty_4" [fir.cpp:3]   --->   Operation 28 'spectopmodule' 'spectopmodule_ln3' <Predicate = true> <Delay = 0.00>
ST_5 : Operation 29 [1/1] (0.00ns)   --->   "%specinterface_ln3 = specinterface void @_ssdm_op_SpecInterface, i32 0, void @empty_5, i32 0, i32 0, void @empty, i32 0, i32 0, void @empty, void @empty, void @empty, i32 0, i32 0, i32 0, i32 0, void @empty, void @empty, i32 4294967295, i32 0, i32 0" [fir.cpp:3]   --->   Operation 29 'specinterface' 'specinterface_ln3' <Predicate = true> <Delay = 0.00>
ST_5 : Operation 30 [1/1] (0.00ns)   --->   "%specinterface_ln0 = specinterface void @_ssdm_op_SpecInterface, i32 %in_r, void @empty_0, i32 1, i32 1, void @empty_1, i32 0, i32 0, void @empty, void @empty, void @empty, i32 0, i32 0, i32 0, i32 0, void @empty, void @empty, i32 4294967295, i32 0, i32 0"   --->   Operation 30 'specinterface' 'specinterface_ln0' <Predicate = true> <Delay = 0.00>
ST_5 : Operation 31 [1/1] (0.00ns)   --->   "%specbitsmap_ln0 = specbitsmap void @_ssdm_op_SpecBitsMap, i32 %in_r"   --->   Operation 31 'specbitsmap' 'specbitsmap_ln0' <Predicate = true> <Delay = 0.00>
ST_5 : Operation 32 [1/1] (0.00ns)   --->   "%specinterface_ln0 = specinterface void @_ssdm_op_SpecInterface, i32 %out_r, void @empty_0, i32 1, i32 1, void @empty_1, i32 0, i32 0, void @empty, void @empty, void @empty, i32 0, i32 0, i32 0, i32 0, void @empty, void @empty, i32 4294967295, i32 0, i32 0"   --->   Operation 32 'specinterface' 'specinterface_ln0' <Predicate = true> <Delay = 0.00>
ST_5 : Operation 33 [1/1] (0.00ns)   --->   "%specbitsmap_ln0 = specbitsmap void @_ssdm_op_SpecBitsMap, i32 %out_r"   --->   Operation 33 'specbitsmap' 'specbitsmap_ln0' <Predicate = true> <Delay = 0.00>
ST_5 : Operation 34 [1/1] (0.00ns)   --->   "%specinterface_ln0 = specinterface void @_ssdm_op_SpecInterface, i32 0, void @empty_2, i32 0, i32 0, void @empty, i32 0, i32 0, void @empty_3, void @empty, void @empty, i32 0, i32 0, i32 0, i32 0, void @empty, void @empty, i32 4294967295, i32 0, i32 0"   --->   Operation 34 'specinterface' 'specinterface_ln0' <Predicate = true> <Delay = 0.00>
ST_5 : Operation 35 [1/1] (0.00ns)   --->   "%ret_ln31 = ret" [fir.cpp:31]   --->   Operation 35 'ret' 'ret_ln31' <Predicate = true> <Delay = 0.00>


============================================================
+ Verbose Summary: Timing violations
============================================================
Target clock period: 5.000ns, clock uncertainty: 1.350ns.

 <State 1>: 0.000ns
The critical path consists of the following:

 <State 2>: 1.651ns
The critical path consists of the following:
	'call' operation 0 bit ('call_ln0') to 'fir_Pipeline_1' [19]  (1.651 ns)

 <State 3>: 3.573ns
The critical path consists of the following:
	'load' operation 32 bit ('reg_8_loc_load') on local variable 'reg_8_loc' [20]  (0.000 ns)
	'call' operation 0 bit ('call_ln0') to 'fir_Pipeline_sample_loop' [29]  (3.573 ns)

 <State 4>: 0.000ns
The critical path consists of the following:

 <State 5>: 0.000ns
The critical path consists of the following:


============================================================
+ Verbose Summary: Binding
============================================================
N/A
* FSMD analyzer results:
  - Output states:
 - Input state : 
  - Chain level:
	State 1
	State 2
	State 3
	State 4
	State 5


============================================================
+ Verbose Summary: Datapath Resource usage 
============================================================
N/A
