================================================================
== Vivado Place & Route Results
================================================================
+ General Information:
    * Date:            Tue Feb 04 14:34:43 EST 2025
    * Version:         2024.2 (Build 5238294 on Nov  8 2024)
    * Project:         fir1
    * Solution:        hls (Vitis Kernel Flow Target)
    * Product family:  zynquplusRFSOC
    * Target device:   xczu48dr-ffvg1517-2-e


================================================================
== Run Constraints & Options
================================================================
+ Design Constraints & Options:
    * Place & Route target clock:  5 ns
    * C-Synthesis target clock:    5 ns
    * C-Synthesis uncertainty:     27%

+ RTL Synthesis Options:
    * config_export -vivado_synth_strategy:     default
    * config_export -vivado_synth_design_args:  -directive sdx_optimization_effort_high

+ Place & Route Options:
    * config_export -vivado_impl_strategy:  default
    * config_export -vivado_phys_opt:       auto

+ Reporting Options:
    * config_export -vivado_report_level:      2
    * config_export -vivado_max_timing_paths:  10


================================================================
== Place & Route Resource Summary
================================================================
LUT:              753
FF:               704
DSP:              30
BRAM:             0
URAM:             0
SRL:              0


================================================================
== Place & Route Timing Summary
================================================================
* Timing was met
+----------------+-------------+
| Timing         | Period (ns) |
+----------------+-------------+
| Target         | 5.000       |
| Post-Synthesis | 2.510       |
| Post-Route     | 3.649       |
+----------------+-------------+


================================================================
== Place & Route Resources
================================================================
+-------------------------------------------+-----+-----+-----+------+------+-----+--------+------+---------+----------+--------+
| Name                                      | LUT | FF  | DSP | BRAM | URAM | SRL | Pragma | Impl | Latency | Variable | Source |
+-------------------------------------------+-----+-----+-----+------+------+-----+--------+------+---------+----------+--------+
| inst                                      | 753 | 704 | 30  |      |      |     |        |      |         |          |        |
|   (inst)                                  | 1   | 45  |     |      |      |     |        |      |         |          |        |
|   control_s_axi_U                         | 25  | 28  |     |      |      |     |        |      |         |          |        |
|   grp_fir_Pipeline_1_fu_116               | 6   | 6   |     |      |      |     |        |      |         |          |        |
|     (grp_fir_Pipeline_1_fu_116)           |     | 4   |     |      |      |     |        |      |         |          |        |
|   grp_fir_Pipeline_read_a_fu_129          | 22  | 11  |     |      |      |     |        |      |         |          |        |
|     (grp_fir_Pipeline_read_a_fu_129)      | 11  | 9   |     |      |      |     |        |      |         |          |        |
|   grp_fir_Pipeline_sample_loop_fu_145     | 569 | 439 | 30  |      |      |     |        |      |         |          |        |
|     (grp_fir_Pipeline_sample_loop_fu_145) | 136 | 437 | 10  |      |      |     |        |      |         |          |        |
|     mul_32s_32s_32_1_1_U21                | 30  |     | 2   |      |      |     |        |      |         |          |        |
|     mul_32s_32s_32_1_1_U22                | 30  |     | 2   |      |      |     |        |      |         |          |        |
|     mul_32s_32s_32_1_1_U23                | 27  |     | 2   |      |      |     |        |      |         |          |        |
|     mul_32s_32s_32_1_1_U24                | 56  |     | 2   |      |      |     |        |      |         |          |        |
|     mul_32s_32s_32_1_1_U25                | 29  |     | 2   |      |      |     |        |      |         |          |        |
|     mul_32s_32s_32_1_1_U26                | 15  |     | 2   |      |      |     |        |      |         |          |        |
|     mul_32s_32s_32_1_1_U27                | 15  |     | 2   |      |      |     |        |      |         |          |        |
|     mul_32s_32s_32_1_1_U28                | 16  |     | 2   |      |      |     |        |      |         |          |        |
|     mul_32s_32s_32_1_1_U29                | 40  |     | 2   |      |      |     |        |      |         |          |        |
|     mul_32s_32s_32_1_1_U30                | 40  |     | 2   |      |      |     |        |      |         |          |        |
|   regslice_both_a_U                       | 38  | 37  |     |      |      |     |        |      |         |          |        |
|   regslice_both_in_r_U                    | 53  | 69  |     |      |      |     |        |      |         |          |        |
|   regslice_both_out_r_U                   | 39  | 69  |     |      |      |     |        |      |         |          |        |
+-------------------------------------------+-----+-----+-----+------+------+-----+--------+------+---------+----------+--------+


================================================================
== Place & Route Fail Fast
================================================================
+-----------------------------------------------------------+-----------+--------+--------+
| Criteria                                                  | Guideline | Actual | Status |
+-----------------------------------------------------------+-----------+--------+--------+
| LUT                                                       | 70%       | 0.18%  | OK     |
| FD                                                        | 50%       | 0.08%  | OK     |
| LUTRAM+SRL                                                | 25%       | 0.00%  | OK     |
| CARRY8                                                    | 25%       | 0.07%  | OK     |
| MUXF7                                                     | 15%       | 0.00%  | OK     |
| DSP                                                       | 80%       | 0.70%  | OK     |
| RAMB/FIFO                                                 | 80%       | 0.00%  | OK     |
| URAM                                                      | 80%       | 0.00%  | OK     |
| DSP+RAMB+URAM (Avg)                                       | 70%       | 0.70%  | OK     |
| BUFGCE* + BUFGCTRL                                        | 24        | 0      | OK     |
| DONT_TOUCH (cells/nets)                                   | 0         | 0      | OK     |
| MARK_DEBUG (nets)                                         | 0         | 0      | OK     |
| Control Sets                                              | 7974      | 17     | OK     |
| Average Fanout for modules > 100k cells                   | 4         | 0.83   | OK     |
| Max Average Fanout for modules > 100k cells               | 4         | 0      | OK     |
| Non-FD high fanout nets > 10k loads                       | 0         | 0      | OK     |
+-----------------------------------------------------------+-----------+--------+--------+
| TIMING-6 (No common primary clock between related clocks) | 0         | 0      | OK     |
| TIMING-7 (No common node between related clocks)          | 0         | 0      | OK     |
| TIMING-8 (No common period between related clocks)        | 0         | 0      | OK     |
| TIMING-14 (LUT on the clock tree)                         | 0         | 0      | OK     |
| TIMING-35 (No common node in paths with the same clock)   | 0         | 0      | OK     |
+-----------------------------------------------------------+-----------+--------+--------+
| Number of paths above max LUT budgeting (0.300ns)         | 0         | 0      | OK     |
| Number of paths above max Net budgeting (0.208ns)         | 0         | 0      | OK     |
+-----------------------------------------------------------+-----------+--------+--------+


================================================================
== Place & Route Timing Paths
================================================================
* Timing was met
+-------+-------+--------------------------------------------------------------------------------------------+-----------------------------------------+--------------+------------+----------------+----------------+--------------+
| Path  | SLACK | STARTPOINT PIN                                                                             | ENDPOINT PIN                            | LOGIC LEVELS | MAX FANOUT | DATAPATH DELAY | DATAPATH LOGIC | DATAPATH NET |
|       |       |                                                                                            |                                         |              |            |                |          DELAY |        DELAY |
+-------+-------+--------------------------------------------------------------------------------------------+-----------------------------------------+--------------+------------+----------------+----------------+--------------+
| Path1 | 1.351 | grp_fir_Pipeline_sample_loop_fu_145/mul_32s_32s_32_1_1_U29/tmp_product/DSP_OUTPUT_INST/CLK | out_r_TDATA_reg_reg[30]/D               |            9 |          5 |          3.600 |          1.294 |        2.306 |
| Path2 | 1.354 | grp_fir_Pipeline_sample_loop_fu_145/mul_32s_32s_32_1_1_U29/tmp_product/DSP_OUTPUT_INST/CLK | out_r_TDATA_reg_reg[31]/D               |            9 |          4 |          3.595 |          1.217 |        2.378 |
| Path3 | 1.416 | grp_fir_Pipeline_sample_loop_fu_145/mul_32s_32s_32_1_1_U29/tmp_product/DSP_OUTPUT_INST/CLK | regslice_both_out_r_U/data_p2_reg[30]/D |            9 |          5 |          3.535 |          1.294 |        2.241 |
| Path4 | 1.474 | grp_fir_Pipeline_sample_loop_fu_145/mul_32s_32s_32_1_1_U29/tmp_product/DSP_OUTPUT_INST/CLK | regslice_both_out_r_U/data_p2_reg[31]/D |            9 |          4 |          3.475 |          1.217 |        2.258 |
| Path5 | 1.645 | grp_fir_Pipeline_sample_loop_fu_145/mul_32s_32s_32_1_1_U27/tmp_product/DSP_OUTPUT_INST/CLK | regslice_both_out_r_U/data_p2_reg[25]/D |            9 |          5 |          3.305 |          1.167 |        2.138 |
+-------+-------+--------------------------------------------------------------------------------------------+-----------------------------------------+--------------+------------+----------------+----------------+--------------+

    +-------------------------------------------------------------------------------------------+------------------------+
    | Path1 Cells                                                                               | Primitive Type         |
    +-------------------------------------------------------------------------------------------+------------------------+
    | grp_fir_Pipeline_sample_loop_fu_145/mul_32s_32s_32_1_1_U29/tmp_product/DSP_OUTPUT_INST    | ARITHMETIC.DSP.DSP48E2 |
    | grp_fir_Pipeline_sample_loop_fu_145/mul_32s_32s_32_1_1_U29/tmp_product_carry_i_3__0       | CLB.LUT.LUT2           |
    | grp_fir_Pipeline_sample_loop_fu_145/mul_32s_32s_32_1_1_U29/tmp_product_carry              | CLB.CARRY.CARRY8       |
    | grp_fir_Pipeline_sample_loop_fu_145/mul_32s_32s_32_1_1_U29/tmp_product_carry__0           | CLB.CARRY.CARRY8       |
    | grp_fir_Pipeline_sample_loop_fu_145/mul_32s_32s_32_1_1_U29/out_r_TDATA__188_carry__2_i_6  | CLB.LUT.LUT3           |
    | grp_fir_Pipeline_sample_loop_fu_145/out_r_TDATA__188_carry__2                             | CLB.CARRY.CARRY8       |
    | grp_fir_Pipeline_sample_loop_fu_145/mul_32s_32s_32_1_1_U30/out_r_TDATA__284_carry__2_i_17 | CLB.LUT.LUT3           |
    | grp_fir_Pipeline_sample_loop_fu_145/mul_32s_32s_32_1_1_U30/out_r_TDATA__284_carry__2_i_2  | CLB.LUT.LUT5           |
    | grp_fir_Pipeline_sample_loop_fu_145/out_r_TDATA__284_carry__2                             | CLB.CARRY.CARRY8       |
    | grp_fir_Pipeline_sample_loop_fu_145/mul_32s_32s_32_1_1_U24/out_r_TDATA_reg[30]_i_1        | CLB.LUT.LUT3           |
    | out_r_TDATA_reg_reg[30]                                                                   | REGISTER.SDR.FDRE      |
    | grp_fir_Pipeline_sample_loop_fu_145/mul_32s_32s_32_1_1_U29/tmp_product/DSP_OUTPUT_INST    | ARITHMETIC.DSP.DSP48E2 |
    | grp_fir_Pipeline_sample_loop_fu_145/mul_32s_32s_32_1_1_U29/tmp_product_carry_i_3__0       | CLB.LUT.LUT2           |
    | grp_fir_Pipeline_sample_loop_fu_145/mul_32s_32s_32_1_1_U29/tmp_product_carry              | CLB.CARRY.CARRY8       |
    | grp_fir_Pipeline_sample_loop_fu_145/mul_32s_32s_32_1_1_U29/tmp_product_carry__0           | CLB.CARRY.CARRY8       |
    | grp_fir_Pipeline_sample_loop_fu_145/mul_32s_32s_32_1_1_U29/out_r_TDATA__188_carry__2_i_6  | CLB.LUT.LUT3           |
    | grp_fir_Pipeline_sample_loop_fu_145/out_r_TDATA__188_carry__2                             | CLB.CARRY.CARRY8       |
    | grp_fir_Pipeline_sample_loop_fu_145/mul_32s_32s_32_1_1_U30/out_r_TDATA__284_carry__2_i_16 | CLB.LUT.LUT3           |
    | grp_fir_Pipeline_sample_loop_fu_145/mul_32s_32s_32_1_1_U30/out_r_TDATA__284_carry__2_i_1  | CLB.LUT.LUT5           |
    | grp_fir_Pipeline_sample_loop_fu_145/out_r_TDATA__284_carry__2                             | CLB.CARRY.CARRY8       |
    | grp_fir_Pipeline_sample_loop_fu_145/mul_32s_32s_32_1_1_U24/out_r_TDATA_reg[31]_i_1        | CLB.LUT.LUT3           |
    | out_r_TDATA_reg_reg[31]                                                                   | REGISTER.SDR.FDRE      |
    | grp_fir_Pipeline_sample_loop_fu_145/mul_32s_32s_32_1_1_U29/tmp_product/DSP_OUTPUT_INST    | ARITHMETIC.DSP.DSP48E2 |
    | grp_fir_Pipeline_sample_loop_fu_145/mul_32s_32s_32_1_1_U29/tmp_product_carry_i_3__0       | CLB.LUT.LUT2           |
    | grp_fir_Pipeline_sample_loop_fu_145/mul_32s_32s_32_1_1_U29/tmp_product_carry              | CLB.CARRY.CARRY8       |
    | grp_fir_Pipeline_sample_loop_fu_145/mul_32s_32s_32_1_1_U29/tmp_product_carry__0           | CLB.CARRY.CARRY8       |
    | grp_fir_Pipeline_sample_loop_fu_145/mul_32s_32s_32_1_1_U29/out_r_TDATA__188_carry__2_i_6  | CLB.LUT.LUT3           |
    | grp_fir_Pipeline_sample_loop_fu_145/out_r_TDATA__188_carry__2                             | CLB.CARRY.CARRY8       |
    | grp_fir_Pipeline_sample_loop_fu_145/mul_32s_32s_32_1_1_U30/out_r_TDATA__284_carry__2_i_17 | CLB.LUT.LUT3           |
    | grp_fir_Pipeline_sample_loop_fu_145/mul_32s_32s_32_1_1_U30/out_r_TDATA__284_carry__2_i_2  | CLB.LUT.LUT5           |
    | grp_fir_Pipeline_sample_loop_fu_145/out_r_TDATA__284_carry__2                             | CLB.CARRY.CARRY8       |
    | grp_fir_Pipeline_sample_loop_fu_145/mul_32s_32s_32_1_1_U24/out_r_TDATA_reg[30]_i_1        | CLB.LUT.LUT3           |
    | regslice_both_out_r_U/data_p2_reg[30]                                                     | REGISTER.SDR.FDRE      |
    | grp_fir_Pipeline_sample_loop_fu_145/mul_32s_32s_32_1_1_U29/tmp_product/DSP_OUTPUT_INST    | ARITHMETIC.DSP.DSP48E2 |
    | grp_fir_Pipeline_sample_loop_fu_145/mul_32s_32s_32_1_1_U29/tmp_product_carry_i_3__0       | CLB.LUT.LUT2           |
    | grp_fir_Pipeline_sample_loop_fu_145/mul_32s_32s_32_1_1_U29/tmp_product_carry              | CLB.CARRY.CARRY8       |
    | grp_fir_Pipeline_sample_loop_fu_145/mul_32s_32s_32_1_1_U29/tmp_product_carry__0           | CLB.CARRY.CARRY8       |
    | grp_fir_Pipeline_sample_loop_fu_145/mul_32s_32s_32_1_1_U29/out_r_TDATA__188_carry__2_i_6  | CLB.LUT.LUT3           |
    | grp_fir_Pipeline_sample_loop_fu_145/out_r_TDATA__188_carry__2                             | CLB.CARRY.CARRY8       |
    | grp_fir_Pipeline_sample_loop_fu_145/mul_32s_32s_32_1_1_U30/out_r_TDATA__284_carry__2_i_16 | CLB.LUT.LUT3           |
    | grp_fir_Pipeline_sample_loop_fu_145/mul_32s_32s_32_1_1_U30/out_r_TDATA__284_carry__2_i_1  | CLB.LUT.LUT5           |
    | grp_fir_Pipeline_sample_loop_fu_145/out_r_TDATA__284_carry__2                             | CLB.CARRY.CARRY8       |
    | grp_fir_Pipeline_sample_loop_fu_145/mul_32s_32s_32_1_1_U24/out_r_TDATA_reg[31]_i_1        | CLB.LUT.LUT3           |
    | regslice_both_out_r_U/data_p2_reg[31]                                                     | REGISTER.SDR.FDRE      |
    | grp_fir_Pipeline_sample_loop_fu_145/mul_32s_32s_32_1_1_U27/tmp_product/DSP_OUTPUT_INST    | ARITHMETIC.DSP.DSP48E2 |
    | grp_fir_Pipeline_sample_loop_fu_145/mul_32s_32s_32_1_1_U27/tmp_product_carry_i_7__5       | CLB.LUT.LUT2           |
    | grp_fir_Pipeline_sample_loop_fu_145/mul_32s_32s_32_1_1_U27/tmp_product_carry              | CLB.CARRY.CARRY8       |
    | grp_fir_Pipeline_sample_loop_fu_145/mul_32s_32s_32_1_1_U30/out_r_TDATA__94_carry__1_i_5   | CLB.LUT.LUT3           |
    | grp_fir_Pipeline_sample_loop_fu_145/out_r_TDATA__94_carry__1                              | CLB.CARRY.CARRY8       |
    | grp_fir_Pipeline_sample_loop_fu_145/out_r_TDATA__284_carry__1_i_25                        | CLB.LUT.LUT3           |
    | grp_fir_Pipeline_sample_loop_fu_145/mul_32s_32s_32_1_1_U24/out_r_TDATA__284_carry__1_i_9  | CLB.LUT.LUT6           |
    | grp_fir_Pipeline_sample_loop_fu_145/out_r_TDATA__284_carry__1                             | CLB.CARRY.CARRY8       |
    | grp_fir_Pipeline_sample_loop_fu_145/out_r_TDATA__284_carry__2                             | CLB.CARRY.CARRY8       |
    | grp_fir_Pipeline_sample_loop_fu_145/mul_32s_32s_32_1_1_U24/out_r_TDATA_reg[25]_i_1        | CLB.LUT.LUT3           |
    | regslice_both_out_r_U/data_p2_reg[25]                                                     | REGISTER.SDR.FDRE      |
    +-------------------------------------------------------------------------------------------+------------------------+

    +-------------------------------------------------------------------------------------------+------------------------+
    | Path2 Cells                                                                               | Primitive Type         |
    +-------------------------------------------------------------------------------------------+------------------------+
    | grp_fir_Pipeline_sample_loop_fu_145/mul_32s_32s_32_1_1_U29/tmp_product/DSP_OUTPUT_INST    | ARITHMETIC.DSP.DSP48E2 |
    | grp_fir_Pipeline_sample_loop_fu_145/mul_32s_32s_32_1_1_U29/tmp_product_carry_i_3__0       | CLB.LUT.LUT2           |
    | grp_fir_Pipeline_sample_loop_fu_145/mul_32s_32s_32_1_1_U29/tmp_product_carry              | CLB.CARRY.CARRY8       |
    | grp_fir_Pipeline_sample_loop_fu_145/mul_32s_32s_32_1_1_U29/tmp_product_carry__0           | CLB.CARRY.CARRY8       |
    | grp_fir_Pipeline_sample_loop_fu_145/mul_32s_32s_32_1_1_U29/out_r_TDATA__188_carry__2_i_6  | CLB.LUT.LUT3           |
    | grp_fir_Pipeline_sample_loop_fu_145/out_r_TDATA__188_carry__2                             | CLB.CARRY.CARRY8       |
    | grp_fir_Pipeline_sample_loop_fu_145/mul_32s_32s_32_1_1_U30/out_r_TDATA__284_carry__2_i_17 | CLB.LUT.LUT3           |
    | grp_fir_Pipeline_sample_loop_fu_145/mul_32s_32s_32_1_1_U30/out_r_TDATA__284_carry__2_i_2  | CLB.LUT.LUT5           |
    | grp_fir_Pipeline_sample_loop_fu_145/out_r_TDATA__284_carry__2                             | CLB.CARRY.CARRY8       |
    | grp_fir_Pipeline_sample_loop_fu_145/mul_32s_32s_32_1_1_U24/out_r_TDATA_reg[30]_i_1        | CLB.LUT.LUT3           |
    | out_r_TDATA_reg_reg[30]                                                                   | REGISTER.SDR.FDRE      |
    | grp_fir_Pipeline_sample_loop_fu_145/mul_32s_32s_32_1_1_U29/tmp_product/DSP_OUTPUT_INST    | ARITHMETIC.DSP.DSP48E2 |
    | grp_fir_Pipeline_sample_loop_fu_145/mul_32s_32s_32_1_1_U29/tmp_product_carry_i_3__0       | CLB.LUT.LUT2           |
    | grp_fir_Pipeline_sample_loop_fu_145/mul_32s_32s_32_1_1_U29/tmp_product_carry              | CLB.CARRY.CARRY8       |
    | grp_fir_Pipeline_sample_loop_fu_145/mul_32s_32s_32_1_1_U29/tmp_product_carry__0           | CLB.CARRY.CARRY8       |
    | grp_fir_Pipeline_sample_loop_fu_145/mul_32s_32s_32_1_1_U29/out_r_TDATA__188_carry__2_i_6  | CLB.LUT.LUT3           |
    | grp_fir_Pipeline_sample_loop_fu_145/out_r_TDATA__188_carry__2                             | CLB.CARRY.CARRY8       |
    | grp_fir_Pipeline_sample_loop_fu_145/mul_32s_32s_32_1_1_U30/out_r_TDATA__284_carry__2_i_16 | CLB.LUT.LUT3           |
    | grp_fir_Pipeline_sample_loop_fu_145/mul_32s_32s_32_1_1_U30/out_r_TDATA__284_carry__2_i_1  | CLB.LUT.LUT5           |
    | grp_fir_Pipeline_sample_loop_fu_145/out_r_TDATA__284_carry__2                             | CLB.CARRY.CARRY8       |
    | grp_fir_Pipeline_sample_loop_fu_145/mul_32s_32s_32_1_1_U24/out_r_TDATA_reg[31]_i_1        | CLB.LUT.LUT3           |
    | out_r_TDATA_reg_reg[31]                                                                   | REGISTER.SDR.FDRE      |
    | grp_fir_Pipeline_sample_loop_fu_145/mul_32s_32s_32_1_1_U29/tmp_product/DSP_OUTPUT_INST    | ARITHMETIC.DSP.DSP48E2 |
    | grp_fir_Pipeline_sample_loop_fu_145/mul_32s_32s_32_1_1_U29/tmp_product_carry_i_3__0       | CLB.LUT.LUT2           |
    | grp_fir_Pipeline_sample_loop_fu_145/mul_32s_32s_32_1_1_U29/tmp_product_carry              | CLB.CARRY.CARRY8       |
    | grp_fir_Pipeline_sample_loop_fu_145/mul_32s_32s_32_1_1_U29/tmp_product_carry__0           | CLB.CARRY.CARRY8       |
    | grp_fir_Pipeline_sample_loop_fu_145/mul_32s_32s_32_1_1_U29/out_r_TDATA__188_carry__2_i_6  | CLB.LUT.LUT3           |
    | grp_fir_Pipeline_sample_loop_fu_145/out_r_TDATA__188_carry__2                             | CLB.CARRY.CARRY8       |
    | grp_fir_Pipeline_sample_loop_fu_145/mul_32s_32s_32_1_1_U30/out_r_TDATA__284_carry__2_i_17 | CLB.LUT.LUT3           |
    | grp_fir_Pipeline_sample_loop_fu_145/mul_32s_32s_32_1_1_U30/out_r_TDATA__284_carry__2_i_2  | CLB.LUT.LUT5           |
    | grp_fir_Pipeline_sample_loop_fu_145/out_r_TDATA__284_carry__2                             | CLB.CARRY.CARRY8       |
    | grp_fir_Pipeline_sample_loop_fu_145/mul_32s_32s_32_1_1_U24/out_r_TDATA_reg[30]_i_1        | CLB.LUT.LUT3           |
    | regslice_both_out_r_U/data_p2_reg[30]                                                     | REGISTER.SDR.FDRE      |
    | grp_fir_Pipeline_sample_loop_fu_145/mul_32s_32s_32_1_1_U29/tmp_product/DSP_OUTPUT_INST    | ARITHMETIC.DSP.DSP48E2 |
    | grp_fir_Pipeline_sample_loop_fu_145/mul_32s_32s_32_1_1_U29/tmp_product_carry_i_3__0       | CLB.LUT.LUT2           |
    | grp_fir_Pipeline_sample_loop_fu_145/mul_32s_32s_32_1_1_U29/tmp_product_carry              | CLB.CARRY.CARRY8       |
    | grp_fir_Pipeline_sample_loop_fu_145/mul_32s_32s_32_1_1_U29/tmp_product_carry__0           | CLB.CARRY.CARRY8       |
    | grp_fir_Pipeline_sample_loop_fu_145/mul_32s_32s_32_1_1_U29/out_r_TDATA__188_carry__2_i_6  | CLB.LUT.LUT3           |
    | grp_fir_Pipeline_sample_loop_fu_145/out_r_TDATA__188_carry__2                             | CLB.CARRY.CARRY8       |
    | grp_fir_Pipeline_sample_loop_fu_145/mul_32s_32s_32_1_1_U30/out_r_TDATA__284_carry__2_i_16 | CLB.LUT.LUT3           |
    | grp_fir_Pipeline_sample_loop_fu_145/mul_32s_32s_32_1_1_U30/out_r_TDATA__284_carry__2_i_1  | CLB.LUT.LUT5           |
    | grp_fir_Pipeline_sample_loop_fu_145/out_r_TDATA__284_carry__2                             | CLB.CARRY.CARRY8       |
    | grp_fir_Pipeline_sample_loop_fu_145/mul_32s_32s_32_1_1_U24/out_r_TDATA_reg[31]_i_1        | CLB.LUT.LUT3           |
    | regslice_both_out_r_U/data_p2_reg[31]                                                     | REGISTER.SDR.FDRE      |
    | grp_fir_Pipeline_sample_loop_fu_145/mul_32s_32s_32_1_1_U27/tmp_product/DSP_OUTPUT_INST    | ARITHMETIC.DSP.DSP48E2 |
    | grp_fir_Pipeline_sample_loop_fu_145/mul_32s_32s_32_1_1_U27/tmp_product_carry_i_7__5       | CLB.LUT.LUT2           |
    | grp_fir_Pipeline_sample_loop_fu_145/mul_32s_32s_32_1_1_U27/tmp_product_carry              | CLB.CARRY.CARRY8       |
    | grp_fir_Pipeline_sample_loop_fu_145/mul_32s_32s_32_1_1_U30/out_r_TDATA__94_carry__1_i_5   | CLB.LUT.LUT3           |
    | grp_fir_Pipeline_sample_loop_fu_145/out_r_TDATA__94_carry__1                              | CLB.CARRY.CARRY8       |
    | grp_fir_Pipeline_sample_loop_fu_145/out_r_TDATA__284_carry__1_i_25                        | CLB.LUT.LUT3           |
    | grp_fir_Pipeline_sample_loop_fu_145/mul_32s_32s_32_1_1_U24/out_r_TDATA__284_carry__1_i_9  | CLB.LUT.LUT6           |
    | grp_fir_Pipeline_sample_loop_fu_145/out_r_TDATA__284_carry__1                             | CLB.CARRY.CARRY8       |
    | grp_fir_Pipeline_sample_loop_fu_145/out_r_TDATA__284_carry__2                             | CLB.CARRY.CARRY8       |
    | grp_fir_Pipeline_sample_loop_fu_145/mul_32s_32s_32_1_1_U24/out_r_TDATA_reg[25]_i_1        | CLB.LUT.LUT3           |
    | regslice_both_out_r_U/data_p2_reg[25]                                                     | REGISTER.SDR.FDRE      |
    +-------------------------------------------------------------------------------------------+------------------------+

    +-------------------------------------------------------------------------------------------+------------------------+
    | Path3 Cells                                                                               | Primitive Type         |
    +-------------------------------------------------------------------------------------------+------------------------+
    | grp_fir_Pipeline_sample_loop_fu_145/mul_32s_32s_32_1_1_U29/tmp_product/DSP_OUTPUT_INST    | ARITHMETIC.DSP.DSP48E2 |
    | grp_fir_Pipeline_sample_loop_fu_145/mul_32s_32s_32_1_1_U29/tmp_product_carry_i_3__0       | CLB.LUT.LUT2           |
    | grp_fir_Pipeline_sample_loop_fu_145/mul_32s_32s_32_1_1_U29/tmp_product_carry              | CLB.CARRY.CARRY8       |
    | grp_fir_Pipeline_sample_loop_fu_145/mul_32s_32s_32_1_1_U29/tmp_product_carry__0           | CLB.CARRY.CARRY8       |
    | grp_fir_Pipeline_sample_loop_fu_145/mul_32s_32s_32_1_1_U29/out_r_TDATA__188_carry__2_i_6  | CLB.LUT.LUT3           |
    | grp_fir_Pipeline_sample_loop_fu_145/out_r_TDATA__188_carry__2                             | CLB.CARRY.CARRY8       |
    | grp_fir_Pipeline_sample_loop_fu_145/mul_32s_32s_32_1_1_U30/out_r_TDATA__284_carry__2_i_17 | CLB.LUT.LUT3           |
    | grp_fir_Pipeline_sample_loop_fu_145/mul_32s_32s_32_1_1_U30/out_r_TDATA__284_carry__2_i_2  | CLB.LUT.LUT5           |
    | grp_fir_Pipeline_sample_loop_fu_145/out_r_TDATA__284_carry__2                             | CLB.CARRY.CARRY8       |
    | grp_fir_Pipeline_sample_loop_fu_145/mul_32s_32s_32_1_1_U24/out_r_TDATA_reg[30]_i_1        | CLB.LUT.LUT3           |
    | out_r_TDATA_reg_reg[30]                                                                   | REGISTER.SDR.FDRE      |
    | grp_fir_Pipeline_sample_loop_fu_145/mul_32s_32s_32_1_1_U29/tmp_product/DSP_OUTPUT_INST    | ARITHMETIC.DSP.DSP48E2 |
    | grp_fir_Pipeline_sample_loop_fu_145/mul_32s_32s_32_1_1_U29/tmp_product_carry_i_3__0       | CLB.LUT.LUT2           |
    | grp_fir_Pipeline_sample_loop_fu_145/mul_32s_32s_32_1_1_U29/tmp_product_carry              | CLB.CARRY.CARRY8       |
    | grp_fir_Pipeline_sample_loop_fu_145/mul_32s_32s_32_1_1_U29/tmp_product_carry__0           | CLB.CARRY.CARRY8       |
    | grp_fir_Pipeline_sample_loop_fu_145/mul_32s_32s_32_1_1_U29/out_r_TDATA__188_carry__2_i_6  | CLB.LUT.LUT3           |
    | grp_fir_Pipeline_sample_loop_fu_145/out_r_TDATA__188_carry__2                             | CLB.CARRY.CARRY8       |
    | grp_fir_Pipeline_sample_loop_fu_145/mul_32s_32s_32_1_1_U30/out_r_TDATA__284_carry__2_i_16 | CLB.LUT.LUT3           |
    | grp_fir_Pipeline_sample_loop_fu_145/mul_32s_32s_32_1_1_U30/out_r_TDATA__284_carry__2_i_1  | CLB.LUT.LUT5           |
    | grp_fir_Pipeline_sample_loop_fu_145/out_r_TDATA__284_carry__2                             | CLB.CARRY.CARRY8       |
    | grp_fir_Pipeline_sample_loop_fu_145/mul_32s_32s_32_1_1_U24/out_r_TDATA_reg[31]_i_1        | CLB.LUT.LUT3           |
    | out_r_TDATA_reg_reg[31]                                                                   | REGISTER.SDR.FDRE      |
    | grp_fir_Pipeline_sample_loop_fu_145/mul_32s_32s_32_1_1_U29/tmp_product/DSP_OUTPUT_INST    | ARITHMETIC.DSP.DSP48E2 |
    | grp_fir_Pipeline_sample_loop_fu_145/mul_32s_32s_32_1_1_U29/tmp_product_carry_i_3__0       | CLB.LUT.LUT2           |
    | grp_fir_Pipeline_sample_loop_fu_145/mul_32s_32s_32_1_1_U29/tmp_product_carry              | CLB.CARRY.CARRY8       |
    | grp_fir_Pipeline_sample_loop_fu_145/mul_32s_32s_32_1_1_U29/tmp_product_carry__0           | CLB.CARRY.CARRY8       |
    | grp_fir_Pipeline_sample_loop_fu_145/mul_32s_32s_32_1_1_U29/out_r_TDATA__188_carry__2_i_6  | CLB.LUT.LUT3           |
    | grp_fir_Pipeline_sample_loop_fu_145/out_r_TDATA__188_carry__2                             | CLB.CARRY.CARRY8       |
    | grp_fir_Pipeline_sample_loop_fu_145/mul_32s_32s_32_1_1_U30/out_r_TDATA__284_carry__2_i_17 | CLB.LUT.LUT3           |
    | grp_fir_Pipeline_sample_loop_fu_145/mul_32s_32s_32_1_1_U30/out_r_TDATA__284_carry__2_i_2  | CLB.LUT.LUT5           |
    | grp_fir_Pipeline_sample_loop_fu_145/out_r_TDATA__284_carry__2                             | CLB.CARRY.CARRY8       |
    | grp_fir_Pipeline_sample_loop_fu_145/mul_32s_32s_32_1_1_U24/out_r_TDATA_reg[30]_i_1        | CLB.LUT.LUT3           |
    | regslice_both_out_r_U/data_p2_reg[30]                                                     | REGISTER.SDR.FDRE      |
    | grp_fir_Pipeline_sample_loop_fu_145/mul_32s_32s_32_1_1_U29/tmp_product/DSP_OUTPUT_INST    | ARITHMETIC.DSP.DSP48E2 |
    | grp_fir_Pipeline_sample_loop_fu_145/mul_32s_32s_32_1_1_U29/tmp_product_carry_i_3__0       | CLB.LUT.LUT2           |
    | grp_fir_Pipeline_sample_loop_fu_145/mul_32s_32s_32_1_1_U29/tmp_product_carry              | CLB.CARRY.CARRY8       |
    | grp_fir_Pipeline_sample_loop_fu_145/mul_32s_32s_32_1_1_U29/tmp_product_carry__0           | CLB.CARRY.CARRY8       |
    | grp_fir_Pipeline_sample_loop_fu_145/mul_32s_32s_32_1_1_U29/out_r_TDATA__188_carry__2_i_6  | CLB.LUT.LUT3           |
    | grp_fir_Pipeline_sample_loop_fu_145/out_r_TDATA__188_carry__2                             | CLB.CARRY.CARRY8       |
    | grp_fir_Pipeline_sample_loop_fu_145/mul_32s_32s_32_1_1_U30/out_r_TDATA__284_carry__2_i_16 | CLB.LUT.LUT3           |
    | grp_fir_Pipeline_sample_loop_fu_145/mul_32s_32s_32_1_1_U30/out_r_TDATA__284_carry__2_i_1  | CLB.LUT.LUT5           |
    | grp_fir_Pipeline_sample_loop_fu_145/out_r_TDATA__284_carry__2                             | CLB.CARRY.CARRY8       |
    | grp_fir_Pipeline_sample_loop_fu_145/mul_32s_32s_32_1_1_U24/out_r_TDATA_reg[31]_i_1        | CLB.LUT.LUT3           |
    | regslice_both_out_r_U/data_p2_reg[31]                                                     | REGISTER.SDR.FDRE      |
    | grp_fir_Pipeline_sample_loop_fu_145/mul_32s_32s_32_1_1_U27/tmp_product/DSP_OUTPUT_INST    | ARITHMETIC.DSP.DSP48E2 |
    | grp_fir_Pipeline_sample_loop_fu_145/mul_32s_32s_32_1_1_U27/tmp_product_carry_i_7__5       | CLB.LUT.LUT2           |
    | grp_fir_Pipeline_sample_loop_fu_145/mul_32s_32s_32_1_1_U27/tmp_product_carry              | CLB.CARRY.CARRY8       |
    | grp_fir_Pipeline_sample_loop_fu_145/mul_32s_32s_32_1_1_U30/out_r_TDATA__94_carry__1_i_5   | CLB.LUT.LUT3           |
    | grp_fir_Pipeline_sample_loop_fu_145/out_r_TDATA__94_carry__1                              | CLB.CARRY.CARRY8       |
    | grp_fir_Pipeline_sample_loop_fu_145/out_r_TDATA__284_carry__1_i_25                        | CLB.LUT.LUT3           |
    | grp_fir_Pipeline_sample_loop_fu_145/mul_32s_32s_32_1_1_U24/out_r_TDATA__284_carry__1_i_9  | CLB.LUT.LUT6           |
    | grp_fir_Pipeline_sample_loop_fu_145/out_r_TDATA__284_carry__1                             | CLB.CARRY.CARRY8       |
    | grp_fir_Pipeline_sample_loop_fu_145/out_r_TDATA__284_carry__2                             | CLB.CARRY.CARRY8       |
    | grp_fir_Pipeline_sample_loop_fu_145/mul_32s_32s_32_1_1_U24/out_r_TDATA_reg[25]_i_1        | CLB.LUT.LUT3           |
    | regslice_both_out_r_U/data_p2_reg[25]                                                     | REGISTER.SDR.FDRE      |
    +-------------------------------------------------------------------------------------------+------------------------+

    +-------------------------------------------------------------------------------------------+------------------------+
    | Path4 Cells                                                                               | Primitive Type         |
    +-------------------------------------------------------------------------------------------+------------------------+
    | grp_fir_Pipeline_sample_loop_fu_145/mul_32s_32s_32_1_1_U29/tmp_product/DSP_OUTPUT_INST    | ARITHMETIC.DSP.DSP48E2 |
    | grp_fir_Pipeline_sample_loop_fu_145/mul_32s_32s_32_1_1_U29/tmp_product_carry_i_3__0       | CLB.LUT.LUT2           |
    | grp_fir_Pipeline_sample_loop_fu_145/mul_32s_32s_32_1_1_U29/tmp_product_carry              | CLB.CARRY.CARRY8       |
    | grp_fir_Pipeline_sample_loop_fu_145/mul_32s_32s_32_1_1_U29/tmp_product_carry__0           | CLB.CARRY.CARRY8       |
    | grp_fir_Pipeline_sample_loop_fu_145/mul_32s_32s_32_1_1_U29/out_r_TDATA__188_carry__2_i_6  | CLB.LUT.LUT3           |
    | grp_fir_Pipeline_sample_loop_fu_145/out_r_TDATA__188_carry__2                             | CLB.CARRY.CARRY8       |
    | grp_fir_Pipeline_sample_loop_fu_145/mul_32s_32s_32_1_1_U30/out_r_TDATA__284_carry__2_i_17 | CLB.LUT.LUT3           |
    | grp_fir_Pipeline_sample_loop_fu_145/mul_32s_32s_32_1_1_U30/out_r_TDATA__284_carry__2_i_2  | CLB.LUT.LUT5           |
    | grp_fir_Pipeline_sample_loop_fu_145/out_r_TDATA__284_carry__2                             | CLB.CARRY.CARRY8       |
    | grp_fir_Pipeline_sample_loop_fu_145/mul_32s_32s_32_1_1_U24/out_r_TDATA_reg[30]_i_1        | CLB.LUT.LUT3           |
    | out_r_TDATA_reg_reg[30]                                                                   | REGISTER.SDR.FDRE      |
    | grp_fir_Pipeline_sample_loop_fu_145/mul_32s_32s_32_1_1_U29/tmp_product/DSP_OUTPUT_INST    | ARITHMETIC.DSP.DSP48E2 |
    | grp_fir_Pipeline_sample_loop_fu_145/mul_32s_32s_32_1_1_U29/tmp_product_carry_i_3__0       | CLB.LUT.LUT2           |
    | grp_fir_Pipeline_sample_loop_fu_145/mul_32s_32s_32_1_1_U29/tmp_product_carry              | CLB.CARRY.CARRY8       |
    | grp_fir_Pipeline_sample_loop_fu_145/mul_32s_32s_32_1_1_U29/tmp_product_carry__0           | CLB.CARRY.CARRY8       |
    | grp_fir_Pipeline_sample_loop_fu_145/mul_32s_32s_32_1_1_U29/out_r_TDATA__188_carry__2_i_6  | CLB.LUT.LUT3           |
    | grp_fir_Pipeline_sample_loop_fu_145/out_r_TDATA__188_carry__2                             | CLB.CARRY.CARRY8       |
    | grp_fir_Pipeline_sample_loop_fu_145/mul_32s_32s_32_1_1_U30/out_r_TDATA__284_carry__2_i_16 | CLB.LUT.LUT3           |
    | grp_fir_Pipeline_sample_loop_fu_145/mul_32s_32s_32_1_1_U30/out_r_TDATA__284_carry__2_i_1  | CLB.LUT.LUT5           |
    | grp_fir_Pipeline_sample_loop_fu_145/out_r_TDATA__284_carry__2                             | CLB.CARRY.CARRY8       |
    | grp_fir_Pipeline_sample_loop_fu_145/mul_32s_32s_32_1_1_U24/out_r_TDATA_reg[31]_i_1        | CLB.LUT.LUT3           |
    | out_r_TDATA_reg_reg[31]                                                                   | REGISTER.SDR.FDRE      |
    | grp_fir_Pipeline_sample_loop_fu_145/mul_32s_32s_32_1_1_U29/tmp_product/DSP_OUTPUT_INST    | ARITHMETIC.DSP.DSP48E2 |
    | grp_fir_Pipeline_sample_loop_fu_145/mul_32s_32s_32_1_1_U29/tmp_product_carry_i_3__0       | CLB.LUT.LUT2           |
    | grp_fir_Pipeline_sample_loop_fu_145/mul_32s_32s_32_1_1_U29/tmp_product_carry              | CLB.CARRY.CARRY8       |
    | grp_fir_Pipeline_sample_loop_fu_145/mul_32s_32s_32_1_1_U29/tmp_product_carry__0           | CLB.CARRY.CARRY8       |
    | grp_fir_Pipeline_sample_loop_fu_145/mul_32s_32s_32_1_1_U29/out_r_TDATA__188_carry__2_i_6  | CLB.LUT.LUT3           |
    | grp_fir_Pipeline_sample_loop_fu_145/out_r_TDATA__188_carry__2                             | CLB.CARRY.CARRY8       |
    | grp_fir_Pipeline_sample_loop_fu_145/mul_32s_32s_32_1_1_U30/out_r_TDATA__284_carry__2_i_17 | CLB.LUT.LUT3           |
    | grp_fir_Pipeline_sample_loop_fu_145/mul_32s_32s_32_1_1_U30/out_r_TDATA__284_carry__2_i_2  | CLB.LUT.LUT5           |
    | grp_fir_Pipeline_sample_loop_fu_145/out_r_TDATA__284_carry__2                             | CLB.CARRY.CARRY8       |
    | grp_fir_Pipeline_sample_loop_fu_145/mul_32s_32s_32_1_1_U24/out_r_TDATA_reg[30]_i_1        | CLB.LUT.LUT3           |
    | regslice_both_out_r_U/data_p2_reg[30]                                                     | REGISTER.SDR.FDRE      |
    | grp_fir_Pipeline_sample_loop_fu_145/mul_32s_32s_32_1_1_U29/tmp_product/DSP_OUTPUT_INST    | ARITHMETIC.DSP.DSP48E2 |
    | grp_fir_Pipeline_sample_loop_fu_145/mul_32s_32s_32_1_1_U29/tmp_product_carry_i_3__0       | CLB.LUT.LUT2           |
    | grp_fir_Pipeline_sample_loop_fu_145/mul_32s_32s_32_1_1_U29/tmp_product_carry              | CLB.CARRY.CARRY8       |
    | grp_fir_Pipeline_sample_loop_fu_145/mul_32s_32s_32_1_1_U29/tmp_product_carry__0           | CLB.CARRY.CARRY8       |
    | grp_fir_Pipeline_sample_loop_fu_145/mul_32s_32s_32_1_1_U29/out_r_TDATA__188_carry__2_i_6  | CLB.LUT.LUT3           |
    | grp_fir_Pipeline_sample_loop_fu_145/out_r_TDATA__188_carry__2                             | CLB.CARRY.CARRY8       |
    | grp_fir_Pipeline_sample_loop_fu_145/mul_32s_32s_32_1_1_U30/out_r_TDATA__284_carry__2_i_16 | CLB.LUT.LUT3           |
    | grp_fir_Pipeline_sample_loop_fu_145/mul_32s_32s_32_1_1_U30/out_r_TDATA__284_carry__2_i_1  | CLB.LUT.LUT5           |
    | grp_fir_Pipeline_sample_loop_fu_145/out_r_TDATA__284_carry__2                             | CLB.CARRY.CARRY8       |
    | grp_fir_Pipeline_sample_loop_fu_145/mul_32s_32s_32_1_1_U24/out_r_TDATA_reg[31]_i_1        | CLB.LUT.LUT3           |
    | regslice_both_out_r_U/data_p2_reg[31]                                                     | REGISTER.SDR.FDRE      |
    | grp_fir_Pipeline_sample_loop_fu_145/mul_32s_32s_32_1_1_U27/tmp_product/DSP_OUTPUT_INST    | ARITHMETIC.DSP.DSP48E2 |
    | grp_fir_Pipeline_sample_loop_fu_145/mul_32s_32s_32_1_1_U27/tmp_product_carry_i_7__5       | CLB.LUT.LUT2           |
    | grp_fir_Pipeline_sample_loop_fu_145/mul_32s_32s_32_1_1_U27/tmp_product_carry              | CLB.CARRY.CARRY8       |
    | grp_fir_Pipeline_sample_loop_fu_145/mul_32s_32s_32_1_1_U30/out_r_TDATA__94_carry__1_i_5   | CLB.LUT.LUT3           |
    | grp_fir_Pipeline_sample_loop_fu_145/out_r_TDATA__94_carry__1                              | CLB.CARRY.CARRY8       |
    | grp_fir_Pipeline_sample_loop_fu_145/out_r_TDATA__284_carry__1_i_25                        | CLB.LUT.LUT3           |
    | grp_fir_Pipeline_sample_loop_fu_145/mul_32s_32s_32_1_1_U24/out_r_TDATA__284_carry__1_i_9  | CLB.LUT.LUT6           |
    | grp_fir_Pipeline_sample_loop_fu_145/out_r_TDATA__284_carry__1                             | CLB.CARRY.CARRY8       |
    | grp_fir_Pipeline_sample_loop_fu_145/out_r_TDATA__284_carry__2                             | CLB.CARRY.CARRY8       |
    | grp_fir_Pipeline_sample_loop_fu_145/mul_32s_32s_32_1_1_U24/out_r_TDATA_reg[25]_i_1        | CLB.LUT.LUT3           |
    | regslice_both_out_r_U/data_p2_reg[25]                                                     | REGISTER.SDR.FDRE      |
    +-------------------------------------------------------------------------------------------+------------------------+

    +-------------------------------------------------------------------------------------------+------------------------+
    | Path5 Cells                                                                               | Primitive Type         |
    +-------------------------------------------------------------------------------------------+------------------------+
    | grp_fir_Pipeline_sample_loop_fu_145/mul_32s_32s_32_1_1_U29/tmp_product/DSP_OUTPUT_INST    | ARITHMETIC.DSP.DSP48E2 |
    | grp_fir_Pipeline_sample_loop_fu_145/mul_32s_32s_32_1_1_U29/tmp_product_carry_i_3__0       | CLB.LUT.LUT2           |
    | grp_fir_Pipeline_sample_loop_fu_145/mul_32s_32s_32_1_1_U29/tmp_product_carry              | CLB.CARRY.CARRY8       |
    | grp_fir_Pipeline_sample_loop_fu_145/mul_32s_32s_32_1_1_U29/tmp_product_carry__0           | CLB.CARRY.CARRY8       |
    | grp_fir_Pipeline_sample_loop_fu_145/mul_32s_32s_32_1_1_U29/out_r_TDATA__188_carry__2_i_6  | CLB.LUT.LUT3           |
    | grp_fir_Pipeline_sample_loop_fu_145/out_r_TDATA__188_carry__2                             | CLB.CARRY.CARRY8       |
    | grp_fir_Pipeline_sample_loop_fu_145/mul_32s_32s_32_1_1_U30/out_r_TDATA__284_carry__2_i_17 | CLB.LUT.LUT3           |
    | grp_fir_Pipeline_sample_loop_fu_145/mul_32s_32s_32_1_1_U30/out_r_TDATA__284_carry__2_i_2  | CLB.LUT.LUT5           |
    | grp_fir_Pipeline_sample_loop_fu_145/out_r_TDATA__284_carry__2                             | CLB.CARRY.CARRY8       |
    | grp_fir_Pipeline_sample_loop_fu_145/mul_32s_32s_32_1_1_U24/out_r_TDATA_reg[30]_i_1        | CLB.LUT.LUT3           |
    | out_r_TDATA_reg_reg[30]                                                                   | REGISTER.SDR.FDRE      |
    | grp_fir_Pipeline_sample_loop_fu_145/mul_32s_32s_32_1_1_U29/tmp_product/DSP_OUTPUT_INST    | ARITHMETIC.DSP.DSP48E2 |
    | grp_fir_Pipeline_sample_loop_fu_145/mul_32s_32s_32_1_1_U29/tmp_product_carry_i_3__0       | CLB.LUT.LUT2           |
    | grp_fir_Pipeline_sample_loop_fu_145/mul_32s_32s_32_1_1_U29/tmp_product_carry              | CLB.CARRY.CARRY8       |
    | grp_fir_Pipeline_sample_loop_fu_145/mul_32s_32s_32_1_1_U29/tmp_product_carry__0           | CLB.CARRY.CARRY8       |
    | grp_fir_Pipeline_sample_loop_fu_145/mul_32s_32s_32_1_1_U29/out_r_TDATA__188_carry__2_i_6  | CLB.LUT.LUT3           |
    | grp_fir_Pipeline_sample_loop_fu_145/out_r_TDATA__188_carry__2                             | CLB.CARRY.CARRY8       |
    | grp_fir_Pipeline_sample_loop_fu_145/mul_32s_32s_32_1_1_U30/out_r_TDATA__284_carry__2_i_16 | CLB.LUT.LUT3           |
    | grp_fir_Pipeline_sample_loop_fu_145/mul_32s_32s_32_1_1_U30/out_r_TDATA__284_carry__2_i_1  | CLB.LUT.LUT5           |
    | grp_fir_Pipeline_sample_loop_fu_145/out_r_TDATA__284_carry__2                             | CLB.CARRY.CARRY8       |
    | grp_fir_Pipeline_sample_loop_fu_145/mul_32s_32s_32_1_1_U24/out_r_TDATA_reg[31]_i_1        | CLB.LUT.LUT3           |
    | out_r_TDATA_reg_reg[31]                                                                   | REGISTER.SDR.FDRE      |
    | grp_fir_Pipeline_sample_loop_fu_145/mul_32s_32s_32_1_1_U29/tmp_product/DSP_OUTPUT_INST    | ARITHMETIC.DSP.DSP48E2 |
    | grp_fir_Pipeline_sample_loop_fu_145/mul_32s_32s_32_1_1_U29/tmp_product_carry_i_3__0       | CLB.LUT.LUT2           |
    | grp_fir_Pipeline_sample_loop_fu_145/mul_32s_32s_32_1_1_U29/tmp_product_carry              | CLB.CARRY.CARRY8       |
    | grp_fir_Pipeline_sample_loop_fu_145/mul_32s_32s_32_1_1_U29/tmp_product_carry__0           | CLB.CARRY.CARRY8       |
    | grp_fir_Pipeline_sample_loop_fu_145/mul_32s_32s_32_1_1_U29/out_r_TDATA__188_carry__2_i_6  | CLB.LUT.LUT3           |
    | grp_fir_Pipeline_sample_loop_fu_145/out_r_TDATA__188_carry__2                             | CLB.CARRY.CARRY8       |
    | grp_fir_Pipeline_sample_loop_fu_145/mul_32s_32s_32_1_1_U30/out_r_TDATA__284_carry__2_i_17 | CLB.LUT.LUT3           |
    | grp_fir_Pipeline_sample_loop_fu_145/mul_32s_32s_32_1_1_U30/out_r_TDATA__284_carry__2_i_2  | CLB.LUT.LUT5           |
    | grp_fir_Pipeline_sample_loop_fu_145/out_r_TDATA__284_carry__2                             | CLB.CARRY.CARRY8       |
    | grp_fir_Pipeline_sample_loop_fu_145/mul_32s_32s_32_1_1_U24/out_r_TDATA_reg[30]_i_1        | CLB.LUT.LUT3           |
    | regslice_both_out_r_U/data_p2_reg[30]                                                     | REGISTER.SDR.FDRE      |
    | grp_fir_Pipeline_sample_loop_fu_145/mul_32s_32s_32_1_1_U29/tmp_product/DSP_OUTPUT_INST    | ARITHMETIC.DSP.DSP48E2 |
    | grp_fir_Pipeline_sample_loop_fu_145/mul_32s_32s_32_1_1_U29/tmp_product_carry_i_3__0       | CLB.LUT.LUT2           |
    | grp_fir_Pipeline_sample_loop_fu_145/mul_32s_32s_32_1_1_U29/tmp_product_carry              | CLB.CARRY.CARRY8       |
    | grp_fir_Pipeline_sample_loop_fu_145/mul_32s_32s_32_1_1_U29/tmp_product_carry__0           | CLB.CARRY.CARRY8       |
    | grp_fir_Pipeline_sample_loop_fu_145/mul_32s_32s_32_1_1_U29/out_r_TDATA__188_carry__2_i_6  | CLB.LUT.LUT3           |
    | grp_fir_Pipeline_sample_loop_fu_145/out_r_TDATA__188_carry__2                             | CLB.CARRY.CARRY8       |
    | grp_fir_Pipeline_sample_loop_fu_145/mul_32s_32s_32_1_1_U30/out_r_TDATA__284_carry__2_i_16 | CLB.LUT.LUT3           |
    | grp_fir_Pipeline_sample_loop_fu_145/mul_32s_32s_32_1_1_U30/out_r_TDATA__284_carry__2_i_1  | CLB.LUT.LUT5           |
    | grp_fir_Pipeline_sample_loop_fu_145/out_r_TDATA__284_carry__2                             | CLB.CARRY.CARRY8       |
    | grp_fir_Pipeline_sample_loop_fu_145/mul_32s_32s_32_1_1_U24/out_r_TDATA_reg[31]_i_1        | CLB.LUT.LUT3           |
    | regslice_both_out_r_U/data_p2_reg[31]                                                     | REGISTER.SDR.FDRE      |
    | grp_fir_Pipeline_sample_loop_fu_145/mul_32s_32s_32_1_1_U27/tmp_product/DSP_OUTPUT_INST    | ARITHMETIC.DSP.DSP48E2 |
    | grp_fir_Pipeline_sample_loop_fu_145/mul_32s_32s_32_1_1_U27/tmp_product_carry_i_7__5       | CLB.LUT.LUT2           |
    | grp_fir_Pipeline_sample_loop_fu_145/mul_32s_32s_32_1_1_U27/tmp_product_carry              | CLB.CARRY.CARRY8       |
    | grp_fir_Pipeline_sample_loop_fu_145/mul_32s_32s_32_1_1_U30/out_r_TDATA__94_carry__1_i_5   | CLB.LUT.LUT3           |
    | grp_fir_Pipeline_sample_loop_fu_145/out_r_TDATA__94_carry__1                              | CLB.CARRY.CARRY8       |
    | grp_fir_Pipeline_sample_loop_fu_145/out_r_TDATA__284_carry__1_i_25                        | CLB.LUT.LUT3           |
    | grp_fir_Pipeline_sample_loop_fu_145/mul_32s_32s_32_1_1_U24/out_r_TDATA__284_carry__1_i_9  | CLB.LUT.LUT6           |
    | grp_fir_Pipeline_sample_loop_fu_145/out_r_TDATA__284_carry__1                             | CLB.CARRY.CARRY8       |
    | grp_fir_Pipeline_sample_loop_fu_145/out_r_TDATA__284_carry__2                             | CLB.CARRY.CARRY8       |
    | grp_fir_Pipeline_sample_loop_fu_145/mul_32s_32s_32_1_1_U24/out_r_TDATA_reg[25]_i_1        | CLB.LUT.LUT3           |
    | regslice_both_out_r_U/data_p2_reg[25]                                                     | REGISTER.SDR.FDRE      |
    +-------------------------------------------------------------------------------------------+------------------------+


================================================================
== Place & Route Vivado Reports
================================================================
+--------------------------+-------------------------------------------------------------+
| Report Type              | Report Location                                             |
+--------------------------+-------------------------------------------------------------+
| design_analysis          | impl/verilog/report/fir_design_analysis_routed.rpt          |
| failfast                 | impl/verilog/report/fir_failfast_routed.rpt                 |
| power                    | impl/verilog/report/fir_power_routed.rpt                    |
| status                   | impl/verilog/report/fir_status_routed.rpt                   |
| timing                   | impl/verilog/report/fir_timing_routed.rpt                   |
| timing_paths             | impl/verilog/report/fir_timing_paths_routed.rpt             |
| utilization              | impl/verilog/report/fir_utilization_routed.rpt              |
| utilization_hierarchical | impl/verilog/report/fir_utilization_hierarchical_routed.rpt |
+--------------------------+-------------------------------------------------------------+


