Copyright 1986-2022 Xilinx, Inc. All Rights Reserved. Copyright 2022-2024 Advanced Micro Devices, Inc. All Rights Reserved.
--------------------------------------------------------------------------------------------------------------------------------------------------
| Tool Version      : Vivado v.2024.2 (lin64) Build 5239630 Fri Nov 08 22:34:34 MST 2024
| Date              : Tue Feb  4 17:44:26 2025
| Host              : ece-lnx-4511c running 64-bit Red Hat Enterprise Linux Server release 7.9 (Maipo)
| Command           : report_timing_summary -file ./report/fir_timing_synth.rpt
| Design            : bd_0_wrapper
| Device            : xczu48dr-ffvg1517
| Speed File        : -2  PRODUCTION 1.32 01-31-2021
| Design State      : Synthesized
| Temperature Grade : E
--------------------------------------------------------------------------------------------------------------------------------------------------

Timing Summary Report

------------------------------------------------------------------------------------------------
| Timer Settings
| --------------
------------------------------------------------------------------------------------------------

  Enable Multi Corner Analysis               :  Yes
  Enable Pessimism Removal                   :  Yes
  Pessimism Removal Resolution               :  Nearest Common Node
  Enable Input Delay Default Clock           :  No
  Enable Preset / Clear Arcs                 :  No
  Disable Flight Delays                      :  No
  Ignore I/O Paths                           :  No
  Timing Early Launch at Borrowing Latches   :  No
  Borrow Time for Max Delay Exceptions       :  Yes
  Merge Timing Exceptions                    :  Yes
  Inter-SLR Compensation                     :  Conservative

  Corner  Analyze    Analyze    
  Name    Max Paths  Min Paths  
  ------  ---------  ---------  
  Slow    Yes        Yes        
  Fast    Yes        Yes        


------------------------------------------------------------------------------------------------
| Report Methodology
| ------------------
------------------------------------------------------------------------------------------------

No report available as report_methodology has not been run prior. Run report_methodology on the current design for the summary of methodology violations.



check_timing report

Table of Contents
-----------------
1. checking no_clock (0)
2. checking constant_clock (0)
3. checking pulse_width_clock (0)
4. checking unconstrained_internal_endpoints (0)
5. checking no_input_delay (51)
6. checking no_output_delay (47)
7. checking multiple_clock (0)
8. checking generated_clocks (0)
9. checking loops (0)
10. checking partial_input_delay (0)
11. checking partial_output_delay (0)
12. checking latch_loops (0)

1. checking no_clock (0)
------------------------
 There are 0 register/latch pins with no clock.


2. checking constant_clock (0)
------------------------------
 There are 0 register/latch pins with constant_clock.


3. checking pulse_width_clock (0)
---------------------------------
 There are 0 register/latch pins which need pulse_width check


4. checking unconstrained_internal_endpoints (0)
------------------------------------------------
 There are 0 pins that are not constrained for maximum delay.

 There are 0 pins that are not constrained for maximum delay due to constant clock.


5. checking no_input_delay (51)
-------------------------------
 There are 51 input ports with no input delay specified. (HIGH)

 There are 0 input ports with no input delay but user has a false path constraint.


6. checking no_output_delay (47)
--------------------------------
 There are 47 ports with no output delay specified. (HIGH)

 There are 0 ports with no output delay but user has a false path constraint

 There are 0 ports with no output delay but with a timing clock defined on it or propagating through it


7. checking multiple_clock (0)
------------------------------
 There are 0 register/latch pins with multiple clocks.


8. checking generated_clocks (0)
--------------------------------
 There are 0 generated clocks that are not connected to a clock source.


9. checking loops (0)
---------------------
 There are 0 combinational loops in the design.


10. checking partial_input_delay (0)
------------------------------------
 There are 0 input ports with partial input delay specified.


11. checking partial_output_delay (0)
-------------------------------------
 There are 0 ports with partial output delay specified.


12. checking latch_loops (0)
----------------------------
 There are 0 combinational latch loops in the design through latch input



------------------------------------------------------------------------------------------------
| Design Timing Summary
| ---------------------
------------------------------------------------------------------------------------------------

    WNS(ns)      TNS(ns)  TNS Failing Endpoints  TNS Total Endpoints      WHS(ns)      THS(ns)  THS Failing Endpoints  THS Total Endpoints     WPWS(ns)     TPWS(ns)  TPWS Failing Endpoints  TPWS Total Endpoints  
    -------      -------  ---------------------  -------------------      -------      -------  ---------------------  -------------------     --------     --------  ----------------------  --------------------  
      2.684        0.000                      0                 1316        0.072        0.000                      0                 1316        2.225        0.000                       0                   548  


All user specified timing constraints are met.


------------------------------------------------------------------------------------------------
| Clock Summary
| -------------
------------------------------------------------------------------------------------------------

Clock   Waveform(ns)         Period(ns)      Frequency(MHz)
-----   ------------         ----------      --------------
ap_clk  {0.000 2.500}        5.000           200.000         


------------------------------------------------------------------------------------------------
| Intra Clock Table
| -----------------
------------------------------------------------------------------------------------------------

Clock             WNS(ns)      TNS(ns)  TNS Failing Endpoints  TNS Total Endpoints      WHS(ns)      THS(ns)  THS Failing Endpoints  THS Total Endpoints     WPWS(ns)     TPWS(ns)  TPWS Failing Endpoints  TPWS Total Endpoints  
-----             -------      -------  ---------------------  -------------------      -------      -------  ---------------------  -------------------     --------     --------  ----------------------  --------------------  
ap_clk              2.684        0.000                      0                 1316        0.072        0.000                      0                 1316        2.225        0.000                       0                   548  


------------------------------------------------------------------------------------------------
| Inter Clock Table
| -----------------
------------------------------------------------------------------------------------------------

From Clock    To Clock          WNS(ns)      TNS(ns)  TNS Failing Endpoints  TNS Total Endpoints      WHS(ns)      THS(ns)  THS Failing Endpoints  THS Total Endpoints  
----------    --------          -------      -------  ---------------------  -------------------      -------      -------  ---------------------  -------------------  


------------------------------------------------------------------------------------------------
| Other Path Groups Table
| -----------------------
------------------------------------------------------------------------------------------------

Path Group    From Clock    To Clock          WNS(ns)      TNS(ns)  TNS Failing Endpoints  TNS Total Endpoints      WHS(ns)      THS(ns)  THS Failing Endpoints  THS Total Endpoints  
----------    ----------    --------          -------      -------  ---------------------  -------------------      -------      -------  ---------------------  -------------------  


------------------------------------------------------------------------------------------------
| Timing Details
| --------------
------------------------------------------------------------------------------------------------


---------------------------------------------------------------------------------------------------
From Clock:  ap_clk
  To Clock:  ap_clk

Setup :            0  Failing Endpoints,  Worst Slack        2.684ns,  Total Violation        0.000ns
Hold  :            0  Failing Endpoints,  Worst Slack        0.072ns,  Total Violation        0.000ns
PW    :            0  Failing Endpoints,  Worst Slack        2.225ns,  Total Violation        0.000ns
---------------------------------------------------------------------------------------------------


Max Delay Paths
--------------------------------------------------------------------------------------
Slack (MET) :             2.684ns  (required time - arrival time)
  Source:                 bd_0_i/hls_inst/inst/grp_fir_Pipeline_sample_loop_fu_85/reg_7_fu_96_reg[0]/C
                            (rising edge-triggered cell FDRE clocked by ap_clk  {rise@0.000ns fall@2.500ns period=5.000ns})
  Destination:            bd_0_i/hls_inst/inst/grp_fir_Pipeline_sample_loop_fu_85/y_reg_487_reg[31]/D
                            (rising edge-triggered cell FDRE clocked by ap_clk  {rise@0.000ns fall@2.500ns period=5.000ns})
  Path Group:             ap_clk
  Path Type:              Setup (Max at Slow Process Corner)
  Requirement:            5.000ns  (ap_clk rise@5.000ns - ap_clk rise@0.000ns)
  Data Path Delay:        2.299ns  (logic 1.026ns (44.628%)  route 1.273ns (55.372%))
  Logic Levels:           10  (CARRY8=6 LUT2=1 LUT3=1 LUT5=1 LUT6=1)
  Clock Path Skew:        -0.007ns (DCD - SCD + CPR)
    Destination Clock Delay (DCD):    0.021ns = ( 5.021 - 5.000 ) 
    Source Clock Delay      (SCD):    0.028ns
    Clock Pessimism Removal (CPR):    0.000ns
  Clock Uncertainty:      0.035ns  ((TSJ^2 + TIJ^2)^1/2 + DJ) / 2 + PE
    Total System Jitter     (TSJ):    0.071ns
    Total Input Jitter      (TIJ):    0.000ns
    Discrete Jitter          (DJ):    0.000ns
    Phase Error              (PE):    0.000ns

    Location             Delay type                Incr(ns)  Path(ns)    Netlist Resource(s)
  -------------------------------------------------------------------    -------------------
                         (clock ap_clk rise edge)     0.000     0.000 r  
                                                      0.000     0.000 r  ap_clk (IN)
                         net (fo=547, unset)          0.028     0.028    bd_0_i/hls_inst/inst/grp_fir_Pipeline_sample_loop_fu_85/ap_clk
                         FDRE                                         r  bd_0_i/hls_inst/inst/grp_fir_Pipeline_sample_loop_fu_85/reg_7_fu_96_reg[0]/C
  -------------------------------------------------------------------    -------------------
                         FDRE (Prop_FDRE_C_Q)         0.077     0.105 f  bd_0_i/hls_inst/inst/grp_fir_Pipeline_sample_loop_fu_85/reg_7_fu_96_reg[0]/Q
                         net (fo=4, unplaced)         0.149     0.254    bd_0_i/hls_inst/inst/grp_fir_Pipeline_sample_loop_fu_85/reg_7_fu_96[0]
                         LUT2 (Prop_LUT2_I1_O)        0.072     0.326 r  bd_0_i/hls_inst/inst/grp_fir_Pipeline_sample_loop_fu_85/tmp1_fu_294_p2_carry_i_7/O
                         net (fo=1, unplaced)         0.211     0.537    bd_0_i/hls_inst/inst/grp_fir_Pipeline_sample_loop_fu_85/tmp1_fu_294_p2_carry_i_7_n_0
                         CARRY8 (Prop_CARRY8_DI[1]_CO[7])
                                                      0.127     0.664 r  bd_0_i/hls_inst/inst/grp_fir_Pipeline_sample_loop_fu_85/tmp1_fu_294_p2_carry/CO[7]
                         net (fo=1, unplaced)         0.005     0.669    bd_0_i/hls_inst/inst/grp_fir_Pipeline_sample_loop_fu_85/tmp1_fu_294_p2_carry_n_0
                         CARRY8 (Prop_CARRY8_CI_O[4])
                                                      0.086     0.755 r  bd_0_i/hls_inst/inst/grp_fir_Pipeline_sample_loop_fu_85/tmp1_fu_294_p2_carry__0/O[4]
                         net (fo=6, unplaced)         0.245     1.000    bd_0_i/hls_inst/inst/grp_fir_Pipeline_sample_loop_fu_85/tmp1_fu_294_p2[12]
                         LUT6 (Prop_LUT6_I1_O)        0.123     1.123 r  bd_0_i/hls_inst/inst/grp_fir_Pipeline_sample_loop_fu_85/y_fu_362_p2__93_carry__0_i_11/O
                         net (fo=1, unplaced)         0.029     1.152    bd_0_i/hls_inst/inst/grp_fir_Pipeline_sample_loop_fu_85/y_fu_362_p2__93_carry__0_i_11_n_0
                         CARRY8 (Prop_CARRY8_S[5]_CO[7])
                                                      0.166     1.318 r  bd_0_i/hls_inst/inst/grp_fir_Pipeline_sample_loop_fu_85/y_fu_362_p2__93_carry__0/CO[7]
                         net (fo=1, unplaced)         0.005     1.323    bd_0_i/hls_inst/inst/grp_fir_Pipeline_sample_loop_fu_85/y_fu_362_p2__93_carry__0_n_0
                         CARRY8 (Prop_CARRY8_CI_O[0])
                                                      0.056     1.379 r  bd_0_i/hls_inst/inst/grp_fir_Pipeline_sample_loop_fu_85/y_fu_362_p2__93_carry__1/O[0]
                         net (fo=5, unplaced)         0.203     1.582    bd_0_i/hls_inst/inst/grp_fir_Pipeline_sample_loop_fu_85/y_fu_362_p2__93_carry__1_n_15
                         LUT3 (Prop_LUT3_I0_O)        0.038     1.620 f  bd_0_i/hls_inst/inst/grp_fir_Pipeline_sample_loop_fu_85/y_fu_362_p2__188_carry__1_i_23/O
                         net (fo=1, unplaced)         0.185     1.805    bd_0_i/hls_inst/inst/grp_fir_Pipeline_sample_loop_fu_85/y_fu_362_p2__188_carry__1_i_23_n_0
                         LUT5 (Prop_LUT5_I0_O)        0.038     1.843 r  bd_0_i/hls_inst/inst/grp_fir_Pipeline_sample_loop_fu_85/y_fu_362_p2__188_carry__1_i_7/O
                         net (fo=1, unplaced)         0.210     2.053    bd_0_i/hls_inst/inst/grp_fir_Pipeline_sample_loop_fu_85/y_fu_362_p2__188_carry__1_i_7_n_0
                         CARRY8 (Prop_CARRY8_DI[1]_CO[7])
                                                      0.127     2.180 r  bd_0_i/hls_inst/inst/grp_fir_Pipeline_sample_loop_fu_85/y_fu_362_p2__188_carry__1/CO[7]
                         net (fo=1, unplaced)         0.005     2.185    bd_0_i/hls_inst/inst/grp_fir_Pipeline_sample_loop_fu_85/y_fu_362_p2__188_carry__1_n_0
                         CARRY8 (Prop_CARRY8_CI_O[7])
                                                      0.116     2.301 r  bd_0_i/hls_inst/inst/grp_fir_Pipeline_sample_loop_fu_85/y_fu_362_p2__188_carry__2/O[7]
                         net (fo=1, unplaced)         0.026     2.327    bd_0_i/hls_inst/inst/grp_fir_Pipeline_sample_loop_fu_85/y_fu_362_p2[31]
                         FDRE                                         r  bd_0_i/hls_inst/inst/grp_fir_Pipeline_sample_loop_fu_85/y_reg_487_reg[31]/D
  -------------------------------------------------------------------    -------------------

                         (clock ap_clk rise edge)     5.000     5.000 r  
                                                      0.000     5.000 r  ap_clk (IN)
                         net (fo=547, unset)          0.021     5.021    bd_0_i/hls_inst/inst/grp_fir_Pipeline_sample_loop_fu_85/ap_clk
                         FDRE                                         r  bd_0_i/hls_inst/inst/grp_fir_Pipeline_sample_loop_fu_85/y_reg_487_reg[31]/C
                         clock pessimism              0.000     5.021    
                         clock uncertainty           -0.035     4.986    
                         FDRE (Setup_FDRE_C_D)        0.025     5.011    bd_0_i/hls_inst/inst/grp_fir_Pipeline_sample_loop_fu_85/y_reg_487_reg[31]
  -------------------------------------------------------------------
                         required time                          5.011    
                         arrival time                          -2.327    
  -------------------------------------------------------------------
                         slack                                  2.684    





Min Delay Paths
--------------------------------------------------------------------------------------
Slack (MET) :             0.072ns  (arrival time - required time)
  Source:                 bd_0_i/hls_inst/inst/ap_CS_fsm_reg[4]/C
                            (rising edge-triggered cell FDRE clocked by ap_clk  {rise@0.000ns fall@2.500ns period=5.000ns})
  Destination:            bd_0_i/hls_inst/inst/ap_CS_fsm_reg[4]/D
                            (rising edge-triggered cell FDRE clocked by ap_clk  {rise@0.000ns fall@2.500ns period=5.000ns})
  Path Group:             ap_clk
  Path Type:              Hold (Min at Fast Process Corner)
  Requirement:            0.000ns  (ap_clk rise@0.000ns - ap_clk rise@0.000ns)
  Data Path Delay:        0.124ns  (logic 0.061ns (49.194%)  route 0.063ns (50.806%))
  Logic Levels:           1  (LUT6=1)
  Clock Path Skew:        0.006ns (DCD - SCD - CPR)
    Destination Clock Delay (DCD):    0.018ns
    Source Clock Delay      (SCD):    0.012ns
    Clock Pessimism Removal (CPR):    -0.000ns

    Location             Delay type                Incr(ns)  Path(ns)    Netlist Resource(s)
  -------------------------------------------------------------------    -------------------
                         (clock ap_clk rise edge)     0.000     0.000 r  
                                                      0.000     0.000 r  ap_clk (IN)
                         net (fo=547, unset)          0.012     0.012    bd_0_i/hls_inst/inst/ap_clk
                         FDRE                                         r  bd_0_i/hls_inst/inst/ap_CS_fsm_reg[4]/C
  -------------------------------------------------------------------    -------------------
                         FDRE (Prop_FDRE_C_Q)         0.038     0.050 r  bd_0_i/hls_inst/inst/ap_CS_fsm_reg[4]/Q
                         net (fo=2, unplaced)         0.047     0.097    bd_0_i/hls_inst/inst/regslice_both_out_r_U/ap_CS_fsm_reg[4]_1[2]
                         LUT6 (Prop_LUT6_I5_O)        0.023     0.120 r  bd_0_i/hls_inst/inst/regslice_both_out_r_U/ap_CS_fsm[4]_i_1/O
                         net (fo=1, unplaced)         0.016     0.136    bd_0_i/hls_inst/inst/ap_NS_fsm[4]
                         FDRE                                         r  bd_0_i/hls_inst/inst/ap_CS_fsm_reg[4]/D
  -------------------------------------------------------------------    -------------------

                         (clock ap_clk rise edge)     0.000     0.000 r  
                                                      0.000     0.000 r  ap_clk (IN)
                         net (fo=547, unset)          0.018     0.018    bd_0_i/hls_inst/inst/ap_clk
                         FDRE                                         r  bd_0_i/hls_inst/inst/ap_CS_fsm_reg[4]/C
                         clock pessimism              0.000     0.018    
                         FDRE (Hold_FDRE_C_D)         0.046     0.064    bd_0_i/hls_inst/inst/ap_CS_fsm_reg[4]
  -------------------------------------------------------------------
                         required time                         -0.064    
                         arrival time                           0.136    
  -------------------------------------------------------------------
                         slack                                  0.072    





Pulse Width Checks
--------------------------------------------------------------------------------------
Clock Name:         ap_clk
Waveform(ns):       { 0.000 2.500 }
Period(ns):         5.000
Sources:            { ap_clk }

Check Type        Corner  Lib Pin  Reference Pin  Required(ns)  Actual(ns)  Slack(ns)  Location  Pin
Min Period        n/a     FDSE/C   n/a            0.550         5.000       4.450                bd_0_i/hls_inst/inst/ap_CS_fsm_reg[0]/C
Low Pulse Width   Slow    FDSE/C   n/a            0.275         2.500       2.225                bd_0_i/hls_inst/inst/ap_CS_fsm_reg[0]/C
High Pulse Width  Slow    FDSE/C   n/a            0.275         2.500       2.225                bd_0_i/hls_inst/inst/ap_CS_fsm_reg[0]/C



