Tue Feb  4 17:31:47 2025: Running xcd server. This server was built by gradle.
Tue Feb  4 17:31:47 2025: Server was asked to start on port: '35832'
Tue Feb  4 17:31:47 2025: Server is using token UUID: 'ada8c1be-b133-40e7-bfbd-88642c612ced'
Tue Feb  4 17:31:47 2025: SESSION_MGR: creating session with session uuid: '6d04a3e9-ade5-4ab9-8d63-1f78fcd2ec76' and name 'default'
Tue Feb  4 17:31:47 2025: Attempting to start server on port '35832'
Tue Feb  4 17:31:47 2025: XCD main fifo: created main fifo '/tmp/xcdmainada8c1be-b133-40e7-bfbd-88642c612ced', fd read = 12
Tue Feb  4 17:31:47 2025: Running Dispatch Server
Tue Feb  4 17:31:47 2025: Version 2.2.0
Tue Feb  4 17:31:48 2025: Dispatch Server: Accepted socket connection from client
Tue Feb  4 17:31:48 2025: Starting Socket connection
Tue Feb  4 17:31:48 2025: EXCHANGE_TOKEN received, server token: ada8c1be-b133-40e7-bfbd-88642c612ced, passed token: ada8c1be-b133-40e7-bfbd-88642c612ced
Tue Feb  4 17:31:48 2025: DISPATCH_HANDLER: Adding handler from function makeHandler in library libxv_system_diagram
Tue Feb  4 17:31:48 2025: SESSION_MGR: creating session with session uuid: 'bff6205b-8d1d-4f71-9eca-60d96e1be428' and name 'vitis-run_compile_fir3'
Tue Feb  4 17:31:48 2025: KERNEL_SVC: creating session with uuid: 'bff6205b-8d1d-4f71-9eca-60d96e1be428' and name 'vitis-run_compile_fir3'
Tue Feb  4 17:31:48 2025: GUIDANCE_SMGR: creating guidance session with uuid: 'bff6205b-8d1d-4f71-9eca-60d96e1be428' and name 'vitis-run_compile_fir3'
Tue Feb  4 17:31:48 2025: SYSTEM_DIAGRAM: creating session with uuid: 'bff6205b-8d1d-4f71-9eca-60d96e1be428' and name 'vitis-run_compile_fir3'
Tue Feb  4 17:32:01 2025: Dispatch Server: Accepted socket connection from client
Tue Feb  4 17:32:01 2025: Starting Socket connection
Tue Feb  4 17:32:04 2025: SESSION_MGR: closing session for UUID 'bff6205b-8d1d-4f71-9eca-60d96e1be428' with name 'vitis-run_compile_fir3'
Tue Feb  4 17:32:04 2025: KERNEL_SVC: closing session for UUID 'bff6205b-8d1d-4f71-9eca-60d96e1be428' with name 'vitis-run_compile_fir3'
Tue Feb  4 17:32:04 2025: GUIDANCE_SMGR: closing session for UUID 'bff6205b-8d1d-4f71-9eca-60d96e1be428' with name 'vitis-run_compile_fir3'
Tue Feb  4 17:32:04 2025: SYSTEM_DIAGRAM: closing session for UUID 'bff6205b-8d1d-4f71-9eca-60d96e1be428' with name 'vitis-run_compile_fir3'
Tue Feb  4 17:32:04 2025: STOP_SERVER received, server token: ada8c1be-b133-40e7-bfbd-88642c612ced, passed token: ada8c1be-b133-40e7-bfbd-88642c612ced
Tue Feb  4 17:32:04 2025: Socket received request to stop server.
Tue Feb  4 17:32:04 2025: Dispatch Server: do_await_stop
Tue Feb  4 17:32:04 2025: Dispatch Server: stopping mainFifo_
Tue Feb  4 17:32:04 2025: XCD main fifo: Stopping
Tue Feb  4 17:32:04 2025: XCD main fifo: do_read error code: Operation canceled
Tue Feb  4 17:32:04 2025: XCD main fifo: bytes_transferred: 0
Tue Feb  4 17:32:04 2025: SERVER: destructor for server bound to port 35832
Tue Feb  4 17:32:04 2025: XCD main fifo: Good unlink of /tmp/xcdmainada8c1be-b133-40e7-bfbd-88642c612ced
Tue Feb  4 17:32:04 2025: Server exiting with status 0.
Tue Feb  4 17:32:04 2025: Closing log file.
Tue Feb  4 17:34:32 2025: Running xcd server. This server was built by gradle.
Tue Feb  4 17:34:32 2025: Server was asked to start on port: '35857'
Tue Feb  4 17:34:32 2025: Server is using token UUID: '7c56d292-e4d6-4fca-9900-8ac27849e445'
Tue Feb  4 17:34:32 2025: SESSION_MGR: creating session with session uuid: '6d04a3e9-ade5-4ab9-8d63-1f78fcd2ec76' and name 'default'
Tue Feb  4 17:34:32 2025: Attempting to start server on port '35857'
Tue Feb  4 17:34:32 2025: XCD main fifo: created main fifo '/tmp/xcdmain7c56d292-e4d6-4fca-9900-8ac27849e445', fd read = 13
Tue Feb  4 17:34:32 2025: Running Dispatch Server
Tue Feb  4 17:34:32 2025: Version 2.2.0
Tue Feb  4 17:34:33 2025: Dispatch Server: Accepted socket connection from client
Tue Feb  4 17:34:33 2025: Starting Socket connection
Tue Feb  4 17:34:33 2025: EXCHANGE_TOKEN received, server token: 7c56d292-e4d6-4fca-9900-8ac27849e445, passed token: 7c56d292-e4d6-4fca-9900-8ac27849e445
Tue Feb  4 17:34:34 2025: DISPATCH_HANDLER: Adding handler from function makeHandler in library libxv_system_diagram
Tue Feb  4 17:34:34 2025: SESSION_MGR: creating session with session uuid: 'a0ed4a83-4398-4b11-b8d2-4f99567b5f80' and name 'vitis-run_compile_fir3'
Tue Feb  4 17:34:34 2025: KERNEL_SVC: creating session with uuid: 'a0ed4a83-4398-4b11-b8d2-4f99567b5f80' and name 'vitis-run_compile_fir3'
Tue Feb  4 17:34:34 2025: GUIDANCE_SMGR: creating guidance session with uuid: 'a0ed4a83-4398-4b11-b8d2-4f99567b5f80' and name 'vitis-run_compile_fir3'
Tue Feb  4 17:34:34 2025: SYSTEM_DIAGRAM: creating session with uuid: 'a0ed4a83-4398-4b11-b8d2-4f99567b5f80' and name 'vitis-run_compile_fir3'
Tue Feb  4 17:34:45 2025: Dispatch Server: Accepted socket connection from client
Tue Feb  4 17:34:45 2025: Starting Socket connection
Tue Feb  4 17:34:48 2025: SESSION_MGR: closing session for UUID 'a0ed4a83-4398-4b11-b8d2-4f99567b5f80' with name 'vitis-run_compile_fir3'
Tue Feb  4 17:34:48 2025: KERNEL_SVC: closing session for UUID 'a0ed4a83-4398-4b11-b8d2-4f99567b5f80' with name 'vitis-run_compile_fir3'
Tue Feb  4 17:34:48 2025: GUIDANCE_SMGR: closing session for UUID 'a0ed4a83-4398-4b11-b8d2-4f99567b5f80' with name 'vitis-run_compile_fir3'
Tue Feb  4 17:34:48 2025: SYSTEM_DIAGRAM: closing session for UUID 'a0ed4a83-4398-4b11-b8d2-4f99567b5f80' with name 'vitis-run_compile_fir3'
Tue Feb  4 17:34:48 2025: STOP_SERVER received, server token: 7c56d292-e4d6-4fca-9900-8ac27849e445, passed token: 7c56d292-e4d6-4fca-9900-8ac27849e445
Tue Feb  4 17:34:48 2025: Socket received request to stop server.
Tue Feb  4 17:34:48 2025: Dispatch Server: do_await_stop
Tue Feb  4 17:34:48 2025: Dispatch Server: stopping mainFifo_
Tue Feb  4 17:34:48 2025: XCD main fifo: Stopping
Tue Feb  4 17:34:48 2025: XCD main fifo: do_read error code: Operation canceled
Tue Feb  4 17:34:48 2025: XCD main fifo: bytes_transferred: 0
Tue Feb  4 17:34:48 2025: SERVER: destructor for server bound to port 35857
Tue Feb  4 17:34:48 2025: XCD main fifo: Good unlink of /tmp/xcdmain7c56d292-e4d6-4fca-9900-8ac27849e445
Tue Feb  4 17:34:48 2025: Server exiting with status 0.
Tue Feb  4 17:34:48 2025: Closing log file.
Tue Feb  4 17:35:15 2025: Running xcd server. This server was built by gradle.
Tue Feb  4 17:35:15 2025: Server was asked to start on port: '33154'
Tue Feb  4 17:35:15 2025: Server is using token UUID: '9385b465-234d-4b24-b8e0-27d77d2650a1'
Tue Feb  4 17:35:15 2025: SESSION_MGR: creating session with session uuid: '6d04a3e9-ade5-4ab9-8d63-1f78fcd2ec76' and name 'default'
Tue Feb  4 17:35:15 2025: Attempting to start server on port '33154'
Tue Feb  4 17:35:15 2025: XCD main fifo: created main fifo '/tmp/xcdmain9385b465-234d-4b24-b8e0-27d77d2650a1', fd read = 13
Tue Feb  4 17:35:15 2025: Running Dispatch Server
Tue Feb  4 17:35:15 2025: Version 2.2.0
Tue Feb  4 17:35:16 2025: Dispatch Server: Accepted socket connection from client
Tue Feb  4 17:35:16 2025: Starting Socket connection
Tue Feb  4 17:35:16 2025: EXCHANGE_TOKEN received, server token: 9385b465-234d-4b24-b8e0-27d77d2650a1, passed token: 9385b465-234d-4b24-b8e0-27d77d2650a1
Tue Feb  4 17:35:16 2025: DISPATCH_HANDLER: Adding handler from function makeHandler in library libxv_system_diagram
Tue Feb  4 17:35:16 2025: SESSION_MGR: creating session with session uuid: '7a59e136-5b68-4eac-8c6e-a5daaa78003c' and name 'vitis-run_compile_fir3'
Tue Feb  4 17:35:16 2025: KERNEL_SVC: creating session with uuid: '7a59e136-5b68-4eac-8c6e-a5daaa78003c' and name 'vitis-run_compile_fir3'
Tue Feb  4 17:35:16 2025: GUIDANCE_SMGR: creating guidance session with uuid: '7a59e136-5b68-4eac-8c6e-a5daaa78003c' and name 'vitis-run_compile_fir3'
Tue Feb  4 17:35:16 2025: SYSTEM_DIAGRAM: creating session with uuid: '7a59e136-5b68-4eac-8c6e-a5daaa78003c' and name 'vitis-run_compile_fir3'
Tue Feb  4 17:35:24 2025: Dispatch Server: Accepted socket connection from client
Tue Feb  4 17:35:24 2025: Starting Socket connection
Tue Feb  4 17:35:27 2025: SESSION_MGR: closing session for UUID '7a59e136-5b68-4eac-8c6e-a5daaa78003c' with name 'vitis-run_compile_fir3'
Tue Feb  4 17:35:27 2025: KERNEL_SVC: closing session for UUID '7a59e136-5b68-4eac-8c6e-a5daaa78003c' with name 'vitis-run_compile_fir3'
Tue Feb  4 17:35:27 2025: GUIDANCE_SMGR: closing session for UUID '7a59e136-5b68-4eac-8c6e-a5daaa78003c' with name 'vitis-run_compile_fir3'
Tue Feb  4 17:35:27 2025: SYSTEM_DIAGRAM: closing session for UUID '7a59e136-5b68-4eac-8c6e-a5daaa78003c' with name 'vitis-run_compile_fir3'
Tue Feb  4 17:35:27 2025: STOP_SERVER received, server token: 9385b465-234d-4b24-b8e0-27d77d2650a1, passed token: 9385b465-234d-4b24-b8e0-27d77d2650a1
Tue Feb  4 17:35:27 2025: Socket received request to stop server.
Tue Feb  4 17:35:27 2025: Dispatch Server: do_await_stop
Tue Feb  4 17:35:27 2025: Dispatch Server: stopping mainFifo_
Tue Feb  4 17:35:27 2025: XCD main fifo: Stopping
Tue Feb  4 17:35:27 2025: XCD main fifo: do_read error code: Operation canceled
Tue Feb  4 17:35:27 2025: XCD main fifo: bytes_transferred: 0
Tue Feb  4 17:35:27 2025: SERVER: destructor for server bound to port 33154
Tue Feb  4 17:35:27 2025: XCD main fifo: Good unlink of /tmp/xcdmain9385b465-234d-4b24-b8e0-27d77d2650a1
Tue Feb  4 17:35:27 2025: Server exiting with status 0.
Tue Feb  4 17:35:27 2025: Closing log file.
Tue Feb  4 17:36:14 2025: Running xcd server. This server was built by gradle.
Tue Feb  4 17:36:14 2025: Server was asked to start on port: '36264'
Tue Feb  4 17:36:14 2025: Server is using token UUID: '0b7b1752-ec7c-4e06-bd3d-f3654441673e'
Tue Feb  4 17:36:14 2025: SESSION_MGR: creating session with session uuid: '6d04a3e9-ade5-4ab9-8d63-1f78fcd2ec76' and name 'default'
Tue Feb  4 17:36:14 2025: Attempting to start server on port '36264'
Tue Feb  4 17:36:14 2025: XCD main fifo: created main fifo '/tmp/xcdmain0b7b1752-ec7c-4e06-bd3d-f3654441673e', fd read = 13
Tue Feb  4 17:36:14 2025: Running Dispatch Server
Tue Feb  4 17:36:14 2025: Version 2.2.0
Tue Feb  4 17:36:16 2025: Dispatch Server: Accepted socket connection from client
Tue Feb  4 17:36:16 2025: Starting Socket connection
Tue Feb  4 17:36:16 2025: EXCHANGE_TOKEN received, server token: 0b7b1752-ec7c-4e06-bd3d-f3654441673e, passed token: 0b7b1752-ec7c-4e06-bd3d-f3654441673e
Tue Feb  4 17:36:16 2025: DISPATCH_HANDLER: Adding handler from function makeHandler in library libxv_system_diagram
Tue Feb  4 17:36:16 2025: SESSION_MGR: creating session with session uuid: '54840195-edc9-40c1-a010-4abd07d18be0' and name 'vitis-run_compile_fir3'
Tue Feb  4 17:36:16 2025: KERNEL_SVC: creating session with uuid: '54840195-edc9-40c1-a010-4abd07d18be0' and name 'vitis-run_compile_fir3'
Tue Feb  4 17:36:16 2025: GUIDANCE_SMGR: creating guidance session with uuid: '54840195-edc9-40c1-a010-4abd07d18be0' and name 'vitis-run_compile_fir3'
Tue Feb  4 17:36:16 2025: SYSTEM_DIAGRAM: creating session with uuid: '54840195-edc9-40c1-a010-4abd07d18be0' and name 'vitis-run_compile_fir3'
Tue Feb  4 17:36:27 2025: Dispatch Server: Accepted socket connection from client
Tue Feb  4 17:36:27 2025: Starting Socket connection
Tue Feb  4 17:36:32 2025: SESSION_MGR: closing session for UUID '54840195-edc9-40c1-a010-4abd07d18be0' with name 'vitis-run_compile_fir3'
Tue Feb  4 17:36:32 2025: KERNEL_SVC: closing session for UUID '54840195-edc9-40c1-a010-4abd07d18be0' with name 'vitis-run_compile_fir3'
Tue Feb  4 17:36:32 2025: GUIDANCE_SMGR: closing session for UUID '54840195-edc9-40c1-a010-4abd07d18be0' with name 'vitis-run_compile_fir3'
Tue Feb  4 17:36:32 2025: SYSTEM_DIAGRAM: closing session for UUID '54840195-edc9-40c1-a010-4abd07d18be0' with name 'vitis-run_compile_fir3'
Tue Feb  4 17:36:32 2025: STOP_SERVER received, server token: 0b7b1752-ec7c-4e06-bd3d-f3654441673e, passed token: 0b7b1752-ec7c-4e06-bd3d-f3654441673e
Tue Feb  4 17:36:32 2025: Socket received request to stop server.
Tue Feb  4 17:36:32 2025: Dispatch Server: do_await_stop
Tue Feb  4 17:36:32 2025: Dispatch Server: stopping mainFifo_
Tue Feb  4 17:36:32 2025: XCD main fifo: Stopping
Tue Feb  4 17:36:32 2025: XCD main fifo: do_read error code: Operation canceled
Tue Feb  4 17:36:32 2025: XCD main fifo: bytes_transferred: 0
Tue Feb  4 17:36:32 2025: SERVER: destructor for server bound to port 36264
Tue Feb  4 17:36:32 2025: XCD main fifo: Good unlink of /tmp/xcdmain0b7b1752-ec7c-4e06-bd3d-f3654441673e
Tue Feb  4 17:36:32 2025: Server exiting with status 0.
Tue Feb  4 17:36:32 2025: Closing log file.
Tue Feb  4 17:37:51 2025: Running xcd server. This server was built by gradle.
Tue Feb  4 17:37:51 2025: Server was asked to start on port: '46028'
Tue Feb  4 17:37:51 2025: Server is using token UUID: '0da4c0d8-d6ec-4fbd-9a74-08968b00c621'
Tue Feb  4 17:37:51 2025: SESSION_MGR: creating session with session uuid: '6d04a3e9-ade5-4ab9-8d63-1f78fcd2ec76' and name 'default'
Tue Feb  4 17:37:51 2025: Attempting to start server on port '46028'
Tue Feb  4 17:37:51 2025: XCD main fifo: created main fifo '/tmp/xcdmain0da4c0d8-d6ec-4fbd-9a74-08968b00c621', fd read = 13
Tue Feb  4 17:37:51 2025: Running Dispatch Server
Tue Feb  4 17:37:51 2025: Version 2.2.0
Tue Feb  4 17:37:53 2025: Dispatch Server: Accepted socket connection from client
Tue Feb  4 17:37:53 2025: Starting Socket connection
Tue Feb  4 17:37:53 2025: EXCHANGE_TOKEN received, server token: 0da4c0d8-d6ec-4fbd-9a74-08968b00c621, passed token: 0da4c0d8-d6ec-4fbd-9a74-08968b00c621
Tue Feb  4 17:37:53 2025: DISPATCH_HANDLER: Adding handler from function makeHandler in library libxv_system_diagram
Tue Feb  4 17:37:53 2025: SESSION_MGR: creating session with session uuid: '1b8b960a-bf30-466c-bec6-6c2657be7181' and name 'v++_compile_fir3'
Tue Feb  4 17:37:53 2025: KERNEL_SVC: creating session with uuid: '1b8b960a-bf30-466c-bec6-6c2657be7181' and name 'v++_compile_fir3'
Tue Feb  4 17:37:53 2025: GUIDANCE_SMGR: creating guidance session with uuid: '1b8b960a-bf30-466c-bec6-6c2657be7181' and name 'v++_compile_fir3'
Tue Feb  4 17:37:53 2025: SYSTEM_DIAGRAM: creating session with uuid: '1b8b960a-bf30-466c-bec6-6c2657be7181' and name 'v++_compile_fir3'
Tue Feb  4 17:38:03 2025: Dispatch Server: Accepted socket connection from client
Tue Feb  4 17:38:03 2025: Starting Socket connection
Tue Feb  4 17:38:16 2025: SESSION_MGR: closing session for UUID '1b8b960a-bf30-466c-bec6-6c2657be7181' with name 'v++_compile_fir3'
Tue Feb  4 17:38:16 2025: KERNEL_SVC: closing session for UUID '1b8b960a-bf30-466c-bec6-6c2657be7181' with name 'v++_compile_fir3'
Tue Feb  4 17:38:16 2025: GUIDANCE_SMGR: closing session for UUID '1b8b960a-bf30-466c-bec6-6c2657be7181' with name 'v++_compile_fir3'
Tue Feb  4 17:38:16 2025: SYSTEM_DIAGRAM: closing session for UUID '1b8b960a-bf30-466c-bec6-6c2657be7181' with name 'v++_compile_fir3'
Tue Feb  4 17:38:16 2025: STOP_SERVER received, server token: 0da4c0d8-d6ec-4fbd-9a74-08968b00c621, passed token: 0da4c0d8-d6ec-4fbd-9a74-08968b00c621
Tue Feb  4 17:38:16 2025: Socket received request to stop server.
Tue Feb  4 17:38:16 2025: Dispatch Server: do_await_stop
Tue Feb  4 17:38:16 2025: Dispatch Server: stopping mainFifo_
Tue Feb  4 17:38:16 2025: XCD main fifo: Stopping
Tue Feb  4 17:38:16 2025: XCD main fifo: do_read error code: Operation canceled
Tue Feb  4 17:38:16 2025: XCD main fifo: bytes_transferred: 0
Tue Feb  4 17:38:16 2025: SERVER: destructor for server bound to port 46028
Tue Feb  4 17:38:16 2025: XCD main fifo: Good unlink of /tmp/xcdmain0da4c0d8-d6ec-4fbd-9a74-08968b00c621
Tue Feb  4 17:38:16 2025: Server exiting with status 0.
Tue Feb  4 17:38:16 2025: Closing log file.
Tue Feb  4 17:38:24 2025: Running xcd server. This server was built by gradle.
Tue Feb  4 17:38:24 2025: Server was asked to start on port: '41869'
Tue Feb  4 17:38:24 2025: Server is using token UUID: 'eab072c5-eb5a-4536-b398-a477d80a9f5b'
Tue Feb  4 17:38:24 2025: SESSION_MGR: creating session with session uuid: '6d04a3e9-ade5-4ab9-8d63-1f78fcd2ec76' and name 'default'
Tue Feb  4 17:38:24 2025: Attempting to start server on port '41869'
Tue Feb  4 17:38:24 2025: XCD main fifo: created main fifo '/tmp/xcdmaineab072c5-eb5a-4536-b398-a477d80a9f5b', fd read = 13
Tue Feb  4 17:38:24 2025: Running Dispatch Server
Tue Feb  4 17:38:24 2025: Version 2.2.0
Tue Feb  4 17:38:25 2025: Dispatch Server: Accepted socket connection from client
Tue Feb  4 17:38:25 2025: Starting Socket connection
Tue Feb  4 17:38:25 2025: EXCHANGE_TOKEN received, server token: eab072c5-eb5a-4536-b398-a477d80a9f5b, passed token: eab072c5-eb5a-4536-b398-a477d80a9f5b
Tue Feb  4 17:38:26 2025: DISPATCH_HANDLER: Adding handler from function makeHandler in library libxv_system_diagram
Tue Feb  4 17:38:26 2025: SESSION_MGR: creating session with session uuid: 'bf7060ec-8838-4a73-8eca-b79164f8e518' and name 'vitis-run_compile_fir3'
Tue Feb  4 17:38:26 2025: KERNEL_SVC: creating session with uuid: 'bf7060ec-8838-4a73-8eca-b79164f8e518' and name 'vitis-run_compile_fir3'
Tue Feb  4 17:38:26 2025: GUIDANCE_SMGR: creating guidance session with uuid: 'bf7060ec-8838-4a73-8eca-b79164f8e518' and name 'vitis-run_compile_fir3'
Tue Feb  4 17:38:26 2025: SYSTEM_DIAGRAM: creating session with uuid: 'bf7060ec-8838-4a73-8eca-b79164f8e518' and name 'vitis-run_compile_fir3'
Tue Feb  4 17:38:34 2025: Dispatch Server: Accepted socket connection from client
Tue Feb  4 17:38:34 2025: Starting Socket connection
Tue Feb  4 17:38:55 2025: SESSION_MGR: closing session for UUID 'bf7060ec-8838-4a73-8eca-b79164f8e518' with name 'vitis-run_compile_fir3'
Tue Feb  4 17:38:55 2025: KERNEL_SVC: closing session for UUID 'bf7060ec-8838-4a73-8eca-b79164f8e518' with name 'vitis-run_compile_fir3'
Tue Feb  4 17:38:55 2025: GUIDANCE_SMGR: closing session for UUID 'bf7060ec-8838-4a73-8eca-b79164f8e518' with name 'vitis-run_compile_fir3'
Tue Feb  4 17:38:55 2025: SYSTEM_DIAGRAM: closing session for UUID 'bf7060ec-8838-4a73-8eca-b79164f8e518' with name 'vitis-run_compile_fir3'
Tue Feb  4 17:38:55 2025: STOP_SERVER received, server token: eab072c5-eb5a-4536-b398-a477d80a9f5b, passed token: eab072c5-eb5a-4536-b398-a477d80a9f5b
Tue Feb  4 17:38:55 2025: Socket received request to stop server.
Tue Feb  4 17:38:55 2025: Dispatch Server: do_await_stop
Tue Feb  4 17:38:55 2025: Dispatch Server: stopping mainFifo_
Tue Feb  4 17:38:55 2025: XCD main fifo: Stopping
Tue Feb  4 17:38:55 2025: XCD main fifo: do_read error code: Operation canceled
Tue Feb  4 17:38:55 2025: XCD main fifo: bytes_transferred: 0
Tue Feb  4 17:38:55 2025: SERVER: destructor for server bound to port 41869
Tue Feb  4 17:38:55 2025: XCD main fifo: Good unlink of /tmp/xcdmaineab072c5-eb5a-4536-b398-a477d80a9f5b
Tue Feb  4 17:38:55 2025: Server exiting with status 0.
Tue Feb  4 17:38:55 2025: Closing log file.
Tue Feb  4 17:39:03 2025: Running xcd server. This server was built by gradle.
Tue Feb  4 17:39:03 2025: Server was asked to start on port: '45474'
Tue Feb  4 17:39:03 2025: Server is using token UUID: '47add94a-ce93-4048-b888-d1f932e14455'
Tue Feb  4 17:39:03 2025: SESSION_MGR: creating session with session uuid: '6d04a3e9-ade5-4ab9-8d63-1f78fcd2ec76' and name 'default'
Tue Feb  4 17:39:03 2025: Attempting to start server on port '45474'
Tue Feb  4 17:39:03 2025: XCD main fifo: created main fifo '/tmp/xcdmain47add94a-ce93-4048-b888-d1f932e14455', fd read = 13
Tue Feb  4 17:39:03 2025: Running Dispatch Server
Tue Feb  4 17:39:03 2025: Version 2.2.0
Tue Feb  4 17:39:04 2025: Dispatch Server: Accepted socket connection from client
Tue Feb  4 17:39:04 2025: Starting Socket connection
Tue Feb  4 17:39:04 2025: EXCHANGE_TOKEN received, server token: 47add94a-ce93-4048-b888-d1f932e14455, passed token: 47add94a-ce93-4048-b888-d1f932e14455
Tue Feb  4 17:39:04 2025: DISPATCH_HANDLER: Adding handler from function makeHandler in library libxv_system_diagram
Tue Feb  4 17:39:04 2025: SESSION_MGR: creating session with session uuid: '04d55f0f-bf03-47ad-af82-30d91b9e0ebf' and name 'vitis-run_compile_fir3'
Tue Feb  4 17:39:04 2025: KERNEL_SVC: creating session with uuid: '04d55f0f-bf03-47ad-af82-30d91b9e0ebf' and name 'vitis-run_compile_fir3'
Tue Feb  4 17:39:04 2025: GUIDANCE_SMGR: creating guidance session with uuid: '04d55f0f-bf03-47ad-af82-30d91b9e0ebf' and name 'vitis-run_compile_fir3'
Tue Feb  4 17:39:04 2025: SYSTEM_DIAGRAM: creating session with uuid: '04d55f0f-bf03-47ad-af82-30d91b9e0ebf' and name 'vitis-run_compile_fir3'
Tue Feb  4 17:39:16 2025: Dispatch Server: Accepted socket connection from client
Tue Feb  4 17:39:16 2025: Starting Socket connection
Tue Feb  4 17:39:49 2025: SESSION_MGR: closing session for UUID '04d55f0f-bf03-47ad-af82-30d91b9e0ebf' with name 'vitis-run_compile_fir3'
Tue Feb  4 17:39:49 2025: KERNEL_SVC: closing session for UUID '04d55f0f-bf03-47ad-af82-30d91b9e0ebf' with name 'vitis-run_compile_fir3'
Tue Feb  4 17:39:49 2025: GUIDANCE_SMGR: closing session for UUID '04d55f0f-bf03-47ad-af82-30d91b9e0ebf' with name 'vitis-run_compile_fir3'
Tue Feb  4 17:39:49 2025: SYSTEM_DIAGRAM: closing session for UUID '04d55f0f-bf03-47ad-af82-30d91b9e0ebf' with name 'vitis-run_compile_fir3'
Tue Feb  4 17:39:49 2025: STOP_SERVER received, server token: 47add94a-ce93-4048-b888-d1f932e14455, passed token: 47add94a-ce93-4048-b888-d1f932e14455
Tue Feb  4 17:39:49 2025: Socket received request to stop server.
Tue Feb  4 17:39:49 2025: Dispatch Server: do_await_stop
Tue Feb  4 17:39:49 2025: Dispatch Server: stopping mainFifo_
Tue Feb  4 17:39:49 2025: XCD main fifo: Stopping
Tue Feb  4 17:39:49 2025: XCD main fifo: do_read error code: Operation canceled
Tue Feb  4 17:39:49 2025: XCD main fifo: bytes_transferred: 0
Tue Feb  4 17:39:49 2025: SERVER: destructor for server bound to port 45474
Tue Feb  4 17:39:49 2025: XCD main fifo: Good unlink of /tmp/xcdmain47add94a-ce93-4048-b888-d1f932e14455
Tue Feb  4 17:39:49 2025: Server exiting with status 0.
Tue Feb  4 17:39:49 2025: Closing log file.
Tue Feb  4 17:40:03 2025: Running xcd server. This server was built by gradle.
Tue Feb  4 17:40:03 2025: Server was asked to start on port: '44004'
Tue Feb  4 17:40:03 2025: Server is using token UUID: 'b0d285f7-4110-4e2b-a332-3cbff4702c8c'
Tue Feb  4 17:40:03 2025: SESSION_MGR: creating session with session uuid: '6d04a3e9-ade5-4ab9-8d63-1f78fcd2ec76' and name 'default'
Tue Feb  4 17:40:03 2025: Attempting to start server on port '44004'
Tue Feb  4 17:40:03 2025: XCD main fifo: created main fifo '/tmp/xcdmainb0d285f7-4110-4e2b-a332-3cbff4702c8c', fd read = 13
Tue Feb  4 17:40:03 2025: Running Dispatch Server
Tue Feb  4 17:40:03 2025: Version 2.2.0
Tue Feb  4 17:40:04 2025: Dispatch Server: Accepted socket connection from client
Tue Feb  4 17:40:04 2025: Starting Socket connection
Tue Feb  4 17:40:04 2025: EXCHANGE_TOKEN received, server token: b0d285f7-4110-4e2b-a332-3cbff4702c8c, passed token: b0d285f7-4110-4e2b-a332-3cbff4702c8c
Tue Feb  4 17:40:05 2025: DISPATCH_HANDLER: Adding handler from function makeHandler in library libxv_system_diagram
Tue Feb  4 17:40:05 2025: SESSION_MGR: creating session with session uuid: '58d813be-ec6d-44e0-b185-1ddfc6770128' and name 'vitis-run_compile_fir3'
Tue Feb  4 17:40:05 2025: KERNEL_SVC: creating session with uuid: '58d813be-ec6d-44e0-b185-1ddfc6770128' and name 'vitis-run_compile_fir3'
Tue Feb  4 17:40:05 2025: GUIDANCE_SMGR: creating guidance session with uuid: '58d813be-ec6d-44e0-b185-1ddfc6770128' and name 'vitis-run_compile_fir3'
Tue Feb  4 17:40:05 2025: SYSTEM_DIAGRAM: creating session with uuid: '58d813be-ec6d-44e0-b185-1ddfc6770128' and name 'vitis-run_compile_fir3'
Tue Feb  4 17:40:17 2025: Dispatch Server: Accepted socket connection from client
Tue Feb  4 17:40:17 2025: Starting Socket connection
Tue Feb  4 17:41:25 2025: Dispatch Server: Accepted socket connection from client
Tue Feb  4 17:41:25 2025: Starting Socket connection
Tue Feb  4 17:42:45 2025: Dispatch Server: Accepted socket connection from client
Tue Feb  4 17:42:45 2025: Starting Socket connection
Tue Feb  4 17:44:46 2025: Dispatch Server: Accepted socket connection from client
Tue Feb  4 17:44:46 2025: Starting Socket connection
Tue Feb  4 17:48:53 2025: SESSION_MGR: closing session for UUID '58d813be-ec6d-44e0-b185-1ddfc6770128' with name 'vitis-run_compile_fir3'
Tue Feb  4 17:48:53 2025: KERNEL_SVC: closing session for UUID '58d813be-ec6d-44e0-b185-1ddfc6770128' with name 'vitis-run_compile_fir3'
Tue Feb  4 17:48:53 2025: GUIDANCE_SMGR: closing session for UUID '58d813be-ec6d-44e0-b185-1ddfc6770128' with name 'vitis-run_compile_fir3'
Tue Feb  4 17:48:53 2025: SYSTEM_DIAGRAM: closing session for UUID '58d813be-ec6d-44e0-b185-1ddfc6770128' with name 'vitis-run_compile_fir3'
Tue Feb  4 17:48:53 2025: STOP_SERVER received, server token: b0d285f7-4110-4e2b-a332-3cbff4702c8c, passed token: b0d285f7-4110-4e2b-a332-3cbff4702c8c
Tue Feb  4 17:48:53 2025: Socket received request to stop server.
Tue Feb  4 17:48:53 2025: Dispatch Server: do_await_stop
Tue Feb  4 17:48:53 2025: Dispatch Server: stopping mainFifo_
Tue Feb  4 17:48:53 2025: XCD main fifo: Stopping
Tue Feb  4 17:48:53 2025: XCD main fifo: do_read error code: Operation canceled
Tue Feb  4 17:48:53 2025: XCD main fifo: bytes_transferred: 0
Tue Feb  4 17:48:53 2025: SERVER: destructor for server bound to port 44004
Tue Feb  4 17:48:53 2025: XCD main fifo: Good unlink of /tmp/xcdmainb0d285f7-4110-4e2b-a332-3cbff4702c8c
Tue Feb  4 17:48:53 2025: Server exiting with status 0.
Tue Feb  4 17:48:53 2025: Closing log file.
