
*** Running vivado
    with args -log bd_0_hls_inst_0.vds -m64 -product Vivado -mode batch -messageDb vivado.pb -notrace -source bd_0_hls_inst_0.tcl

WARNING: /apps/xilinx24/Vivado/2024.2/tps/lnx64/jre11.0.16_1 does not exist.

****** Vivado v2024.2 (64-bit)
  **** SW Build 5239630 on Fri Nov 08 22:34:34 MST 2024
  **** IP Build 5239520 on Sun Nov 10 16:12:51 MST 2024
  **** SharedData Build 5239561 on Fri Nov 08 14:39:27 MST 2024
  **** Start of session at: Tue Feb  4 17:41:18 2025
    ** Copyright 1986-2022 Xilinx, Inc. All Rights Reserved.
    ** Copyright 2022-2024 Advanced Micro Devices, Inc. All Rights Reserved.

source bd_0_hls_inst_0.tcl -notrace
INFO: Dispatch client connection id - 44004
create_project: Time (s): cpu = 00:00:07 ; elapsed = 00:00:07 . Memory (MB): peak = 1653.980 ; gain = 107.828 ; free physical = 72874 ; free virtual = 151961
INFO: [IP_Flow 19-234] Refreshing IP repositories
INFO: [IP_Flow 19-1700] Loaded user IP repository '/ecel/UFAD/qlopezscarim/Desktop/lab3_vitis/fir3/fir3/hls/impl/ip'.
INFO: [IP_Flow 19-2313] Loaded Vivado IP repository '/apps/xilinx24/Vivado/2024.2/data/ip'.
INFO: [IP_Flow 19-6924] IPCACHE: Running cache check for IP inst: bd_0_hls_inst_0
Command: synth_design -top bd_0_hls_inst_0 -part xczu48dr-ffvg1517-2-e -directive sdx_optimization_effort_high -incremental_mode off -mode out_of_context
Starting synth_design
Attempting to get a license for feature 'Synthesis' and/or device 'xczu48dr'
INFO: [Common 17-349] Got license for feature 'Synthesis' and/or device 'xczu48dr'
INFO: [Common 17-1540] The version limit for your license is '2024.12' and has expired for new software. A version limit expiration means that, although you may be able to continue to use the current version of tools or IP with this license, you will not be eligible for new releases.
INFO: [Device 21-403] Loading part xczu48dr-ffvg1517-2-e
INFO: [Synth 8-7079] Multithreading enabled for synth_design using a maximum of 7 processes.
INFO: [Synth 8-7078] Launching helper process for spawning children vivado processes
INFO: [Synth 8-7075] Helper process launched with PID 14621
---------------------------------------------------------------------------------
Starting RTL Elaboration : Time (s): cpu = 00:00:04 ; elapsed = 00:00:04 . Memory (MB): peak = 2948.551 ; gain = 326.844 ; free physical = 71415 ; free virtual = 150505
---------------------------------------------------------------------------------
INFO: [Synth 8-6157] synthesizing module 'bd_0_hls_inst_0' [/ecel/UFAD/qlopezscarim/Desktop/lab3_vitis/fir3/fir3/hls/impl/verilog/project.gen/sources_1/bd/bd_0/ip/bd_0_hls_inst_0/synth/bd_0_hls_inst_0.v:53]
INFO: [Synth 8-6157] synthesizing module 'fir' [/ecel/UFAD/qlopezscarim/Desktop/lab3_vitis/fir3/fir3/hls/impl/verilog/project.gen/sources_1/bd/bd_0/ipshared/6492/hdl/verilog/fir.v:9]
INFO: [Synth 8-6157] synthesizing module 'fir_fir_Pipeline_1' [/ecel/UFAD/qlopezscarim/Desktop/lab3_vitis/fir3/fir3/hls/impl/verilog/project.gen/sources_1/bd/bd_0/ipshared/6492/hdl/verilog/fir_fir_Pipeline_1.v:9]
INFO: [Synth 8-6157] synthesizing module 'fir_flow_control_loop_pipe_sequential_init' [/ecel/UFAD/qlopezscarim/Desktop/lab3_vitis/fir3/fir3/hls/impl/verilog/project.gen/sources_1/bd/bd_0/ipshared/6492/hdl/verilog/fir_flow_control_loop_pipe_sequential_init.v:11]
INFO: [Synth 8-6155] done synthesizing module 'fir_flow_control_loop_pipe_sequential_init' (0#1) [/ecel/UFAD/qlopezscarim/Desktop/lab3_vitis/fir3/fir3/hls/impl/verilog/project.gen/sources_1/bd/bd_0/ipshared/6492/hdl/verilog/fir_flow_control_loop_pipe_sequential_init.v:11]
INFO: [Synth 8-6155] done synthesizing module 'fir_fir_Pipeline_1' (0#1) [/ecel/UFAD/qlopezscarim/Desktop/lab3_vitis/fir3/fir3/hls/impl/verilog/project.gen/sources_1/bd/bd_0/ipshared/6492/hdl/verilog/fir_fir_Pipeline_1.v:9]
INFO: [Synth 8-6157] synthesizing module 'fir_fir_Pipeline_sample_loop' [/ecel/UFAD/qlopezscarim/Desktop/lab3_vitis/fir3/fir3/hls/impl/verilog/project.gen/sources_1/bd/bd_0/ipshared/6492/hdl/verilog/fir_fir_Pipeline_sample_loop.v:9]
INFO: [Synth 8-6155] done synthesizing module 'fir_fir_Pipeline_sample_loop' (0#1) [/ecel/UFAD/qlopezscarim/Desktop/lab3_vitis/fir3/fir3/hls/impl/verilog/project.gen/sources_1/bd/bd_0/ipshared/6492/hdl/verilog/fir_fir_Pipeline_sample_loop.v:9]
INFO: [Synth 8-6157] synthesizing module 'fir_control_s_axi' [/ecel/UFAD/qlopezscarim/Desktop/lab3_vitis/fir3/fir3/hls/impl/verilog/project.gen/sources_1/bd/bd_0/ipshared/6492/hdl/verilog/fir_control_s_axi.v:9]
INFO: [Synth 8-155] case statement is not full and has no default [/ecel/UFAD/qlopezscarim/Desktop/lab3_vitis/fir3/fir3/hls/impl/verilog/project.gen/sources_1/bd/bd_0/ipshared/6492/hdl/verilog/fir_control_s_axi.v:200]
INFO: [Synth 8-6155] done synthesizing module 'fir_control_s_axi' (0#1) [/ecel/UFAD/qlopezscarim/Desktop/lab3_vitis/fir3/fir3/hls/impl/verilog/project.gen/sources_1/bd/bd_0/ipshared/6492/hdl/verilog/fir_control_s_axi.v:9]
INFO: [Synth 8-6157] synthesizing module 'fir_regslice_both' [/ecel/UFAD/qlopezscarim/Desktop/lab3_vitis/fir3/fir3/hls/impl/verilog/project.gen/sources_1/bd/bd_0/ipshared/6492/hdl/verilog/fir_regslice_both.v:8]
INFO: [Synth 8-6155] done synthesizing module 'fir_regslice_both' (0#1) [/ecel/UFAD/qlopezscarim/Desktop/lab3_vitis/fir3/fir3/hls/impl/verilog/project.gen/sources_1/bd/bd_0/ipshared/6492/hdl/verilog/fir_regslice_both.v:8]
INFO: [Synth 8-6155] done synthesizing module 'fir' (0#1) [/ecel/UFAD/qlopezscarim/Desktop/lab3_vitis/fir3/fir3/hls/impl/verilog/project.gen/sources_1/bd/bd_0/ipshared/6492/hdl/verilog/fir.v:9]
INFO: [Synth 8-6155] done synthesizing module 'bd_0_hls_inst_0' (0#1) [/ecel/UFAD/qlopezscarim/Desktop/lab3_vitis/fir3/fir3/hls/impl/verilog/project.gen/sources_1/bd/bd_0/ip/bd_0_hls_inst_0/synth/bd_0_hls_inst_0.v:53]
WARNING: [Synth 8-6014] Unused sequential element int_ap_done_reg was removed.  [/ecel/UFAD/qlopezscarim/Desktop/lab3_vitis/fir3/fir3/hls/impl/verilog/project.gen/sources_1/bd/bd_0/ipshared/6492/hdl/verilog/fir_control_s_axi.v:258]
INFO: [Synth 8-4490] FSM extraction disabled for register 'ap_CS_fsm_reg' through user attribute
WARNING: [Synth 8-7129] Port AWADDR[1] in module fir_control_s_axi is either unconnected or has no load
WARNING: [Synth 8-7129] Port AWADDR[0] in module fir_control_s_axi is either unconnected or has no load
WARNING: [Synth 8-7129] Port WDATA[31] in module fir_control_s_axi is either unconnected or has no load
WARNING: [Synth 8-7129] Port WDATA[30] in module fir_control_s_axi is either unconnected or has no load
WARNING: [Synth 8-7129] Port WDATA[29] in module fir_control_s_axi is either unconnected or has no load
WARNING: [Synth 8-7129] Port WDATA[28] in module fir_control_s_axi is either unconnected or has no load
WARNING: [Synth 8-7129] Port WDATA[27] in module fir_control_s_axi is either unconnected or has no load
WARNING: [Synth 8-7129] Port WDATA[26] in module fir_control_s_axi is either unconnected or has no load
WARNING: [Synth 8-7129] Port WDATA[25] in module fir_control_s_axi is either unconnected or has no load
WARNING: [Synth 8-7129] Port WDATA[24] in module fir_control_s_axi is either unconnected or has no load
WARNING: [Synth 8-7129] Port WDATA[23] in module fir_control_s_axi is either unconnected or has no load
WARNING: [Synth 8-7129] Port WDATA[22] in module fir_control_s_axi is either unconnected or has no load
WARNING: [Synth 8-7129] Port WDATA[21] in module fir_control_s_axi is either unconnected or has no load
WARNING: [Synth 8-7129] Port WDATA[20] in module fir_control_s_axi is either unconnected or has no load
WARNING: [Synth 8-7129] Port WDATA[19] in module fir_control_s_axi is either unconnected or has no load
WARNING: [Synth 8-7129] Port WDATA[18] in module fir_control_s_axi is either unconnected or has no load
WARNING: [Synth 8-7129] Port WDATA[17] in module fir_control_s_axi is either unconnected or has no load
WARNING: [Synth 8-7129] Port WDATA[16] in module fir_control_s_axi is either unconnected or has no load
WARNING: [Synth 8-7129] Port WDATA[15] in module fir_control_s_axi is either unconnected or has no load
WARNING: [Synth 8-7129] Port WDATA[14] in module fir_control_s_axi is either unconnected or has no load
WARNING: [Synth 8-7129] Port WDATA[13] in module fir_control_s_axi is either unconnected or has no load
WARNING: [Synth 8-7129] Port WDATA[12] in module fir_control_s_axi is either unconnected or has no load
WARNING: [Synth 8-7129] Port WDATA[11] in module fir_control_s_axi is either unconnected or has no load
WARNING: [Synth 8-7129] Port WDATA[10] in module fir_control_s_axi is either unconnected or has no load
WARNING: [Synth 8-7129] Port WDATA[9] in module fir_control_s_axi is either unconnected or has no load
WARNING: [Synth 8-7129] Port WDATA[8] in module fir_control_s_axi is either unconnected or has no load
WARNING: [Synth 8-7129] Port WDATA[6] in module fir_control_s_axi is either unconnected or has no load
WARNING: [Synth 8-7129] Port WDATA[5] in module fir_control_s_axi is either unconnected or has no load
WARNING: [Synth 8-7129] Port WDATA[3] in module fir_control_s_axi is either unconnected or has no load
WARNING: [Synth 8-7129] Port WDATA[2] in module fir_control_s_axi is either unconnected or has no load
WARNING: [Synth 8-7129] Port WSTRB[3] in module fir_control_s_axi is either unconnected or has no load
WARNING: [Synth 8-7129] Port WSTRB[2] in module fir_control_s_axi is either unconnected or has no load
WARNING: [Synth 8-7129] Port WSTRB[1] in module fir_control_s_axi is either unconnected or has no load
---------------------------------------------------------------------------------
Finished RTL Elaboration : Time (s): cpu = 00:00:06 ; elapsed = 00:00:06 . Memory (MB): peak = 3026.535 ; gain = 404.828 ; free physical = 71334 ; free virtual = 150425
---------------------------------------------------------------------------------
---------------------------------------------------------------------------------
Start Handling Custom Attributes
---------------------------------------------------------------------------------
---------------------------------------------------------------------------------
Finished Handling Custom Attributes : Time (s): cpu = 00:00:06 ; elapsed = 00:00:06 . Memory (MB): peak = 3044.332 ; gain = 422.625 ; free physical = 71327 ; free virtual = 150418
---------------------------------------------------------------------------------
---------------------------------------------------------------------------------
Finished RTL Optimization Phase 1 : Time (s): cpu = 00:00:06 ; elapsed = 00:00:06 . Memory (MB): peak = 3044.332 ; gain = 422.625 ; free physical = 71327 ; free virtual = 150418
---------------------------------------------------------------------------------
Netlist sorting complete. Time (s): cpu = 00:00:00.01 ; elapsed = 00:00:00.01 . Memory (MB): peak = 3044.332 ; gain = 0.000 ; free physical = 71327 ; free virtual = 150418
INFO: [Project 1-570] Preparing netlist for logic optimization

Processing XDC Constraints
Initializing timing engine
Parsing XDC File [/ecel/UFAD/qlopezscarim/Desktop/lab3_vitis/fir3/fir3/hls/impl/verilog/project.gen/sources_1/bd/bd_0/ip/bd_0_hls_inst_0/constraints/fir_ooc.xdc] for cell 'inst'
create_clock: Time (s): cpu = 00:00:06 ; elapsed = 00:00:06 . Memory (MB): peak = 3198.020 ; gain = 0.000 ; free physical = 71271 ; free virtual = 150364
Finished Parsing XDC File [/ecel/UFAD/qlopezscarim/Desktop/lab3_vitis/fir3/fir3/hls/impl/verilog/project.gen/sources_1/bd/bd_0/ip/bd_0_hls_inst_0/constraints/fir_ooc.xdc] for cell 'inst'
Parsing XDC File [/ecel/UFAD/qlopezscarim/Desktop/lab3_vitis/fir3/fir3/hls/impl/verilog/project.runs/bd_0_hls_inst_0_synth_1/dont_touch.xdc]
Finished Parsing XDC File [/ecel/UFAD/qlopezscarim/Desktop/lab3_vitis/fir3/fir3/hls/impl/verilog/project.runs/bd_0_hls_inst_0_synth_1/dont_touch.xdc]
Completed Processing XDC Constraints

Netlist sorting complete. Time (s): cpu = 00:00:00 ; elapsed = 00:00:00 . Memory (MB): peak = 3198.020 ; gain = 0.000 ; free physical = 71272 ; free virtual = 150365
INFO: [Project 1-111] Unisim Transformation Summary:
No Unisim elements were transformed.

Constraint Validation Runtime : Time (s): cpu = 00:00:00.02 ; elapsed = 00:00:00.03 . Memory (MB): peak = 3198.027 ; gain = 0.008 ; free physical = 71273 ; free virtual = 150365
INFO: [Designutils 20-5008] Incremental synthesis strategy off
---------------------------------------------------------------------------------
Finished Constraint Validation : Time (s): cpu = 00:00:18 ; elapsed = 00:00:19 . Memory (MB): peak = 3198.027 ; gain = 576.320 ; free physical = 71270 ; free virtual = 150370
---------------------------------------------------------------------------------
---------------------------------------------------------------------------------
Start Loading Part and Timing Information
---------------------------------------------------------------------------------
Loading part: xczu48dr-ffvg1517-2-e
INFO: [Synth 8-6742] Reading net delay rules and data
---------------------------------------------------------------------------------
Finished Loading Part and Timing Information : Time (s): cpu = 00:00:18 ; elapsed = 00:00:19 . Memory (MB): peak = 3206.031 ; gain = 584.324 ; free physical = 71269 ; free virtual = 150369
---------------------------------------------------------------------------------
---------------------------------------------------------------------------------
Start Applying 'set_property' XDC Constraints
---------------------------------------------------------------------------------
Applied set_property KEEP_HIERARCHY = SOFT for inst. (constraint file  /ecel/UFAD/qlopezscarim/Desktop/lab3_vitis/fir3/fir3/hls/impl/verilog/project.runs/bd_0_hls_inst_0_synth_1/dont_touch.xdc, line 9).
---------------------------------------------------------------------------------
Finished applying 'set_property' XDC Constraints : Time (s): cpu = 00:00:18 ; elapsed = 00:00:19 . Memory (MB): peak = 3206.031 ; gain = 584.324 ; free physical = 71271 ; free virtual = 150372
---------------------------------------------------------------------------------
INFO: [Synth 8-802] inferred FSM for state register 'wstate_reg' in module 'fir_control_s_axi'
INFO: [Synth 8-802] inferred FSM for state register 'rstate_reg' in module 'fir_control_s_axi'
INFO: [Synth 8-802] inferred FSM for state register 'state_reg' in module 'fir_regslice_both'
INFO: [Synth 8-4490] FSM extraction disabled for register 'ap_CS_fsm_reg' through user attribute
INFO: [Synth 8-4490] FSM extraction disabled for register 'ap_CS_fsm_reg' through user attribute
INFO: [Synth 8-4490] FSM extraction disabled for register 'ap_CS_fsm_reg' through user attribute
---------------------------------------------------------------------------------------------------
                   State |                     New Encoding |                Previous Encoding 
---------------------------------------------------------------------------------------------------
                  iSTATE |                             0001 |                               11
*
                  WRIDLE |                             0010 |                               00
                  WRDATA |                             0100 |                               01
                  WRRESP |                             1000 |                               10
---------------------------------------------------------------------------------------------------
INFO: [Synth 8-3354] encoded FSM with state register 'wstate_reg' using encoding 'one-hot' in module 'fir_control_s_axi'
---------------------------------------------------------------------------------------------------
                   State |                     New Encoding |                Previous Encoding 
---------------------------------------------------------------------------------------------------
                  iSTATE |                              001 |                               10
*
                  RDIDLE |                              010 |                               00
                  RDDATA |                              100 |                               01
---------------------------------------------------------------------------------------------------
INFO: [Synth 8-3354] encoded FSM with state register 'rstate_reg' using encoding 'one-hot' in module 'fir_control_s_axi'
---------------------------------------------------------------------------------------------------
                   State |                     New Encoding |                Previous Encoding 
---------------------------------------------------------------------------------------------------
                  iSTATE |                               00 |                               00
*
                    ZERO |                               01 |                               10
                     ONE |                               11 |                               11
                     TWO |                               10 |                               01
---------------------------------------------------------------------------------------------------
INFO: [Synth 8-3354] encoded FSM with state register 'state_reg' using encoding 'sequential' in module 'fir_regslice_both'
---------------------------------------------------------------------------------
Finished RTL Optimization Phase 2 : Time (s): cpu = 00:00:19 ; elapsed = 00:00:20 . Memory (MB): peak = 3206.039 ; gain = 584.332 ; free physical = 71267 ; free virtual = 150369
---------------------------------------------------------------------------------
---------------------------------------------------------------------------------
Start RTL Component Statistics 
---------------------------------------------------------------------------------
Detailed RTL Component Info : 
+---Adders : 
	   2 Input   32 Bit       Adders := 1     
	   4 Input   32 Bit       Adders := 1     
	   9 Input   32 Bit       Adders := 1     
	   3 Input   31 Bit       Adders := 1     
	   2 Input    7 Bit       Adders := 1     
	   2 Input    4 Bit       Adders := 1     
+---XORs : 
	   2 Input      1 Bit         XORs := 2     
+---Registers : 
	               32 Bit    Registers := 16    
	                7 Bit    Registers := 1     
	                5 Bit    Registers := 1     
	                4 Bit    Registers := 2     
	                2 Bit    Registers := 3     
	                1 Bit    Registers := 32    
+---Muxes : 
	   2 Input   32 Bit        Muxes := 13    
	   2 Input    5 Bit        Muxes := 2     
	   2 Input    4 Bit        Muxes := 4     
	   4 Input    4 Bit        Muxes := 1     
	   3 Input    3 Bit        Muxes := 1     
	   2 Input    3 Bit        Muxes := 3     
	   2 Input    2 Bit        Muxes := 21    
	   4 Input    2 Bit        Muxes := 8     
	   2 Input    1 Bit        Muxes := 25    
---------------------------------------------------------------------------------
Finished RTL Component Statistics 
---------------------------------------------------------------------------------
---------------------------------------------------------------------------------
Start Part Resource Summary
---------------------------------------------------------------------------------
Part Resources:
DSPs: 4272 (col length:192)
BRAMs: 2160 (col length: RAMB18 192 RAMB36 96)
---------------------------------------------------------------------------------
Finished Part Resource Summary
---------------------------------------------------------------------------------
---------------------------------------------------------------------------------
Start Cross Boundary and Area Optimization
---------------------------------------------------------------------------------
WARNING: [Synth 8-7080] Parallel synthesis criteria is not met
WARNING: [Synth 8-7129] Port s_axi_control_AWADDR[1] in module fir is either unconnected or has no load
WARNING: [Synth 8-7129] Port s_axi_control_AWADDR[0] in module fir is either unconnected or has no load
WARNING: [Synth 8-7129] Port s_axi_control_WDATA[31] in module fir is either unconnected or has no load
WARNING: [Synth 8-7129] Port s_axi_control_WDATA[30] in module fir is either unconnected or has no load
WARNING: [Synth 8-7129] Port s_axi_control_WDATA[29] in module fir is either unconnected or has no load
WARNING: [Synth 8-7129] Port s_axi_control_WDATA[28] in module fir is either unconnected or has no load
WARNING: [Synth 8-7129] Port s_axi_control_WDATA[27] in module fir is either unconnected or has no load
WARNING: [Synth 8-7129] Port s_axi_control_WDATA[26] in module fir is either unconnected or has no load
WARNING: [Synth 8-7129] Port s_axi_control_WDATA[25] in module fir is either unconnected or has no load
WARNING: [Synth 8-7129] Port s_axi_control_WDATA[24] in module fir is either unconnected or has no load
WARNING: [Synth 8-7129] Port s_axi_control_WDATA[23] in module fir is either unconnected or has no load
WARNING: [Synth 8-7129] Port s_axi_control_WDATA[22] in module fir is either unconnected or has no load
WARNING: [Synth 8-7129] Port s_axi_control_WDATA[21] in module fir is either unconnected or has no load
WARNING: [Synth 8-7129] Port s_axi_control_WDATA[20] in module fir is either unconnected or has no load
WARNING: [Synth 8-7129] Port s_axi_control_WDATA[19] in module fir is either unconnected or has no load
WARNING: [Synth 8-7129] Port s_axi_control_WDATA[18] in module fir is either unconnected or has no load
WARNING: [Synth 8-7129] Port s_axi_control_WDATA[17] in module fir is either unconnected or has no load
WARNING: [Synth 8-7129] Port s_axi_control_WDATA[16] in module fir is either unconnected or has no load
WARNING: [Synth 8-7129] Port s_axi_control_WDATA[15] in module fir is either unconnected or has no load
WARNING: [Synth 8-7129] Port s_axi_control_WDATA[14] in module fir is either unconnected or has no load
WARNING: [Synth 8-7129] Port s_axi_control_WDATA[13] in module fir is either unconnected or has no load
WARNING: [Synth 8-7129] Port s_axi_control_WDATA[12] in module fir is either unconnected or has no load
WARNING: [Synth 8-7129] Port s_axi_control_WDATA[11] in module fir is either unconnected or has no load
WARNING: [Synth 8-7129] Port s_axi_control_WDATA[10] in module fir is either unconnected or has no load
WARNING: [Synth 8-7129] Port s_axi_control_WDATA[9] in module fir is either unconnected or has no load
WARNING: [Synth 8-7129] Port s_axi_control_WDATA[8] in module fir is either unconnected or has no load
WARNING: [Synth 8-7129] Port s_axi_control_WDATA[6] in module fir is either unconnected or has no load
WARNING: [Synth 8-7129] Port s_axi_control_WDATA[5] in module fir is either unconnected or has no load
WARNING: [Synth 8-7129] Port s_axi_control_WDATA[3] in module fir is either unconnected or has no load
WARNING: [Synth 8-7129] Port s_axi_control_WDATA[2] in module fir is either unconnected or has no load
WARNING: [Synth 8-7129] Port s_axi_control_WSTRB[3] in module fir is either unconnected or has no load
WARNING: [Synth 8-7129] Port s_axi_control_WSTRB[2] in module fir is either unconnected or has no load
WARNING: [Synth 8-7129] Port s_axi_control_WSTRB[1] in module fir is either unconnected or has no load
WARNING: [Synth 8-3332] Sequential element (control_s_axi_U/FSM_onehot_wstate_reg[0]) is unused and will be removed from module fir.
WARNING: [Synth 8-3332] Sequential element (control_s_axi_U/FSM_onehot_rstate_reg[0]) is unused and will be removed from module fir.
---------------------------------------------------------------------------------
Finished Cross Boundary and Area Optimization : Time (s): cpu = 00:00:22 ; elapsed = 00:00:23 . Memory (MB): peak = 3206.039 ; gain = 584.332 ; free physical = 71266 ; free virtual = 150364
---------------------------------------------------------------------------------
---------------------------------------------------------------------------------
Start Applying XDC Timing Constraints
---------------------------------------------------------------------------------
---------------------------------------------------------------------------------
Finished Applying XDC Timing Constraints : Time (s): cpu = 00:00:29 ; elapsed = 00:00:30 . Memory (MB): peak = 3635.262 ; gain = 1013.555 ; free physical = 70826 ; free virtual = 149927
---------------------------------------------------------------------------------
---------------------------------------------------------------------------------
Start Timing Optimization
---------------------------------------------------------------------------------
---------------------------------------------------------------------------------
Finished Timing Optimization : Time (s): cpu = 00:00:31 ; elapsed = 00:00:32 . Memory (MB): peak = 3711.887 ; gain = 1090.180 ; free physical = 70752 ; free virtual = 149854
---------------------------------------------------------------------------------
---------------------------------------------------------------------------------
Start Technology Mapping
---------------------------------------------------------------------------------
---------------------------------------------------------------------------------
Finished Technology Mapping : Time (s): cpu = 00:00:31 ; elapsed = 00:00:33 . Memory (MB): peak = 3711.887 ; gain = 1090.180 ; free physical = 70751 ; free virtual = 149852
---------------------------------------------------------------------------------
---------------------------------------------------------------------------------
Start IO Insertion
---------------------------------------------------------------------------------
---------------------------------------------------------------------------------
Start Flattening Before IO Insertion
---------------------------------------------------------------------------------
---------------------------------------------------------------------------------
Finished Flattening Before IO Insertion
---------------------------------------------------------------------------------
---------------------------------------------------------------------------------
Start Final Netlist Cleanup
---------------------------------------------------------------------------------
---------------------------------------------------------------------------------
Finished Final Netlist Cleanup
---------------------------------------------------------------------------------
---------------------------------------------------------------------------------
Finished IO Insertion : Time (s): cpu = 00:00:34 ; elapsed = 00:00:36 . Memory (MB): peak = 3817.699 ; gain = 1195.992 ; free physical = 70663 ; free virtual = 149765
---------------------------------------------------------------------------------
---------------------------------------------------------------------------------
Start Renaming Generated Instances
---------------------------------------------------------------------------------
---------------------------------------------------------------------------------
Finished Renaming Generated Instances : Time (s): cpu = 00:00:34 ; elapsed = 00:00:36 . Memory (MB): peak = 3817.699 ; gain = 1195.992 ; free physical = 70664 ; free virtual = 149765
---------------------------------------------------------------------------------
---------------------------------------------------------------------------------
Start Rebuilding User Hierarchy
---------------------------------------------------------------------------------
---------------------------------------------------------------------------------
Finished Rebuilding User Hierarchy : Time (s): cpu = 00:00:34 ; elapsed = 00:00:36 . Memory (MB): peak = 3817.699 ; gain = 1195.992 ; free physical = 70663 ; free virtual = 149765
---------------------------------------------------------------------------------
---------------------------------------------------------------------------------
Start Renaming Generated Ports
---------------------------------------------------------------------------------
---------------------------------------------------------------------------------
Finished Renaming Generated Ports : Time (s): cpu = 00:00:34 ; elapsed = 00:00:36 . Memory (MB): peak = 3817.699 ; gain = 1195.992 ; free physical = 70663 ; free virtual = 149765
---------------------------------------------------------------------------------
---------------------------------------------------------------------------------
Start Handling Custom Attributes
---------------------------------------------------------------------------------
---------------------------------------------------------------------------------
Finished Handling Custom Attributes : Time (s): cpu = 00:00:34 ; elapsed = 00:00:36 . Memory (MB): peak = 3817.699 ; gain = 1195.992 ; free physical = 70663 ; free virtual = 149765
---------------------------------------------------------------------------------
---------------------------------------------------------------------------------
Start Renaming Generated Nets
---------------------------------------------------------------------------------
---------------------------------------------------------------------------------
Finished Renaming Generated Nets : Time (s): cpu = 00:00:34 ; elapsed = 00:00:36 . Memory (MB): peak = 3817.699 ; gain = 1195.992 ; free physical = 70663 ; free virtual = 149765
---------------------------------------------------------------------------------
---------------------------------------------------------------------------------
Start Writing Synthesis Report
---------------------------------------------------------------------------------

Report BlackBoxes: 
+-+--------------+----------+
| |BlackBox name |Instances |
+-+--------------+----------+
+-+--------------+----------+

Report Cell Usage: 
+------+-------+------+
|      |Cell   |Count |
+------+-------+------+
|1     |CARRY8 |    24|
|2     |LUT1   |     3|
|3     |LUT2   |    76|
|4     |LUT3   |   185|
|5     |LUT4   |    86|
|6     |LUT5   |    52|
|7     |LUT6   |   171|
|8     |FDRE   |   543|
|9     |FDSE   |     5|
+------+-------+------+
---------------------------------------------------------------------------------
Finished Writing Synthesis Report : Time (s): cpu = 00:00:34 ; elapsed = 00:00:36 . Memory (MB): peak = 3817.699 ; gain = 1195.992 ; free physical = 70663 ; free virtual = 149765
---------------------------------------------------------------------------------
Synthesis finished with 0 errors, 0 critical warnings and 36 warnings.
Synthesis Optimization Runtime : Time (s): cpu = 00:00:27 ; elapsed = 00:00:28 . Memory (MB): peak = 3817.699 ; gain = 1042.297 ; free physical = 70661 ; free virtual = 149762
Synthesis Optimization Complete : Time (s): cpu = 00:00:35 ; elapsed = 00:00:36 . Memory (MB): peak = 3817.699 ; gain = 1195.992 ; free physical = 70660 ; free virtual = 149761
INFO: [Project 1-571] Translating synthesized netlist
Netlist sorting complete. Time (s): cpu = 00:00:00.01 ; elapsed = 00:00:00 . Memory (MB): peak = 3817.699 ; gain = 0.000 ; free physical = 70832 ; free virtual = 149933
INFO: [Netlist 29-17] Analyzing 24 Unisim elements for replacement
INFO: [Netlist 29-28] Unisim Transformation completed in 0 CPU seconds
INFO: [Project 1-570] Preparing netlist for logic optimization
INFO: [Opt 31-138] Pushed 0 inverter(s) to 0 load pin(s).
Netlist sorting complete. Time (s): cpu = 00:00:00 ; elapsed = 00:00:00 . Memory (MB): peak = 3827.348 ; gain = 0.000 ; free physical = 70765 ; free virtual = 149866
INFO: [Project 1-111] Unisim Transformation Summary:
No Unisim elements were transformed.

Synth Design complete | Checksum: fb2b7ecf
INFO: [Common 17-83] Releasing license: Synthesis
46 Infos, 70 Warnings, 0 Critical Warnings and 0 Errors encountered.
synth_design completed successfully
synth_design: Time (s): cpu = 00:00:44 ; elapsed = 00:00:45 . Memory (MB): peak = 3827.348 ; gain = 2124.977 ; free physical = 70765 ; free virtual = 149866
INFO: [Common 17-2834] synth_design peak Physical Memory [PSS] (MB): overall = 2728.349; main = 2728.349; forked = 225.463
INFO: [Common 17-2834] synth_design peak Virtual Memory [VSS] (MB): overall = 4822.691; main = 3827.352; forked = 1234.418
Write ShapeDB Complete: Time (s): cpu = 00:00:00 ; elapsed = 00:00:00 . Memory (MB): peak = 3851.359 ; gain = 0.000 ; free physical = 70766 ; free virtual = 149867
INFO: [Common 17-1381] The checkpoint '/ecel/UFAD/qlopezscarim/Desktop/lab3_vitis/fir3/fir3/hls/impl/verilog/project.runs/bd_0_hls_inst_0_synth_1/bd_0_hls_inst_0.dcp' has been generated.
INFO: [Coretcl 2-1648] Added synthesis output to IP cache for IP bd_0_hls_inst_0, cache-ID = 0b4c79b071f0a157
INFO: [Coretcl 2-1174] Renamed 8 cell refs.
Write ShapeDB Complete: Time (s): cpu = 00:00:00.01 ; elapsed = 00:00:00 . Memory (MB): peak = 3851.375 ; gain = 0.000 ; free physical = 70755 ; free virtual = 149857
INFO: [Common 17-1381] The checkpoint '/ecel/UFAD/qlopezscarim/Desktop/lab3_vitis/fir3/fir3/hls/impl/verilog/project.runs/bd_0_hls_inst_0_synth_1/bd_0_hls_inst_0.dcp' has been generated.
INFO: [Vivado 12-24828] Executing command : report_utilization -file bd_0_hls_inst_0_utilization_synth.rpt -pb bd_0_hls_inst_0_utilization_synth.pb
INFO: [Common 17-206] Exiting Vivado at Tue Feb  4 17:42:20 2025...
