dfgPass::INFOR: DFG Pass going to run on Module: /ecel/UFAD/qlopezscarim/Desktop/lab3_vitis/fir1/fir1/hls/csim/code_analyzer/.internal/instrument/app_0/project.symbols.bc
dfgPass::INFOR:     Parsing the provided input trace files...
dfgPass::INFOR:     Initializing InstructionCounter...
dfgPass::VERBO:     +0 is not a loop
dfgPass::VERBO:     +0 is not a loop
dfgPass::VERBO:     +0 is not a loop
dfgPass::VERBO:     +1 is not an innermost loop
dfgPass::VERBO:       - BEFORE BREAK
dfgPass::VERBO:       - for.cond2
dfgPass::VERBO:         - memlocal of :n:0
dfgPass::VERBO:         - LCV conditional branch 6:48
dfgPass::VERBO:       - AFTER BREAK
dfgPass::VERBO:       - for.body4
dfgPass::VERBO:         - memlocal of :n:0
dfgPass::VERBO:         - memlocal offset is invalid:0:4
dfgPass::VERBO:         - memlocal of :n:0
dfgPass::VERBO:         - memlocal of :n:0
dfgPass::VERBO:       - AFTER BREAK
dfgPass::VERBO:       - for.inc
dfgPass::VERBO:         - memlocal of :n:0
dfgPass::VERBO:         - memlocal of :n:1
dfgPass::VERBO:       - AFTER BREAK
dfgPass::VERBO:     +3 is not an innermost loop
dfgPass::VERBO:     +4 fails R.hasBlockSchema
dfgPass::VERBO:     +5 fails R.hasBlockSchema
dfgPass::VERBO:     +0 is not a loop
dfgPass::VERBO:     +1 is not an innermost loop
dfgPass::VERBO:       - BEFORE BREAK
dfgPass::VERBO:       - for.cond7
dfgPass::VERBO:         - memlocal of :k:0
dfgPass::VERBO:         - LCV conditional branch 6:48
dfgPass::VERBO:       - AFTER BREAK
dfgPass::VERBO:       - for.body9
dfgPass::VERBO:         - memlocal of :k:0
dfgPass::VERBO:         - memlocal offset is invalid:0:4
dfgPass::VERBO:         - memlocal of :k:0
dfgPass::VERBO:       - AFTER BREAK
dfgPass::VERBO:       - for.inc14
dfgPass::VERBO:         - memlocal of :k:0
dfgPass::VERBO:         - memlocal of :k:1
dfgPass::VERBO:       - AFTER BREAK
dfgPass::VERBO:       - BEFORE BREAK
dfgPass::VERBO:       - for.cond20
dfgPass::VERBO:         - memlocal of :k:0
dfgPass::VERBO:         - LCV conditional branch 6:48
dfgPass::VERBO:       - AFTER BREAK
dfgPass::VERBO:       - for.body22
dfgPass::VERBO:         - memlocal of :k:0
dfgPass::VERBO:         - memlocal offset is invalid:0:4
dfgPass::VERBO:         - memlocal of :k:0
dfgPass::VERBO:         - memlocal offset is invalid:0:4
dfgPass::VERBO:         - memlocal of :y:0
dfgPass::VERBO:         - memlocal of :y:1
dfgPass::VERBO:       - AFTER BREAK
dfgPass::VERBO:       - for.inc27
dfgPass::VERBO:         - memlocal of :k:0
dfgPass::VERBO:         - memlocal of :k:1
dfgPass::VERBO:       - AFTER BREAK
dfgPass::VERBO:       - BEFORE BREAK
dfgPass::VERBO:       - for.cond
dfgPass::VERBO:         - memlocal of :k:0
dfgPass::VERBO:         - LCV conditional branch 6:48
dfgPass::VERBO:       - AFTER BREAK
dfgPass::VERBO:       - for.body
dfgPass::VERBO:         - memlocal of :a:0
dfgPass::VERBO:         - memlocal of :k:0
dfgPass::VERBO:         - memlocal of :k:0
dfgPass::VERBO:         - memlocal offset is invalid:0:4
dfgPass::VERBO:       - AFTER BREAK
dfgPass::VERBO:       - for.inc
dfgPass::VERBO:         - memlocal of :k:0
dfgPass::VERBO:         - memlocal of :k:1
dfgPass::VERBO:       - AFTER BREAK
dfgPass::INFOR:     Parsing trace...
dfgPass::INFOR:     End of the trace parse
