================================================================
== Vivado RTL Synthesis Results
================================================================
+ General Information:
    * Date:            Tue Feb 04 17:48:53 EST 2025
    * Version:         2024.2 (Build 5238294 on Nov  8 2024)
    * Project:         fir3
    * Solution:        hls (Vitis Kernel Flow Target)
    * Product family:  zynquplusRFSOC
    * Target device:   xczu48dr-ffvg1517-2-e


================================================================
== Run Constraints & Options
================================================================
+ Design Constraints & Options:
    * RTL Synthesis target clock:  5 ns
    * C-Synthesis target clock:    5 ns
    * C-Synthesis uncertainty:     27%

+ RTL Synthesis Options:
    * config_export -vivado_synth_strategy:     default
    * config_export -vivado_synth_design_args:  -directive sdx_optimization_effort_high

+ Reporting Options:
    * config_export -vivado_report_level:      2
    * config_export -vivado_max_timing_paths:  10


================================================================
== RTL Synthesis Resource Summary
================================================================
LUT:              507
FF:               548
DSP:              0
BRAM:             0
URAM:             0
SRL:              0


================================================================
== RTL Synthesis Timing Summary
================================================================
* Timing was met
+----------------+-------------+
| Timing         | Period (ns) |
+----------------+-------------+
| Target         | 5.000       |
| Post-Synthesis | 2.316       |
+----------------+-------------+


================================================================
== RTL Synthesis Resources
================================================================
+------------------------------------------+-----+-----+-----+------+------+-----+--------+------+---------+----------+--------+
| Name                                     | LUT | FF  | DSP | BRAM | URAM | SRL | Pragma | Impl | Latency | Variable | Source |
+------------------------------------------+-----+-----+-----+------+------+-----+--------+------+---------+----------+--------+
| inst                                     | 507 | 548 |     |      |      |     |        |      |         |          |        |
|   (inst)                                 | 1   | 43  |     |      |      |     |        |      |         |          |        |
|   control_s_axi_U                        | 25  | 28  |     |      |      |     |        |      |         |          |        |
|   grp_fir_Pipeline_1_fu_72               | 8   | 6   |     |      |      |     |        |      |         |          |        |
|     (grp_fir_Pipeline_1_fu_72)           |     | 4   |     |      |      |     |        |      |         |          |        |
|   grp_fir_Pipeline_sample_loop_fu_85     | 356 | 333 |     |      |      |     |        |      |         |          |        |
|     (grp_fir_Pipeline_sample_loop_fu_85) | 342 | 331 |     |      |      |     |        |      |         |          |        |
|   regslice_both_in_r_U                   | 78  | 69  |     |      |      |     |        |      |         |          |        |
|   regslice_both_out_r_U                  | 39  | 69  |     |      |      |     |        |      |         |          |        |
+------------------------------------------+-----+-----+-----+------+------+-----+--------+------+---------+----------+--------+


================================================================
== RTL Synthesis Fail Fast
================================================================
+-----------------------------------------------------------+-----------+--------+--------+
| Criteria                                                  | Guideline | Actual | Status |
+-----------------------------------------------------------+-----------+--------+--------+
| LUT                                                       | 70%       | 0.12%  | OK     |
| FD                                                        | 50%       | 0.06%  | OK     |
| LUTRAM+SRL                                                | 25%       | 0.00%  | OK     |
| CARRY8                                                    | 25%       | 0.05%  | OK     |
| MUXF7                                                     | 15%       | 0.00%  | OK     |
| DSP                                                       | 80%       | 0.00%  | OK     |
| RAMB/FIFO                                                 | 80%       | 0.00%  | OK     |
| URAM                                                      | 80%       | 0.00%  | OK     |
| DSP+RAMB+URAM (Avg)                                       | 70%       | 0.00%  | OK     |
| BUFGCE* + BUFGCTRL                                        | 24        | 0      | OK     |
| DONT_TOUCH (cells/nets)                                   | 0         | 0      | OK     |
| MARK_DEBUG (nets)                                         | 0         | 0      | OK     |
| Control Sets                                              | 7974      | 14     | OK     |
| Average Fanout for modules > 100k cells                   | 4         | 2.95   | OK     |
| Max Average Fanout for modules > 100k cells               | 4         | 0      | OK     |
| Non-FD high fanout nets > 10k loads                       | 0         | 0      | OK     |
+-----------------------------------------------------------+-----------+--------+--------+
| TIMING-6 (No common primary clock between related clocks) | 0         | 0      | OK     |
| TIMING-7 (No common node between related clocks)          | 0         | 0      | OK     |
| TIMING-8 (No common period between related clocks)        | 0         | 0      | OK     |
| TIMING-14 (LUT on the clock tree)                         | 0         | 0      | OK     |
| TIMING-35 (No common node in paths with the same clock)   | 0         | 0      | OK     |
+-----------------------------------------------------------+-----------+--------+--------+
| Number of paths above max LUT budgeting (0.300ns)         | 0         | 0      | OK     |
| Number of paths above max Net budgeting (0.208ns)         | 0         | 0      | OK     |
+-----------------------------------------------------------+-----------+--------+--------+


================================================================
== RTL Synthesis Timing Paths
================================================================
* Timing was met
+-------+-------+---------------------------------------------------------+--------------------------------------------------------+--------------+------------+----------------+----------------+--------------+
| Path  | SLACK | STARTPOINT PIN                                          | ENDPOINT PIN                                           | LOGIC LEVELS | MAX FANOUT | DATAPATH DELAY | DATAPATH LOGIC | DATAPATH NET |
|       |       |                                                         |                                                        |              |            |                |          DELAY |        DELAY |
+-------+-------+---------------------------------------------------------+--------------------------------------------------------+--------------+------------+----------------+----------------+--------------+
| Path1 | 2.684 | grp_fir_Pipeline_sample_loop_fu_85/reg_7_fu_96_reg[0]/C | grp_fir_Pipeline_sample_loop_fu_85/y_reg_487_reg[31]/D |           10 |          6 |          2.299 |          1.026 |        1.273 |
| Path2 | 2.685 | grp_fir_Pipeline_sample_loop_fu_85/reg_7_fu_96_reg[0]/C | grp_fir_Pipeline_sample_loop_fu_85/y_reg_487_reg[29]/D |           10 |          6 |          2.298 |          1.026 |        1.272 |
| Path3 | 2.697 | grp_fir_Pipeline_sample_loop_fu_85/reg_7_fu_96_reg[0]/C | grp_fir_Pipeline_sample_loop_fu_85/y_reg_487_reg[30]/D |           10 |          6 |          2.286 |          1.013 |        1.273 |
| Path4 | 2.715 | grp_fir_Pipeline_sample_loop_fu_85/reg_7_fu_96_reg[0]/C | grp_fir_Pipeline_sample_loop_fu_85/y_reg_487_reg[28]/D |           10 |          6 |          2.268 |          0.996 |        1.272 |
| Path5 | 2.718 | grp_fir_Pipeline_sample_loop_fu_85/reg_7_fu_96_reg[0]/C | grp_fir_Pipeline_sample_loop_fu_85/y_reg_487_reg[27]/D |           10 |          6 |          2.265 |          0.992 |        1.273 |
+-------+-------+---------------------------------------------------------+--------------------------------------------------------+--------------+------------+----------------+----------------+--------------+

    +-------------------------------------------------------------------+-------------------+
    | Path1 Cells                                                       | Primitive Type    |
    +-------------------------------------------------------------------+-------------------+
    | grp_fir_Pipeline_sample_loop_fu_85/reg_7_fu_96_reg[0]             | REGISTER.SDR.FDRE |
    | grp_fir_Pipeline_sample_loop_fu_85/tmp1_fu_294_p2_carry_i_7       | CLB.LUT.LUT2      |
    | grp_fir_Pipeline_sample_loop_fu_85/tmp1_fu_294_p2_carry           | CLB.CARRY.CARRY8  |
    | grp_fir_Pipeline_sample_loop_fu_85/tmp1_fu_294_p2_carry__0        | CLB.CARRY.CARRY8  |
    | grp_fir_Pipeline_sample_loop_fu_85/y_fu_362_p2__93_carry__0_i_11  | CLB.LUT.LUT6      |
    | grp_fir_Pipeline_sample_loop_fu_85/y_fu_362_p2__93_carry__0       | CLB.CARRY.CARRY8  |
    | grp_fir_Pipeline_sample_loop_fu_85/y_fu_362_p2__93_carry__1       | CLB.CARRY.CARRY8  |
    | grp_fir_Pipeline_sample_loop_fu_85/y_fu_362_p2__188_carry__1_i_23 | CLB.LUT.LUT3      |
    | grp_fir_Pipeline_sample_loop_fu_85/y_fu_362_p2__188_carry__1_i_7  | CLB.LUT.LUT5      |
    | grp_fir_Pipeline_sample_loop_fu_85/y_fu_362_p2__188_carry__1      | CLB.CARRY.CARRY8  |
    | grp_fir_Pipeline_sample_loop_fu_85/y_fu_362_p2__188_carry__2      | CLB.CARRY.CARRY8  |
    | grp_fir_Pipeline_sample_loop_fu_85/y_reg_487_reg[31]              | REGISTER.SDR.FDRE |
    | grp_fir_Pipeline_sample_loop_fu_85/reg_7_fu_96_reg[0]             | REGISTER.SDR.FDRE |
    | grp_fir_Pipeline_sample_loop_fu_85/tmp1_fu_294_p2_carry_i_7       | CLB.LUT.LUT2      |
    | grp_fir_Pipeline_sample_loop_fu_85/tmp1_fu_294_p2_carry           | CLB.CARRY.CARRY8  |
    | grp_fir_Pipeline_sample_loop_fu_85/tmp1_fu_294_p2_carry__0        | CLB.CARRY.CARRY8  |
    | grp_fir_Pipeline_sample_loop_fu_85/y_fu_362_p2__93_carry__0_i_11  | CLB.LUT.LUT6      |
    | grp_fir_Pipeline_sample_loop_fu_85/y_fu_362_p2__93_carry__0       | CLB.CARRY.CARRY8  |
    | grp_fir_Pipeline_sample_loop_fu_85/y_fu_362_p2__93_carry__1       | CLB.CARRY.CARRY8  |
    | grp_fir_Pipeline_sample_loop_fu_85/y_fu_362_p2__188_carry__1_i_23 | CLB.LUT.LUT3      |
    | grp_fir_Pipeline_sample_loop_fu_85/y_fu_362_p2__188_carry__1_i_7  | CLB.LUT.LUT5      |
    | grp_fir_Pipeline_sample_loop_fu_85/y_fu_362_p2__188_carry__1      | CLB.CARRY.CARRY8  |
    | grp_fir_Pipeline_sample_loop_fu_85/y_fu_362_p2__188_carry__2      | CLB.CARRY.CARRY8  |
    | grp_fir_Pipeline_sample_loop_fu_85/y_reg_487_reg[29]              | REGISTER.SDR.FDRE |
    | grp_fir_Pipeline_sample_loop_fu_85/reg_7_fu_96_reg[0]             | REGISTER.SDR.FDRE |
    | grp_fir_Pipeline_sample_loop_fu_85/tmp1_fu_294_p2_carry_i_7       | CLB.LUT.LUT2      |
    | grp_fir_Pipeline_sample_loop_fu_85/tmp1_fu_294_p2_carry           | CLB.CARRY.CARRY8  |
    | grp_fir_Pipeline_sample_loop_fu_85/tmp1_fu_294_p2_carry__0        | CLB.CARRY.CARRY8  |
    | grp_fir_Pipeline_sample_loop_fu_85/y_fu_362_p2__93_carry__0_i_11  | CLB.LUT.LUT6      |
    | grp_fir_Pipeline_sample_loop_fu_85/y_fu_362_p2__93_carry__0       | CLB.CARRY.CARRY8  |
    | grp_fir_Pipeline_sample_loop_fu_85/y_fu_362_p2__93_carry__1       | CLB.CARRY.CARRY8  |
    | grp_fir_Pipeline_sample_loop_fu_85/y_fu_362_p2__188_carry__1_i_23 | CLB.LUT.LUT3      |
    | grp_fir_Pipeline_sample_loop_fu_85/y_fu_362_p2__188_carry__1_i_7  | CLB.LUT.LUT5      |
    | grp_fir_Pipeline_sample_loop_fu_85/y_fu_362_p2__188_carry__1      | CLB.CARRY.CARRY8  |
    | grp_fir_Pipeline_sample_loop_fu_85/y_fu_362_p2__188_carry__2      | CLB.CARRY.CARRY8  |
    | grp_fir_Pipeline_sample_loop_fu_85/y_reg_487_reg[30]              | REGISTER.SDR.FDRE |
    | grp_fir_Pipeline_sample_loop_fu_85/reg_7_fu_96_reg[0]             | REGISTER.SDR.FDRE |
    | grp_fir_Pipeline_sample_loop_fu_85/tmp1_fu_294_p2_carry_i_7       | CLB.LUT.LUT2      |
    | grp_fir_Pipeline_sample_loop_fu_85/tmp1_fu_294_p2_carry           | CLB.CARRY.CARRY8  |
    | grp_fir_Pipeline_sample_loop_fu_85/tmp1_fu_294_p2_carry__0        | CLB.CARRY.CARRY8  |
    | grp_fir_Pipeline_sample_loop_fu_85/y_fu_362_p2__93_carry__0_i_11  | CLB.LUT.LUT6      |
    | grp_fir_Pipeline_sample_loop_fu_85/y_fu_362_p2__93_carry__0       | CLB.CARRY.CARRY8  |
    | grp_fir_Pipeline_sample_loop_fu_85/y_fu_362_p2__93_carry__1       | CLB.CARRY.CARRY8  |
    | grp_fir_Pipeline_sample_loop_fu_85/y_fu_362_p2__188_carry__1_i_23 | CLB.LUT.LUT3      |
    | grp_fir_Pipeline_sample_loop_fu_85/y_fu_362_p2__188_carry__1_i_7  | CLB.LUT.LUT5      |
    | grp_fir_Pipeline_sample_loop_fu_85/y_fu_362_p2__188_carry__1      | CLB.CARRY.CARRY8  |
    | grp_fir_Pipeline_sample_loop_fu_85/y_fu_362_p2__188_carry__2      | CLB.CARRY.CARRY8  |
    | grp_fir_Pipeline_sample_loop_fu_85/y_reg_487_reg[28]              | REGISTER.SDR.FDRE |
    | grp_fir_Pipeline_sample_loop_fu_85/reg_7_fu_96_reg[0]             | REGISTER.SDR.FDRE |
    | grp_fir_Pipeline_sample_loop_fu_85/tmp1_fu_294_p2_carry_i_7       | CLB.LUT.LUT2      |
    | grp_fir_Pipeline_sample_loop_fu_85/tmp1_fu_294_p2_carry           | CLB.CARRY.CARRY8  |
    | grp_fir_Pipeline_sample_loop_fu_85/tmp1_fu_294_p2_carry__0        | CLB.CARRY.CARRY8  |
    | grp_fir_Pipeline_sample_loop_fu_85/y_fu_362_p2__93_carry__0_i_11  | CLB.LUT.LUT6      |
    | grp_fir_Pipeline_sample_loop_fu_85/y_fu_362_p2__93_carry__0       | CLB.CARRY.CARRY8  |
    | grp_fir_Pipeline_sample_loop_fu_85/y_fu_362_p2__93_carry__1       | CLB.CARRY.CARRY8  |
    | grp_fir_Pipeline_sample_loop_fu_85/y_fu_362_p2__188_carry__1_i_23 | CLB.LUT.LUT3      |
    | grp_fir_Pipeline_sample_loop_fu_85/y_fu_362_p2__188_carry__1_i_7  | CLB.LUT.LUT5      |
    | grp_fir_Pipeline_sample_loop_fu_85/y_fu_362_p2__188_carry__1      | CLB.CARRY.CARRY8  |
    | grp_fir_Pipeline_sample_loop_fu_85/y_fu_362_p2__188_carry__2      | CLB.CARRY.CARRY8  |
    | grp_fir_Pipeline_sample_loop_fu_85/y_reg_487_reg[27]              | REGISTER.SDR.FDRE |
    +-------------------------------------------------------------------+-------------------+

    +-------------------------------------------------------------------+-------------------+
    | Path2 Cells                                                       | Primitive Type    |
    +-------------------------------------------------------------------+-------------------+
    | grp_fir_Pipeline_sample_loop_fu_85/reg_7_fu_96_reg[0]             | REGISTER.SDR.FDRE |
    | grp_fir_Pipeline_sample_loop_fu_85/tmp1_fu_294_p2_carry_i_7       | CLB.LUT.LUT2      |
    | grp_fir_Pipeline_sample_loop_fu_85/tmp1_fu_294_p2_carry           | CLB.CARRY.CARRY8  |
    | grp_fir_Pipeline_sample_loop_fu_85/tmp1_fu_294_p2_carry__0        | CLB.CARRY.CARRY8  |
    | grp_fir_Pipeline_sample_loop_fu_85/y_fu_362_p2__93_carry__0_i_11  | CLB.LUT.LUT6      |
    | grp_fir_Pipeline_sample_loop_fu_85/y_fu_362_p2__93_carry__0       | CLB.CARRY.CARRY8  |
    | grp_fir_Pipeline_sample_loop_fu_85/y_fu_362_p2__93_carry__1       | CLB.CARRY.CARRY8  |
    | grp_fir_Pipeline_sample_loop_fu_85/y_fu_362_p2__188_carry__1_i_23 | CLB.LUT.LUT3      |
    | grp_fir_Pipeline_sample_loop_fu_85/y_fu_362_p2__188_carry__1_i_7  | CLB.LUT.LUT5      |
    | grp_fir_Pipeline_sample_loop_fu_85/y_fu_362_p2__188_carry__1      | CLB.CARRY.CARRY8  |
    | grp_fir_Pipeline_sample_loop_fu_85/y_fu_362_p2__188_carry__2      | CLB.CARRY.CARRY8  |
    | grp_fir_Pipeline_sample_loop_fu_85/y_reg_487_reg[31]              | REGISTER.SDR.FDRE |
    | grp_fir_Pipeline_sample_loop_fu_85/reg_7_fu_96_reg[0]             | REGISTER.SDR.FDRE |
    | grp_fir_Pipeline_sample_loop_fu_85/tmp1_fu_294_p2_carry_i_7       | CLB.LUT.LUT2      |
    | grp_fir_Pipeline_sample_loop_fu_85/tmp1_fu_294_p2_carry           | CLB.CARRY.CARRY8  |
    | grp_fir_Pipeline_sample_loop_fu_85/tmp1_fu_294_p2_carry__0        | CLB.CARRY.CARRY8  |
    | grp_fir_Pipeline_sample_loop_fu_85/y_fu_362_p2__93_carry__0_i_11  | CLB.LUT.LUT6      |
    | grp_fir_Pipeline_sample_loop_fu_85/y_fu_362_p2__93_carry__0       | CLB.CARRY.CARRY8  |
    | grp_fir_Pipeline_sample_loop_fu_85/y_fu_362_p2__93_carry__1       | CLB.CARRY.CARRY8  |
    | grp_fir_Pipeline_sample_loop_fu_85/y_fu_362_p2__188_carry__1_i_23 | CLB.LUT.LUT3      |
    | grp_fir_Pipeline_sample_loop_fu_85/y_fu_362_p2__188_carry__1_i_7  | CLB.LUT.LUT5      |
    | grp_fir_Pipeline_sample_loop_fu_85/y_fu_362_p2__188_carry__1      | CLB.CARRY.CARRY8  |
    | grp_fir_Pipeline_sample_loop_fu_85/y_fu_362_p2__188_carry__2      | CLB.CARRY.CARRY8  |
    | grp_fir_Pipeline_sample_loop_fu_85/y_reg_487_reg[29]              | REGISTER.SDR.FDRE |
    | grp_fir_Pipeline_sample_loop_fu_85/reg_7_fu_96_reg[0]             | REGISTER.SDR.FDRE |
    | grp_fir_Pipeline_sample_loop_fu_85/tmp1_fu_294_p2_carry_i_7       | CLB.LUT.LUT2      |
    | grp_fir_Pipeline_sample_loop_fu_85/tmp1_fu_294_p2_carry           | CLB.CARRY.CARRY8  |
    | grp_fir_Pipeline_sample_loop_fu_85/tmp1_fu_294_p2_carry__0        | CLB.CARRY.CARRY8  |
    | grp_fir_Pipeline_sample_loop_fu_85/y_fu_362_p2__93_carry__0_i_11  | CLB.LUT.LUT6      |
    | grp_fir_Pipeline_sample_loop_fu_85/y_fu_362_p2__93_carry__0       | CLB.CARRY.CARRY8  |
    | grp_fir_Pipeline_sample_loop_fu_85/y_fu_362_p2__93_carry__1       | CLB.CARRY.CARRY8  |
    | grp_fir_Pipeline_sample_loop_fu_85/y_fu_362_p2__188_carry__1_i_23 | CLB.LUT.LUT3      |
    | grp_fir_Pipeline_sample_loop_fu_85/y_fu_362_p2__188_carry__1_i_7  | CLB.LUT.LUT5      |
    | grp_fir_Pipeline_sample_loop_fu_85/y_fu_362_p2__188_carry__1      | CLB.CARRY.CARRY8  |
    | grp_fir_Pipeline_sample_loop_fu_85/y_fu_362_p2__188_carry__2      | CLB.CARRY.CARRY8  |
    | grp_fir_Pipeline_sample_loop_fu_85/y_reg_487_reg[30]              | REGISTER.SDR.FDRE |
    | grp_fir_Pipeline_sample_loop_fu_85/reg_7_fu_96_reg[0]             | REGISTER.SDR.FDRE |
    | grp_fir_Pipeline_sample_loop_fu_85/tmp1_fu_294_p2_carry_i_7       | CLB.LUT.LUT2      |
    | grp_fir_Pipeline_sample_loop_fu_85/tmp1_fu_294_p2_carry           | CLB.CARRY.CARRY8  |
    | grp_fir_Pipeline_sample_loop_fu_85/tmp1_fu_294_p2_carry__0        | CLB.CARRY.CARRY8  |
    | grp_fir_Pipeline_sample_loop_fu_85/y_fu_362_p2__93_carry__0_i_11  | CLB.LUT.LUT6      |
    | grp_fir_Pipeline_sample_loop_fu_85/y_fu_362_p2__93_carry__0       | CLB.CARRY.CARRY8  |
    | grp_fir_Pipeline_sample_loop_fu_85/y_fu_362_p2__93_carry__1       | CLB.CARRY.CARRY8  |
    | grp_fir_Pipeline_sample_loop_fu_85/y_fu_362_p2__188_carry__1_i_23 | CLB.LUT.LUT3      |
    | grp_fir_Pipeline_sample_loop_fu_85/y_fu_362_p2__188_carry__1_i_7  | CLB.LUT.LUT5      |
    | grp_fir_Pipeline_sample_loop_fu_85/y_fu_362_p2__188_carry__1      | CLB.CARRY.CARRY8  |
    | grp_fir_Pipeline_sample_loop_fu_85/y_fu_362_p2__188_carry__2      | CLB.CARRY.CARRY8  |
    | grp_fir_Pipeline_sample_loop_fu_85/y_reg_487_reg[28]              | REGISTER.SDR.FDRE |
    | grp_fir_Pipeline_sample_loop_fu_85/reg_7_fu_96_reg[0]             | REGISTER.SDR.FDRE |
    | grp_fir_Pipeline_sample_loop_fu_85/tmp1_fu_294_p2_carry_i_7       | CLB.LUT.LUT2      |
    | grp_fir_Pipeline_sample_loop_fu_85/tmp1_fu_294_p2_carry           | CLB.CARRY.CARRY8  |
    | grp_fir_Pipeline_sample_loop_fu_85/tmp1_fu_294_p2_carry__0        | CLB.CARRY.CARRY8  |
    | grp_fir_Pipeline_sample_loop_fu_85/y_fu_362_p2__93_carry__0_i_11  | CLB.LUT.LUT6      |
    | grp_fir_Pipeline_sample_loop_fu_85/y_fu_362_p2__93_carry__0       | CLB.CARRY.CARRY8  |
    | grp_fir_Pipeline_sample_loop_fu_85/y_fu_362_p2__93_carry__1       | CLB.CARRY.CARRY8  |
    | grp_fir_Pipeline_sample_loop_fu_85/y_fu_362_p2__188_carry__1_i_23 | CLB.LUT.LUT3      |
    | grp_fir_Pipeline_sample_loop_fu_85/y_fu_362_p2__188_carry__1_i_7  | CLB.LUT.LUT5      |
    | grp_fir_Pipeline_sample_loop_fu_85/y_fu_362_p2__188_carry__1      | CLB.CARRY.CARRY8  |
    | grp_fir_Pipeline_sample_loop_fu_85/y_fu_362_p2__188_carry__2      | CLB.CARRY.CARRY8  |
    | grp_fir_Pipeline_sample_loop_fu_85/y_reg_487_reg[27]              | REGISTER.SDR.FDRE |
    +-------------------------------------------------------------------+-------------------+

    +-------------------------------------------------------------------+-------------------+
    | Path3 Cells                                                       | Primitive Type    |
    +-------------------------------------------------------------------+-------------------+
    | grp_fir_Pipeline_sample_loop_fu_85/reg_7_fu_96_reg[0]             | REGISTER.SDR.FDRE |
    | grp_fir_Pipeline_sample_loop_fu_85/tmp1_fu_294_p2_carry_i_7       | CLB.LUT.LUT2      |
    | grp_fir_Pipeline_sample_loop_fu_85/tmp1_fu_294_p2_carry           | CLB.CARRY.CARRY8  |
    | grp_fir_Pipeline_sample_loop_fu_85/tmp1_fu_294_p2_carry__0        | CLB.CARRY.CARRY8  |
    | grp_fir_Pipeline_sample_loop_fu_85/y_fu_362_p2__93_carry__0_i_11  | CLB.LUT.LUT6      |
    | grp_fir_Pipeline_sample_loop_fu_85/y_fu_362_p2__93_carry__0       | CLB.CARRY.CARRY8  |
    | grp_fir_Pipeline_sample_loop_fu_85/y_fu_362_p2__93_carry__1       | CLB.CARRY.CARRY8  |
    | grp_fir_Pipeline_sample_loop_fu_85/y_fu_362_p2__188_carry__1_i_23 | CLB.LUT.LUT3      |
    | grp_fir_Pipeline_sample_loop_fu_85/y_fu_362_p2__188_carry__1_i_7  | CLB.LUT.LUT5      |
    | grp_fir_Pipeline_sample_loop_fu_85/y_fu_362_p2__188_carry__1      | CLB.CARRY.CARRY8  |
    | grp_fir_Pipeline_sample_loop_fu_85/y_fu_362_p2__188_carry__2      | CLB.CARRY.CARRY8  |
    | grp_fir_Pipeline_sample_loop_fu_85/y_reg_487_reg[31]              | REGISTER.SDR.FDRE |
    | grp_fir_Pipeline_sample_loop_fu_85/reg_7_fu_96_reg[0]             | REGISTER.SDR.FDRE |
    | grp_fir_Pipeline_sample_loop_fu_85/tmp1_fu_294_p2_carry_i_7       | CLB.LUT.LUT2      |
    | grp_fir_Pipeline_sample_loop_fu_85/tmp1_fu_294_p2_carry           | CLB.CARRY.CARRY8  |
    | grp_fir_Pipeline_sample_loop_fu_85/tmp1_fu_294_p2_carry__0        | CLB.CARRY.CARRY8  |
    | grp_fir_Pipeline_sample_loop_fu_85/y_fu_362_p2__93_carry__0_i_11  | CLB.LUT.LUT6      |
    | grp_fir_Pipeline_sample_loop_fu_85/y_fu_362_p2__93_carry__0       | CLB.CARRY.CARRY8  |
    | grp_fir_Pipeline_sample_loop_fu_85/y_fu_362_p2__93_carry__1       | CLB.CARRY.CARRY8  |
    | grp_fir_Pipeline_sample_loop_fu_85/y_fu_362_p2__188_carry__1_i_23 | CLB.LUT.LUT3      |
    | grp_fir_Pipeline_sample_loop_fu_85/y_fu_362_p2__188_carry__1_i_7  | CLB.LUT.LUT5      |
    | grp_fir_Pipeline_sample_loop_fu_85/y_fu_362_p2__188_carry__1      | CLB.CARRY.CARRY8  |
    | grp_fir_Pipeline_sample_loop_fu_85/y_fu_362_p2__188_carry__2      | CLB.CARRY.CARRY8  |
    | grp_fir_Pipeline_sample_loop_fu_85/y_reg_487_reg[29]              | REGISTER.SDR.FDRE |
    | grp_fir_Pipeline_sample_loop_fu_85/reg_7_fu_96_reg[0]             | REGISTER.SDR.FDRE |
    | grp_fir_Pipeline_sample_loop_fu_85/tmp1_fu_294_p2_carry_i_7       | CLB.LUT.LUT2      |
    | grp_fir_Pipeline_sample_loop_fu_85/tmp1_fu_294_p2_carry           | CLB.CARRY.CARRY8  |
    | grp_fir_Pipeline_sample_loop_fu_85/tmp1_fu_294_p2_carry__0        | CLB.CARRY.CARRY8  |
    | grp_fir_Pipeline_sample_loop_fu_85/y_fu_362_p2__93_carry__0_i_11  | CLB.LUT.LUT6      |
    | grp_fir_Pipeline_sample_loop_fu_85/y_fu_362_p2__93_carry__0       | CLB.CARRY.CARRY8  |
    | grp_fir_Pipeline_sample_loop_fu_85/y_fu_362_p2__93_carry__1       | CLB.CARRY.CARRY8  |
    | grp_fir_Pipeline_sample_loop_fu_85/y_fu_362_p2__188_carry__1_i_23 | CLB.LUT.LUT3      |
    | grp_fir_Pipeline_sample_loop_fu_85/y_fu_362_p2__188_carry__1_i_7  | CLB.LUT.LUT5      |
    | grp_fir_Pipeline_sample_loop_fu_85/y_fu_362_p2__188_carry__1      | CLB.CARRY.CARRY8  |
    | grp_fir_Pipeline_sample_loop_fu_85/y_fu_362_p2__188_carry__2      | CLB.CARRY.CARRY8  |
    | grp_fir_Pipeline_sample_loop_fu_85/y_reg_487_reg[30]              | REGISTER.SDR.FDRE |
    | grp_fir_Pipeline_sample_loop_fu_85/reg_7_fu_96_reg[0]             | REGISTER.SDR.FDRE |
    | grp_fir_Pipeline_sample_loop_fu_85/tmp1_fu_294_p2_carry_i_7       | CLB.LUT.LUT2      |
    | grp_fir_Pipeline_sample_loop_fu_85/tmp1_fu_294_p2_carry           | CLB.CARRY.CARRY8  |
    | grp_fir_Pipeline_sample_loop_fu_85/tmp1_fu_294_p2_carry__0        | CLB.CARRY.CARRY8  |
    | grp_fir_Pipeline_sample_loop_fu_85/y_fu_362_p2__93_carry__0_i_11  | CLB.LUT.LUT6      |
    | grp_fir_Pipeline_sample_loop_fu_85/y_fu_362_p2__93_carry__0       | CLB.CARRY.CARRY8  |
    | grp_fir_Pipeline_sample_loop_fu_85/y_fu_362_p2__93_carry__1       | CLB.CARRY.CARRY8  |
    | grp_fir_Pipeline_sample_loop_fu_85/y_fu_362_p2__188_carry__1_i_23 | CLB.LUT.LUT3      |
    | grp_fir_Pipeline_sample_loop_fu_85/y_fu_362_p2__188_carry__1_i_7  | CLB.LUT.LUT5      |
    | grp_fir_Pipeline_sample_loop_fu_85/y_fu_362_p2__188_carry__1      | CLB.CARRY.CARRY8  |
    | grp_fir_Pipeline_sample_loop_fu_85/y_fu_362_p2__188_carry__2      | CLB.CARRY.CARRY8  |
    | grp_fir_Pipeline_sample_loop_fu_85/y_reg_487_reg[28]              | REGISTER.SDR.FDRE |
    | grp_fir_Pipeline_sample_loop_fu_85/reg_7_fu_96_reg[0]             | REGISTER.SDR.FDRE |
    | grp_fir_Pipeline_sample_loop_fu_85/tmp1_fu_294_p2_carry_i_7       | CLB.LUT.LUT2      |
    | grp_fir_Pipeline_sample_loop_fu_85/tmp1_fu_294_p2_carry           | CLB.CARRY.CARRY8  |
    | grp_fir_Pipeline_sample_loop_fu_85/tmp1_fu_294_p2_carry__0        | CLB.CARRY.CARRY8  |
    | grp_fir_Pipeline_sample_loop_fu_85/y_fu_362_p2__93_carry__0_i_11  | CLB.LUT.LUT6      |
    | grp_fir_Pipeline_sample_loop_fu_85/y_fu_362_p2__93_carry__0       | CLB.CARRY.CARRY8  |
    | grp_fir_Pipeline_sample_loop_fu_85/y_fu_362_p2__93_carry__1       | CLB.CARRY.CARRY8  |
    | grp_fir_Pipeline_sample_loop_fu_85/y_fu_362_p2__188_carry__1_i_23 | CLB.LUT.LUT3      |
    | grp_fir_Pipeline_sample_loop_fu_85/y_fu_362_p2__188_carry__1_i_7  | CLB.LUT.LUT5      |
    | grp_fir_Pipeline_sample_loop_fu_85/y_fu_362_p2__188_carry__1      | CLB.CARRY.CARRY8  |
    | grp_fir_Pipeline_sample_loop_fu_85/y_fu_362_p2__188_carry__2      | CLB.CARRY.CARRY8  |
    | grp_fir_Pipeline_sample_loop_fu_85/y_reg_487_reg[27]              | REGISTER.SDR.FDRE |
    +-------------------------------------------------------------------+-------------------+

    +-------------------------------------------------------------------+-------------------+
    | Path4 Cells                                                       | Primitive Type    |
    +-------------------------------------------------------------------+-------------------+
    | grp_fir_Pipeline_sample_loop_fu_85/reg_7_fu_96_reg[0]             | REGISTER.SDR.FDRE |
    | grp_fir_Pipeline_sample_loop_fu_85/tmp1_fu_294_p2_carry_i_7       | CLB.LUT.LUT2      |
    | grp_fir_Pipeline_sample_loop_fu_85/tmp1_fu_294_p2_carry           | CLB.CARRY.CARRY8  |
    | grp_fir_Pipeline_sample_loop_fu_85/tmp1_fu_294_p2_carry__0        | CLB.CARRY.CARRY8  |
    | grp_fir_Pipeline_sample_loop_fu_85/y_fu_362_p2__93_carry__0_i_11  | CLB.LUT.LUT6      |
    | grp_fir_Pipeline_sample_loop_fu_85/y_fu_362_p2__93_carry__0       | CLB.CARRY.CARRY8  |
    | grp_fir_Pipeline_sample_loop_fu_85/y_fu_362_p2__93_carry__1       | CLB.CARRY.CARRY8  |
    | grp_fir_Pipeline_sample_loop_fu_85/y_fu_362_p2__188_carry__1_i_23 | CLB.LUT.LUT3      |
    | grp_fir_Pipeline_sample_loop_fu_85/y_fu_362_p2__188_carry__1_i_7  | CLB.LUT.LUT5      |
    | grp_fir_Pipeline_sample_loop_fu_85/y_fu_362_p2__188_carry__1      | CLB.CARRY.CARRY8  |
    | grp_fir_Pipeline_sample_loop_fu_85/y_fu_362_p2__188_carry__2      | CLB.CARRY.CARRY8  |
    | grp_fir_Pipeline_sample_loop_fu_85/y_reg_487_reg[31]              | REGISTER.SDR.FDRE |
    | grp_fir_Pipeline_sample_loop_fu_85/reg_7_fu_96_reg[0]             | REGISTER.SDR.FDRE |
    | grp_fir_Pipeline_sample_loop_fu_85/tmp1_fu_294_p2_carry_i_7       | CLB.LUT.LUT2      |
    | grp_fir_Pipeline_sample_loop_fu_85/tmp1_fu_294_p2_carry           | CLB.CARRY.CARRY8  |
    | grp_fir_Pipeline_sample_loop_fu_85/tmp1_fu_294_p2_carry__0        | CLB.CARRY.CARRY8  |
    | grp_fir_Pipeline_sample_loop_fu_85/y_fu_362_p2__93_carry__0_i_11  | CLB.LUT.LUT6      |
    | grp_fir_Pipeline_sample_loop_fu_85/y_fu_362_p2__93_carry__0       | CLB.CARRY.CARRY8  |
    | grp_fir_Pipeline_sample_loop_fu_85/y_fu_362_p2__93_carry__1       | CLB.CARRY.CARRY8  |
    | grp_fir_Pipeline_sample_loop_fu_85/y_fu_362_p2__188_carry__1_i_23 | CLB.LUT.LUT3      |
    | grp_fir_Pipeline_sample_loop_fu_85/y_fu_362_p2__188_carry__1_i_7  | CLB.LUT.LUT5      |
    | grp_fir_Pipeline_sample_loop_fu_85/y_fu_362_p2__188_carry__1      | CLB.CARRY.CARRY8  |
    | grp_fir_Pipeline_sample_loop_fu_85/y_fu_362_p2__188_carry__2      | CLB.CARRY.CARRY8  |
    | grp_fir_Pipeline_sample_loop_fu_85/y_reg_487_reg[29]              | REGISTER.SDR.FDRE |
    | grp_fir_Pipeline_sample_loop_fu_85/reg_7_fu_96_reg[0]             | REGISTER.SDR.FDRE |
    | grp_fir_Pipeline_sample_loop_fu_85/tmp1_fu_294_p2_carry_i_7       | CLB.LUT.LUT2      |
    | grp_fir_Pipeline_sample_loop_fu_85/tmp1_fu_294_p2_carry           | CLB.CARRY.CARRY8  |
    | grp_fir_Pipeline_sample_loop_fu_85/tmp1_fu_294_p2_carry__0        | CLB.CARRY.CARRY8  |
    | grp_fir_Pipeline_sample_loop_fu_85/y_fu_362_p2__93_carry__0_i_11  | CLB.LUT.LUT6      |
    | grp_fir_Pipeline_sample_loop_fu_85/y_fu_362_p2__93_carry__0       | CLB.CARRY.CARRY8  |
    | grp_fir_Pipeline_sample_loop_fu_85/y_fu_362_p2__93_carry__1       | CLB.CARRY.CARRY8  |
    | grp_fir_Pipeline_sample_loop_fu_85/y_fu_362_p2__188_carry__1_i_23 | CLB.LUT.LUT3      |
    | grp_fir_Pipeline_sample_loop_fu_85/y_fu_362_p2__188_carry__1_i_7  | CLB.LUT.LUT5      |
    | grp_fir_Pipeline_sample_loop_fu_85/y_fu_362_p2__188_carry__1      | CLB.CARRY.CARRY8  |
    | grp_fir_Pipeline_sample_loop_fu_85/y_fu_362_p2__188_carry__2      | CLB.CARRY.CARRY8  |
    | grp_fir_Pipeline_sample_loop_fu_85/y_reg_487_reg[30]              | REGISTER.SDR.FDRE |
    | grp_fir_Pipeline_sample_loop_fu_85/reg_7_fu_96_reg[0]             | REGISTER.SDR.FDRE |
    | grp_fir_Pipeline_sample_loop_fu_85/tmp1_fu_294_p2_carry_i_7       | CLB.LUT.LUT2      |
    | grp_fir_Pipeline_sample_loop_fu_85/tmp1_fu_294_p2_carry           | CLB.CARRY.CARRY8  |
    | grp_fir_Pipeline_sample_loop_fu_85/tmp1_fu_294_p2_carry__0        | CLB.CARRY.CARRY8  |
    | grp_fir_Pipeline_sample_loop_fu_85/y_fu_362_p2__93_carry__0_i_11  | CLB.LUT.LUT6      |
    | grp_fir_Pipeline_sample_loop_fu_85/y_fu_362_p2__93_carry__0       | CLB.CARRY.CARRY8  |
    | grp_fir_Pipeline_sample_loop_fu_85/y_fu_362_p2__93_carry__1       | CLB.CARRY.CARRY8  |
    | grp_fir_Pipeline_sample_loop_fu_85/y_fu_362_p2__188_carry__1_i_23 | CLB.LUT.LUT3      |
    | grp_fir_Pipeline_sample_loop_fu_85/y_fu_362_p2__188_carry__1_i_7  | CLB.LUT.LUT5      |
    | grp_fir_Pipeline_sample_loop_fu_85/y_fu_362_p2__188_carry__1      | CLB.CARRY.CARRY8  |
    | grp_fir_Pipeline_sample_loop_fu_85/y_fu_362_p2__188_carry__2      | CLB.CARRY.CARRY8  |
    | grp_fir_Pipeline_sample_loop_fu_85/y_reg_487_reg[28]              | REGISTER.SDR.FDRE |
    | grp_fir_Pipeline_sample_loop_fu_85/reg_7_fu_96_reg[0]             | REGISTER.SDR.FDRE |
    | grp_fir_Pipeline_sample_loop_fu_85/tmp1_fu_294_p2_carry_i_7       | CLB.LUT.LUT2      |
    | grp_fir_Pipeline_sample_loop_fu_85/tmp1_fu_294_p2_carry           | CLB.CARRY.CARRY8  |
    | grp_fir_Pipeline_sample_loop_fu_85/tmp1_fu_294_p2_carry__0        | CLB.CARRY.CARRY8  |
    | grp_fir_Pipeline_sample_loop_fu_85/y_fu_362_p2__93_carry__0_i_11  | CLB.LUT.LUT6      |
    | grp_fir_Pipeline_sample_loop_fu_85/y_fu_362_p2__93_carry__0       | CLB.CARRY.CARRY8  |
    | grp_fir_Pipeline_sample_loop_fu_85/y_fu_362_p2__93_carry__1       | CLB.CARRY.CARRY8  |
    | grp_fir_Pipeline_sample_loop_fu_85/y_fu_362_p2__188_carry__1_i_23 | CLB.LUT.LUT3      |
    | grp_fir_Pipeline_sample_loop_fu_85/y_fu_362_p2__188_carry__1_i_7  | CLB.LUT.LUT5      |
    | grp_fir_Pipeline_sample_loop_fu_85/y_fu_362_p2__188_carry__1      | CLB.CARRY.CARRY8  |
    | grp_fir_Pipeline_sample_loop_fu_85/y_fu_362_p2__188_carry__2      | CLB.CARRY.CARRY8  |
    | grp_fir_Pipeline_sample_loop_fu_85/y_reg_487_reg[27]              | REGISTER.SDR.FDRE |
    +-------------------------------------------------------------------+-------------------+

    +-------------------------------------------------------------------+-------------------+
    | Path5 Cells                                                       | Primitive Type    |
    +-------------------------------------------------------------------+-------------------+
    | grp_fir_Pipeline_sample_loop_fu_85/reg_7_fu_96_reg[0]             | REGISTER.SDR.FDRE |
    | grp_fir_Pipeline_sample_loop_fu_85/tmp1_fu_294_p2_carry_i_7       | CLB.LUT.LUT2      |
    | grp_fir_Pipeline_sample_loop_fu_85/tmp1_fu_294_p2_carry           | CLB.CARRY.CARRY8  |
    | grp_fir_Pipeline_sample_loop_fu_85/tmp1_fu_294_p2_carry__0        | CLB.CARRY.CARRY8  |
    | grp_fir_Pipeline_sample_loop_fu_85/y_fu_362_p2__93_carry__0_i_11  | CLB.LUT.LUT6      |
    | grp_fir_Pipeline_sample_loop_fu_85/y_fu_362_p2__93_carry__0       | CLB.CARRY.CARRY8  |
    | grp_fir_Pipeline_sample_loop_fu_85/y_fu_362_p2__93_carry__1       | CLB.CARRY.CARRY8  |
    | grp_fir_Pipeline_sample_loop_fu_85/y_fu_362_p2__188_carry__1_i_23 | CLB.LUT.LUT3      |
    | grp_fir_Pipeline_sample_loop_fu_85/y_fu_362_p2__188_carry__1_i_7  | CLB.LUT.LUT5      |
    | grp_fir_Pipeline_sample_loop_fu_85/y_fu_362_p2__188_carry__1      | CLB.CARRY.CARRY8  |
    | grp_fir_Pipeline_sample_loop_fu_85/y_fu_362_p2__188_carry__2      | CLB.CARRY.CARRY8  |
    | grp_fir_Pipeline_sample_loop_fu_85/y_reg_487_reg[31]              | REGISTER.SDR.FDRE |
    | grp_fir_Pipeline_sample_loop_fu_85/reg_7_fu_96_reg[0]             | REGISTER.SDR.FDRE |
    | grp_fir_Pipeline_sample_loop_fu_85/tmp1_fu_294_p2_carry_i_7       | CLB.LUT.LUT2      |
    | grp_fir_Pipeline_sample_loop_fu_85/tmp1_fu_294_p2_carry           | CLB.CARRY.CARRY8  |
    | grp_fir_Pipeline_sample_loop_fu_85/tmp1_fu_294_p2_carry__0        | CLB.CARRY.CARRY8  |
    | grp_fir_Pipeline_sample_loop_fu_85/y_fu_362_p2__93_carry__0_i_11  | CLB.LUT.LUT6      |
    | grp_fir_Pipeline_sample_loop_fu_85/y_fu_362_p2__93_carry__0       | CLB.CARRY.CARRY8  |
    | grp_fir_Pipeline_sample_loop_fu_85/y_fu_362_p2__93_carry__1       | CLB.CARRY.CARRY8  |
    | grp_fir_Pipeline_sample_loop_fu_85/y_fu_362_p2__188_carry__1_i_23 | CLB.LUT.LUT3      |
    | grp_fir_Pipeline_sample_loop_fu_85/y_fu_362_p2__188_carry__1_i_7  | CLB.LUT.LUT5      |
    | grp_fir_Pipeline_sample_loop_fu_85/y_fu_362_p2__188_carry__1      | CLB.CARRY.CARRY8  |
    | grp_fir_Pipeline_sample_loop_fu_85/y_fu_362_p2__188_carry__2      | CLB.CARRY.CARRY8  |
    | grp_fir_Pipeline_sample_loop_fu_85/y_reg_487_reg[29]              | REGISTER.SDR.FDRE |
    | grp_fir_Pipeline_sample_loop_fu_85/reg_7_fu_96_reg[0]             | REGISTER.SDR.FDRE |
    | grp_fir_Pipeline_sample_loop_fu_85/tmp1_fu_294_p2_carry_i_7       | CLB.LUT.LUT2      |
    | grp_fir_Pipeline_sample_loop_fu_85/tmp1_fu_294_p2_carry           | CLB.CARRY.CARRY8  |
    | grp_fir_Pipeline_sample_loop_fu_85/tmp1_fu_294_p2_carry__0        | CLB.CARRY.CARRY8  |
    | grp_fir_Pipeline_sample_loop_fu_85/y_fu_362_p2__93_carry__0_i_11  | CLB.LUT.LUT6      |
    | grp_fir_Pipeline_sample_loop_fu_85/y_fu_362_p2__93_carry__0       | CLB.CARRY.CARRY8  |
    | grp_fir_Pipeline_sample_loop_fu_85/y_fu_362_p2__93_carry__1       | CLB.CARRY.CARRY8  |
    | grp_fir_Pipeline_sample_loop_fu_85/y_fu_362_p2__188_carry__1_i_23 | CLB.LUT.LUT3      |
    | grp_fir_Pipeline_sample_loop_fu_85/y_fu_362_p2__188_carry__1_i_7  | CLB.LUT.LUT5      |
    | grp_fir_Pipeline_sample_loop_fu_85/y_fu_362_p2__188_carry__1      | CLB.CARRY.CARRY8  |
    | grp_fir_Pipeline_sample_loop_fu_85/y_fu_362_p2__188_carry__2      | CLB.CARRY.CARRY8  |
    | grp_fir_Pipeline_sample_loop_fu_85/y_reg_487_reg[30]              | REGISTER.SDR.FDRE |
    | grp_fir_Pipeline_sample_loop_fu_85/reg_7_fu_96_reg[0]             | REGISTER.SDR.FDRE |
    | grp_fir_Pipeline_sample_loop_fu_85/tmp1_fu_294_p2_carry_i_7       | CLB.LUT.LUT2      |
    | grp_fir_Pipeline_sample_loop_fu_85/tmp1_fu_294_p2_carry           | CLB.CARRY.CARRY8  |
    | grp_fir_Pipeline_sample_loop_fu_85/tmp1_fu_294_p2_carry__0        | CLB.CARRY.CARRY8  |
    | grp_fir_Pipeline_sample_loop_fu_85/y_fu_362_p2__93_carry__0_i_11  | CLB.LUT.LUT6      |
    | grp_fir_Pipeline_sample_loop_fu_85/y_fu_362_p2__93_carry__0       | CLB.CARRY.CARRY8  |
    | grp_fir_Pipeline_sample_loop_fu_85/y_fu_362_p2__93_carry__1       | CLB.CARRY.CARRY8  |
    | grp_fir_Pipeline_sample_loop_fu_85/y_fu_362_p2__188_carry__1_i_23 | CLB.LUT.LUT3      |
    | grp_fir_Pipeline_sample_loop_fu_85/y_fu_362_p2__188_carry__1_i_7  | CLB.LUT.LUT5      |
    | grp_fir_Pipeline_sample_loop_fu_85/y_fu_362_p2__188_carry__1      | CLB.CARRY.CARRY8  |
    | grp_fir_Pipeline_sample_loop_fu_85/y_fu_362_p2__188_carry__2      | CLB.CARRY.CARRY8  |
    | grp_fir_Pipeline_sample_loop_fu_85/y_reg_487_reg[28]              | REGISTER.SDR.FDRE |
    | grp_fir_Pipeline_sample_loop_fu_85/reg_7_fu_96_reg[0]             | REGISTER.SDR.FDRE |
    | grp_fir_Pipeline_sample_loop_fu_85/tmp1_fu_294_p2_carry_i_7       | CLB.LUT.LUT2      |
    | grp_fir_Pipeline_sample_loop_fu_85/tmp1_fu_294_p2_carry           | CLB.CARRY.CARRY8  |
    | grp_fir_Pipeline_sample_loop_fu_85/tmp1_fu_294_p2_carry__0        | CLB.CARRY.CARRY8  |
    | grp_fir_Pipeline_sample_loop_fu_85/y_fu_362_p2__93_carry__0_i_11  | CLB.LUT.LUT6      |
    | grp_fir_Pipeline_sample_loop_fu_85/y_fu_362_p2__93_carry__0       | CLB.CARRY.CARRY8  |
    | grp_fir_Pipeline_sample_loop_fu_85/y_fu_362_p2__93_carry__1       | CLB.CARRY.CARRY8  |
    | grp_fir_Pipeline_sample_loop_fu_85/y_fu_362_p2__188_carry__1_i_23 | CLB.LUT.LUT3      |
    | grp_fir_Pipeline_sample_loop_fu_85/y_fu_362_p2__188_carry__1_i_7  | CLB.LUT.LUT5      |
    | grp_fir_Pipeline_sample_loop_fu_85/y_fu_362_p2__188_carry__1      | CLB.CARRY.CARRY8  |
    | grp_fir_Pipeline_sample_loop_fu_85/y_fu_362_p2__188_carry__2      | CLB.CARRY.CARRY8  |
    | grp_fir_Pipeline_sample_loop_fu_85/y_reg_487_reg[27]              | REGISTER.SDR.FDRE |
    +-------------------------------------------------------------------+-------------------+


================================================================
== RTL Synthesis Vivado Reports
================================================================
+--------------------------+------------------------------------------------------------+
| Report Type              | Report Location                                            |
+--------------------------+------------------------------------------------------------+
| design_analysis          | impl/verilog/report/fir_design_analysis_synth.rpt          |
| failfast                 | impl/verilog/report/fir_failfast_synth.rpt                 |
| power                    | impl/verilog/report/fir_power_synth.rpt                    |
| timing                   | impl/verilog/report/fir_timing_synth.rpt                   |
| timing_paths             | impl/verilog/report/fir_timing_paths_synth.rpt             |
| utilization              | impl/verilog/report/fir_utilization_synth.rpt              |
| utilization_hierarchical | impl/verilog/report/fir_utilization_hierarchical_synth.rpt |
+--------------------------+------------------------------------------------------------+


