

Implementation tool: Xilinx Vivado v.2024.2
Project:             fir3
Solution:            hls
Device target:       xczu48dr-ffvg1517-2-e
Report date:         Tue Feb 04 17:48:42 EST 2025

#=== Post-Implementation Resource usage ===
SLICE:            0
LUT:            453
FF:             548
DSP:              0
BRAM:             0
URAM:             0
LATCH:            0
SRL:              0
CLB:             97

#=== Final timing ===
CP required:                     5.000
CP achieved post-synthesis:      2.316
CP achieved post-implementation: 4.162
Timing met
