Vivado Simulator v2024.2.0
Copyright 1986-2022 Xilinx, Inc. All Rights Reserved.
Copyright 2022-2024 Advanced Micro Devices, Inc. All Rights Reserved.
Running: /apps/xilinx24/Vivado/2024.2/bin/unwrapped/lnx64.o/xelab xil_defaultlib.apatb_fir_top glbl -Oenable_linking_all_libraries -prj fir.prj -L smartconnect_v1_0 -L axi_protocol_checker_v1_1_12 -L axi_protocol_checker_v1_1_13 -L axis_protocol_checker_v1_1_11 -L axis_protocol_checker_v1_1_12 -L xil_defaultlib -L unisims_ver -L xpm -L floating_point_v7_0_24 -L floating_point_v7_1_19 --lib ieee_proposed=./ieee_proposed -s fir 
Multi-threading is on. Using 10 slave threads.
INFO: [VRFC 10-2263] Analyzing SystemVerilog file "/ecel/UFAD/qlopezscarim/Desktop/lab3_vitis/fir2/fir2/hls/sim/verilog/glbl.v" into library work
INFO: [VRFC 10-311] analyzing module glbl
INFO: [VRFC 10-2263] Analyzing SystemVerilog file "/ecel/UFAD/qlopezscarim/Desktop/lab3_vitis/fir2/fir2/hls/sim/verilog/AESL_axi_s_out_r.v" into library xil_defaultlib
INFO: [VRFC 10-311] analyzing module AESL_axi_s_out_r
INFO: [VRFC 10-2263] Analyzing SystemVerilog file "/ecel/UFAD/qlopezscarim/Desktop/lab3_vitis/fir2/fir2/hls/sim/verilog/fir_flow_control_loop_pipe_sequential_init.v" into library xil_defaultlib
INFO: [VRFC 10-311] analyzing module fir_flow_control_loop_pipe_sequential_init
INFO: [VRFC 10-2263] Analyzing SystemVerilog file "/ecel/UFAD/qlopezscarim/Desktop/lab3_vitis/fir2/fir2/hls/sim/verilog/fir.autotb.v" into library xil_defaultlib
INFO: [VRFC 10-311] analyzing module apatb_fir_top
INFO: [VRFC 10-2263] Analyzing SystemVerilog file "/ecel/UFAD/qlopezscarim/Desktop/lab3_vitis/fir2/fir2/hls/sim/verilog/AESL_fifo.v" into library xil_defaultlib
INFO: [VRFC 10-311] analyzing module fifo
INFO: [VRFC 10-2263] Analyzing SystemVerilog file "/ecel/UFAD/qlopezscarim/Desktop/lab3_vitis/fir2/fir2/hls/sim/verilog/AESL_axi_s_a.v" into library xil_defaultlib
INFO: [VRFC 10-311] analyzing module AESL_axi_s_a
INFO: [VRFC 10-2263] Analyzing SystemVerilog file "/ecel/UFAD/qlopezscarim/Desktop/lab3_vitis/fir2/fir2/hls/sim/verilog/fir_fir_Pipeline_read_a.v" into library xil_defaultlib
INFO: [VRFC 10-311] analyzing module fir_fir_Pipeline_read_a
INFO: [VRFC 10-2263] Analyzing SystemVerilog file "/ecel/UFAD/qlopezscarim/Desktop/lab3_vitis/fir2/fir2/hls/sim/verilog/AESL_deadlock_kernel_monitor_top.v" into library xil_defaultlib
INFO: [VRFC 10-311] analyzing module AESL_deadlock_kernel_monitor_top
INFO: [VRFC 10-2263] Analyzing SystemVerilog file "/ecel/UFAD/qlopezscarim/Desktop/lab3_vitis/fir2/fir2/hls/sim/verilog/AESL_axi_s_in_r.v" into library xil_defaultlib
INFO: [VRFC 10-311] analyzing module AESL_axi_s_in_r
INFO: [VRFC 10-2263] Analyzing SystemVerilog file "/ecel/UFAD/qlopezscarim/Desktop/lab3_vitis/fir2/fir2/hls/sim/verilog/fir_fir_Pipeline_sample_loop.v" into library xil_defaultlib
INFO: [VRFC 10-311] analyzing module fir_fir_Pipeline_sample_loop
INFO: [VRFC 10-2263] Analyzing SystemVerilog file "/ecel/UFAD/qlopezscarim/Desktop/lab3_vitis/fir2/fir2/hls/sim/verilog/AESL_deadlock_idx2_monitor.v" into library xil_defaultlib
INFO: [VRFC 10-311] analyzing module AESL_deadlock_idx2_monitor
INFO: [VRFC 10-2263] Analyzing SystemVerilog file "/ecel/UFAD/qlopezscarim/Desktop/lab3_vitis/fir2/fir2/hls/sim/verilog/AESL_deadlock_idx0_monitor.v" into library xil_defaultlib
INFO: [VRFC 10-311] analyzing module AESL_deadlock_idx0_monitor
INFO: [VRFC 10-2263] Analyzing SystemVerilog file "/ecel/UFAD/qlopezscarim/Desktop/lab3_vitis/fir2/fir2/hls/sim/verilog/fir_mul_32s_32s_32_1_1.v" into library xil_defaultlib
INFO: [VRFC 10-311] analyzing module fir_mul_32s_32s_32_1_1
INFO: [VRFC 10-2263] Analyzing SystemVerilog file "/ecel/UFAD/qlopezscarim/Desktop/lab3_vitis/fir2/fir2/hls/sim/verilog/fir_control_s_axi.v" into library xil_defaultlib
INFO: [VRFC 10-311] analyzing module fir_control_s_axi
INFO: [VRFC 10-2263] Analyzing SystemVerilog file "/ecel/UFAD/qlopezscarim/Desktop/lab3_vitis/fir2/fir2/hls/sim/verilog/fir_regslice_both.v" into library xil_defaultlib
INFO: [VRFC 10-311] analyzing module fir_regslice_both
INFO: [VRFC 10-2263] Analyzing SystemVerilog file "/ecel/UFAD/qlopezscarim/Desktop/lab3_vitis/fir2/fir2/hls/sim/verilog/fir.v" into library xil_defaultlib
INFO: [VRFC 10-311] analyzing module fir
INFO: [VRFC 10-2263] Analyzing SystemVerilog file "/ecel/UFAD/qlopezscarim/Desktop/lab3_vitis/fir2/fir2/hls/sim/verilog/AESL_axi_slave_control.v" into library xil_defaultlib
INFO: [VRFC 10-311] analyzing module AESL_axi_slave_control
INFO: [VRFC 10-2263] Analyzing SystemVerilog file "/ecel/UFAD/qlopezscarim/Desktop/lab3_vitis/fir2/fir2/hls/sim/verilog/dataflow_monitor.sv" into library xil_defaultlib
INFO: [VRFC 10-311] analyzing module dataflow_monitor
Starting static elaboration
Pass Through NonSizing Optimizer
Completed static elaboration
Starting simulation data flow analysis
Completed simulation data flow analysis
Time Resolution for simulation is 1ps
Compiling package xil_defaultlib.$unit_dataflow_monitor_sv
Compiling module xil_defaultlib.fir_flow_control_loop_pipe_seque...
Compiling module xil_defaultlib.fir_fir_Pipeline_read_a
Compiling module xil_defaultlib.fir_mul_32s_32s_32_1_1(NUM_STAGE...
Compiling module xil_defaultlib.fir_fir_Pipeline_sample_loop
Compiling module xil_defaultlib.fir_control_s_axi
Compiling module xil_defaultlib.fir_regslice_both(DataWidth=32)
Compiling module xil_defaultlib.fir
Compiling module xil_defaultlib.fifo(DEPTH=100,WIDTH=32)
Compiling module xil_defaultlib.AESL_axi_s_in_r
Compiling module xil_defaultlib.AESL_axi_s_out_r
Compiling module xil_defaultlib.fifo(DEPTH=10,WIDTH=32)
Compiling module xil_defaultlib.AESL_axi_s_a
Compiling module xil_defaultlib.AESL_axi_slave_control
Compiling module xil_defaultlib.AESL_deadlock_idx2_monitor
Compiling module xil_defaultlib.AESL_deadlock_idx0_monitor
Compiling module xil_defaultlib.AESL_deadlock_kernel_monitor_top...
Compiling module xil_defaultlib.nodf_module_intf_default
Compiling module xil_defaultlib.upc_loop_intf(FSM_WIDTH=1)
Compiling module xil_defaultlib.upc_loop_intf(FSM_WIDTH=5)
Compiling module xil_defaultlib.dataflow_monitor_1
Compiling module xil_defaultlib.apatb_fir_top
Compiling module work.glbl
Built simulation snapshot fir
